<?xml version="1.0" encoding="UTF-8"?>
<!-- Generated by org.testng.reporters.JUnitReportReporter -->
<testsuite hostname="piotrbogdanski" name="tests.webUI.nonFunctional.QandATests" tests="1" failures="0" timestamp="13 Jun 2014 15:10:10 GMT" time="36.333" errors="0">
  <testcase name="AllQuestionsAnsweredOnly" time="36.333" classname="tests.webUI.nonFunctional.QandATests"/>
</testsuite> <!-- tests.webUI.nonFunctional.QandATests -->
