<?xml version="1.0" encoding="UTF-8"?>
<!-- Generated by org.testng.reporters.JUnitReportReporter -->
<testsuite hostname="OWENFLETCHER" name="tests.BookmarkTests" tests="2" failures="0" timestamp="4 Nov 2013 10:01:35 GMT" time="46.444" errors="0">
  <testcase name="BookmarksPageOpens" time="23.376" classname="tests.BookmarkTests"/>
  <testcase name="MyBookmarksPageOpens" time="23.068" classname="tests.BookmarkTests"/>
</testsuite> <!-- tests.BookmarkTests -->
