<?xml version="1.0" encoding="UTF-8"?>
<!-- Generated by org.testng.reporters.JUnitReportReporter -->
<testsuite hostname="piotrbogdanski" name="tests.webUI.nonFunctional.LoginTests" tests="1" failures="0" timestamp="16 May 2014 12:57:03 GMT" time="27.570" errors="0">
  <testcase name="successfulLogin" time="27.570" classname="tests.webUI.nonFunctional.LoginTests"/>
</testsuite> <!-- tests.webUI.nonFunctional.LoginTests -->
