<?xml version="1.0" encoding="UTF-8"?>
<!-- Generated by org.testng.reporters.JUnitReportReporter -->
<testsuite hostname="piotrbogdanski" name="tests.webUI.functional.QandA" tests="1" failures="0" timestamp="7 May 2014 08:26:12 GMT" time="37.522" errors="0">
  <testcase name="clearAllComments" time="37.522" classname="tests.webUI.functional.QandA"/>
</testsuite> <!-- tests.webUI.functional.QandA -->
