<?xml version="1.0" encoding="UTF-8"?>
<!-- Generated by org.testng.reporters.JUnitReportReporter -->
<testsuite hostname="piotrbogdanski" name="testSuites.TestSuite" tests="1" failures="0" timestamp="27 May 2014 15:14:52 GMT" time="0.101" errors="0">
  <testcase name="test" time="0.101" classname="testSuites.TestSuite"/>
</testsuite> <!-- testSuites.TestSuite -->
