<?xml version="1.0" encoding="UTF-8"?>
<!-- Generated by org.testng.reporters.JUnitReportReporter -->
<testsuite hostname="piotrbogdanski" name="tests.admin.ReportsTests" tests="2" failures="1" timestamp="2 May 2014 13:21:30 GMT" time="74.355" errors="0">
  <testcase name="ReportsPageDisplays" time="11.157" classname="tests.admin.ReportsTests">
    <failure type="org.openqa.selenium.WebDriverException" message="Error communicating with the remote browser. It may have died.
Build info: version: &#039;2.41.0&#039;, revision: &#039;3192d8a&#039;, time: &#039;2014-03-27 17:17:32&#039;
System info: host: &#039;dslvm346&#039;, ip: &#039;9.162.138.157&#039;, os.name: &#039;Windows 8&#039;, os.arch: &#039;x86&#039;, os.version: &#039;6.2&#039;, java.version: &#039;1.7.0_55&#039;
Driver info: driver.version: EventFiringWebDriver
Command duration or timeout: 2.82 seconds
Build info: version: &#039;2.41.0&#039;, revision: &#039;3192d8a&#039;, time: &#039;2014-03-27 17:17:32&#039;
System info: host: &#039;piotrbogdanski&#039;, ip: &#039;9.161.136.174&#039;, os.name: &#039;Windows 7&#039;, os.arch: &#039;x86&#039;, os.version: &#039;6.1 build 7601 Service Pack 1&#039;, java.version: &#039;1.6.0&#039;
Session ID: 485b12e0-73e3-4b20-8778-023a9f4e6f8e
Capabilities [{ie.forceCreateProcessApi=false, handlesAlerts=true, ignoreProtectedModeSettings=true, enablePersistentHover=true, requireWindowFocus=false, ie.usePerProcessProxy=false, ie.browserCommandLineSwitches=, initialBrowserUrl=http://localhost:19020/, ignoreZoomSetting=false, nativeEvents=true, cssSelectorsEnabled=true, takesScreenshot=true, unexpectedAlertBehaviour=dismiss, browserName=internet explorer, platform=WINDOWS, javascriptEnabled=true, browserAttachTimeout=0, version=10, webdriver.remote.sessionid=485b12e0-73e3-4b20-8778-023a9f4e6f8e, enableElementCacheCleanup=true, elementScrollBehavior=0, ie.ensureCleanSession=false}]
Driver info: org.openqa.selenium.remote.RemoteWebDriver">
      <![CDATA[org.openqa.selenium.WebDriverException: Error communicating with the remote browser. It may have died.
Build info: version: '2.41.0', revision: '3192d8a', time: '2014-03-27 17:17:32'
System info: host: 'dslvm346', ip: '9.162.138.157', os.name: 'Windows 8', os.arch: 'x86', os.version: '6.2', java.version: '1.7.0_55'
Driver info: driver.version: EventFiringWebDriver
Command duration or timeout: 2.82 seconds
Build info: version: '2.41.0', revision: '3192d8a', time: '2014-03-27 17:17:32'
System info: host: 'piotrbogdanski', ip: '9.161.136.174', os.name: 'Windows 7', os.arch: 'x86', os.version: '6.1 build 7601 Service Pack 1', java.version: '1.6.0'
Session ID: 485b12e0-73e3-4b20-8778-023a9f4e6f8e
Capabilities [{ie.forceCreateProcessApi=false, handlesAlerts=true, ignoreProtectedModeSettings=true, enablePersistentHover=true, requireWindowFocus=false, ie.usePerProcessProxy=false, ie.browserCommandLineSwitches=, initialBrowserUrl=http://localhost:19020/, ignoreZoomSetting=false, nativeEvents=true, cssSelectorsEnabled=true, takesScreenshot=true, unexpectedAlertBehaviour=dismiss, browserName=internet explorer, platform=WINDOWS, javascriptEnabled=true, browserAttachTimeout=0, version=10, webdriver.remote.sessionid=485b12e0-73e3-4b20-8778-023a9f4e6f8e, enableElementCacheCleanup=true, elementScrollBehavior=0, ie.ensureCleanSession=false}]
Driver info: org.openqa.selenium.remote.RemoteWebDriver
	at sun.reflect.NativeConstructorAccessorImpl.newInstance0(Native Method)
	at sun.reflect.NativeConstructorAccessorImpl.newInstance(NativeConstructorAccessorImpl.java:56)
	at sun.reflect.DelegatingConstructorAccessorImpl.newInstance(DelegatingConstructorAccessorImpl.java:39)
	at java.lang.reflect.Constructor.newInstance(Constructor.java:527)
	at org.openqa.selenium.remote.ErrorHandler.createThrowable(ErrorHandler.java:193)
	at org.openqa.selenium.remote.ErrorHandler.throwIfResponseFailed(ErrorHandler.java:145)
	at org.openqa.selenium.remote.RemoteWebDriver.execute(RemoteWebDriver.java:595)
	at org.openqa.selenium.remote.RemoteWebDriver.execute(RemoteWebDriver.java:610)
	at org.openqa.selenium.remote.RemoteWebDriver.quit(RemoteWebDriver.java:464)
	at webUI.LoadBrowser.closeBrowser(LoadBrowser.java:233)
	at sun.reflect.NativeMethodAccessorImpl.invoke0(Native Method)
	at sun.reflect.NativeMethodAccessorImpl.invoke(NativeMethodAccessorImpl.java:60)
	at sun.reflect.DelegatingMethodAccessorImpl.invoke(DelegatingMethodAccessorImpl.java:37)
	at java.lang.reflect.Method.invoke(Method.java:611)
	at org.testng.internal.MethodInvocationHelper.invokeMethod(MethodInvocationHelper.java:84)
	at org.testng.internal.Invoker.invokeConfigurationMethod(Invoker.java:564)
	at org.testng.internal.Invoker.invokeConfigurations(Invoker.java:213)
	at org.testng.internal.Invoker.invokeMethod(Invoker.java:786)
	at org.testng.internal.Invoker.invokeTestMethod(Invoker.java:901)
	at org.testng.internal.Invoker.invokeTestMethods(Invoker.java:1231)
	at org.testng.internal.TestMethodWorker.invokeTestMethods(TestMethodWorker.java:127)
	at org.testng.internal.TestMethodWorker.run(TestMethodWorker.java:111)
	at org.testng.TestRunner.privateRun(TestRunner.java:767)
	at org.testng.TestRunner.run(TestRunner.java:617)
	at org.testng.SuiteRunner.runTest(SuiteRunner.java:334)
	at org.testng.SuiteRunner.runSequentially(SuiteRunner.java:329)
	at org.testng.SuiteRunner.privateRun(SuiteRunner.java:291)
	at org.testng.SuiteRunner.run(SuiteRunner.java:240)
	at org.testng.SuiteRunnerWorker.runSuite(SuiteRunnerWorker.java:52)
	at org.testng.SuiteRunnerWorker.run(SuiteRunnerWorker.java:86)
	at org.testng.TestNG.runSuitesSequentially(TestNG.java:1224)
	at org.testng.TestNG.runSuitesLocally(TestNG.java:1149)
	at org.testng.TestNG.run(TestNG.java:1057)
	at org.testng.remote.RemoteTestNG.run(RemoteTestNG.java:111)
	at org.testng.remote.RemoteTestNG.initAndRun(RemoteTestNG.java:204)
	at org.testng.remote.RemoteTestNG.main(RemoteTestNG.java:175)
Caused by: org.openqa.selenium.remote.UnreachableBrowserException: Error communicating with the remote browser. It may have died.
Build info: version: '2.41.0', revision: '3192d8a', time: '2014-03-27 17:17:32'
System info: host: 'dslvm346', ip: '9.162.138.157', os.name: 'Windows 8', os.arch: 'x86', os.version: '6.2', java.version: '1.7.0_55'
Driver info: driver.version: EventFiringWebDriver
Build info: version: '2.41.0', revision: '3192d8a', time: '2014-03-27 17:17:32'
System info: host: 'piotrbogdanski', ip: '9.161.136.174', os.name: 'Windows 7', os.arch: 'x86', os.version: '6.1 build 7601 Service Pack 1', java.version: '1.6.0'
Driver info: driver.version: EventFiringWebDriver
	at org.openqa.selenium.remote.RemoteWebDriver.execute(RemoteWebDriver.java:589)
	at org.openqa.selenium.remote.RemoteWebDriver.execute(RemoteWebDriver.java:610)
	at org.openqa.selenium.remote.RemoteWebDriver.quit(RemoteWebDriver.java:464)
	at sun.reflect.GeneratedMethodAccessor89.invoke(Unknown Source)
	at sun.reflect.DelegatingMethodAccessorImpl.invoke(Unknown Source)
	at java.lang.reflect.Method.invoke(Unknown Source)
	at org.openqa.selenium.support.events.EventFiringWebDriver$2.invoke(EventFiringWebDriver.java:101)
	at com.sun.proxy.$Proxy2.quit(Unknown Source)
	at org.openqa.selenium.support.events.EventFiringWebDriver.quit(EventFiringWebDriver.java:198)
	at org.openqa.selenium.remote.server.handler.DeleteSession.call(DeleteSession.java:49)
	at org.openqa.selenium.remote.server.handler.DeleteSession.call(DeleteSession.java:1)
	at java.util.concurrent.FutureTask.run(Unknown Source)
	at org.openqa.selenium.remote.server.DefaultSession$1.run(DefaultSession.java:170)
	at java.util.concurrent.ThreadPoolExecutor.runWorker(Unknown Source)
	at java.util.concurrent.ThreadPoolExecutor$Worker.run(Unknown Source)
	at java.lang.Thread.run(Unknown Source)
]]>
    </failure>
  </testcase> <!-- ReportsPageDisplays -->
  <testcase name="ReportsPageDisplays" time="63.198" classname="tests.admin.ReportsTests"/>
</testsuite> <!-- tests.admin.ReportsTests -->
