<?xml version="1.0" encoding="UTF-8"?>
<!-- Generated by org.testng.reporters.JUnitReportReporter -->
<testsuite hostname="piotrbogdanski" name="tests.webUI.nonFunctional.LibraryTestsContents" tests="153" failures="133" timestamp="16 Jun 2014 14:41:08 GMT" time="822.095" errors="0">
  <testcase name="AllContentsLoads" time="27.968" classname="tests.webUI.nonFunctional.LibraryTestsContents"/>
  <testcase name="AllContentsLoads" time="2.482" classname="tests.webUI.nonFunctional.LibraryTestsContents">
    <failure type="org.openqa.selenium.WebDriverException" message="Error communicating with the remote browser. It may have died.
Build info: version: &#039;2.42.0&#039;, revision: &#039;5e82430&#039;, time: &#039;2014-05-22 20:18:07&#039;
System info: host: &#039;dslvm346&#039;, ip: &#039;9.162.138.157&#039;, os.name: &#039;Windows 8&#039;, os.arch: &#039;x86&#039;, os.version: &#039;6.2&#039;, java.version: &#039;1.7.0_55&#039;
Driver info: driver.version: EventFiringWebDriver
Command duration or timeout: 3.27 seconds
Build info: version: &#039;2.42.1&#039;, revision: &#039;68b415a&#039;, time: &#039;2014-05-29 16:16:49&#039;
System info: host: &#039;piotrbogdanski&#039;, ip: &#039;9.161.136.32&#039;, os.name: &#039;Windows 7&#039;, os.arch: &#039;x86&#039;, os.version: &#039;6.1 build 7601 Service Pack 1&#039;, java.version: &#039;1.6.0&#039;
Session ID: b26bcd25-156a-405a-a953-e989a5b1f5be
Capabilities [{handlesAlerts=true, rotatable=false, databaseEnabled=false, locationContextEnabled=true, acceptSslCerts=true, applicationCacheEnabled=false, nativeEvents=true, cssSelectorsEnabled=true, takesScreenshot=true, platform=WIN8, browserName=chrome, javascriptEnabled=true, version=35.0.1916.153, chrome={userDataDir=C:\Users\ADMINI~1\AppData\Local\Temp\scoped_dir4076_31844}, webStorageEnabled=true, webdriver.remote.sessionid=b26bcd25-156a-405a-a953-e989a5b1f5be, browserConnectionEnabled=false, takesHeapSnapshot=true}]
Driver info: org.openqa.selenium.remote.RemoteWebDriver">
      <![CDATA[org.openqa.selenium.WebDriverException: Error communicating with the remote browser. It may have died.
Build info: version: '2.42.0', revision: '5e82430', time: '2014-05-22 20:18:07'
System info: host: 'dslvm346', ip: '9.162.138.157', os.name: 'Windows 8', os.arch: 'x86', os.version: '6.2', java.version: '1.7.0_55'
Driver info: driver.version: EventFiringWebDriver
Command duration or timeout: 3.27 seconds
Build info: version: '2.42.1', revision: '68b415a', time: '2014-05-29 16:16:49'
System info: host: 'piotrbogdanski', ip: '9.161.136.32', os.name: 'Windows 7', os.arch: 'x86', os.version: '6.1 build 7601 Service Pack 1', java.version: '1.6.0'
Session ID: b26bcd25-156a-405a-a953-e989a5b1f5be
Capabilities [{handlesAlerts=true, rotatable=false, databaseEnabled=false, locationContextEnabled=true, acceptSslCerts=true, applicationCacheEnabled=false, nativeEvents=true, cssSelectorsEnabled=true, takesScreenshot=true, platform=WIN8, browserName=chrome, javascriptEnabled=true, version=35.0.1916.153, chrome={userDataDir=C:\Users\ADMINI~1\AppData\Local\Temp\scoped_dir4076_31844}, webStorageEnabled=true, webdriver.remote.sessionid=b26bcd25-156a-405a-a953-e989a5b1f5be, browserConnectionEnabled=false, takesHeapSnapshot=true}]
Driver info: org.openqa.selenium.remote.RemoteWebDriver
	at sun.reflect.NativeConstructorAccessorImpl.newInstance0(Native Method)
	at sun.reflect.NativeConstructorAccessorImpl.newInstance(NativeConstructorAccessorImpl.java:56)
	at sun.reflect.DelegatingConstructorAccessorImpl.newInstance(DelegatingConstructorAccessorImpl.java:39)
	at java.lang.reflect.Constructor.newInstance(Constructor.java:527)
	at org.openqa.selenium.remote.ErrorHandler.createThrowable(ErrorHandler.java:204)
	at org.openqa.selenium.remote.ErrorHandler.throwIfResponseFailed(ErrorHandler.java:156)
	at org.openqa.selenium.remote.RemoteWebDriver.execute(RemoteWebDriver.java:600)
	at org.openqa.selenium.remote.RemoteWebDriver.execute(RemoteWebDriver.java:615)
	at org.openqa.selenium.remote.RemoteWebDriver.quit(RemoteWebDriver.java:469)
	at webUI.LoadBrowser.closeBrowser(LoadBrowser.java:266)
	at sun.reflect.GeneratedMethodAccessor21.invoke(Unknown Source)
	at sun.reflect.DelegatingMethodAccessorImpl.invoke(DelegatingMethodAccessorImpl.java:37)
	at java.lang.reflect.Method.invoke(Method.java:611)
	at org.testng.internal.MethodInvocationHelper.invokeMethod(MethodInvocationHelper.java:84)
	at org.testng.internal.Invoker.invokeConfigurationMethod(Invoker.java:564)
	at org.testng.internal.Invoker.invokeConfigurations(Invoker.java:213)
	at org.testng.internal.Invoker.invokeMethod(Invoker.java:786)
	at org.testng.internal.Invoker.invokeTestMethod(Invoker.java:901)
	at org.testng.internal.Invoker.invokeTestMethods(Invoker.java:1231)
	at org.testng.internal.TestMethodWorker.invokeTestMethods(TestMethodWorker.java:127)
	at org.testng.internal.TestMethodWorker.run(TestMethodWorker.java:111)
	at org.testng.TestRunner.privateRun(TestRunner.java:767)
	at org.testng.TestRunner.run(TestRunner.java:617)
	at org.testng.SuiteRunner.runTest(SuiteRunner.java:334)
	at org.testng.SuiteRunner.runSequentially(SuiteRunner.java:329)
	at org.testng.SuiteRunner.privateRun(SuiteRunner.java:291)
	at org.testng.SuiteRunner.run(SuiteRunner.java:240)
	at org.testng.SuiteRunnerWorker.runSuite(SuiteRunnerWorker.java:52)
	at org.testng.SuiteRunnerWorker.run(SuiteRunnerWorker.java:86)
	at org.testng.TestNG.runSuitesSequentially(TestNG.java:1224)
	at org.testng.TestNG.runSuitesLocally(TestNG.java:1149)
	at org.testng.TestNG.run(TestNG.java:1057)
	at org.testng.remote.RemoteTestNG.run(RemoteTestNG.java:111)
	at org.testng.remote.RemoteTestNG.initAndRun(RemoteTestNG.java:204)
	at org.testng.remote.RemoteTestNG.main(RemoteTestNG.java:175)
Caused by: org.openqa.selenium.remote.UnreachableBrowserException: Error communicating with the remote browser. It may have died.
Build info: version: '2.42.0', revision: '5e82430', time: '2014-05-22 20:18:07'
System info: host: 'dslvm346', ip: '9.162.138.157', os.name: 'Windows 8', os.arch: 'x86', os.version: '6.2', java.version: '1.7.0_55'
Driver info: driver.version: EventFiringWebDriver
Build info: version: '2.42.1', revision: '68b415a', time: '2014-05-29 16:16:49'
System info: host: 'piotrbogdanski', ip: '9.161.136.32', os.name: 'Windows 7', os.arch: 'x86', os.version: '6.1 build 7601 Service Pack 1', java.version: '1.6.0'
Driver info: driver.version: unknown
]]>
    </failure>
  </testcase> <!-- AllContentsLoads -->
  <testcase name="AllContentsLoads" time="3.146" classname="tests.webUI.nonFunctional.LibraryTestsContents">
    <failure type="org.openqa.selenium.WebDriverException" message="Error communicating with the remote browser. It may have died.
Build info: version: &#039;2.42.0&#039;, revision: &#039;5e82430&#039;, time: &#039;2014-05-22 20:18:07&#039;
System info: host: &#039;dslvm346&#039;, ip: &#039;9.162.138.157&#039;, os.name: &#039;Windows 8&#039;, os.arch: &#039;x86&#039;, os.version: &#039;6.2&#039;, java.version: &#039;1.7.0_55&#039;
Driver info: driver.version: EventFiringWebDriver
Command duration or timeout: 3.27 seconds
Build info: version: &#039;2.42.1&#039;, revision: &#039;68b415a&#039;, time: &#039;2014-05-29 16:16:49&#039;
System info: host: &#039;piotrbogdanski&#039;, ip: &#039;9.161.136.32&#039;, os.name: &#039;Windows 7&#039;, os.arch: &#039;x86&#039;, os.version: &#039;6.1 build 7601 Service Pack 1&#039;, java.version: &#039;1.6.0&#039;
Session ID: b26bcd25-156a-405a-a953-e989a5b1f5be
Capabilities [{handlesAlerts=true, rotatable=false, databaseEnabled=false, locationContextEnabled=true, acceptSslCerts=true, applicationCacheEnabled=false, nativeEvents=true, cssSelectorsEnabled=true, takesScreenshot=true, platform=WIN8, browserName=chrome, javascriptEnabled=true, version=35.0.1916.153, chrome={userDataDir=C:\Users\ADMINI~1\AppData\Local\Temp\scoped_dir4076_31844}, webStorageEnabled=true, webdriver.remote.sessionid=b26bcd25-156a-405a-a953-e989a5b1f5be, browserConnectionEnabled=false, takesHeapSnapshot=true}]
Driver info: org.openqa.selenium.remote.RemoteWebDriver">
      <![CDATA[org.openqa.selenium.WebDriverException: Error communicating with the remote browser. It may have died.
Build info: version: '2.42.0', revision: '5e82430', time: '2014-05-22 20:18:07'
System info: host: 'dslvm346', ip: '9.162.138.157', os.name: 'Windows 8', os.arch: 'x86', os.version: '6.2', java.version: '1.7.0_55'
Driver info: driver.version: EventFiringWebDriver
Command duration or timeout: 3.27 seconds
Build info: version: '2.42.1', revision: '68b415a', time: '2014-05-29 16:16:49'
System info: host: 'piotrbogdanski', ip: '9.161.136.32', os.name: 'Windows 7', os.arch: 'x86', os.version: '6.1 build 7601 Service Pack 1', java.version: '1.6.0'
Session ID: b26bcd25-156a-405a-a953-e989a5b1f5be
Capabilities [{handlesAlerts=true, rotatable=false, databaseEnabled=false, locationContextEnabled=true, acceptSslCerts=true, applicationCacheEnabled=false, nativeEvents=true, cssSelectorsEnabled=true, takesScreenshot=true, platform=WIN8, browserName=chrome, javascriptEnabled=true, version=35.0.1916.153, chrome={userDataDir=C:\Users\ADMINI~1\AppData\Local\Temp\scoped_dir4076_31844}, webStorageEnabled=true, webdriver.remote.sessionid=b26bcd25-156a-405a-a953-e989a5b1f5be, browserConnectionEnabled=false, takesHeapSnapshot=true}]
Driver info: org.openqa.selenium.remote.RemoteWebDriver
	at sun.reflect.NativeConstructorAccessorImpl.newInstance0(Native Method)
	at sun.reflect.NativeConstructorAccessorImpl.newInstance(NativeConstructorAccessorImpl.java:56)
	at sun.reflect.DelegatingConstructorAccessorImpl.newInstance(DelegatingConstructorAccessorImpl.java:39)
	at java.lang.reflect.Constructor.newInstance(Constructor.java:527)
	at org.openqa.selenium.remote.ErrorHandler.createThrowable(ErrorHandler.java:204)
	at org.openqa.selenium.remote.ErrorHandler.throwIfResponseFailed(ErrorHandler.java:156)
	at org.openqa.selenium.remote.RemoteWebDriver.execute(RemoteWebDriver.java:600)
	at org.openqa.selenium.remote.RemoteWebDriver.execute(RemoteWebDriver.java:615)
	at org.openqa.selenium.remote.RemoteWebDriver.quit(RemoteWebDriver.java:469)
	at webUI.LoadBrowser.closeBrowser(LoadBrowser.java:266)
	at sun.reflect.GeneratedMethodAccessor21.invoke(Unknown Source)
	at sun.reflect.DelegatingMethodAccessorImpl.invoke(DelegatingMethodAccessorImpl.java:37)
	at java.lang.reflect.Method.invoke(Method.java:611)
	at org.testng.internal.MethodInvocationHelper.invokeMethod(MethodInvocationHelper.java:84)
	at org.testng.internal.Invoker.invokeConfigurationMethod(Invoker.java:564)
	at org.testng.internal.Invoker.invokeConfigurations(Invoker.java:213)
	at org.testng.internal.Invoker.invokeMethod(Invoker.java:786)
	at org.testng.internal.Invoker.invokeTestMethod(Invoker.java:901)
	at org.testng.internal.Invoker.invokeTestMethods(Invoker.java:1231)
	at org.testng.internal.TestMethodWorker.invokeTestMethods(TestMethodWorker.java:127)
	at org.testng.internal.TestMethodWorker.run(TestMethodWorker.java:111)
	at org.testng.TestRunner.privateRun(TestRunner.java:767)
	at org.testng.TestRunner.run(TestRunner.java:617)
	at org.testng.SuiteRunner.runTest(SuiteRunner.java:334)
	at org.testng.SuiteRunner.runSequentially(SuiteRunner.java:329)
	at org.testng.SuiteRunner.privateRun(SuiteRunner.java:291)
	at org.testng.SuiteRunner.run(SuiteRunner.java:240)
	at org.testng.SuiteRunnerWorker.runSuite(SuiteRunnerWorker.java:52)
	at org.testng.SuiteRunnerWorker.run(SuiteRunnerWorker.java:86)
	at org.testng.TestNG.runSuitesSequentially(TestNG.java:1224)
	at org.testng.TestNG.runSuitesLocally(TestNG.java:1149)
	at org.testng.TestNG.run(TestNG.java:1057)
	at org.testng.remote.RemoteTestNG.run(RemoteTestNG.java:111)
	at org.testng.remote.RemoteTestNG.initAndRun(RemoteTestNG.java:204)
	at org.testng.remote.RemoteTestNG.main(RemoteTestNG.java:175)
Caused by: org.openqa.selenium.remote.UnreachableBrowserException: Error communicating with the remote browser. It may have died.
Build info: version: '2.42.0', revision: '5e82430', time: '2014-05-22 20:18:07'
System info: host: 'dslvm346', ip: '9.162.138.157', os.name: 'Windows 8', os.arch: 'x86', os.version: '6.2', java.version: '1.7.0_55'
Driver info: driver.version: EventFiringWebDriver
Build info: version: '2.42.1', revision: '68b415a', time: '2014-05-29 16:16:49'
System info: host: 'piotrbogdanski', ip: '9.161.136.32', os.name: 'Windows 7', os.arch: 'x86', os.version: '6.1 build 7601 Service Pack 1', java.version: '1.6.0'
Driver info: driver.version: unknown
]]>
    </failure>
  </testcase> <!-- AllContentsLoads -->
  <testcase name="AllContentsLoads" time="3.118" classname="tests.webUI.nonFunctional.LibraryTestsContents">
    <failure type="org.openqa.selenium.WebDriverException" message="Error communicating with the remote browser. It may have died.
Build info: version: &#039;2.42.0&#039;, revision: &#039;5e82430&#039;, time: &#039;2014-05-22 20:18:07&#039;
System info: host: &#039;dslvm346&#039;, ip: &#039;9.162.138.157&#039;, os.name: &#039;Windows 8&#039;, os.arch: &#039;x86&#039;, os.version: &#039;6.2&#039;, java.version: &#039;1.7.0_55&#039;
Driver info: driver.version: EventFiringWebDriver
Command duration or timeout: 3.27 seconds
Build info: version: &#039;2.42.1&#039;, revision: &#039;68b415a&#039;, time: &#039;2014-05-29 16:16:49&#039;
System info: host: &#039;piotrbogdanski&#039;, ip: &#039;9.161.136.32&#039;, os.name: &#039;Windows 7&#039;, os.arch: &#039;x86&#039;, os.version: &#039;6.1 build 7601 Service Pack 1&#039;, java.version: &#039;1.6.0&#039;
Session ID: b26bcd25-156a-405a-a953-e989a5b1f5be
Capabilities [{handlesAlerts=true, rotatable=false, databaseEnabled=false, locationContextEnabled=true, acceptSslCerts=true, applicationCacheEnabled=false, nativeEvents=true, cssSelectorsEnabled=true, takesScreenshot=true, platform=WIN8, browserName=chrome, javascriptEnabled=true, version=35.0.1916.153, chrome={userDataDir=C:\Users\ADMINI~1\AppData\Local\Temp\scoped_dir4076_31844}, webStorageEnabled=true, webdriver.remote.sessionid=b26bcd25-156a-405a-a953-e989a5b1f5be, browserConnectionEnabled=false, takesHeapSnapshot=true}]
Driver info: org.openqa.selenium.remote.RemoteWebDriver">
      <![CDATA[org.openqa.selenium.WebDriverException: Error communicating with the remote browser. It may have died.
Build info: version: '2.42.0', revision: '5e82430', time: '2014-05-22 20:18:07'
System info: host: 'dslvm346', ip: '9.162.138.157', os.name: 'Windows 8', os.arch: 'x86', os.version: '6.2', java.version: '1.7.0_55'
Driver info: driver.version: EventFiringWebDriver
Command duration or timeout: 3.27 seconds
Build info: version: '2.42.1', revision: '68b415a', time: '2014-05-29 16:16:49'
System info: host: 'piotrbogdanski', ip: '9.161.136.32', os.name: 'Windows 7', os.arch: 'x86', os.version: '6.1 build 7601 Service Pack 1', java.version: '1.6.0'
Session ID: b26bcd25-156a-405a-a953-e989a5b1f5be
Capabilities [{handlesAlerts=true, rotatable=false, databaseEnabled=false, locationContextEnabled=true, acceptSslCerts=true, applicationCacheEnabled=false, nativeEvents=true, cssSelectorsEnabled=true, takesScreenshot=true, platform=WIN8, browserName=chrome, javascriptEnabled=true, version=35.0.1916.153, chrome={userDataDir=C:\Users\ADMINI~1\AppData\Local\Temp\scoped_dir4076_31844}, webStorageEnabled=true, webdriver.remote.sessionid=b26bcd25-156a-405a-a953-e989a5b1f5be, browserConnectionEnabled=false, takesHeapSnapshot=true}]
Driver info: org.openqa.selenium.remote.RemoteWebDriver
	at sun.reflect.NativeConstructorAccessorImpl.newInstance0(Native Method)
	at sun.reflect.NativeConstructorAccessorImpl.newInstance(NativeConstructorAccessorImpl.java:56)
	at sun.reflect.DelegatingConstructorAccessorImpl.newInstance(DelegatingConstructorAccessorImpl.java:39)
	at java.lang.reflect.Constructor.newInstance(Constructor.java:527)
	at org.openqa.selenium.remote.ErrorHandler.createThrowable(ErrorHandler.java:204)
	at org.openqa.selenium.remote.ErrorHandler.throwIfResponseFailed(ErrorHandler.java:156)
	at org.openqa.selenium.remote.RemoteWebDriver.execute(RemoteWebDriver.java:600)
	at org.openqa.selenium.remote.RemoteWebDriver.execute(RemoteWebDriver.java:615)
	at org.openqa.selenium.remote.RemoteWebDriver.quit(RemoteWebDriver.java:469)
	at webUI.LoadBrowser.closeBrowser(LoadBrowser.java:266)
	at sun.reflect.GeneratedMethodAccessor21.invoke(Unknown Source)
	at sun.reflect.DelegatingMethodAccessorImpl.invoke(DelegatingMethodAccessorImpl.java:37)
	at java.lang.reflect.Method.invoke(Method.java:611)
	at org.testng.internal.MethodInvocationHelper.invokeMethod(MethodInvocationHelper.java:84)
	at org.testng.internal.Invoker.invokeConfigurationMethod(Invoker.java:564)
	at org.testng.internal.Invoker.invokeConfigurations(Invoker.java:213)
	at org.testng.internal.Invoker.invokeMethod(Invoker.java:786)
	at org.testng.internal.Invoker.invokeTestMethod(Invoker.java:901)
	at org.testng.internal.Invoker.invokeTestMethods(Invoker.java:1231)
	at org.testng.internal.TestMethodWorker.invokeTestMethods(TestMethodWorker.java:127)
	at org.testng.internal.TestMethodWorker.run(TestMethodWorker.java:111)
	at org.testng.TestRunner.privateRun(TestRunner.java:767)
	at org.testng.TestRunner.run(TestRunner.java:617)
	at org.testng.SuiteRunner.runTest(SuiteRunner.java:334)
	at org.testng.SuiteRunner.runSequentially(SuiteRunner.java:329)
	at org.testng.SuiteRunner.privateRun(SuiteRunner.java:291)
	at org.testng.SuiteRunner.run(SuiteRunner.java:240)
	at org.testng.SuiteRunnerWorker.runSuite(SuiteRunnerWorker.java:52)
	at org.testng.SuiteRunnerWorker.run(SuiteRunnerWorker.java:86)
	at org.testng.TestNG.runSuitesSequentially(TestNG.java:1224)
	at org.testng.TestNG.runSuitesLocally(TestNG.java:1149)
	at org.testng.TestNG.run(TestNG.java:1057)
	at org.testng.remote.RemoteTestNG.run(RemoteTestNG.java:111)
	at org.testng.remote.RemoteTestNG.initAndRun(RemoteTestNG.java:204)
	at org.testng.remote.RemoteTestNG.main(RemoteTestNG.java:175)
Caused by: org.openqa.selenium.remote.UnreachableBrowserException: Error communicating with the remote browser. It may have died.
Build info: version: '2.42.0', revision: '5e82430', time: '2014-05-22 20:18:07'
System info: host: 'dslvm346', ip: '9.162.138.157', os.name: 'Windows 8', os.arch: 'x86', os.version: '6.2', java.version: '1.7.0_55'
Driver info: driver.version: EventFiringWebDriver
Build info: version: '2.42.1', revision: '68b415a', time: '2014-05-29 16:16:49'
System info: host: 'piotrbogdanski', ip: '9.161.136.32', os.name: 'Windows 7', os.arch: 'x86', os.version: '6.1 build 7601 Service Pack 1', java.version: '1.6.0'
Driver info: driver.version: unknown
]]>
    </failure>
  </testcase> <!-- AllContentsLoads -->
  <testcase name="AllContentsLoads" time="2.472" classname="tests.webUI.nonFunctional.LibraryTestsContents">
    <failure type="org.openqa.selenium.WebDriverException" message="Error communicating with the remote browser. It may have died.
Build info: version: &#039;2.42.0&#039;, revision: &#039;5e82430&#039;, time: &#039;2014-05-22 20:18:07&#039;
System info: host: &#039;dslvm346&#039;, ip: &#039;9.162.138.157&#039;, os.name: &#039;Windows 8&#039;, os.arch: &#039;x86&#039;, os.version: &#039;6.2&#039;, java.version: &#039;1.7.0_55&#039;
Driver info: driver.version: EventFiringWebDriver
Command duration or timeout: 3.27 seconds
Build info: version: &#039;2.42.1&#039;, revision: &#039;68b415a&#039;, time: &#039;2014-05-29 16:16:49&#039;
System info: host: &#039;piotrbogdanski&#039;, ip: &#039;9.161.136.32&#039;, os.name: &#039;Windows 7&#039;, os.arch: &#039;x86&#039;, os.version: &#039;6.1 build 7601 Service Pack 1&#039;, java.version: &#039;1.6.0&#039;
Session ID: b26bcd25-156a-405a-a953-e989a5b1f5be
Capabilities [{handlesAlerts=true, rotatable=false, databaseEnabled=false, locationContextEnabled=true, acceptSslCerts=true, applicationCacheEnabled=false, nativeEvents=true, cssSelectorsEnabled=true, takesScreenshot=true, platform=WIN8, browserName=chrome, javascriptEnabled=true, version=35.0.1916.153, chrome={userDataDir=C:\Users\ADMINI~1\AppData\Local\Temp\scoped_dir4076_31844}, webStorageEnabled=true, webdriver.remote.sessionid=b26bcd25-156a-405a-a953-e989a5b1f5be, browserConnectionEnabled=false, takesHeapSnapshot=true}]
Driver info: org.openqa.selenium.remote.RemoteWebDriver">
      <![CDATA[org.openqa.selenium.WebDriverException: Error communicating with the remote browser. It may have died.
Build info: version: '2.42.0', revision: '5e82430', time: '2014-05-22 20:18:07'
System info: host: 'dslvm346', ip: '9.162.138.157', os.name: 'Windows 8', os.arch: 'x86', os.version: '6.2', java.version: '1.7.0_55'
Driver info: driver.version: EventFiringWebDriver
Command duration or timeout: 3.27 seconds
Build info: version: '2.42.1', revision: '68b415a', time: '2014-05-29 16:16:49'
System info: host: 'piotrbogdanski', ip: '9.161.136.32', os.name: 'Windows 7', os.arch: 'x86', os.version: '6.1 build 7601 Service Pack 1', java.version: '1.6.0'
Session ID: b26bcd25-156a-405a-a953-e989a5b1f5be
Capabilities [{handlesAlerts=true, rotatable=false, databaseEnabled=false, locationContextEnabled=true, acceptSslCerts=true, applicationCacheEnabled=false, nativeEvents=true, cssSelectorsEnabled=true, takesScreenshot=true, platform=WIN8, browserName=chrome, javascriptEnabled=true, version=35.0.1916.153, chrome={userDataDir=C:\Users\ADMINI~1\AppData\Local\Temp\scoped_dir4076_31844}, webStorageEnabled=true, webdriver.remote.sessionid=b26bcd25-156a-405a-a953-e989a5b1f5be, browserConnectionEnabled=false, takesHeapSnapshot=true}]
Driver info: org.openqa.selenium.remote.RemoteWebDriver
	at sun.reflect.NativeConstructorAccessorImpl.newInstance0(Native Method)
	at sun.reflect.NativeConstructorAccessorImpl.newInstance(NativeConstructorAccessorImpl.java:56)
	at sun.reflect.DelegatingConstructorAccessorImpl.newInstance(DelegatingConstructorAccessorImpl.java:39)
	at java.lang.reflect.Constructor.newInstance(Constructor.java:527)
	at org.openqa.selenium.remote.ErrorHandler.createThrowable(ErrorHandler.java:204)
	at org.openqa.selenium.remote.ErrorHandler.throwIfResponseFailed(ErrorHandler.java:156)
	at org.openqa.selenium.remote.RemoteWebDriver.execute(RemoteWebDriver.java:600)
	at org.openqa.selenium.remote.RemoteWebDriver.execute(RemoteWebDriver.java:615)
	at org.openqa.selenium.remote.RemoteWebDriver.quit(RemoteWebDriver.java:469)
	at webUI.LoadBrowser.closeBrowser(LoadBrowser.java:266)
	at sun.reflect.GeneratedMethodAccessor21.invoke(Unknown Source)
	at sun.reflect.DelegatingMethodAccessorImpl.invoke(DelegatingMethodAccessorImpl.java:37)
	at java.lang.reflect.Method.invoke(Method.java:611)
	at org.testng.internal.MethodInvocationHelper.invokeMethod(MethodInvocationHelper.java:84)
	at org.testng.internal.Invoker.invokeConfigurationMethod(Invoker.java:564)
	at org.testng.internal.Invoker.invokeConfigurations(Invoker.java:213)
	at org.testng.internal.Invoker.invokeMethod(Invoker.java:786)
	at org.testng.internal.Invoker.invokeTestMethod(Invoker.java:901)
	at org.testng.internal.Invoker.invokeTestMethods(Invoker.java:1231)
	at org.testng.internal.TestMethodWorker.invokeTestMethods(TestMethodWorker.java:127)
	at org.testng.internal.TestMethodWorker.run(TestMethodWorker.java:111)
	at org.testng.TestRunner.privateRun(TestRunner.java:767)
	at org.testng.TestRunner.run(TestRunner.java:617)
	at org.testng.SuiteRunner.runTest(SuiteRunner.java:334)
	at org.testng.SuiteRunner.runSequentially(SuiteRunner.java:329)
	at org.testng.SuiteRunner.privateRun(SuiteRunner.java:291)
	at org.testng.SuiteRunner.run(SuiteRunner.java:240)
	at org.testng.SuiteRunnerWorker.runSuite(SuiteRunnerWorker.java:52)
	at org.testng.SuiteRunnerWorker.run(SuiteRunnerWorker.java:86)
	at org.testng.TestNG.runSuitesSequentially(TestNG.java:1224)
	at org.testng.TestNG.runSuitesLocally(TestNG.java:1149)
	at org.testng.TestNG.run(TestNG.java:1057)
	at org.testng.remote.RemoteTestNG.run(RemoteTestNG.java:111)
	at org.testng.remote.RemoteTestNG.initAndRun(RemoteTestNG.java:204)
	at org.testng.remote.RemoteTestNG.main(RemoteTestNG.java:175)
Caused by: org.openqa.selenium.remote.UnreachableBrowserException: Error communicating with the remote browser. It may have died.
Build info: version: '2.42.0', revision: '5e82430', time: '2014-05-22 20:18:07'
System info: host: 'dslvm346', ip: '9.162.138.157', os.name: 'Windows 8', os.arch: 'x86', os.version: '6.2', java.version: '1.7.0_55'
Driver info: driver.version: EventFiringWebDriver
Build info: version: '2.42.1', revision: '68b415a', time: '2014-05-29 16:16:49'
System info: host: 'piotrbogdanski', ip: '9.161.136.32', os.name: 'Windows 7', os.arch: 'x86', os.version: '6.1 build 7601 Service Pack 1', java.version: '1.6.0'
Driver info: driver.version: unknown
]]>
    </failure>
  </testcase> <!-- AllContentsLoads -->
  <testcase name="AllContentsLoads" time="3.105" classname="tests.webUI.nonFunctional.LibraryTestsContents">
    <failure type="org.openqa.selenium.WebDriverException" message="Error communicating with the remote browser. It may have died.
Build info: version: &#039;2.42.0&#039;, revision: &#039;5e82430&#039;, time: &#039;2014-05-22 20:18:07&#039;
System info: host: &#039;dslvm346&#039;, ip: &#039;9.162.138.157&#039;, os.name: &#039;Windows 8&#039;, os.arch: &#039;x86&#039;, os.version: &#039;6.2&#039;, java.version: &#039;1.7.0_55&#039;
Driver info: driver.version: EventFiringWebDriver
Command duration or timeout: 3.27 seconds
Build info: version: &#039;2.42.1&#039;, revision: &#039;68b415a&#039;, time: &#039;2014-05-29 16:16:49&#039;
System info: host: &#039;piotrbogdanski&#039;, ip: &#039;9.161.136.32&#039;, os.name: &#039;Windows 7&#039;, os.arch: &#039;x86&#039;, os.version: &#039;6.1 build 7601 Service Pack 1&#039;, java.version: &#039;1.6.0&#039;
Session ID: b26bcd25-156a-405a-a953-e989a5b1f5be
Capabilities [{handlesAlerts=true, rotatable=false, databaseEnabled=false, locationContextEnabled=true, acceptSslCerts=true, applicationCacheEnabled=false, nativeEvents=true, cssSelectorsEnabled=true, takesScreenshot=true, platform=WIN8, browserName=chrome, javascriptEnabled=true, version=35.0.1916.153, chrome={userDataDir=C:\Users\ADMINI~1\AppData\Local\Temp\scoped_dir4076_31844}, webStorageEnabled=true, webdriver.remote.sessionid=b26bcd25-156a-405a-a953-e989a5b1f5be, browserConnectionEnabled=false, takesHeapSnapshot=true}]
Driver info: org.openqa.selenium.remote.RemoteWebDriver">
      <![CDATA[org.openqa.selenium.WebDriverException: Error communicating with the remote browser. It may have died.
Build info: version: '2.42.0', revision: '5e82430', time: '2014-05-22 20:18:07'
System info: host: 'dslvm346', ip: '9.162.138.157', os.name: 'Windows 8', os.arch: 'x86', os.version: '6.2', java.version: '1.7.0_55'
Driver info: driver.version: EventFiringWebDriver
Command duration or timeout: 3.27 seconds
Build info: version: '2.42.1', revision: '68b415a', time: '2014-05-29 16:16:49'
System info: host: 'piotrbogdanski', ip: '9.161.136.32', os.name: 'Windows 7', os.arch: 'x86', os.version: '6.1 build 7601 Service Pack 1', java.version: '1.6.0'
Session ID: b26bcd25-156a-405a-a953-e989a5b1f5be
Capabilities [{handlesAlerts=true, rotatable=false, databaseEnabled=false, locationContextEnabled=true, acceptSslCerts=true, applicationCacheEnabled=false, nativeEvents=true, cssSelectorsEnabled=true, takesScreenshot=true, platform=WIN8, browserName=chrome, javascriptEnabled=true, version=35.0.1916.153, chrome={userDataDir=C:\Users\ADMINI~1\AppData\Local\Temp\scoped_dir4076_31844}, webStorageEnabled=true, webdriver.remote.sessionid=b26bcd25-156a-405a-a953-e989a5b1f5be, browserConnectionEnabled=false, takesHeapSnapshot=true}]
Driver info: org.openqa.selenium.remote.RemoteWebDriver
	at sun.reflect.NativeConstructorAccessorImpl.newInstance0(Native Method)
	at sun.reflect.NativeConstructorAccessorImpl.newInstance(NativeConstructorAccessorImpl.java:56)
	at sun.reflect.DelegatingConstructorAccessorImpl.newInstance(DelegatingConstructorAccessorImpl.java:39)
	at java.lang.reflect.Constructor.newInstance(Constructor.java:527)
	at org.openqa.selenium.remote.ErrorHandler.createThrowable(ErrorHandler.java:204)
	at org.openqa.selenium.remote.ErrorHandler.throwIfResponseFailed(ErrorHandler.java:156)
	at org.openqa.selenium.remote.RemoteWebDriver.execute(RemoteWebDriver.java:600)
	at org.openqa.selenium.remote.RemoteWebDriver.execute(RemoteWebDriver.java:615)
	at org.openqa.selenium.remote.RemoteWebDriver.quit(RemoteWebDriver.java:469)
	at webUI.LoadBrowser.closeBrowser(LoadBrowser.java:266)
	at sun.reflect.GeneratedMethodAccessor21.invoke(Unknown Source)
	at sun.reflect.DelegatingMethodAccessorImpl.invoke(DelegatingMethodAccessorImpl.java:37)
	at java.lang.reflect.Method.invoke(Method.java:611)
	at org.testng.internal.MethodInvocationHelper.invokeMethod(MethodInvocationHelper.java:84)
	at org.testng.internal.Invoker.invokeConfigurationMethod(Invoker.java:564)
	at org.testng.internal.Invoker.invokeConfigurations(Invoker.java:213)
	at org.testng.internal.Invoker.invokeMethod(Invoker.java:786)
	at org.testng.internal.Invoker.invokeTestMethod(Invoker.java:901)
	at org.testng.internal.Invoker.invokeTestMethods(Invoker.java:1231)
	at org.testng.internal.TestMethodWorker.invokeTestMethods(TestMethodWorker.java:127)
	at org.testng.internal.TestMethodWorker.run(TestMethodWorker.java:111)
	at org.testng.TestRunner.privateRun(TestRunner.java:767)
	at org.testng.TestRunner.run(TestRunner.java:617)
	at org.testng.SuiteRunner.runTest(SuiteRunner.java:334)
	at org.testng.SuiteRunner.runSequentially(SuiteRunner.java:329)
	at org.testng.SuiteRunner.privateRun(SuiteRunner.java:291)
	at org.testng.SuiteRunner.run(SuiteRunner.java:240)
	at org.testng.SuiteRunnerWorker.runSuite(SuiteRunnerWorker.java:52)
	at org.testng.SuiteRunnerWorker.run(SuiteRunnerWorker.java:86)
	at org.testng.TestNG.runSuitesSequentially(TestNG.java:1224)
	at org.testng.TestNG.runSuitesLocally(TestNG.java:1149)
	at org.testng.TestNG.run(TestNG.java:1057)
	at org.testng.remote.RemoteTestNG.run(RemoteTestNG.java:111)
	at org.testng.remote.RemoteTestNG.initAndRun(RemoteTestNG.java:204)
	at org.testng.remote.RemoteTestNG.main(RemoteTestNG.java:175)
Caused by: org.openqa.selenium.remote.UnreachableBrowserException: Error communicating with the remote browser. It may have died.
Build info: version: '2.42.0', revision: '5e82430', time: '2014-05-22 20:18:07'
System info: host: 'dslvm346', ip: '9.162.138.157', os.name: 'Windows 8', os.arch: 'x86', os.version: '6.2', java.version: '1.7.0_55'
Driver info: driver.version: EventFiringWebDriver
Build info: version: '2.42.1', revision: '68b415a', time: '2014-05-29 16:16:49'
System info: host: 'piotrbogdanski', ip: '9.161.136.32', os.name: 'Windows 7', os.arch: 'x86', os.version: '6.1 build 7601 Service Pack 1', java.version: '1.6.0'
Driver info: driver.version: unknown
]]>
    </failure>
  </testcase> <!-- AllContentsLoads -->
  <testcase name="AllContentsLoads" time="2.993" classname="tests.webUI.nonFunctional.LibraryTestsContents">
    <failure type="org.openqa.selenium.WebDriverException" message="Error communicating with the remote browser. It may have died.
Build info: version: &#039;2.42.0&#039;, revision: &#039;5e82430&#039;, time: &#039;2014-05-22 20:18:07&#039;
System info: host: &#039;dslvm346&#039;, ip: &#039;9.162.138.157&#039;, os.name: &#039;Windows 8&#039;, os.arch: &#039;x86&#039;, os.version: &#039;6.2&#039;, java.version: &#039;1.7.0_55&#039;
Driver info: driver.version: EventFiringWebDriver
Command duration or timeout: 3.27 seconds
Build info: version: &#039;2.42.1&#039;, revision: &#039;68b415a&#039;, time: &#039;2014-05-29 16:16:49&#039;
System info: host: &#039;piotrbogdanski&#039;, ip: &#039;9.161.136.32&#039;, os.name: &#039;Windows 7&#039;, os.arch: &#039;x86&#039;, os.version: &#039;6.1 build 7601 Service Pack 1&#039;, java.version: &#039;1.6.0&#039;
Session ID: b26bcd25-156a-405a-a953-e989a5b1f5be
Capabilities [{handlesAlerts=true, rotatable=false, databaseEnabled=false, locationContextEnabled=true, acceptSslCerts=true, applicationCacheEnabled=false, nativeEvents=true, cssSelectorsEnabled=true, takesScreenshot=true, platform=WIN8, browserName=chrome, javascriptEnabled=true, version=35.0.1916.153, chrome={userDataDir=C:\Users\ADMINI~1\AppData\Local\Temp\scoped_dir4076_31844}, webStorageEnabled=true, webdriver.remote.sessionid=b26bcd25-156a-405a-a953-e989a5b1f5be, browserConnectionEnabled=false, takesHeapSnapshot=true}]
Driver info: org.openqa.selenium.remote.RemoteWebDriver">
      <![CDATA[org.openqa.selenium.WebDriverException: Error communicating with the remote browser. It may have died.
Build info: version: '2.42.0', revision: '5e82430', time: '2014-05-22 20:18:07'
System info: host: 'dslvm346', ip: '9.162.138.157', os.name: 'Windows 8', os.arch: 'x86', os.version: '6.2', java.version: '1.7.0_55'
Driver info: driver.version: EventFiringWebDriver
Command duration or timeout: 3.27 seconds
Build info: version: '2.42.1', revision: '68b415a', time: '2014-05-29 16:16:49'
System info: host: 'piotrbogdanski', ip: '9.161.136.32', os.name: 'Windows 7', os.arch: 'x86', os.version: '6.1 build 7601 Service Pack 1', java.version: '1.6.0'
Session ID: b26bcd25-156a-405a-a953-e989a5b1f5be
Capabilities [{handlesAlerts=true, rotatable=false, databaseEnabled=false, locationContextEnabled=true, acceptSslCerts=true, applicationCacheEnabled=false, nativeEvents=true, cssSelectorsEnabled=true, takesScreenshot=true, platform=WIN8, browserName=chrome, javascriptEnabled=true, version=35.0.1916.153, chrome={userDataDir=C:\Users\ADMINI~1\AppData\Local\Temp\scoped_dir4076_31844}, webStorageEnabled=true, webdriver.remote.sessionid=b26bcd25-156a-405a-a953-e989a5b1f5be, browserConnectionEnabled=false, takesHeapSnapshot=true}]
Driver info: org.openqa.selenium.remote.RemoteWebDriver
	at sun.reflect.NativeConstructorAccessorImpl.newInstance0(Native Method)
	at sun.reflect.NativeConstructorAccessorImpl.newInstance(NativeConstructorAccessorImpl.java:56)
	at sun.reflect.DelegatingConstructorAccessorImpl.newInstance(DelegatingConstructorAccessorImpl.java:39)
	at java.lang.reflect.Constructor.newInstance(Constructor.java:527)
	at org.openqa.selenium.remote.ErrorHandler.createThrowable(ErrorHandler.java:204)
	at org.openqa.selenium.remote.ErrorHandler.throwIfResponseFailed(ErrorHandler.java:156)
	at org.openqa.selenium.remote.RemoteWebDriver.execute(RemoteWebDriver.java:600)
	at org.openqa.selenium.remote.RemoteWebDriver.execute(RemoteWebDriver.java:615)
	at org.openqa.selenium.remote.RemoteWebDriver.quit(RemoteWebDriver.java:469)
	at webUI.LoadBrowser.closeBrowser(LoadBrowser.java:266)
	at sun.reflect.GeneratedMethodAccessor21.invoke(Unknown Source)
	at sun.reflect.DelegatingMethodAccessorImpl.invoke(DelegatingMethodAccessorImpl.java:37)
	at java.lang.reflect.Method.invoke(Method.java:611)
	at org.testng.internal.MethodInvocationHelper.invokeMethod(MethodInvocationHelper.java:84)
	at org.testng.internal.Invoker.invokeConfigurationMethod(Invoker.java:564)
	at org.testng.internal.Invoker.invokeConfigurations(Invoker.java:213)
	at org.testng.internal.Invoker.invokeMethod(Invoker.java:786)
	at org.testng.internal.Invoker.invokeTestMethod(Invoker.java:901)
	at org.testng.internal.Invoker.invokeTestMethods(Invoker.java:1231)
	at org.testng.internal.TestMethodWorker.invokeTestMethods(TestMethodWorker.java:127)
	at org.testng.internal.TestMethodWorker.run(TestMethodWorker.java:111)
	at org.testng.TestRunner.privateRun(TestRunner.java:767)
	at org.testng.TestRunner.run(TestRunner.java:617)
	at org.testng.SuiteRunner.runTest(SuiteRunner.java:334)
	at org.testng.SuiteRunner.runSequentially(SuiteRunner.java:329)
	at org.testng.SuiteRunner.privateRun(SuiteRunner.java:291)
	at org.testng.SuiteRunner.run(SuiteRunner.java:240)
	at org.testng.SuiteRunnerWorker.runSuite(SuiteRunnerWorker.java:52)
	at org.testng.SuiteRunnerWorker.run(SuiteRunnerWorker.java:86)
	at org.testng.TestNG.runSuitesSequentially(TestNG.java:1224)
	at org.testng.TestNG.runSuitesLocally(TestNG.java:1149)
	at org.testng.TestNG.run(TestNG.java:1057)
	at org.testng.remote.RemoteTestNG.run(RemoteTestNG.java:111)
	at org.testng.remote.RemoteTestNG.initAndRun(RemoteTestNG.java:204)
	at org.testng.remote.RemoteTestNG.main(RemoteTestNG.java:175)
Caused by: org.openqa.selenium.remote.UnreachableBrowserException: Error communicating with the remote browser. It may have died.
Build info: version: '2.42.0', revision: '5e82430', time: '2014-05-22 20:18:07'
System info: host: 'dslvm346', ip: '9.162.138.157', os.name: 'Windows 8', os.arch: 'x86', os.version: '6.2', java.version: '1.7.0_55'
Driver info: driver.version: EventFiringWebDriver
Build info: version: '2.42.1', revision: '68b415a', time: '2014-05-29 16:16:49'
System info: host: 'piotrbogdanski', ip: '9.161.136.32', os.name: 'Windows 7', os.arch: 'x86', os.version: '6.1 build 7601 Service Pack 1', java.version: '1.6.0'
Driver info: driver.version: unknown
]]>
    </failure>
  </testcase> <!-- AllContentsLoads -->
  <testcase name="AllContentsLoads" time="46.538" classname="tests.webUI.nonFunctional.LibraryTestsContents"/>
  <testcase name="AllContentsLoads" time="3.081" classname="tests.webUI.nonFunctional.LibraryTestsContents">
    <failure type="org.openqa.selenium.WebDriverException" message="Error communicating with the remote browser. It may have died.
Build info: version: &#039;2.42.0&#039;, revision: &#039;5e82430&#039;, time: &#039;2014-05-22 20:18:07&#039;
System info: host: &#039;dslvm346&#039;, ip: &#039;9.162.138.157&#039;, os.name: &#039;Windows 8&#039;, os.arch: &#039;x86&#039;, os.version: &#039;6.2&#039;, java.version: &#039;1.7.0_55&#039;
Driver info: driver.version: EventFiringWebDriver
Command duration or timeout: 3.27 seconds
Build info: version: &#039;2.42.1&#039;, revision: &#039;68b415a&#039;, time: &#039;2014-05-29 16:16:49&#039;
System info: host: &#039;piotrbogdanski&#039;, ip: &#039;9.161.136.32&#039;, os.name: &#039;Windows 7&#039;, os.arch: &#039;x86&#039;, os.version: &#039;6.1 build 7601 Service Pack 1&#039;, java.version: &#039;1.6.0&#039;
Session ID: b26bcd25-156a-405a-a953-e989a5b1f5be
Capabilities [{handlesAlerts=true, rotatable=false, databaseEnabled=false, locationContextEnabled=true, acceptSslCerts=true, applicationCacheEnabled=false, nativeEvents=true, cssSelectorsEnabled=true, takesScreenshot=true, platform=WIN8, browserName=chrome, javascriptEnabled=true, version=35.0.1916.153, chrome={userDataDir=C:\Users\ADMINI~1\AppData\Local\Temp\scoped_dir4076_31844}, webStorageEnabled=true, webdriver.remote.sessionid=b26bcd25-156a-405a-a953-e989a5b1f5be, browserConnectionEnabled=false, takesHeapSnapshot=true}]
Driver info: org.openqa.selenium.remote.RemoteWebDriver">
      <![CDATA[org.openqa.selenium.WebDriverException: Error communicating with the remote browser. It may have died.
Build info: version: '2.42.0', revision: '5e82430', time: '2014-05-22 20:18:07'
System info: host: 'dslvm346', ip: '9.162.138.157', os.name: 'Windows 8', os.arch: 'x86', os.version: '6.2', java.version: '1.7.0_55'
Driver info: driver.version: EventFiringWebDriver
Command duration or timeout: 3.27 seconds
Build info: version: '2.42.1', revision: '68b415a', time: '2014-05-29 16:16:49'
System info: host: 'piotrbogdanski', ip: '9.161.136.32', os.name: 'Windows 7', os.arch: 'x86', os.version: '6.1 build 7601 Service Pack 1', java.version: '1.6.0'
Session ID: b26bcd25-156a-405a-a953-e989a5b1f5be
Capabilities [{handlesAlerts=true, rotatable=false, databaseEnabled=false, locationContextEnabled=true, acceptSslCerts=true, applicationCacheEnabled=false, nativeEvents=true, cssSelectorsEnabled=true, takesScreenshot=true, platform=WIN8, browserName=chrome, javascriptEnabled=true, version=35.0.1916.153, chrome={userDataDir=C:\Users\ADMINI~1\AppData\Local\Temp\scoped_dir4076_31844}, webStorageEnabled=true, webdriver.remote.sessionid=b26bcd25-156a-405a-a953-e989a5b1f5be, browserConnectionEnabled=false, takesHeapSnapshot=true}]
Driver info: org.openqa.selenium.remote.RemoteWebDriver
	at sun.reflect.NativeConstructorAccessorImpl.newInstance0(Native Method)
	at sun.reflect.NativeConstructorAccessorImpl.newInstance(NativeConstructorAccessorImpl.java:56)
	at sun.reflect.DelegatingConstructorAccessorImpl.newInstance(DelegatingConstructorAccessorImpl.java:39)
	at java.lang.reflect.Constructor.newInstance(Constructor.java:527)
	at org.openqa.selenium.remote.ErrorHandler.createThrowable(ErrorHandler.java:204)
	at org.openqa.selenium.remote.ErrorHandler.throwIfResponseFailed(ErrorHandler.java:156)
	at org.openqa.selenium.remote.RemoteWebDriver.execute(RemoteWebDriver.java:600)
	at org.openqa.selenium.remote.RemoteWebDriver.execute(RemoteWebDriver.java:615)
	at org.openqa.selenium.remote.RemoteWebDriver.quit(RemoteWebDriver.java:469)
	at webUI.LoadBrowser.closeBrowser(LoadBrowser.java:266)
	at sun.reflect.GeneratedMethodAccessor21.invoke(Unknown Source)
	at sun.reflect.DelegatingMethodAccessorImpl.invoke(DelegatingMethodAccessorImpl.java:37)
	at java.lang.reflect.Method.invoke(Method.java:611)
	at org.testng.internal.MethodInvocationHelper.invokeMethod(MethodInvocationHelper.java:84)
	at org.testng.internal.Invoker.invokeConfigurationMethod(Invoker.java:564)
	at org.testng.internal.Invoker.invokeConfigurations(Invoker.java:213)
	at org.testng.internal.Invoker.invokeMethod(Invoker.java:786)
	at org.testng.internal.Invoker.invokeTestMethod(Invoker.java:901)
	at org.testng.internal.Invoker.invokeTestMethods(Invoker.java:1231)
	at org.testng.internal.TestMethodWorker.invokeTestMethods(TestMethodWorker.java:127)
	at org.testng.internal.TestMethodWorker.run(TestMethodWorker.java:111)
	at org.testng.TestRunner.privateRun(TestRunner.java:767)
	at org.testng.TestRunner.run(TestRunner.java:617)
	at org.testng.SuiteRunner.runTest(SuiteRunner.java:334)
	at org.testng.SuiteRunner.runSequentially(SuiteRunner.java:329)
	at org.testng.SuiteRunner.privateRun(SuiteRunner.java:291)
	at org.testng.SuiteRunner.run(SuiteRunner.java:240)
	at org.testng.SuiteRunnerWorker.runSuite(SuiteRunnerWorker.java:52)
	at org.testng.SuiteRunnerWorker.run(SuiteRunnerWorker.java:86)
	at org.testng.TestNG.runSuitesSequentially(TestNG.java:1224)
	at org.testng.TestNG.runSuitesLocally(TestNG.java:1149)
	at org.testng.TestNG.run(TestNG.java:1057)
	at org.testng.remote.RemoteTestNG.run(RemoteTestNG.java:111)
	at org.testng.remote.RemoteTestNG.initAndRun(RemoteTestNG.java:204)
	at org.testng.remote.RemoteTestNG.main(RemoteTestNG.java:175)
Caused by: org.openqa.selenium.remote.UnreachableBrowserException: Error communicating with the remote browser. It may have died.
Build info: version: '2.42.0', revision: '5e82430', time: '2014-05-22 20:18:07'
System info: host: 'dslvm346', ip: '9.162.138.157', os.name: 'Windows 8', os.arch: 'x86', os.version: '6.2', java.version: '1.7.0_55'
Driver info: driver.version: EventFiringWebDriver
Build info: version: '2.42.1', revision: '68b415a', time: '2014-05-29 16:16:49'
System info: host: 'piotrbogdanski', ip: '9.161.136.32', os.name: 'Windows 7', os.arch: 'x86', os.version: '6.1 build 7601 Service Pack 1', java.version: '1.6.0'
Driver info: driver.version: unknown
]]>
    </failure>
  </testcase> <!-- AllContentsLoads -->
  <testcase name="AllContentsLoads" time="3.033" classname="tests.webUI.nonFunctional.LibraryTestsContents">
    <failure type="org.openqa.selenium.WebDriverException" message="Error communicating with the remote browser. It may have died.
Build info: version: &#039;2.42.0&#039;, revision: &#039;5e82430&#039;, time: &#039;2014-05-22 20:18:07&#039;
System info: host: &#039;dslvm346&#039;, ip: &#039;9.162.138.157&#039;, os.name: &#039;Windows 8&#039;, os.arch: &#039;x86&#039;, os.version: &#039;6.2&#039;, java.version: &#039;1.7.0_55&#039;
Driver info: driver.version: EventFiringWebDriver
Command duration or timeout: 3.27 seconds
Build info: version: &#039;2.42.1&#039;, revision: &#039;68b415a&#039;, time: &#039;2014-05-29 16:16:49&#039;
System info: host: &#039;piotrbogdanski&#039;, ip: &#039;9.161.136.32&#039;, os.name: &#039;Windows 7&#039;, os.arch: &#039;x86&#039;, os.version: &#039;6.1 build 7601 Service Pack 1&#039;, java.version: &#039;1.6.0&#039;
Session ID: b26bcd25-156a-405a-a953-e989a5b1f5be
Capabilities [{handlesAlerts=true, rotatable=false, databaseEnabled=false, locationContextEnabled=true, acceptSslCerts=true, applicationCacheEnabled=false, nativeEvents=true, cssSelectorsEnabled=true, takesScreenshot=true, platform=WIN8, browserName=chrome, javascriptEnabled=true, version=35.0.1916.153, chrome={userDataDir=C:\Users\ADMINI~1\AppData\Local\Temp\scoped_dir4076_31844}, webStorageEnabled=true, webdriver.remote.sessionid=b26bcd25-156a-405a-a953-e989a5b1f5be, browserConnectionEnabled=false, takesHeapSnapshot=true}]
Driver info: org.openqa.selenium.remote.RemoteWebDriver">
      <![CDATA[org.openqa.selenium.WebDriverException: Error communicating with the remote browser. It may have died.
Build info: version: '2.42.0', revision: '5e82430', time: '2014-05-22 20:18:07'
System info: host: 'dslvm346', ip: '9.162.138.157', os.name: 'Windows 8', os.arch: 'x86', os.version: '6.2', java.version: '1.7.0_55'
Driver info: driver.version: EventFiringWebDriver
Command duration or timeout: 3.27 seconds
Build info: version: '2.42.1', revision: '68b415a', time: '2014-05-29 16:16:49'
System info: host: 'piotrbogdanski', ip: '9.161.136.32', os.name: 'Windows 7', os.arch: 'x86', os.version: '6.1 build 7601 Service Pack 1', java.version: '1.6.0'
Session ID: b26bcd25-156a-405a-a953-e989a5b1f5be
Capabilities [{handlesAlerts=true, rotatable=false, databaseEnabled=false, locationContextEnabled=true, acceptSslCerts=true, applicationCacheEnabled=false, nativeEvents=true, cssSelectorsEnabled=true, takesScreenshot=true, platform=WIN8, browserName=chrome, javascriptEnabled=true, version=35.0.1916.153, chrome={userDataDir=C:\Users\ADMINI~1\AppData\Local\Temp\scoped_dir4076_31844}, webStorageEnabled=true, webdriver.remote.sessionid=b26bcd25-156a-405a-a953-e989a5b1f5be, browserConnectionEnabled=false, takesHeapSnapshot=true}]
Driver info: org.openqa.selenium.remote.RemoteWebDriver
	at sun.reflect.NativeConstructorAccessorImpl.newInstance0(Native Method)
	at sun.reflect.NativeConstructorAccessorImpl.newInstance(NativeConstructorAccessorImpl.java:56)
	at sun.reflect.DelegatingConstructorAccessorImpl.newInstance(DelegatingConstructorAccessorImpl.java:39)
	at java.lang.reflect.Constructor.newInstance(Constructor.java:527)
	at org.openqa.selenium.remote.ErrorHandler.createThrowable(ErrorHandler.java:204)
	at org.openqa.selenium.remote.ErrorHandler.throwIfResponseFailed(ErrorHandler.java:156)
	at org.openqa.selenium.remote.RemoteWebDriver.execute(RemoteWebDriver.java:600)
	at org.openqa.selenium.remote.RemoteWebDriver.execute(RemoteWebDriver.java:615)
	at org.openqa.selenium.remote.RemoteWebDriver.quit(RemoteWebDriver.java:469)
	at webUI.LoadBrowser.closeBrowser(LoadBrowser.java:266)
	at sun.reflect.GeneratedMethodAccessor21.invoke(Unknown Source)
	at sun.reflect.DelegatingMethodAccessorImpl.invoke(DelegatingMethodAccessorImpl.java:37)
	at java.lang.reflect.Method.invoke(Method.java:611)
	at org.testng.internal.MethodInvocationHelper.invokeMethod(MethodInvocationHelper.java:84)
	at org.testng.internal.Invoker.invokeConfigurationMethod(Invoker.java:564)
	at org.testng.internal.Invoker.invokeConfigurations(Invoker.java:213)
	at org.testng.internal.Invoker.invokeMethod(Invoker.java:786)
	at org.testng.internal.Invoker.invokeTestMethod(Invoker.java:901)
	at org.testng.internal.Invoker.invokeTestMethods(Invoker.java:1231)
	at org.testng.internal.TestMethodWorker.invokeTestMethods(TestMethodWorker.java:127)
	at org.testng.internal.TestMethodWorker.run(TestMethodWorker.java:111)
	at org.testng.TestRunner.privateRun(TestRunner.java:767)
	at org.testng.TestRunner.run(TestRunner.java:617)
	at org.testng.SuiteRunner.runTest(SuiteRunner.java:334)
	at org.testng.SuiteRunner.runSequentially(SuiteRunner.java:329)
	at org.testng.SuiteRunner.privateRun(SuiteRunner.java:291)
	at org.testng.SuiteRunner.run(SuiteRunner.java:240)
	at org.testng.SuiteRunnerWorker.runSuite(SuiteRunnerWorker.java:52)
	at org.testng.SuiteRunnerWorker.run(SuiteRunnerWorker.java:86)
	at org.testng.TestNG.runSuitesSequentially(TestNG.java:1224)
	at org.testng.TestNG.runSuitesLocally(TestNG.java:1149)
	at org.testng.TestNG.run(TestNG.java:1057)
	at org.testng.remote.RemoteTestNG.run(RemoteTestNG.java:111)
	at org.testng.remote.RemoteTestNG.initAndRun(RemoteTestNG.java:204)
	at org.testng.remote.RemoteTestNG.main(RemoteTestNG.java:175)
Caused by: org.openqa.selenium.remote.UnreachableBrowserException: Error communicating with the remote browser. It may have died.
Build info: version: '2.42.0', revision: '5e82430', time: '2014-05-22 20:18:07'
System info: host: 'dslvm346', ip: '9.162.138.157', os.name: 'Windows 8', os.arch: 'x86', os.version: '6.2', java.version: '1.7.0_55'
Driver info: driver.version: EventFiringWebDriver
Build info: version: '2.42.1', revision: '68b415a', time: '2014-05-29 16:16:49'
System info: host: 'piotrbogdanski', ip: '9.161.136.32', os.name: 'Windows 7', os.arch: 'x86', os.version: '6.1 build 7601 Service Pack 1', java.version: '1.6.0'
Driver info: driver.version: unknown
]]>
    </failure>
  </testcase> <!-- AllContentsLoads -->
  <testcase name="AllContentsLoads" time="3.123" classname="tests.webUI.nonFunctional.LibraryTestsContents">
    <failure type="org.openqa.selenium.WebDriverException" message="Error communicating with the remote browser. It may have died.
Build info: version: &#039;2.42.0&#039;, revision: &#039;5e82430&#039;, time: &#039;2014-05-22 20:18:07&#039;
System info: host: &#039;dslvm346&#039;, ip: &#039;9.162.138.157&#039;, os.name: &#039;Windows 8&#039;, os.arch: &#039;x86&#039;, os.version: &#039;6.2&#039;, java.version: &#039;1.7.0_55&#039;
Driver info: driver.version: EventFiringWebDriver
Command duration or timeout: 3.27 seconds
Build info: version: &#039;2.42.1&#039;, revision: &#039;68b415a&#039;, time: &#039;2014-05-29 16:16:49&#039;
System info: host: &#039;piotrbogdanski&#039;, ip: &#039;9.161.136.32&#039;, os.name: &#039;Windows 7&#039;, os.arch: &#039;x86&#039;, os.version: &#039;6.1 build 7601 Service Pack 1&#039;, java.version: &#039;1.6.0&#039;
Session ID: b26bcd25-156a-405a-a953-e989a5b1f5be
Capabilities [{handlesAlerts=true, rotatable=false, databaseEnabled=false, locationContextEnabled=true, acceptSslCerts=true, applicationCacheEnabled=false, nativeEvents=true, cssSelectorsEnabled=true, takesScreenshot=true, platform=WIN8, browserName=chrome, javascriptEnabled=true, version=35.0.1916.153, chrome={userDataDir=C:\Users\ADMINI~1\AppData\Local\Temp\scoped_dir4076_31844}, webStorageEnabled=true, webdriver.remote.sessionid=b26bcd25-156a-405a-a953-e989a5b1f5be, browserConnectionEnabled=false, takesHeapSnapshot=true}]
Driver info: org.openqa.selenium.remote.RemoteWebDriver">
      <![CDATA[org.openqa.selenium.WebDriverException: Error communicating with the remote browser. It may have died.
Build info: version: '2.42.0', revision: '5e82430', time: '2014-05-22 20:18:07'
System info: host: 'dslvm346', ip: '9.162.138.157', os.name: 'Windows 8', os.arch: 'x86', os.version: '6.2', java.version: '1.7.0_55'
Driver info: driver.version: EventFiringWebDriver
Command duration or timeout: 3.27 seconds
Build info: version: '2.42.1', revision: '68b415a', time: '2014-05-29 16:16:49'
System info: host: 'piotrbogdanski', ip: '9.161.136.32', os.name: 'Windows 7', os.arch: 'x86', os.version: '6.1 build 7601 Service Pack 1', java.version: '1.6.0'
Session ID: b26bcd25-156a-405a-a953-e989a5b1f5be
Capabilities [{handlesAlerts=true, rotatable=false, databaseEnabled=false, locationContextEnabled=true, acceptSslCerts=true, applicationCacheEnabled=false, nativeEvents=true, cssSelectorsEnabled=true, takesScreenshot=true, platform=WIN8, browserName=chrome, javascriptEnabled=true, version=35.0.1916.153, chrome={userDataDir=C:\Users\ADMINI~1\AppData\Local\Temp\scoped_dir4076_31844}, webStorageEnabled=true, webdriver.remote.sessionid=b26bcd25-156a-405a-a953-e989a5b1f5be, browserConnectionEnabled=false, takesHeapSnapshot=true}]
Driver info: org.openqa.selenium.remote.RemoteWebDriver
	at sun.reflect.NativeConstructorAccessorImpl.newInstance0(Native Method)
	at sun.reflect.NativeConstructorAccessorImpl.newInstance(NativeConstructorAccessorImpl.java:56)
	at sun.reflect.DelegatingConstructorAccessorImpl.newInstance(DelegatingConstructorAccessorImpl.java:39)
	at java.lang.reflect.Constructor.newInstance(Constructor.java:527)
	at org.openqa.selenium.remote.ErrorHandler.createThrowable(ErrorHandler.java:204)
	at org.openqa.selenium.remote.ErrorHandler.throwIfResponseFailed(ErrorHandler.java:156)
	at org.openqa.selenium.remote.RemoteWebDriver.execute(RemoteWebDriver.java:600)
	at org.openqa.selenium.remote.RemoteWebDriver.execute(RemoteWebDriver.java:615)
	at org.openqa.selenium.remote.RemoteWebDriver.quit(RemoteWebDriver.java:469)
	at webUI.LoadBrowser.closeBrowser(LoadBrowser.java:266)
	at sun.reflect.GeneratedMethodAccessor21.invoke(Unknown Source)
	at sun.reflect.DelegatingMethodAccessorImpl.invoke(DelegatingMethodAccessorImpl.java:37)
	at java.lang.reflect.Method.invoke(Method.java:611)
	at org.testng.internal.MethodInvocationHelper.invokeMethod(MethodInvocationHelper.java:84)
	at org.testng.internal.Invoker.invokeConfigurationMethod(Invoker.java:564)
	at org.testng.internal.Invoker.invokeConfigurations(Invoker.java:213)
	at org.testng.internal.Invoker.invokeMethod(Invoker.java:786)
	at org.testng.internal.Invoker.invokeTestMethod(Invoker.java:901)
	at org.testng.internal.Invoker.invokeTestMethods(Invoker.java:1231)
	at org.testng.internal.TestMethodWorker.invokeTestMethods(TestMethodWorker.java:127)
	at org.testng.internal.TestMethodWorker.run(TestMethodWorker.java:111)
	at org.testng.TestRunner.privateRun(TestRunner.java:767)
	at org.testng.TestRunner.run(TestRunner.java:617)
	at org.testng.SuiteRunner.runTest(SuiteRunner.java:334)
	at org.testng.SuiteRunner.runSequentially(SuiteRunner.java:329)
	at org.testng.SuiteRunner.privateRun(SuiteRunner.java:291)
	at org.testng.SuiteRunner.run(SuiteRunner.java:240)
	at org.testng.SuiteRunnerWorker.runSuite(SuiteRunnerWorker.java:52)
	at org.testng.SuiteRunnerWorker.run(SuiteRunnerWorker.java:86)
	at org.testng.TestNG.runSuitesSequentially(TestNG.java:1224)
	at org.testng.TestNG.runSuitesLocally(TestNG.java:1149)
	at org.testng.TestNG.run(TestNG.java:1057)
	at org.testng.remote.RemoteTestNG.run(RemoteTestNG.java:111)
	at org.testng.remote.RemoteTestNG.initAndRun(RemoteTestNG.java:204)
	at org.testng.remote.RemoteTestNG.main(RemoteTestNG.java:175)
Caused by: org.openqa.selenium.remote.UnreachableBrowserException: Error communicating with the remote browser. It may have died.
Build info: version: '2.42.0', revision: '5e82430', time: '2014-05-22 20:18:07'
System info: host: 'dslvm346', ip: '9.162.138.157', os.name: 'Windows 8', os.arch: 'x86', os.version: '6.2', java.version: '1.7.0_55'
Driver info: driver.version: EventFiringWebDriver
Build info: version: '2.42.1', revision: '68b415a', time: '2014-05-29 16:16:49'
System info: host: 'piotrbogdanski', ip: '9.161.136.32', os.name: 'Windows 7', os.arch: 'x86', os.version: '6.1 build 7601 Service Pack 1', java.version: '1.6.0'
Driver info: driver.version: unknown
]]>
    </failure>
  </testcase> <!-- AllContentsLoads -->
  <testcase name="AllContentsLoads" time="4.609" classname="tests.webUI.nonFunctional.LibraryTestsContents">
    <failure type="org.openqa.selenium.WebDriverException" message="Error communicating with the remote browser. It may have died.
Build info: version: &#039;2.42.0&#039;, revision: &#039;5e82430&#039;, time: &#039;2014-05-22 20:18:07&#039;
System info: host: &#039;dslvm346&#039;, ip: &#039;9.162.138.157&#039;, os.name: &#039;Windows 8&#039;, os.arch: &#039;x86&#039;, os.version: &#039;6.2&#039;, java.version: &#039;1.7.0_55&#039;
Driver info: driver.version: EventFiringWebDriver
Command duration or timeout: 3.27 seconds
Build info: version: &#039;2.42.1&#039;, revision: &#039;68b415a&#039;, time: &#039;2014-05-29 16:16:49&#039;
System info: host: &#039;piotrbogdanski&#039;, ip: &#039;9.161.136.32&#039;, os.name: &#039;Windows 7&#039;, os.arch: &#039;x86&#039;, os.version: &#039;6.1 build 7601 Service Pack 1&#039;, java.version: &#039;1.6.0&#039;
Session ID: b26bcd25-156a-405a-a953-e989a5b1f5be
Capabilities [{handlesAlerts=true, rotatable=false, databaseEnabled=false, locationContextEnabled=true, acceptSslCerts=true, applicationCacheEnabled=false, nativeEvents=true, cssSelectorsEnabled=true, takesScreenshot=true, platform=WIN8, browserName=chrome, javascriptEnabled=true, version=35.0.1916.153, chrome={userDataDir=C:\Users\ADMINI~1\AppData\Local\Temp\scoped_dir4076_31844}, webStorageEnabled=true, webdriver.remote.sessionid=b26bcd25-156a-405a-a953-e989a5b1f5be, browserConnectionEnabled=false, takesHeapSnapshot=true}]
Driver info: org.openqa.selenium.remote.RemoteWebDriver">
      <![CDATA[org.openqa.selenium.WebDriverException: Error communicating with the remote browser. It may have died.
Build info: version: '2.42.0', revision: '5e82430', time: '2014-05-22 20:18:07'
System info: host: 'dslvm346', ip: '9.162.138.157', os.name: 'Windows 8', os.arch: 'x86', os.version: '6.2', java.version: '1.7.0_55'
Driver info: driver.version: EventFiringWebDriver
Command duration or timeout: 3.27 seconds
Build info: version: '2.42.1', revision: '68b415a', time: '2014-05-29 16:16:49'
System info: host: 'piotrbogdanski', ip: '9.161.136.32', os.name: 'Windows 7', os.arch: 'x86', os.version: '6.1 build 7601 Service Pack 1', java.version: '1.6.0'
Session ID: b26bcd25-156a-405a-a953-e989a5b1f5be
Capabilities [{handlesAlerts=true, rotatable=false, databaseEnabled=false, locationContextEnabled=true, acceptSslCerts=true, applicationCacheEnabled=false, nativeEvents=true, cssSelectorsEnabled=true, takesScreenshot=true, platform=WIN8, browserName=chrome, javascriptEnabled=true, version=35.0.1916.153, chrome={userDataDir=C:\Users\ADMINI~1\AppData\Local\Temp\scoped_dir4076_31844}, webStorageEnabled=true, webdriver.remote.sessionid=b26bcd25-156a-405a-a953-e989a5b1f5be, browserConnectionEnabled=false, takesHeapSnapshot=true}]
Driver info: org.openqa.selenium.remote.RemoteWebDriver
	at sun.reflect.NativeConstructorAccessorImpl.newInstance0(Native Method)
	at sun.reflect.NativeConstructorAccessorImpl.newInstance(NativeConstructorAccessorImpl.java:56)
	at sun.reflect.DelegatingConstructorAccessorImpl.newInstance(DelegatingConstructorAccessorImpl.java:39)
	at java.lang.reflect.Constructor.newInstance(Constructor.java:527)
	at org.openqa.selenium.remote.ErrorHandler.createThrowable(ErrorHandler.java:204)
	at org.openqa.selenium.remote.ErrorHandler.throwIfResponseFailed(ErrorHandler.java:156)
	at org.openqa.selenium.remote.RemoteWebDriver.execute(RemoteWebDriver.java:600)
	at org.openqa.selenium.remote.RemoteWebDriver.execute(RemoteWebDriver.java:615)
	at org.openqa.selenium.remote.RemoteWebDriver.quit(RemoteWebDriver.java:469)
	at webUI.LoadBrowser.closeBrowser(LoadBrowser.java:266)
	at sun.reflect.GeneratedMethodAccessor21.invoke(Unknown Source)
	at sun.reflect.DelegatingMethodAccessorImpl.invoke(DelegatingMethodAccessorImpl.java:37)
	at java.lang.reflect.Method.invoke(Method.java:611)
	at org.testng.internal.MethodInvocationHelper.invokeMethod(MethodInvocationHelper.java:84)
	at org.testng.internal.Invoker.invokeConfigurationMethod(Invoker.java:564)
	at org.testng.internal.Invoker.invokeConfigurations(Invoker.java:213)
	at org.testng.internal.Invoker.invokeMethod(Invoker.java:786)
	at org.testng.internal.Invoker.invokeTestMethod(Invoker.java:901)
	at org.testng.internal.Invoker.invokeTestMethods(Invoker.java:1231)
	at org.testng.internal.TestMethodWorker.invokeTestMethods(TestMethodWorker.java:127)
	at org.testng.internal.TestMethodWorker.run(TestMethodWorker.java:111)
	at org.testng.TestRunner.privateRun(TestRunner.java:767)
	at org.testng.TestRunner.run(TestRunner.java:617)
	at org.testng.SuiteRunner.runTest(SuiteRunner.java:334)
	at org.testng.SuiteRunner.runSequentially(SuiteRunner.java:329)
	at org.testng.SuiteRunner.privateRun(SuiteRunner.java:291)
	at org.testng.SuiteRunner.run(SuiteRunner.java:240)
	at org.testng.SuiteRunnerWorker.runSuite(SuiteRunnerWorker.java:52)
	at org.testng.SuiteRunnerWorker.run(SuiteRunnerWorker.java:86)
	at org.testng.TestNG.runSuitesSequentially(TestNG.java:1224)
	at org.testng.TestNG.runSuitesLocally(TestNG.java:1149)
	at org.testng.TestNG.run(TestNG.java:1057)
	at org.testng.remote.RemoteTestNG.run(RemoteTestNG.java:111)
	at org.testng.remote.RemoteTestNG.initAndRun(RemoteTestNG.java:204)
	at org.testng.remote.RemoteTestNG.main(RemoteTestNG.java:175)
Caused by: org.openqa.selenium.remote.UnreachableBrowserException: Error communicating with the remote browser. It may have died.
Build info: version: '2.42.0', revision: '5e82430', time: '2014-05-22 20:18:07'
System info: host: 'dslvm346', ip: '9.162.138.157', os.name: 'Windows 8', os.arch: 'x86', os.version: '6.2', java.version: '1.7.0_55'
Driver info: driver.version: EventFiringWebDriver
Build info: version: '2.42.1', revision: '68b415a', time: '2014-05-29 16:16:49'
System info: host: 'piotrbogdanski', ip: '9.161.136.32', os.name: 'Windows 7', os.arch: 'x86', os.version: '6.1 build 7601 Service Pack 1', java.version: '1.6.0'
Driver info: driver.version: unknown
]]>
    </failure>
  </testcase> <!-- AllContentsLoads -->
  <testcase name="AllContentsLoads" time="3.068" classname="tests.webUI.nonFunctional.LibraryTestsContents">
    <failure type="org.openqa.selenium.WebDriverException" message="Error communicating with the remote browser. It may have died.
Build info: version: &#039;2.42.0&#039;, revision: &#039;5e82430&#039;, time: &#039;2014-05-22 20:18:07&#039;
System info: host: &#039;dslvm346&#039;, ip: &#039;9.162.138.157&#039;, os.name: &#039;Windows 8&#039;, os.arch: &#039;x86&#039;, os.version: &#039;6.2&#039;, java.version: &#039;1.7.0_55&#039;
Driver info: driver.version: EventFiringWebDriver
Command duration or timeout: 3.27 seconds
Build info: version: &#039;2.42.1&#039;, revision: &#039;68b415a&#039;, time: &#039;2014-05-29 16:16:49&#039;
System info: host: &#039;piotrbogdanski&#039;, ip: &#039;9.161.136.32&#039;, os.name: &#039;Windows 7&#039;, os.arch: &#039;x86&#039;, os.version: &#039;6.1 build 7601 Service Pack 1&#039;, java.version: &#039;1.6.0&#039;
Session ID: b26bcd25-156a-405a-a953-e989a5b1f5be
Capabilities [{handlesAlerts=true, rotatable=false, databaseEnabled=false, locationContextEnabled=true, acceptSslCerts=true, applicationCacheEnabled=false, nativeEvents=true, cssSelectorsEnabled=true, takesScreenshot=true, platform=WIN8, browserName=chrome, javascriptEnabled=true, version=35.0.1916.153, chrome={userDataDir=C:\Users\ADMINI~1\AppData\Local\Temp\scoped_dir4076_31844}, webStorageEnabled=true, webdriver.remote.sessionid=b26bcd25-156a-405a-a953-e989a5b1f5be, browserConnectionEnabled=false, takesHeapSnapshot=true}]
Driver info: org.openqa.selenium.remote.RemoteWebDriver">
      <![CDATA[org.openqa.selenium.WebDriverException: Error communicating with the remote browser. It may have died.
Build info: version: '2.42.0', revision: '5e82430', time: '2014-05-22 20:18:07'
System info: host: 'dslvm346', ip: '9.162.138.157', os.name: 'Windows 8', os.arch: 'x86', os.version: '6.2', java.version: '1.7.0_55'
Driver info: driver.version: EventFiringWebDriver
Command duration or timeout: 3.27 seconds
Build info: version: '2.42.1', revision: '68b415a', time: '2014-05-29 16:16:49'
System info: host: 'piotrbogdanski', ip: '9.161.136.32', os.name: 'Windows 7', os.arch: 'x86', os.version: '6.1 build 7601 Service Pack 1', java.version: '1.6.0'
Session ID: b26bcd25-156a-405a-a953-e989a5b1f5be
Capabilities [{handlesAlerts=true, rotatable=false, databaseEnabled=false, locationContextEnabled=true, acceptSslCerts=true, applicationCacheEnabled=false, nativeEvents=true, cssSelectorsEnabled=true, takesScreenshot=true, platform=WIN8, browserName=chrome, javascriptEnabled=true, version=35.0.1916.153, chrome={userDataDir=C:\Users\ADMINI~1\AppData\Local\Temp\scoped_dir4076_31844}, webStorageEnabled=true, webdriver.remote.sessionid=b26bcd25-156a-405a-a953-e989a5b1f5be, browserConnectionEnabled=false, takesHeapSnapshot=true}]
Driver info: org.openqa.selenium.remote.RemoteWebDriver
	at sun.reflect.NativeConstructorAccessorImpl.newInstance0(Native Method)
	at sun.reflect.NativeConstructorAccessorImpl.newInstance(NativeConstructorAccessorImpl.java:56)
	at sun.reflect.DelegatingConstructorAccessorImpl.newInstance(DelegatingConstructorAccessorImpl.java:39)
	at java.lang.reflect.Constructor.newInstance(Constructor.java:527)
	at org.openqa.selenium.remote.ErrorHandler.createThrowable(ErrorHandler.java:204)
	at org.openqa.selenium.remote.ErrorHandler.throwIfResponseFailed(ErrorHandler.java:156)
	at org.openqa.selenium.remote.RemoteWebDriver.execute(RemoteWebDriver.java:600)
	at org.openqa.selenium.remote.RemoteWebDriver.execute(RemoteWebDriver.java:615)
	at org.openqa.selenium.remote.RemoteWebDriver.quit(RemoteWebDriver.java:469)
	at webUI.LoadBrowser.closeBrowser(LoadBrowser.java:266)
	at sun.reflect.GeneratedMethodAccessor21.invoke(Unknown Source)
	at sun.reflect.DelegatingMethodAccessorImpl.invoke(DelegatingMethodAccessorImpl.java:37)
	at java.lang.reflect.Method.invoke(Method.java:611)
	at org.testng.internal.MethodInvocationHelper.invokeMethod(MethodInvocationHelper.java:84)
	at org.testng.internal.Invoker.invokeConfigurationMethod(Invoker.java:564)
	at org.testng.internal.Invoker.invokeConfigurations(Invoker.java:213)
	at org.testng.internal.Invoker.invokeMethod(Invoker.java:786)
	at org.testng.internal.Invoker.invokeTestMethod(Invoker.java:901)
	at org.testng.internal.Invoker.invokeTestMethods(Invoker.java:1231)
	at org.testng.internal.TestMethodWorker.invokeTestMethods(TestMethodWorker.java:127)
	at org.testng.internal.TestMethodWorker.run(TestMethodWorker.java:111)
	at org.testng.TestRunner.privateRun(TestRunner.java:767)
	at org.testng.TestRunner.run(TestRunner.java:617)
	at org.testng.SuiteRunner.runTest(SuiteRunner.java:334)
	at org.testng.SuiteRunner.runSequentially(SuiteRunner.java:329)
	at org.testng.SuiteRunner.privateRun(SuiteRunner.java:291)
	at org.testng.SuiteRunner.run(SuiteRunner.java:240)
	at org.testng.SuiteRunnerWorker.runSuite(SuiteRunnerWorker.java:52)
	at org.testng.SuiteRunnerWorker.run(SuiteRunnerWorker.java:86)
	at org.testng.TestNG.runSuitesSequentially(TestNG.java:1224)
	at org.testng.TestNG.runSuitesLocally(TestNG.java:1149)
	at org.testng.TestNG.run(TestNG.java:1057)
	at org.testng.remote.RemoteTestNG.run(RemoteTestNG.java:111)
	at org.testng.remote.RemoteTestNG.initAndRun(RemoteTestNG.java:204)
	at org.testng.remote.RemoteTestNG.main(RemoteTestNG.java:175)
Caused by: org.openqa.selenium.remote.UnreachableBrowserException: Error communicating with the remote browser. It may have died.
Build info: version: '2.42.0', revision: '5e82430', time: '2014-05-22 20:18:07'
System info: host: 'dslvm346', ip: '9.162.138.157', os.name: 'Windows 8', os.arch: 'x86', os.version: '6.2', java.version: '1.7.0_55'
Driver info: driver.version: EventFiringWebDriver
Build info: version: '2.42.1', revision: '68b415a', time: '2014-05-29 16:16:49'
System info: host: 'piotrbogdanski', ip: '9.161.136.32', os.name: 'Windows 7', os.arch: 'x86', os.version: '6.1 build 7601 Service Pack 1', java.version: '1.6.0'
Driver info: driver.version: unknown
]]>
    </failure>
  </testcase> <!-- AllContentsLoads -->
  <testcase name="AllContentsLoads" time="4.387" classname="tests.webUI.nonFunctional.LibraryTestsContents">
    <failure type="org.openqa.selenium.WebDriverException" message="Error communicating with the remote browser. It may have died.
Build info: version: &#039;2.42.0&#039;, revision: &#039;5e82430&#039;, time: &#039;2014-05-22 20:18:07&#039;
System info: host: &#039;dslvm346&#039;, ip: &#039;9.162.138.157&#039;, os.name: &#039;Windows 8&#039;, os.arch: &#039;x86&#039;, os.version: &#039;6.2&#039;, java.version: &#039;1.7.0_55&#039;
Driver info: driver.version: EventFiringWebDriver
Command duration or timeout: 3.27 seconds
Build info: version: &#039;2.42.1&#039;, revision: &#039;68b415a&#039;, time: &#039;2014-05-29 16:16:49&#039;
System info: host: &#039;piotrbogdanski&#039;, ip: &#039;9.161.136.32&#039;, os.name: &#039;Windows 7&#039;, os.arch: &#039;x86&#039;, os.version: &#039;6.1 build 7601 Service Pack 1&#039;, java.version: &#039;1.6.0&#039;
Session ID: b26bcd25-156a-405a-a953-e989a5b1f5be
Capabilities [{handlesAlerts=true, rotatable=false, databaseEnabled=false, locationContextEnabled=true, acceptSslCerts=true, applicationCacheEnabled=false, nativeEvents=true, cssSelectorsEnabled=true, takesScreenshot=true, platform=WIN8, browserName=chrome, javascriptEnabled=true, version=35.0.1916.153, chrome={userDataDir=C:\Users\ADMINI~1\AppData\Local\Temp\scoped_dir4076_31844}, webStorageEnabled=true, webdriver.remote.sessionid=b26bcd25-156a-405a-a953-e989a5b1f5be, browserConnectionEnabled=false, takesHeapSnapshot=true}]
Driver info: org.openqa.selenium.remote.RemoteWebDriver">
      <![CDATA[org.openqa.selenium.WebDriverException: Error communicating with the remote browser. It may have died.
Build info: version: '2.42.0', revision: '5e82430', time: '2014-05-22 20:18:07'
System info: host: 'dslvm346', ip: '9.162.138.157', os.name: 'Windows 8', os.arch: 'x86', os.version: '6.2', java.version: '1.7.0_55'
Driver info: driver.version: EventFiringWebDriver
Command duration or timeout: 3.27 seconds
Build info: version: '2.42.1', revision: '68b415a', time: '2014-05-29 16:16:49'
System info: host: 'piotrbogdanski', ip: '9.161.136.32', os.name: 'Windows 7', os.arch: 'x86', os.version: '6.1 build 7601 Service Pack 1', java.version: '1.6.0'
Session ID: b26bcd25-156a-405a-a953-e989a5b1f5be
Capabilities [{handlesAlerts=true, rotatable=false, databaseEnabled=false, locationContextEnabled=true, acceptSslCerts=true, applicationCacheEnabled=false, nativeEvents=true, cssSelectorsEnabled=true, takesScreenshot=true, platform=WIN8, browserName=chrome, javascriptEnabled=true, version=35.0.1916.153, chrome={userDataDir=C:\Users\ADMINI~1\AppData\Local\Temp\scoped_dir4076_31844}, webStorageEnabled=true, webdriver.remote.sessionid=b26bcd25-156a-405a-a953-e989a5b1f5be, browserConnectionEnabled=false, takesHeapSnapshot=true}]
Driver info: org.openqa.selenium.remote.RemoteWebDriver
	at sun.reflect.NativeConstructorAccessorImpl.newInstance0(Native Method)
	at sun.reflect.NativeConstructorAccessorImpl.newInstance(NativeConstructorAccessorImpl.java:56)
	at sun.reflect.DelegatingConstructorAccessorImpl.newInstance(DelegatingConstructorAccessorImpl.java:39)
	at java.lang.reflect.Constructor.newInstance(Constructor.java:527)
	at org.openqa.selenium.remote.ErrorHandler.createThrowable(ErrorHandler.java:204)
	at org.openqa.selenium.remote.ErrorHandler.throwIfResponseFailed(ErrorHandler.java:156)
	at org.openqa.selenium.remote.RemoteWebDriver.execute(RemoteWebDriver.java:600)
	at org.openqa.selenium.remote.RemoteWebDriver.execute(RemoteWebDriver.java:615)
	at org.openqa.selenium.remote.RemoteWebDriver.quit(RemoteWebDriver.java:469)
	at webUI.LoadBrowser.closeBrowser(LoadBrowser.java:266)
	at sun.reflect.GeneratedMethodAccessor21.invoke(Unknown Source)
	at sun.reflect.DelegatingMethodAccessorImpl.invoke(DelegatingMethodAccessorImpl.java:37)
	at java.lang.reflect.Method.invoke(Method.java:611)
	at org.testng.internal.MethodInvocationHelper.invokeMethod(MethodInvocationHelper.java:84)
	at org.testng.internal.Invoker.invokeConfigurationMethod(Invoker.java:564)
	at org.testng.internal.Invoker.invokeConfigurations(Invoker.java:213)
	at org.testng.internal.Invoker.invokeMethod(Invoker.java:786)
	at org.testng.internal.Invoker.invokeTestMethod(Invoker.java:901)
	at org.testng.internal.Invoker.invokeTestMethods(Invoker.java:1231)
	at org.testng.internal.TestMethodWorker.invokeTestMethods(TestMethodWorker.java:127)
	at org.testng.internal.TestMethodWorker.run(TestMethodWorker.java:111)
	at org.testng.TestRunner.privateRun(TestRunner.java:767)
	at org.testng.TestRunner.run(TestRunner.java:617)
	at org.testng.SuiteRunner.runTest(SuiteRunner.java:334)
	at org.testng.SuiteRunner.runSequentially(SuiteRunner.java:329)
	at org.testng.SuiteRunner.privateRun(SuiteRunner.java:291)
	at org.testng.SuiteRunner.run(SuiteRunner.java:240)
	at org.testng.SuiteRunnerWorker.runSuite(SuiteRunnerWorker.java:52)
	at org.testng.SuiteRunnerWorker.run(SuiteRunnerWorker.java:86)
	at org.testng.TestNG.runSuitesSequentially(TestNG.java:1224)
	at org.testng.TestNG.runSuitesLocally(TestNG.java:1149)
	at org.testng.TestNG.run(TestNG.java:1057)
	at org.testng.remote.RemoteTestNG.run(RemoteTestNG.java:111)
	at org.testng.remote.RemoteTestNG.initAndRun(RemoteTestNG.java:204)
	at org.testng.remote.RemoteTestNG.main(RemoteTestNG.java:175)
Caused by: org.openqa.selenium.remote.UnreachableBrowserException: Error communicating with the remote browser. It may have died.
Build info: version: '2.42.0', revision: '5e82430', time: '2014-05-22 20:18:07'
System info: host: 'dslvm346', ip: '9.162.138.157', os.name: 'Windows 8', os.arch: 'x86', os.version: '6.2', java.version: '1.7.0_55'
Driver info: driver.version: EventFiringWebDriver
Build info: version: '2.42.1', revision: '68b415a', time: '2014-05-29 16:16:49'
System info: host: 'piotrbogdanski', ip: '9.161.136.32', os.name: 'Windows 7', os.arch: 'x86', os.version: '6.1 build 7601 Service Pack 1', java.version: '1.6.0'
Driver info: driver.version: unknown
]]>
    </failure>
  </testcase> <!-- AllContentsLoads -->
  <testcase name="AllContentsLoads" time="3.283" classname="tests.webUI.nonFunctional.LibraryTestsContents">
    <failure type="org.openqa.selenium.WebDriverException" message="Error communicating with the remote browser. It may have died.
Build info: version: &#039;2.42.0&#039;, revision: &#039;5e82430&#039;, time: &#039;2014-05-22 20:18:07&#039;
System info: host: &#039;dslvm346&#039;, ip: &#039;9.162.138.157&#039;, os.name: &#039;Windows 8&#039;, os.arch: &#039;x86&#039;, os.version: &#039;6.2&#039;, java.version: &#039;1.7.0_55&#039;
Driver info: driver.version: EventFiringWebDriver
Command duration or timeout: 3.27 seconds
Build info: version: &#039;2.42.1&#039;, revision: &#039;68b415a&#039;, time: &#039;2014-05-29 16:16:49&#039;
System info: host: &#039;piotrbogdanski&#039;, ip: &#039;9.161.136.32&#039;, os.name: &#039;Windows 7&#039;, os.arch: &#039;x86&#039;, os.version: &#039;6.1 build 7601 Service Pack 1&#039;, java.version: &#039;1.6.0&#039;
Session ID: b26bcd25-156a-405a-a953-e989a5b1f5be
Capabilities [{handlesAlerts=true, rotatable=false, databaseEnabled=false, locationContextEnabled=true, acceptSslCerts=true, applicationCacheEnabled=false, nativeEvents=true, cssSelectorsEnabled=true, takesScreenshot=true, platform=WIN8, browserName=chrome, javascriptEnabled=true, version=35.0.1916.153, chrome={userDataDir=C:\Users\ADMINI~1\AppData\Local\Temp\scoped_dir4076_31844}, webStorageEnabled=true, webdriver.remote.sessionid=b26bcd25-156a-405a-a953-e989a5b1f5be, browserConnectionEnabled=false, takesHeapSnapshot=true}]
Driver info: org.openqa.selenium.remote.RemoteWebDriver">
      <![CDATA[org.openqa.selenium.WebDriverException: Error communicating with the remote browser. It may have died.
Build info: version: '2.42.0', revision: '5e82430', time: '2014-05-22 20:18:07'
System info: host: 'dslvm346', ip: '9.162.138.157', os.name: 'Windows 8', os.arch: 'x86', os.version: '6.2', java.version: '1.7.0_55'
Driver info: driver.version: EventFiringWebDriver
Command duration or timeout: 3.27 seconds
Build info: version: '2.42.1', revision: '68b415a', time: '2014-05-29 16:16:49'
System info: host: 'piotrbogdanski', ip: '9.161.136.32', os.name: 'Windows 7', os.arch: 'x86', os.version: '6.1 build 7601 Service Pack 1', java.version: '1.6.0'
Session ID: b26bcd25-156a-405a-a953-e989a5b1f5be
Capabilities [{handlesAlerts=true, rotatable=false, databaseEnabled=false, locationContextEnabled=true, acceptSslCerts=true, applicationCacheEnabled=false, nativeEvents=true, cssSelectorsEnabled=true, takesScreenshot=true, platform=WIN8, browserName=chrome, javascriptEnabled=true, version=35.0.1916.153, chrome={userDataDir=C:\Users\ADMINI~1\AppData\Local\Temp\scoped_dir4076_31844}, webStorageEnabled=true, webdriver.remote.sessionid=b26bcd25-156a-405a-a953-e989a5b1f5be, browserConnectionEnabled=false, takesHeapSnapshot=true}]
Driver info: org.openqa.selenium.remote.RemoteWebDriver
	at sun.reflect.NativeConstructorAccessorImpl.newInstance0(Native Method)
	at sun.reflect.NativeConstructorAccessorImpl.newInstance(NativeConstructorAccessorImpl.java:56)
	at sun.reflect.DelegatingConstructorAccessorImpl.newInstance(DelegatingConstructorAccessorImpl.java:39)
	at java.lang.reflect.Constructor.newInstance(Constructor.java:527)
	at org.openqa.selenium.remote.ErrorHandler.createThrowable(ErrorHandler.java:204)
	at org.openqa.selenium.remote.ErrorHandler.throwIfResponseFailed(ErrorHandler.java:156)
	at org.openqa.selenium.remote.RemoteWebDriver.execute(RemoteWebDriver.java:600)
	at org.openqa.selenium.remote.RemoteWebDriver.execute(RemoteWebDriver.java:615)
	at org.openqa.selenium.remote.RemoteWebDriver.quit(RemoteWebDriver.java:469)
	at webUI.LoadBrowser.closeBrowser(LoadBrowser.java:266)
	at sun.reflect.GeneratedMethodAccessor21.invoke(Unknown Source)
	at sun.reflect.DelegatingMethodAccessorImpl.invoke(DelegatingMethodAccessorImpl.java:37)
	at java.lang.reflect.Method.invoke(Method.java:611)
	at org.testng.internal.MethodInvocationHelper.invokeMethod(MethodInvocationHelper.java:84)
	at org.testng.internal.Invoker.invokeConfigurationMethod(Invoker.java:564)
	at org.testng.internal.Invoker.invokeConfigurations(Invoker.java:213)
	at org.testng.internal.Invoker.invokeMethod(Invoker.java:786)
	at org.testng.internal.Invoker.invokeTestMethod(Invoker.java:901)
	at org.testng.internal.Invoker.invokeTestMethods(Invoker.java:1231)
	at org.testng.internal.TestMethodWorker.invokeTestMethods(TestMethodWorker.java:127)
	at org.testng.internal.TestMethodWorker.run(TestMethodWorker.java:111)
	at org.testng.TestRunner.privateRun(TestRunner.java:767)
	at org.testng.TestRunner.run(TestRunner.java:617)
	at org.testng.SuiteRunner.runTest(SuiteRunner.java:334)
	at org.testng.SuiteRunner.runSequentially(SuiteRunner.java:329)
	at org.testng.SuiteRunner.privateRun(SuiteRunner.java:291)
	at org.testng.SuiteRunner.run(SuiteRunner.java:240)
	at org.testng.SuiteRunnerWorker.runSuite(SuiteRunnerWorker.java:52)
	at org.testng.SuiteRunnerWorker.run(SuiteRunnerWorker.java:86)
	at org.testng.TestNG.runSuitesSequentially(TestNG.java:1224)
	at org.testng.TestNG.runSuitesLocally(TestNG.java:1149)
	at org.testng.TestNG.run(TestNG.java:1057)
	at org.testng.remote.RemoteTestNG.run(RemoteTestNG.java:111)
	at org.testng.remote.RemoteTestNG.initAndRun(RemoteTestNG.java:204)
	at org.testng.remote.RemoteTestNG.main(RemoteTestNG.java:175)
Caused by: org.openqa.selenium.remote.UnreachableBrowserException: Error communicating with the remote browser. It may have died.
Build info: version: '2.42.0', revision: '5e82430', time: '2014-05-22 20:18:07'
System info: host: 'dslvm346', ip: '9.162.138.157', os.name: 'Windows 8', os.arch: 'x86', os.version: '6.2', java.version: '1.7.0_55'
Driver info: driver.version: EventFiringWebDriver
Build info: version: '2.42.1', revision: '68b415a', time: '2014-05-29 16:16:49'
System info: host: 'piotrbogdanski', ip: '9.161.136.32', os.name: 'Windows 7', os.arch: 'x86', os.version: '6.1 build 7601 Service Pack 1', java.version: '1.6.0'
Driver info: driver.version: unknown
]]>
    </failure>
  </testcase> <!-- AllContentsLoads -->
  <testcase name="AllContentsLoads" time="24.514" classname="tests.webUI.nonFunctional.LibraryTestsContents"/>
  <testcase name="AllContentsLoads" time="43.669" classname="tests.webUI.nonFunctional.LibraryTestsContents"/>
  <testcase name="AllContentsLoads" time="4.363" classname="tests.webUI.nonFunctional.LibraryTestsContents">
    <failure type="org.openqa.selenium.WebDriverException" message="Error communicating with the remote browser. It may have died.
Build info: version: &#039;2.42.0&#039;, revision: &#039;5e82430&#039;, time: &#039;2014-05-22 20:18:07&#039;
System info: host: &#039;dslvm346&#039;, ip: &#039;9.162.138.157&#039;, os.name: &#039;Windows 8&#039;, os.arch: &#039;x86&#039;, os.version: &#039;6.2&#039;, java.version: &#039;1.7.0_55&#039;
Driver info: driver.version: EventFiringWebDriver
Command duration or timeout: 3.27 seconds
Build info: version: &#039;2.42.1&#039;, revision: &#039;68b415a&#039;, time: &#039;2014-05-29 16:16:49&#039;
System info: host: &#039;piotrbogdanski&#039;, ip: &#039;9.161.136.32&#039;, os.name: &#039;Windows 7&#039;, os.arch: &#039;x86&#039;, os.version: &#039;6.1 build 7601 Service Pack 1&#039;, java.version: &#039;1.6.0&#039;
Session ID: b26bcd25-156a-405a-a953-e989a5b1f5be
Capabilities [{handlesAlerts=true, rotatable=false, databaseEnabled=false, locationContextEnabled=true, acceptSslCerts=true, applicationCacheEnabled=false, nativeEvents=true, cssSelectorsEnabled=true, takesScreenshot=true, platform=WIN8, browserName=chrome, javascriptEnabled=true, version=35.0.1916.153, chrome={userDataDir=C:\Users\ADMINI~1\AppData\Local\Temp\scoped_dir4076_31844}, webStorageEnabled=true, webdriver.remote.sessionid=b26bcd25-156a-405a-a953-e989a5b1f5be, browserConnectionEnabled=false, takesHeapSnapshot=true}]
Driver info: org.openqa.selenium.remote.RemoteWebDriver">
      <![CDATA[org.openqa.selenium.WebDriverException: Error communicating with the remote browser. It may have died.
Build info: version: '2.42.0', revision: '5e82430', time: '2014-05-22 20:18:07'
System info: host: 'dslvm346', ip: '9.162.138.157', os.name: 'Windows 8', os.arch: 'x86', os.version: '6.2', java.version: '1.7.0_55'
Driver info: driver.version: EventFiringWebDriver
Command duration or timeout: 3.27 seconds
Build info: version: '2.42.1', revision: '68b415a', time: '2014-05-29 16:16:49'
System info: host: 'piotrbogdanski', ip: '9.161.136.32', os.name: 'Windows 7', os.arch: 'x86', os.version: '6.1 build 7601 Service Pack 1', java.version: '1.6.0'
Session ID: b26bcd25-156a-405a-a953-e989a5b1f5be
Capabilities [{handlesAlerts=true, rotatable=false, databaseEnabled=false, locationContextEnabled=true, acceptSslCerts=true, applicationCacheEnabled=false, nativeEvents=true, cssSelectorsEnabled=true, takesScreenshot=true, platform=WIN8, browserName=chrome, javascriptEnabled=true, version=35.0.1916.153, chrome={userDataDir=C:\Users\ADMINI~1\AppData\Local\Temp\scoped_dir4076_31844}, webStorageEnabled=true, webdriver.remote.sessionid=b26bcd25-156a-405a-a953-e989a5b1f5be, browserConnectionEnabled=false, takesHeapSnapshot=true}]
Driver info: org.openqa.selenium.remote.RemoteWebDriver
	at sun.reflect.NativeConstructorAccessorImpl.newInstance0(Native Method)
	at sun.reflect.NativeConstructorAccessorImpl.newInstance(NativeConstructorAccessorImpl.java:56)
	at sun.reflect.DelegatingConstructorAccessorImpl.newInstance(DelegatingConstructorAccessorImpl.java:39)
	at java.lang.reflect.Constructor.newInstance(Constructor.java:527)
	at org.openqa.selenium.remote.ErrorHandler.createThrowable(ErrorHandler.java:204)
	at org.openqa.selenium.remote.ErrorHandler.throwIfResponseFailed(ErrorHandler.java:156)
	at org.openqa.selenium.remote.RemoteWebDriver.execute(RemoteWebDriver.java:600)
	at org.openqa.selenium.remote.RemoteWebDriver.execute(RemoteWebDriver.java:615)
	at org.openqa.selenium.remote.RemoteWebDriver.quit(RemoteWebDriver.java:469)
	at webUI.LoadBrowser.closeBrowser(LoadBrowser.java:266)
	at sun.reflect.GeneratedMethodAccessor21.invoke(Unknown Source)
	at sun.reflect.DelegatingMethodAccessorImpl.invoke(DelegatingMethodAccessorImpl.java:37)
	at java.lang.reflect.Method.invoke(Method.java:611)
	at org.testng.internal.MethodInvocationHelper.invokeMethod(MethodInvocationHelper.java:84)
	at org.testng.internal.Invoker.invokeConfigurationMethod(Invoker.java:564)
	at org.testng.internal.Invoker.invokeConfigurations(Invoker.java:213)
	at org.testng.internal.Invoker.invokeMethod(Invoker.java:786)
	at org.testng.internal.Invoker.invokeTestMethod(Invoker.java:901)
	at org.testng.internal.Invoker.invokeTestMethods(Invoker.java:1231)
	at org.testng.internal.TestMethodWorker.invokeTestMethods(TestMethodWorker.java:127)
	at org.testng.internal.TestMethodWorker.run(TestMethodWorker.java:111)
	at org.testng.TestRunner.privateRun(TestRunner.java:767)
	at org.testng.TestRunner.run(TestRunner.java:617)
	at org.testng.SuiteRunner.runTest(SuiteRunner.java:334)
	at org.testng.SuiteRunner.runSequentially(SuiteRunner.java:329)
	at org.testng.SuiteRunner.privateRun(SuiteRunner.java:291)
	at org.testng.SuiteRunner.run(SuiteRunner.java:240)
	at org.testng.SuiteRunnerWorker.runSuite(SuiteRunnerWorker.java:52)
	at org.testng.SuiteRunnerWorker.run(SuiteRunnerWorker.java:86)
	at org.testng.TestNG.runSuitesSequentially(TestNG.java:1224)
	at org.testng.TestNG.runSuitesLocally(TestNG.java:1149)
	at org.testng.TestNG.run(TestNG.java:1057)
	at org.testng.remote.RemoteTestNG.run(RemoteTestNG.java:111)
	at org.testng.remote.RemoteTestNG.initAndRun(RemoteTestNG.java:204)
	at org.testng.remote.RemoteTestNG.main(RemoteTestNG.java:175)
Caused by: org.openqa.selenium.remote.UnreachableBrowserException: Error communicating with the remote browser. It may have died.
Build info: version: '2.42.0', revision: '5e82430', time: '2014-05-22 20:18:07'
System info: host: 'dslvm346', ip: '9.162.138.157', os.name: 'Windows 8', os.arch: 'x86', os.version: '6.2', java.version: '1.7.0_55'
Driver info: driver.version: EventFiringWebDriver
Build info: version: '2.42.1', revision: '68b415a', time: '2014-05-29 16:16:49'
System info: host: 'piotrbogdanski', ip: '9.161.136.32', os.name: 'Windows 7', os.arch: 'x86', os.version: '6.1 build 7601 Service Pack 1', java.version: '1.6.0'
Driver info: driver.version: unknown
]]>
    </failure>
  </testcase> <!-- AllContentsLoads -->
  <testcase name="AllContentsLoads" time="23.291" classname="tests.webUI.nonFunctional.LibraryTestsContents"/>
  <testcase name="AllContentsLoads" time="3.255" classname="tests.webUI.nonFunctional.LibraryTestsContents">
    <failure type="org.openqa.selenium.WebDriverException" message="Error communicating with the remote browser. It may have died.
Build info: version: &#039;2.42.0&#039;, revision: &#039;5e82430&#039;, time: &#039;2014-05-22 20:18:07&#039;
System info: host: &#039;dslvm346&#039;, ip: &#039;9.162.138.157&#039;, os.name: &#039;Windows 8&#039;, os.arch: &#039;x86&#039;, os.version: &#039;6.2&#039;, java.version: &#039;1.7.0_55&#039;
Driver info: driver.version: EventFiringWebDriver
Command duration or timeout: 3.27 seconds
Build info: version: &#039;2.42.1&#039;, revision: &#039;68b415a&#039;, time: &#039;2014-05-29 16:16:49&#039;
System info: host: &#039;piotrbogdanski&#039;, ip: &#039;9.161.136.32&#039;, os.name: &#039;Windows 7&#039;, os.arch: &#039;x86&#039;, os.version: &#039;6.1 build 7601 Service Pack 1&#039;, java.version: &#039;1.6.0&#039;
Session ID: b26bcd25-156a-405a-a953-e989a5b1f5be
Capabilities [{handlesAlerts=true, rotatable=false, databaseEnabled=false, locationContextEnabled=true, acceptSslCerts=true, applicationCacheEnabled=false, nativeEvents=true, cssSelectorsEnabled=true, takesScreenshot=true, platform=WIN8, browserName=chrome, javascriptEnabled=true, version=35.0.1916.153, chrome={userDataDir=C:\Users\ADMINI~1\AppData\Local\Temp\scoped_dir4076_31844}, webStorageEnabled=true, webdriver.remote.sessionid=b26bcd25-156a-405a-a953-e989a5b1f5be, browserConnectionEnabled=false, takesHeapSnapshot=true}]
Driver info: org.openqa.selenium.remote.RemoteWebDriver">
      <![CDATA[org.openqa.selenium.WebDriverException: Error communicating with the remote browser. It may have died.
Build info: version: '2.42.0', revision: '5e82430', time: '2014-05-22 20:18:07'
System info: host: 'dslvm346', ip: '9.162.138.157', os.name: 'Windows 8', os.arch: 'x86', os.version: '6.2', java.version: '1.7.0_55'
Driver info: driver.version: EventFiringWebDriver
Command duration or timeout: 3.27 seconds
Build info: version: '2.42.1', revision: '68b415a', time: '2014-05-29 16:16:49'
System info: host: 'piotrbogdanski', ip: '9.161.136.32', os.name: 'Windows 7', os.arch: 'x86', os.version: '6.1 build 7601 Service Pack 1', java.version: '1.6.0'
Session ID: b26bcd25-156a-405a-a953-e989a5b1f5be
Capabilities [{handlesAlerts=true, rotatable=false, databaseEnabled=false, locationContextEnabled=true, acceptSslCerts=true, applicationCacheEnabled=false, nativeEvents=true, cssSelectorsEnabled=true, takesScreenshot=true, platform=WIN8, browserName=chrome, javascriptEnabled=true, version=35.0.1916.153, chrome={userDataDir=C:\Users\ADMINI~1\AppData\Local\Temp\scoped_dir4076_31844}, webStorageEnabled=true, webdriver.remote.sessionid=b26bcd25-156a-405a-a953-e989a5b1f5be, browserConnectionEnabled=false, takesHeapSnapshot=true}]
Driver info: org.openqa.selenium.remote.RemoteWebDriver
	at sun.reflect.NativeConstructorAccessorImpl.newInstance0(Native Method)
	at sun.reflect.NativeConstructorAccessorImpl.newInstance(NativeConstructorAccessorImpl.java:56)
	at sun.reflect.DelegatingConstructorAccessorImpl.newInstance(DelegatingConstructorAccessorImpl.java:39)
	at java.lang.reflect.Constructor.newInstance(Constructor.java:527)
	at org.openqa.selenium.remote.ErrorHandler.createThrowable(ErrorHandler.java:204)
	at org.openqa.selenium.remote.ErrorHandler.throwIfResponseFailed(ErrorHandler.java:156)
	at org.openqa.selenium.remote.RemoteWebDriver.execute(RemoteWebDriver.java:600)
	at org.openqa.selenium.remote.RemoteWebDriver.execute(RemoteWebDriver.java:615)
	at org.openqa.selenium.remote.RemoteWebDriver.quit(RemoteWebDriver.java:469)
	at webUI.LoadBrowser.closeBrowser(LoadBrowser.java:266)
	at sun.reflect.GeneratedMethodAccessor21.invoke(Unknown Source)
	at sun.reflect.DelegatingMethodAccessorImpl.invoke(DelegatingMethodAccessorImpl.java:37)
	at java.lang.reflect.Method.invoke(Method.java:611)
	at org.testng.internal.MethodInvocationHelper.invokeMethod(MethodInvocationHelper.java:84)
	at org.testng.internal.Invoker.invokeConfigurationMethod(Invoker.java:564)
	at org.testng.internal.Invoker.invokeConfigurations(Invoker.java:213)
	at org.testng.internal.Invoker.invokeMethod(Invoker.java:786)
	at org.testng.internal.Invoker.invokeTestMethod(Invoker.java:901)
	at org.testng.internal.Invoker.invokeTestMethods(Invoker.java:1231)
	at org.testng.internal.TestMethodWorker.invokeTestMethods(TestMethodWorker.java:127)
	at org.testng.internal.TestMethodWorker.run(TestMethodWorker.java:111)
	at org.testng.TestRunner.privateRun(TestRunner.java:767)
	at org.testng.TestRunner.run(TestRunner.java:617)
	at org.testng.SuiteRunner.runTest(SuiteRunner.java:334)
	at org.testng.SuiteRunner.runSequentially(SuiteRunner.java:329)
	at org.testng.SuiteRunner.privateRun(SuiteRunner.java:291)
	at org.testng.SuiteRunner.run(SuiteRunner.java:240)
	at org.testng.SuiteRunnerWorker.runSuite(SuiteRunnerWorker.java:52)
	at org.testng.SuiteRunnerWorker.run(SuiteRunnerWorker.java:86)
	at org.testng.TestNG.runSuitesSequentially(TestNG.java:1224)
	at org.testng.TestNG.runSuitesLocally(TestNG.java:1149)
	at org.testng.TestNG.run(TestNG.java:1057)
	at org.testng.remote.RemoteTestNG.run(RemoteTestNG.java:111)
	at org.testng.remote.RemoteTestNG.initAndRun(RemoteTestNG.java:204)
	at org.testng.remote.RemoteTestNG.main(RemoteTestNG.java:175)
Caused by: org.openqa.selenium.remote.UnreachableBrowserException: Error communicating with the remote browser. It may have died.
Build info: version: '2.42.0', revision: '5e82430', time: '2014-05-22 20:18:07'
System info: host: 'dslvm346', ip: '9.162.138.157', os.name: 'Windows 8', os.arch: 'x86', os.version: '6.2', java.version: '1.7.0_55'
Driver info: driver.version: EventFiringWebDriver
Build info: version: '2.42.1', revision: '68b415a', time: '2014-05-29 16:16:49'
System info: host: 'piotrbogdanski', ip: '9.161.136.32', os.name: 'Windows 7', os.arch: 'x86', os.version: '6.1 build 7601 Service Pack 1', java.version: '1.6.0'
Driver info: driver.version: unknown
]]>
    </failure>
  </testcase> <!-- AllContentsLoads -->
  <testcase name="AllContentsLoads" time="2.944" classname="tests.webUI.nonFunctional.LibraryTestsContents">
    <failure type="org.openqa.selenium.WebDriverException" message="Error communicating with the remote browser. It may have died.
Build info: version: &#039;2.42.0&#039;, revision: &#039;5e82430&#039;, time: &#039;2014-05-22 20:18:07&#039;
System info: host: &#039;dslvm346&#039;, ip: &#039;9.162.138.157&#039;, os.name: &#039;Windows 8&#039;, os.arch: &#039;x86&#039;, os.version: &#039;6.2&#039;, java.version: &#039;1.7.0_55&#039;
Driver info: driver.version: EventFiringWebDriver
Command duration or timeout: 3.27 seconds
Build info: version: &#039;2.42.1&#039;, revision: &#039;68b415a&#039;, time: &#039;2014-05-29 16:16:49&#039;
System info: host: &#039;piotrbogdanski&#039;, ip: &#039;9.161.136.32&#039;, os.name: &#039;Windows 7&#039;, os.arch: &#039;x86&#039;, os.version: &#039;6.1 build 7601 Service Pack 1&#039;, java.version: &#039;1.6.0&#039;
Session ID: b26bcd25-156a-405a-a953-e989a5b1f5be
Capabilities [{handlesAlerts=true, rotatable=false, databaseEnabled=false, locationContextEnabled=true, acceptSslCerts=true, applicationCacheEnabled=false, nativeEvents=true, cssSelectorsEnabled=true, takesScreenshot=true, platform=WIN8, browserName=chrome, javascriptEnabled=true, version=35.0.1916.153, chrome={userDataDir=C:\Users\ADMINI~1\AppData\Local\Temp\scoped_dir4076_31844}, webStorageEnabled=true, webdriver.remote.sessionid=b26bcd25-156a-405a-a953-e989a5b1f5be, browserConnectionEnabled=false, takesHeapSnapshot=true}]
Driver info: org.openqa.selenium.remote.RemoteWebDriver">
      <![CDATA[org.openqa.selenium.WebDriverException: Error communicating with the remote browser. It may have died.
Build info: version: '2.42.0', revision: '5e82430', time: '2014-05-22 20:18:07'
System info: host: 'dslvm346', ip: '9.162.138.157', os.name: 'Windows 8', os.arch: 'x86', os.version: '6.2', java.version: '1.7.0_55'
Driver info: driver.version: EventFiringWebDriver
Command duration or timeout: 3.27 seconds
Build info: version: '2.42.1', revision: '68b415a', time: '2014-05-29 16:16:49'
System info: host: 'piotrbogdanski', ip: '9.161.136.32', os.name: 'Windows 7', os.arch: 'x86', os.version: '6.1 build 7601 Service Pack 1', java.version: '1.6.0'
Session ID: b26bcd25-156a-405a-a953-e989a5b1f5be
Capabilities [{handlesAlerts=true, rotatable=false, databaseEnabled=false, locationContextEnabled=true, acceptSslCerts=true, applicationCacheEnabled=false, nativeEvents=true, cssSelectorsEnabled=true, takesScreenshot=true, platform=WIN8, browserName=chrome, javascriptEnabled=true, version=35.0.1916.153, chrome={userDataDir=C:\Users\ADMINI~1\AppData\Local\Temp\scoped_dir4076_31844}, webStorageEnabled=true, webdriver.remote.sessionid=b26bcd25-156a-405a-a953-e989a5b1f5be, browserConnectionEnabled=false, takesHeapSnapshot=true}]
Driver info: org.openqa.selenium.remote.RemoteWebDriver
	at sun.reflect.NativeConstructorAccessorImpl.newInstance0(Native Method)
	at sun.reflect.NativeConstructorAccessorImpl.newInstance(NativeConstructorAccessorImpl.java:56)
	at sun.reflect.DelegatingConstructorAccessorImpl.newInstance(DelegatingConstructorAccessorImpl.java:39)
	at java.lang.reflect.Constructor.newInstance(Constructor.java:527)
	at org.openqa.selenium.remote.ErrorHandler.createThrowable(ErrorHandler.java:204)
	at org.openqa.selenium.remote.ErrorHandler.throwIfResponseFailed(ErrorHandler.java:156)
	at org.openqa.selenium.remote.RemoteWebDriver.execute(RemoteWebDriver.java:600)
	at org.openqa.selenium.remote.RemoteWebDriver.execute(RemoteWebDriver.java:615)
	at org.openqa.selenium.remote.RemoteWebDriver.quit(RemoteWebDriver.java:469)
	at webUI.LoadBrowser.closeBrowser(LoadBrowser.java:266)
	at sun.reflect.GeneratedMethodAccessor21.invoke(Unknown Source)
	at sun.reflect.DelegatingMethodAccessorImpl.invoke(DelegatingMethodAccessorImpl.java:37)
	at java.lang.reflect.Method.invoke(Method.java:611)
	at org.testng.internal.MethodInvocationHelper.invokeMethod(MethodInvocationHelper.java:84)
	at org.testng.internal.Invoker.invokeConfigurationMethod(Invoker.java:564)
	at org.testng.internal.Invoker.invokeConfigurations(Invoker.java:213)
	at org.testng.internal.Invoker.invokeMethod(Invoker.java:786)
	at org.testng.internal.Invoker.invokeTestMethod(Invoker.java:901)
	at org.testng.internal.Invoker.invokeTestMethods(Invoker.java:1231)
	at org.testng.internal.TestMethodWorker.invokeTestMethods(TestMethodWorker.java:127)
	at org.testng.internal.TestMethodWorker.run(TestMethodWorker.java:111)
	at org.testng.TestRunner.privateRun(TestRunner.java:767)
	at org.testng.TestRunner.run(TestRunner.java:617)
	at org.testng.SuiteRunner.runTest(SuiteRunner.java:334)
	at org.testng.SuiteRunner.runSequentially(SuiteRunner.java:329)
	at org.testng.SuiteRunner.privateRun(SuiteRunner.java:291)
	at org.testng.SuiteRunner.run(SuiteRunner.java:240)
	at org.testng.SuiteRunnerWorker.runSuite(SuiteRunnerWorker.java:52)
	at org.testng.SuiteRunnerWorker.run(SuiteRunnerWorker.java:86)
	at org.testng.TestNG.runSuitesSequentially(TestNG.java:1224)
	at org.testng.TestNG.runSuitesLocally(TestNG.java:1149)
	at org.testng.TestNG.run(TestNG.java:1057)
	at org.testng.remote.RemoteTestNG.run(RemoteTestNG.java:111)
	at org.testng.remote.RemoteTestNG.initAndRun(RemoteTestNG.java:204)
	at org.testng.remote.RemoteTestNG.main(RemoteTestNG.java:175)
Caused by: org.openqa.selenium.remote.UnreachableBrowserException: Error communicating with the remote browser. It may have died.
Build info: version: '2.42.0', revision: '5e82430', time: '2014-05-22 20:18:07'
System info: host: 'dslvm346', ip: '9.162.138.157', os.name: 'Windows 8', os.arch: 'x86', os.version: '6.2', java.version: '1.7.0_55'
Driver info: driver.version: EventFiringWebDriver
Build info: version: '2.42.1', revision: '68b415a', time: '2014-05-29 16:16:49'
System info: host: 'piotrbogdanski', ip: '9.161.136.32', os.name: 'Windows 7', os.arch: 'x86', os.version: '6.1 build 7601 Service Pack 1', java.version: '1.6.0'
Driver info: driver.version: unknown
]]>
    </failure>
  </testcase> <!-- AllContentsLoads -->
  <testcase name="AllContentsLoads" time="2.676" classname="tests.webUI.nonFunctional.LibraryTestsContents">
    <failure type="org.openqa.selenium.WebDriverException" message="Error communicating with the remote browser. It may have died.
Build info: version: &#039;2.42.0&#039;, revision: &#039;5e82430&#039;, time: &#039;2014-05-22 20:18:07&#039;
System info: host: &#039;dslvm346&#039;, ip: &#039;9.162.138.157&#039;, os.name: &#039;Windows 8&#039;, os.arch: &#039;x86&#039;, os.version: &#039;6.2&#039;, java.version: &#039;1.7.0_55&#039;
Driver info: driver.version: EventFiringWebDriver
Command duration or timeout: 3.27 seconds
Build info: version: &#039;2.42.1&#039;, revision: &#039;68b415a&#039;, time: &#039;2014-05-29 16:16:49&#039;
System info: host: &#039;piotrbogdanski&#039;, ip: &#039;9.161.136.32&#039;, os.name: &#039;Windows 7&#039;, os.arch: &#039;x86&#039;, os.version: &#039;6.1 build 7601 Service Pack 1&#039;, java.version: &#039;1.6.0&#039;
Session ID: b26bcd25-156a-405a-a953-e989a5b1f5be
Capabilities [{handlesAlerts=true, rotatable=false, databaseEnabled=false, locationContextEnabled=true, acceptSslCerts=true, applicationCacheEnabled=false, nativeEvents=true, cssSelectorsEnabled=true, takesScreenshot=true, platform=WIN8, browserName=chrome, javascriptEnabled=true, version=35.0.1916.153, chrome={userDataDir=C:\Users\ADMINI~1\AppData\Local\Temp\scoped_dir4076_31844}, webStorageEnabled=true, webdriver.remote.sessionid=b26bcd25-156a-405a-a953-e989a5b1f5be, browserConnectionEnabled=false, takesHeapSnapshot=true}]
Driver info: org.openqa.selenium.remote.RemoteWebDriver">
      <![CDATA[org.openqa.selenium.WebDriverException: Error communicating with the remote browser. It may have died.
Build info: version: '2.42.0', revision: '5e82430', time: '2014-05-22 20:18:07'
System info: host: 'dslvm346', ip: '9.162.138.157', os.name: 'Windows 8', os.arch: 'x86', os.version: '6.2', java.version: '1.7.0_55'
Driver info: driver.version: EventFiringWebDriver
Command duration or timeout: 3.27 seconds
Build info: version: '2.42.1', revision: '68b415a', time: '2014-05-29 16:16:49'
System info: host: 'piotrbogdanski', ip: '9.161.136.32', os.name: 'Windows 7', os.arch: 'x86', os.version: '6.1 build 7601 Service Pack 1', java.version: '1.6.0'
Session ID: b26bcd25-156a-405a-a953-e989a5b1f5be
Capabilities [{handlesAlerts=true, rotatable=false, databaseEnabled=false, locationContextEnabled=true, acceptSslCerts=true, applicationCacheEnabled=false, nativeEvents=true, cssSelectorsEnabled=true, takesScreenshot=true, platform=WIN8, browserName=chrome, javascriptEnabled=true, version=35.0.1916.153, chrome={userDataDir=C:\Users\ADMINI~1\AppData\Local\Temp\scoped_dir4076_31844}, webStorageEnabled=true, webdriver.remote.sessionid=b26bcd25-156a-405a-a953-e989a5b1f5be, browserConnectionEnabled=false, takesHeapSnapshot=true}]
Driver info: org.openqa.selenium.remote.RemoteWebDriver
	at sun.reflect.NativeConstructorAccessorImpl.newInstance0(Native Method)
	at sun.reflect.NativeConstructorAccessorImpl.newInstance(NativeConstructorAccessorImpl.java:56)
	at sun.reflect.DelegatingConstructorAccessorImpl.newInstance(DelegatingConstructorAccessorImpl.java:39)
	at java.lang.reflect.Constructor.newInstance(Constructor.java:527)
	at org.openqa.selenium.remote.ErrorHandler.createThrowable(ErrorHandler.java:204)
	at org.openqa.selenium.remote.ErrorHandler.throwIfResponseFailed(ErrorHandler.java:156)
	at org.openqa.selenium.remote.RemoteWebDriver.execute(RemoteWebDriver.java:600)
	at org.openqa.selenium.remote.RemoteWebDriver.execute(RemoteWebDriver.java:615)
	at org.openqa.selenium.remote.RemoteWebDriver.quit(RemoteWebDriver.java:469)
	at webUI.LoadBrowser.closeBrowser(LoadBrowser.java:266)
	at sun.reflect.GeneratedMethodAccessor21.invoke(Unknown Source)
	at sun.reflect.DelegatingMethodAccessorImpl.invoke(DelegatingMethodAccessorImpl.java:37)
	at java.lang.reflect.Method.invoke(Method.java:611)
	at org.testng.internal.MethodInvocationHelper.invokeMethod(MethodInvocationHelper.java:84)
	at org.testng.internal.Invoker.invokeConfigurationMethod(Invoker.java:564)
	at org.testng.internal.Invoker.invokeConfigurations(Invoker.java:213)
	at org.testng.internal.Invoker.invokeMethod(Invoker.java:786)
	at org.testng.internal.Invoker.invokeTestMethod(Invoker.java:901)
	at org.testng.internal.Invoker.invokeTestMethods(Invoker.java:1231)
	at org.testng.internal.TestMethodWorker.invokeTestMethods(TestMethodWorker.java:127)
	at org.testng.internal.TestMethodWorker.run(TestMethodWorker.java:111)
	at org.testng.TestRunner.privateRun(TestRunner.java:767)
	at org.testng.TestRunner.run(TestRunner.java:617)
	at org.testng.SuiteRunner.runTest(SuiteRunner.java:334)
	at org.testng.SuiteRunner.runSequentially(SuiteRunner.java:329)
	at org.testng.SuiteRunner.privateRun(SuiteRunner.java:291)
	at org.testng.SuiteRunner.run(SuiteRunner.java:240)
	at org.testng.SuiteRunnerWorker.runSuite(SuiteRunnerWorker.java:52)
	at org.testng.SuiteRunnerWorker.run(SuiteRunnerWorker.java:86)
	at org.testng.TestNG.runSuitesSequentially(TestNG.java:1224)
	at org.testng.TestNG.runSuitesLocally(TestNG.java:1149)
	at org.testng.TestNG.run(TestNG.java:1057)
	at org.testng.remote.RemoteTestNG.run(RemoteTestNG.java:111)
	at org.testng.remote.RemoteTestNG.initAndRun(RemoteTestNG.java:204)
	at org.testng.remote.RemoteTestNG.main(RemoteTestNG.java:175)
Caused by: org.openqa.selenium.remote.UnreachableBrowserException: Error communicating with the remote browser. It may have died.
Build info: version: '2.42.0', revision: '5e82430', time: '2014-05-22 20:18:07'
System info: host: 'dslvm346', ip: '9.162.138.157', os.name: 'Windows 8', os.arch: 'x86', os.version: '6.2', java.version: '1.7.0_55'
Driver info: driver.version: EventFiringWebDriver
Build info: version: '2.42.1', revision: '68b415a', time: '2014-05-29 16:16:49'
System info: host: 'piotrbogdanski', ip: '9.161.136.32', os.name: 'Windows 7', os.arch: 'x86', os.version: '6.1 build 7601 Service Pack 1', java.version: '1.6.0'
Driver info: driver.version: unknown
]]>
    </failure>
  </testcase> <!-- AllContentsLoads -->
  <testcase name="AllContentsLoads" time="2.903" classname="tests.webUI.nonFunctional.LibraryTestsContents">
    <failure type="org.openqa.selenium.WebDriverException" message="Error communicating with the remote browser. It may have died.
Build info: version: &#039;2.42.0&#039;, revision: &#039;5e82430&#039;, time: &#039;2014-05-22 20:18:07&#039;
System info: host: &#039;dslvm346&#039;, ip: &#039;9.162.138.157&#039;, os.name: &#039;Windows 8&#039;, os.arch: &#039;x86&#039;, os.version: &#039;6.2&#039;, java.version: &#039;1.7.0_55&#039;
Driver info: driver.version: EventFiringWebDriver
Command duration or timeout: 3.27 seconds
Build info: version: &#039;2.42.1&#039;, revision: &#039;68b415a&#039;, time: &#039;2014-05-29 16:16:49&#039;
System info: host: &#039;piotrbogdanski&#039;, ip: &#039;9.161.136.32&#039;, os.name: &#039;Windows 7&#039;, os.arch: &#039;x86&#039;, os.version: &#039;6.1 build 7601 Service Pack 1&#039;, java.version: &#039;1.6.0&#039;
Session ID: b26bcd25-156a-405a-a953-e989a5b1f5be
Capabilities [{handlesAlerts=true, rotatable=false, databaseEnabled=false, locationContextEnabled=true, acceptSslCerts=true, applicationCacheEnabled=false, nativeEvents=true, cssSelectorsEnabled=true, takesScreenshot=true, platform=WIN8, browserName=chrome, javascriptEnabled=true, version=35.0.1916.153, chrome={userDataDir=C:\Users\ADMINI~1\AppData\Local\Temp\scoped_dir4076_31844}, webStorageEnabled=true, webdriver.remote.sessionid=b26bcd25-156a-405a-a953-e989a5b1f5be, browserConnectionEnabled=false, takesHeapSnapshot=true}]
Driver info: org.openqa.selenium.remote.RemoteWebDriver">
      <![CDATA[org.openqa.selenium.WebDriverException: Error communicating with the remote browser. It may have died.
Build info: version: '2.42.0', revision: '5e82430', time: '2014-05-22 20:18:07'
System info: host: 'dslvm346', ip: '9.162.138.157', os.name: 'Windows 8', os.arch: 'x86', os.version: '6.2', java.version: '1.7.0_55'
Driver info: driver.version: EventFiringWebDriver
Command duration or timeout: 3.27 seconds
Build info: version: '2.42.1', revision: '68b415a', time: '2014-05-29 16:16:49'
System info: host: 'piotrbogdanski', ip: '9.161.136.32', os.name: 'Windows 7', os.arch: 'x86', os.version: '6.1 build 7601 Service Pack 1', java.version: '1.6.0'
Session ID: b26bcd25-156a-405a-a953-e989a5b1f5be
Capabilities [{handlesAlerts=true, rotatable=false, databaseEnabled=false, locationContextEnabled=true, acceptSslCerts=true, applicationCacheEnabled=false, nativeEvents=true, cssSelectorsEnabled=true, takesScreenshot=true, platform=WIN8, browserName=chrome, javascriptEnabled=true, version=35.0.1916.153, chrome={userDataDir=C:\Users\ADMINI~1\AppData\Local\Temp\scoped_dir4076_31844}, webStorageEnabled=true, webdriver.remote.sessionid=b26bcd25-156a-405a-a953-e989a5b1f5be, browserConnectionEnabled=false, takesHeapSnapshot=true}]
Driver info: org.openqa.selenium.remote.RemoteWebDriver
	at sun.reflect.NativeConstructorAccessorImpl.newInstance0(Native Method)
	at sun.reflect.NativeConstructorAccessorImpl.newInstance(NativeConstructorAccessorImpl.java:56)
	at sun.reflect.DelegatingConstructorAccessorImpl.newInstance(DelegatingConstructorAccessorImpl.java:39)
	at java.lang.reflect.Constructor.newInstance(Constructor.java:527)
	at org.openqa.selenium.remote.ErrorHandler.createThrowable(ErrorHandler.java:204)
	at org.openqa.selenium.remote.ErrorHandler.throwIfResponseFailed(ErrorHandler.java:156)
	at org.openqa.selenium.remote.RemoteWebDriver.execute(RemoteWebDriver.java:600)
	at org.openqa.selenium.remote.RemoteWebDriver.execute(RemoteWebDriver.java:615)
	at org.openqa.selenium.remote.RemoteWebDriver.quit(RemoteWebDriver.java:469)
	at webUI.LoadBrowser.closeBrowser(LoadBrowser.java:266)
	at sun.reflect.GeneratedMethodAccessor21.invoke(Unknown Source)
	at sun.reflect.DelegatingMethodAccessorImpl.invoke(DelegatingMethodAccessorImpl.java:37)
	at java.lang.reflect.Method.invoke(Method.java:611)
	at org.testng.internal.MethodInvocationHelper.invokeMethod(MethodInvocationHelper.java:84)
	at org.testng.internal.Invoker.invokeConfigurationMethod(Invoker.java:564)
	at org.testng.internal.Invoker.invokeConfigurations(Invoker.java:213)
	at org.testng.internal.Invoker.invokeMethod(Invoker.java:786)
	at org.testng.internal.Invoker.invokeTestMethod(Invoker.java:901)
	at org.testng.internal.Invoker.invokeTestMethods(Invoker.java:1231)
	at org.testng.internal.TestMethodWorker.invokeTestMethods(TestMethodWorker.java:127)
	at org.testng.internal.TestMethodWorker.run(TestMethodWorker.java:111)
	at org.testng.TestRunner.privateRun(TestRunner.java:767)
	at org.testng.TestRunner.run(TestRunner.java:617)
	at org.testng.SuiteRunner.runTest(SuiteRunner.java:334)
	at org.testng.SuiteRunner.runSequentially(SuiteRunner.java:329)
	at org.testng.SuiteRunner.privateRun(SuiteRunner.java:291)
	at org.testng.SuiteRunner.run(SuiteRunner.java:240)
	at org.testng.SuiteRunnerWorker.runSuite(SuiteRunnerWorker.java:52)
	at org.testng.SuiteRunnerWorker.run(SuiteRunnerWorker.java:86)
	at org.testng.TestNG.runSuitesSequentially(TestNG.java:1224)
	at org.testng.TestNG.runSuitesLocally(TestNG.java:1149)
	at org.testng.TestNG.run(TestNG.java:1057)
	at org.testng.remote.RemoteTestNG.run(RemoteTestNG.java:111)
	at org.testng.remote.RemoteTestNG.initAndRun(RemoteTestNG.java:204)
	at org.testng.remote.RemoteTestNG.main(RemoteTestNG.java:175)
Caused by: org.openqa.selenium.remote.UnreachableBrowserException: Error communicating with the remote browser. It may have died.
Build info: version: '2.42.0', revision: '5e82430', time: '2014-05-22 20:18:07'
System info: host: 'dslvm346', ip: '9.162.138.157', os.name: 'Windows 8', os.arch: 'x86', os.version: '6.2', java.version: '1.7.0_55'
Driver info: driver.version: EventFiringWebDriver
Build info: version: '2.42.1', revision: '68b415a', time: '2014-05-29 16:16:49'
System info: host: 'piotrbogdanski', ip: '9.161.136.32', os.name: 'Windows 7', os.arch: 'x86', os.version: '6.1 build 7601 Service Pack 1', java.version: '1.6.0'
Driver info: driver.version: unknown
]]>
    </failure>
  </testcase> <!-- AllContentsLoads -->
  <testcase name="AllContentsLoads" time="0.001" classname="tests.webUI.nonFunctional.LibraryTestsContents">
    <failure type="org.openqa.selenium.WebDriverException" message="Error communicating with the remote browser. It may have died.
Build info: version: &#039;2.42.0&#039;, revision: &#039;5e82430&#039;, time: &#039;2014-05-22 20:18:07&#039;
System info: host: &#039;dslvm346&#039;, ip: &#039;9.162.138.157&#039;, os.name: &#039;Windows 8&#039;, os.arch: &#039;x86&#039;, os.version: &#039;6.2&#039;, java.version: &#039;1.7.0_55&#039;
Driver info: driver.version: EventFiringWebDriver
Command duration or timeout: 3.27 seconds
Build info: version: &#039;2.42.1&#039;, revision: &#039;68b415a&#039;, time: &#039;2014-05-29 16:16:49&#039;
System info: host: &#039;piotrbogdanski&#039;, ip: &#039;9.161.136.32&#039;, os.name: &#039;Windows 7&#039;, os.arch: &#039;x86&#039;, os.version: &#039;6.1 build 7601 Service Pack 1&#039;, java.version: &#039;1.6.0&#039;
Session ID: b26bcd25-156a-405a-a953-e989a5b1f5be
Capabilities [{handlesAlerts=true, rotatable=false, databaseEnabled=false, locationContextEnabled=true, acceptSslCerts=true, applicationCacheEnabled=false, nativeEvents=true, cssSelectorsEnabled=true, takesScreenshot=true, platform=WIN8, browserName=chrome, javascriptEnabled=true, version=35.0.1916.153, chrome={userDataDir=C:\Users\ADMINI~1\AppData\Local\Temp\scoped_dir4076_31844}, webStorageEnabled=true, webdriver.remote.sessionid=b26bcd25-156a-405a-a953-e989a5b1f5be, browserConnectionEnabled=false, takesHeapSnapshot=true}]
Driver info: org.openqa.selenium.remote.RemoteWebDriver">
      <![CDATA[org.openqa.selenium.WebDriverException: Error communicating with the remote browser. It may have died.
Build info: version: '2.42.0', revision: '5e82430', time: '2014-05-22 20:18:07'
System info: host: 'dslvm346', ip: '9.162.138.157', os.name: 'Windows 8', os.arch: 'x86', os.version: '6.2', java.version: '1.7.0_55'
Driver info: driver.version: EventFiringWebDriver
Command duration or timeout: 3.27 seconds
Build info: version: '2.42.1', revision: '68b415a', time: '2014-05-29 16:16:49'
System info: host: 'piotrbogdanski', ip: '9.161.136.32', os.name: 'Windows 7', os.arch: 'x86', os.version: '6.1 build 7601 Service Pack 1', java.version: '1.6.0'
Session ID: b26bcd25-156a-405a-a953-e989a5b1f5be
Capabilities [{handlesAlerts=true, rotatable=false, databaseEnabled=false, locationContextEnabled=true, acceptSslCerts=true, applicationCacheEnabled=false, nativeEvents=true, cssSelectorsEnabled=true, takesScreenshot=true, platform=WIN8, browserName=chrome, javascriptEnabled=true, version=35.0.1916.153, chrome={userDataDir=C:\Users\ADMINI~1\AppData\Local\Temp\scoped_dir4076_31844}, webStorageEnabled=true, webdriver.remote.sessionid=b26bcd25-156a-405a-a953-e989a5b1f5be, browserConnectionEnabled=false, takesHeapSnapshot=true}]
Driver info: org.openqa.selenium.remote.RemoteWebDriver
	at sun.reflect.NativeConstructorAccessorImpl.newInstance0(Native Method)
	at sun.reflect.NativeConstructorAccessorImpl.newInstance(NativeConstructorAccessorImpl.java:56)
	at sun.reflect.DelegatingConstructorAccessorImpl.newInstance(DelegatingConstructorAccessorImpl.java:39)
	at java.lang.reflect.Constructor.newInstance(Constructor.java:527)
	at org.openqa.selenium.remote.ErrorHandler.createThrowable(ErrorHandler.java:204)
	at org.openqa.selenium.remote.ErrorHandler.throwIfResponseFailed(ErrorHandler.java:156)
	at org.openqa.selenium.remote.RemoteWebDriver.execute(RemoteWebDriver.java:600)
	at org.openqa.selenium.remote.RemoteWebDriver.execute(RemoteWebDriver.java:615)
	at org.openqa.selenium.remote.RemoteWebDriver.quit(RemoteWebDriver.java:469)
	at webUI.LoadBrowser.closeBrowser(LoadBrowser.java:266)
	at sun.reflect.GeneratedMethodAccessor21.invoke(Unknown Source)
	at sun.reflect.DelegatingMethodAccessorImpl.invoke(DelegatingMethodAccessorImpl.java:37)
	at java.lang.reflect.Method.invoke(Method.java:611)
	at org.testng.internal.MethodInvocationHelper.invokeMethod(MethodInvocationHelper.java:84)
	at org.testng.internal.Invoker.invokeConfigurationMethod(Invoker.java:564)
	at org.testng.internal.Invoker.invokeConfigurations(Invoker.java:213)
	at org.testng.internal.Invoker.invokeMethod(Invoker.java:786)
	at org.testng.internal.Invoker.invokeTestMethod(Invoker.java:901)
	at org.testng.internal.Invoker.invokeTestMethods(Invoker.java:1231)
	at org.testng.internal.TestMethodWorker.invokeTestMethods(TestMethodWorker.java:127)
	at org.testng.internal.TestMethodWorker.run(TestMethodWorker.java:111)
	at org.testng.TestRunner.privateRun(TestRunner.java:767)
	at org.testng.TestRunner.run(TestRunner.java:617)
	at org.testng.SuiteRunner.runTest(SuiteRunner.java:334)
	at org.testng.SuiteRunner.runSequentially(SuiteRunner.java:329)
	at org.testng.SuiteRunner.privateRun(SuiteRunner.java:291)
	at org.testng.SuiteRunner.run(SuiteRunner.java:240)
	at org.testng.SuiteRunnerWorker.runSuite(SuiteRunnerWorker.java:52)
	at org.testng.SuiteRunnerWorker.run(SuiteRunnerWorker.java:86)
	at org.testng.TestNG.runSuitesSequentially(TestNG.java:1224)
	at org.testng.TestNG.runSuitesLocally(TestNG.java:1149)
	at org.testng.TestNG.run(TestNG.java:1057)
	at org.testng.remote.RemoteTestNG.run(RemoteTestNG.java:111)
	at org.testng.remote.RemoteTestNG.initAndRun(RemoteTestNG.java:204)
	at org.testng.remote.RemoteTestNG.main(RemoteTestNG.java:175)
Caused by: org.openqa.selenium.remote.UnreachableBrowserException: Error communicating with the remote browser. It may have died.
Build info: version: '2.42.0', revision: '5e82430', time: '2014-05-22 20:18:07'
System info: host: 'dslvm346', ip: '9.162.138.157', os.name: 'Windows 8', os.arch: 'x86', os.version: '6.2', java.version: '1.7.0_55'
Driver info: driver.version: EventFiringWebDriver
Build info: version: '2.42.1', revision: '68b415a', time: '2014-05-29 16:16:49'
System info: host: 'piotrbogdanski', ip: '9.161.136.32', os.name: 'Windows 7', os.arch: 'x86', os.version: '6.1 build 7601 Service Pack 1', java.version: '1.6.0'
Driver info: driver.version: unknown
]]>
    </failure>
  </testcase> <!-- AllContentsLoads -->
  <testcase name="AllContentsLoads" time="1.336" classname="tests.webUI.nonFunctional.LibraryTestsContents">
    <failure type="org.openqa.selenium.WebDriverException" message="Error communicating with the remote browser. It may have died.
Build info: version: &#039;2.42.0&#039;, revision: &#039;5e82430&#039;, time: &#039;2014-05-22 20:18:07&#039;
System info: host: &#039;dslvm346&#039;, ip: &#039;9.162.138.157&#039;, os.name: &#039;Windows 8&#039;, os.arch: &#039;x86&#039;, os.version: &#039;6.2&#039;, java.version: &#039;1.7.0_55&#039;
Driver info: driver.version: EventFiringWebDriver
Command duration or timeout: 3.27 seconds
Build info: version: &#039;2.42.1&#039;, revision: &#039;68b415a&#039;, time: &#039;2014-05-29 16:16:49&#039;
System info: host: &#039;piotrbogdanski&#039;, ip: &#039;9.161.136.32&#039;, os.name: &#039;Windows 7&#039;, os.arch: &#039;x86&#039;, os.version: &#039;6.1 build 7601 Service Pack 1&#039;, java.version: &#039;1.6.0&#039;
Session ID: b26bcd25-156a-405a-a953-e989a5b1f5be
Capabilities [{handlesAlerts=true, rotatable=false, databaseEnabled=false, locationContextEnabled=true, acceptSslCerts=true, applicationCacheEnabled=false, nativeEvents=true, cssSelectorsEnabled=true, takesScreenshot=true, platform=WIN8, browserName=chrome, javascriptEnabled=true, version=35.0.1916.153, chrome={userDataDir=C:\Users\ADMINI~1\AppData\Local\Temp\scoped_dir4076_31844}, webStorageEnabled=true, webdriver.remote.sessionid=b26bcd25-156a-405a-a953-e989a5b1f5be, browserConnectionEnabled=false, takesHeapSnapshot=true}]
Driver info: org.openqa.selenium.remote.RemoteWebDriver">
      <![CDATA[org.openqa.selenium.WebDriverException: Error communicating with the remote browser. It may have died.
Build info: version: '2.42.0', revision: '5e82430', time: '2014-05-22 20:18:07'
System info: host: 'dslvm346', ip: '9.162.138.157', os.name: 'Windows 8', os.arch: 'x86', os.version: '6.2', java.version: '1.7.0_55'
Driver info: driver.version: EventFiringWebDriver
Command duration or timeout: 3.27 seconds
Build info: version: '2.42.1', revision: '68b415a', time: '2014-05-29 16:16:49'
System info: host: 'piotrbogdanski', ip: '9.161.136.32', os.name: 'Windows 7', os.arch: 'x86', os.version: '6.1 build 7601 Service Pack 1', java.version: '1.6.0'
Session ID: b26bcd25-156a-405a-a953-e989a5b1f5be
Capabilities [{handlesAlerts=true, rotatable=false, databaseEnabled=false, locationContextEnabled=true, acceptSslCerts=true, applicationCacheEnabled=false, nativeEvents=true, cssSelectorsEnabled=true, takesScreenshot=true, platform=WIN8, browserName=chrome, javascriptEnabled=true, version=35.0.1916.153, chrome={userDataDir=C:\Users\ADMINI~1\AppData\Local\Temp\scoped_dir4076_31844}, webStorageEnabled=true, webdriver.remote.sessionid=b26bcd25-156a-405a-a953-e989a5b1f5be, browserConnectionEnabled=false, takesHeapSnapshot=true}]
Driver info: org.openqa.selenium.remote.RemoteWebDriver
	at sun.reflect.NativeConstructorAccessorImpl.newInstance0(Native Method)
	at sun.reflect.NativeConstructorAccessorImpl.newInstance(NativeConstructorAccessorImpl.java:56)
	at sun.reflect.DelegatingConstructorAccessorImpl.newInstance(DelegatingConstructorAccessorImpl.java:39)
	at java.lang.reflect.Constructor.newInstance(Constructor.java:527)
	at org.openqa.selenium.remote.ErrorHandler.createThrowable(ErrorHandler.java:204)
	at org.openqa.selenium.remote.ErrorHandler.throwIfResponseFailed(ErrorHandler.java:156)
	at org.openqa.selenium.remote.RemoteWebDriver.execute(RemoteWebDriver.java:600)
	at org.openqa.selenium.remote.RemoteWebDriver.execute(RemoteWebDriver.java:615)
	at org.openqa.selenium.remote.RemoteWebDriver.quit(RemoteWebDriver.java:469)
	at webUI.LoadBrowser.closeBrowser(LoadBrowser.java:266)
	at sun.reflect.GeneratedMethodAccessor21.invoke(Unknown Source)
	at sun.reflect.DelegatingMethodAccessorImpl.invoke(DelegatingMethodAccessorImpl.java:37)
	at java.lang.reflect.Method.invoke(Method.java:611)
	at org.testng.internal.MethodInvocationHelper.invokeMethod(MethodInvocationHelper.java:84)
	at org.testng.internal.Invoker.invokeConfigurationMethod(Invoker.java:564)
	at org.testng.internal.Invoker.invokeConfigurations(Invoker.java:213)
	at org.testng.internal.Invoker.invokeMethod(Invoker.java:786)
	at org.testng.internal.Invoker.invokeTestMethod(Invoker.java:901)
	at org.testng.internal.Invoker.invokeTestMethods(Invoker.java:1231)
	at org.testng.internal.TestMethodWorker.invokeTestMethods(TestMethodWorker.java:127)
	at org.testng.internal.TestMethodWorker.run(TestMethodWorker.java:111)
	at org.testng.TestRunner.privateRun(TestRunner.java:767)
	at org.testng.TestRunner.run(TestRunner.java:617)
	at org.testng.SuiteRunner.runTest(SuiteRunner.java:334)
	at org.testng.SuiteRunner.runSequentially(SuiteRunner.java:329)
	at org.testng.SuiteRunner.privateRun(SuiteRunner.java:291)
	at org.testng.SuiteRunner.run(SuiteRunner.java:240)
	at org.testng.SuiteRunnerWorker.runSuite(SuiteRunnerWorker.java:52)
	at org.testng.SuiteRunnerWorker.run(SuiteRunnerWorker.java:86)
	at org.testng.TestNG.runSuitesSequentially(TestNG.java:1224)
	at org.testng.TestNG.runSuitesLocally(TestNG.java:1149)
	at org.testng.TestNG.run(TestNG.java:1057)
	at org.testng.remote.RemoteTestNG.run(RemoteTestNG.java:111)
	at org.testng.remote.RemoteTestNG.initAndRun(RemoteTestNG.java:204)
	at org.testng.remote.RemoteTestNG.main(RemoteTestNG.java:175)
Caused by: org.openqa.selenium.remote.UnreachableBrowserException: Error communicating with the remote browser. It may have died.
Build info: version: '2.42.0', revision: '5e82430', time: '2014-05-22 20:18:07'
System info: host: 'dslvm346', ip: '9.162.138.157', os.name: 'Windows 8', os.arch: 'x86', os.version: '6.2', java.version: '1.7.0_55'
Driver info: driver.version: EventFiringWebDriver
Build info: version: '2.42.1', revision: '68b415a', time: '2014-05-29 16:16:49'
System info: host: 'piotrbogdanski', ip: '9.161.136.32', os.name: 'Windows 7', os.arch: 'x86', os.version: '6.1 build 7601 Service Pack 1', java.version: '1.6.0'
Driver info: driver.version: unknown
]]>
    </failure>
  </testcase> <!-- AllContentsLoads -->
  <testcase name="AllContentsLoads" time="0.000" classname="tests.webUI.nonFunctional.LibraryTestsContents">
    <failure type="org.openqa.selenium.WebDriverException" message="Error communicating with the remote browser. It may have died.
Build info: version: &#039;2.42.0&#039;, revision: &#039;5e82430&#039;, time: &#039;2014-05-22 20:18:07&#039;
System info: host: &#039;dslvm346&#039;, ip: &#039;9.162.138.157&#039;, os.name: &#039;Windows 8&#039;, os.arch: &#039;x86&#039;, os.version: &#039;6.2&#039;, java.version: &#039;1.7.0_55&#039;
Driver info: driver.version: EventFiringWebDriver
Command duration or timeout: 3.27 seconds
Build info: version: &#039;2.42.1&#039;, revision: &#039;68b415a&#039;, time: &#039;2014-05-29 16:16:49&#039;
System info: host: &#039;piotrbogdanski&#039;, ip: &#039;9.161.136.32&#039;, os.name: &#039;Windows 7&#039;, os.arch: &#039;x86&#039;, os.version: &#039;6.1 build 7601 Service Pack 1&#039;, java.version: &#039;1.6.0&#039;
Session ID: b26bcd25-156a-405a-a953-e989a5b1f5be
Capabilities [{handlesAlerts=true, rotatable=false, databaseEnabled=false, locationContextEnabled=true, acceptSslCerts=true, applicationCacheEnabled=false, nativeEvents=true, cssSelectorsEnabled=true, takesScreenshot=true, platform=WIN8, browserName=chrome, javascriptEnabled=true, version=35.0.1916.153, chrome={userDataDir=C:\Users\ADMINI~1\AppData\Local\Temp\scoped_dir4076_31844}, webStorageEnabled=true, webdriver.remote.sessionid=b26bcd25-156a-405a-a953-e989a5b1f5be, browserConnectionEnabled=false, takesHeapSnapshot=true}]
Driver info: org.openqa.selenium.remote.RemoteWebDriver">
      <![CDATA[org.openqa.selenium.WebDriverException: Error communicating with the remote browser. It may have died.
Build info: version: '2.42.0', revision: '5e82430', time: '2014-05-22 20:18:07'
System info: host: 'dslvm346', ip: '9.162.138.157', os.name: 'Windows 8', os.arch: 'x86', os.version: '6.2', java.version: '1.7.0_55'
Driver info: driver.version: EventFiringWebDriver
Command duration or timeout: 3.27 seconds
Build info: version: '2.42.1', revision: '68b415a', time: '2014-05-29 16:16:49'
System info: host: 'piotrbogdanski', ip: '9.161.136.32', os.name: 'Windows 7', os.arch: 'x86', os.version: '6.1 build 7601 Service Pack 1', java.version: '1.6.0'
Session ID: b26bcd25-156a-405a-a953-e989a5b1f5be
Capabilities [{handlesAlerts=true, rotatable=false, databaseEnabled=false, locationContextEnabled=true, acceptSslCerts=true, applicationCacheEnabled=false, nativeEvents=true, cssSelectorsEnabled=true, takesScreenshot=true, platform=WIN8, browserName=chrome, javascriptEnabled=true, version=35.0.1916.153, chrome={userDataDir=C:\Users\ADMINI~1\AppData\Local\Temp\scoped_dir4076_31844}, webStorageEnabled=true, webdriver.remote.sessionid=b26bcd25-156a-405a-a953-e989a5b1f5be, browserConnectionEnabled=false, takesHeapSnapshot=true}]
Driver info: org.openqa.selenium.remote.RemoteWebDriver
	at sun.reflect.NativeConstructorAccessorImpl.newInstance0(Native Method)
	at sun.reflect.NativeConstructorAccessorImpl.newInstance(NativeConstructorAccessorImpl.java:56)
	at sun.reflect.DelegatingConstructorAccessorImpl.newInstance(DelegatingConstructorAccessorImpl.java:39)
	at java.lang.reflect.Constructor.newInstance(Constructor.java:527)
	at org.openqa.selenium.remote.ErrorHandler.createThrowable(ErrorHandler.java:204)
	at org.openqa.selenium.remote.ErrorHandler.throwIfResponseFailed(ErrorHandler.java:156)
	at org.openqa.selenium.remote.RemoteWebDriver.execute(RemoteWebDriver.java:600)
	at org.openqa.selenium.remote.RemoteWebDriver.execute(RemoteWebDriver.java:615)
	at org.openqa.selenium.remote.RemoteWebDriver.quit(RemoteWebDriver.java:469)
	at webUI.LoadBrowser.closeBrowser(LoadBrowser.java:266)
	at sun.reflect.GeneratedMethodAccessor21.invoke(Unknown Source)
	at sun.reflect.DelegatingMethodAccessorImpl.invoke(DelegatingMethodAccessorImpl.java:37)
	at java.lang.reflect.Method.invoke(Method.java:611)
	at org.testng.internal.MethodInvocationHelper.invokeMethod(MethodInvocationHelper.java:84)
	at org.testng.internal.Invoker.invokeConfigurationMethod(Invoker.java:564)
	at org.testng.internal.Invoker.invokeConfigurations(Invoker.java:213)
	at org.testng.internal.Invoker.invokeMethod(Invoker.java:786)
	at org.testng.internal.Invoker.invokeTestMethod(Invoker.java:901)
	at org.testng.internal.Invoker.invokeTestMethods(Invoker.java:1231)
	at org.testng.internal.TestMethodWorker.invokeTestMethods(TestMethodWorker.java:127)
	at org.testng.internal.TestMethodWorker.run(TestMethodWorker.java:111)
	at org.testng.TestRunner.privateRun(TestRunner.java:767)
	at org.testng.TestRunner.run(TestRunner.java:617)
	at org.testng.SuiteRunner.runTest(SuiteRunner.java:334)
	at org.testng.SuiteRunner.runSequentially(SuiteRunner.java:329)
	at org.testng.SuiteRunner.privateRun(SuiteRunner.java:291)
	at org.testng.SuiteRunner.run(SuiteRunner.java:240)
	at org.testng.SuiteRunnerWorker.runSuite(SuiteRunnerWorker.java:52)
	at org.testng.SuiteRunnerWorker.run(SuiteRunnerWorker.java:86)
	at org.testng.TestNG.runSuitesSequentially(TestNG.java:1224)
	at org.testng.TestNG.runSuitesLocally(TestNG.java:1149)
	at org.testng.TestNG.run(TestNG.java:1057)
	at org.testng.remote.RemoteTestNG.run(RemoteTestNG.java:111)
	at org.testng.remote.RemoteTestNG.initAndRun(RemoteTestNG.java:204)
	at org.testng.remote.RemoteTestNG.main(RemoteTestNG.java:175)
Caused by: org.openqa.selenium.remote.UnreachableBrowserException: Error communicating with the remote browser. It may have died.
Build info: version: '2.42.0', revision: '5e82430', time: '2014-05-22 20:18:07'
System info: host: 'dslvm346', ip: '9.162.138.157', os.name: 'Windows 8', os.arch: 'x86', os.version: '6.2', java.version: '1.7.0_55'
Driver info: driver.version: EventFiringWebDriver
Build info: version: '2.42.1', revision: '68b415a', time: '2014-05-29 16:16:49'
System info: host: 'piotrbogdanski', ip: '9.161.136.32', os.name: 'Windows 7', os.arch: 'x86', os.version: '6.1 build 7601 Service Pack 1', java.version: '1.6.0'
Driver info: driver.version: unknown
]]>
    </failure>
  </testcase> <!-- AllContentsLoads -->
  <testcase name="AllContentsLoads" time="0.000" classname="tests.webUI.nonFunctional.LibraryTestsContents">
    <failure type="org.openqa.selenium.WebDriverException" message="Error communicating with the remote browser. It may have died.
Build info: version: &#039;2.42.0&#039;, revision: &#039;5e82430&#039;, time: &#039;2014-05-22 20:18:07&#039;
System info: host: &#039;dslvm346&#039;, ip: &#039;9.162.138.157&#039;, os.name: &#039;Windows 8&#039;, os.arch: &#039;x86&#039;, os.version: &#039;6.2&#039;, java.version: &#039;1.7.0_55&#039;
Driver info: driver.version: EventFiringWebDriver
Command duration or timeout: 3.27 seconds
Build info: version: &#039;2.42.1&#039;, revision: &#039;68b415a&#039;, time: &#039;2014-05-29 16:16:49&#039;
System info: host: &#039;piotrbogdanski&#039;, ip: &#039;9.161.136.32&#039;, os.name: &#039;Windows 7&#039;, os.arch: &#039;x86&#039;, os.version: &#039;6.1 build 7601 Service Pack 1&#039;, java.version: &#039;1.6.0&#039;
Session ID: b26bcd25-156a-405a-a953-e989a5b1f5be
Capabilities [{handlesAlerts=true, rotatable=false, databaseEnabled=false, locationContextEnabled=true, acceptSslCerts=true, applicationCacheEnabled=false, nativeEvents=true, cssSelectorsEnabled=true, takesScreenshot=true, platform=WIN8, browserName=chrome, javascriptEnabled=true, version=35.0.1916.153, chrome={userDataDir=C:\Users\ADMINI~1\AppData\Local\Temp\scoped_dir4076_31844}, webStorageEnabled=true, webdriver.remote.sessionid=b26bcd25-156a-405a-a953-e989a5b1f5be, browserConnectionEnabled=false, takesHeapSnapshot=true}]
Driver info: org.openqa.selenium.remote.RemoteWebDriver">
      <![CDATA[org.openqa.selenium.WebDriverException: Error communicating with the remote browser. It may have died.
Build info: version: '2.42.0', revision: '5e82430', time: '2014-05-22 20:18:07'
System info: host: 'dslvm346', ip: '9.162.138.157', os.name: 'Windows 8', os.arch: 'x86', os.version: '6.2', java.version: '1.7.0_55'
Driver info: driver.version: EventFiringWebDriver
Command duration or timeout: 3.27 seconds
Build info: version: '2.42.1', revision: '68b415a', time: '2014-05-29 16:16:49'
System info: host: 'piotrbogdanski', ip: '9.161.136.32', os.name: 'Windows 7', os.arch: 'x86', os.version: '6.1 build 7601 Service Pack 1', java.version: '1.6.0'
Session ID: b26bcd25-156a-405a-a953-e989a5b1f5be
Capabilities [{handlesAlerts=true, rotatable=false, databaseEnabled=false, locationContextEnabled=true, acceptSslCerts=true, applicationCacheEnabled=false, nativeEvents=true, cssSelectorsEnabled=true, takesScreenshot=true, platform=WIN8, browserName=chrome, javascriptEnabled=true, version=35.0.1916.153, chrome={userDataDir=C:\Users\ADMINI~1\AppData\Local\Temp\scoped_dir4076_31844}, webStorageEnabled=true, webdriver.remote.sessionid=b26bcd25-156a-405a-a953-e989a5b1f5be, browserConnectionEnabled=false, takesHeapSnapshot=true}]
Driver info: org.openqa.selenium.remote.RemoteWebDriver
	at sun.reflect.NativeConstructorAccessorImpl.newInstance0(Native Method)
	at sun.reflect.NativeConstructorAccessorImpl.newInstance(NativeConstructorAccessorImpl.java:56)
	at sun.reflect.DelegatingConstructorAccessorImpl.newInstance(DelegatingConstructorAccessorImpl.java:39)
	at java.lang.reflect.Constructor.newInstance(Constructor.java:527)
	at org.openqa.selenium.remote.ErrorHandler.createThrowable(ErrorHandler.java:204)
	at org.openqa.selenium.remote.ErrorHandler.throwIfResponseFailed(ErrorHandler.java:156)
	at org.openqa.selenium.remote.RemoteWebDriver.execute(RemoteWebDriver.java:600)
	at org.openqa.selenium.remote.RemoteWebDriver.execute(RemoteWebDriver.java:615)
	at org.openqa.selenium.remote.RemoteWebDriver.quit(RemoteWebDriver.java:469)
	at webUI.LoadBrowser.closeBrowser(LoadBrowser.java:266)
	at sun.reflect.GeneratedMethodAccessor21.invoke(Unknown Source)
	at sun.reflect.DelegatingMethodAccessorImpl.invoke(DelegatingMethodAccessorImpl.java:37)
	at java.lang.reflect.Method.invoke(Method.java:611)
	at org.testng.internal.MethodInvocationHelper.invokeMethod(MethodInvocationHelper.java:84)
	at org.testng.internal.Invoker.invokeConfigurationMethod(Invoker.java:564)
	at org.testng.internal.Invoker.invokeConfigurations(Invoker.java:213)
	at org.testng.internal.Invoker.invokeMethod(Invoker.java:786)
	at org.testng.internal.Invoker.invokeTestMethod(Invoker.java:901)
	at org.testng.internal.Invoker.invokeTestMethods(Invoker.java:1231)
	at org.testng.internal.TestMethodWorker.invokeTestMethods(TestMethodWorker.java:127)
	at org.testng.internal.TestMethodWorker.run(TestMethodWorker.java:111)
	at org.testng.TestRunner.privateRun(TestRunner.java:767)
	at org.testng.TestRunner.run(TestRunner.java:617)
	at org.testng.SuiteRunner.runTest(SuiteRunner.java:334)
	at org.testng.SuiteRunner.runSequentially(SuiteRunner.java:329)
	at org.testng.SuiteRunner.privateRun(SuiteRunner.java:291)
	at org.testng.SuiteRunner.run(SuiteRunner.java:240)
	at org.testng.SuiteRunnerWorker.runSuite(SuiteRunnerWorker.java:52)
	at org.testng.SuiteRunnerWorker.run(SuiteRunnerWorker.java:86)
	at org.testng.TestNG.runSuitesSequentially(TestNG.java:1224)
	at org.testng.TestNG.runSuitesLocally(TestNG.java:1149)
	at org.testng.TestNG.run(TestNG.java:1057)
	at org.testng.remote.RemoteTestNG.run(RemoteTestNG.java:111)
	at org.testng.remote.RemoteTestNG.initAndRun(RemoteTestNG.java:204)
	at org.testng.remote.RemoteTestNG.main(RemoteTestNG.java:175)
Caused by: org.openqa.selenium.remote.UnreachableBrowserException: Error communicating with the remote browser. It may have died.
Build info: version: '2.42.0', revision: '5e82430', time: '2014-05-22 20:18:07'
System info: host: 'dslvm346', ip: '9.162.138.157', os.name: 'Windows 8', os.arch: 'x86', os.version: '6.2', java.version: '1.7.0_55'
Driver info: driver.version: EventFiringWebDriver
Build info: version: '2.42.1', revision: '68b415a', time: '2014-05-29 16:16:49'
System info: host: 'piotrbogdanski', ip: '9.161.136.32', os.name: 'Windows 7', os.arch: 'x86', os.version: '6.1 build 7601 Service Pack 1', java.version: '1.6.0'
Driver info: driver.version: unknown
]]>
    </failure>
  </testcase> <!-- AllContentsLoads -->
  <testcase name="AllContentsLoads" time="0.001" classname="tests.webUI.nonFunctional.LibraryTestsContents">
    <failure type="org.openqa.selenium.WebDriverException" message="Error communicating with the remote browser. It may have died.
Build info: version: &#039;2.42.0&#039;, revision: &#039;5e82430&#039;, time: &#039;2014-05-22 20:18:07&#039;
System info: host: &#039;dslvm346&#039;, ip: &#039;9.162.138.157&#039;, os.name: &#039;Windows 8&#039;, os.arch: &#039;x86&#039;, os.version: &#039;6.2&#039;, java.version: &#039;1.7.0_55&#039;
Driver info: driver.version: EventFiringWebDriver
Command duration or timeout: 3.27 seconds
Build info: version: &#039;2.42.1&#039;, revision: &#039;68b415a&#039;, time: &#039;2014-05-29 16:16:49&#039;
System info: host: &#039;piotrbogdanski&#039;, ip: &#039;9.161.136.32&#039;, os.name: &#039;Windows 7&#039;, os.arch: &#039;x86&#039;, os.version: &#039;6.1 build 7601 Service Pack 1&#039;, java.version: &#039;1.6.0&#039;
Session ID: b26bcd25-156a-405a-a953-e989a5b1f5be
Capabilities [{handlesAlerts=true, rotatable=false, databaseEnabled=false, locationContextEnabled=true, acceptSslCerts=true, applicationCacheEnabled=false, nativeEvents=true, cssSelectorsEnabled=true, takesScreenshot=true, platform=WIN8, browserName=chrome, javascriptEnabled=true, version=35.0.1916.153, chrome={userDataDir=C:\Users\ADMINI~1\AppData\Local\Temp\scoped_dir4076_31844}, webStorageEnabled=true, webdriver.remote.sessionid=b26bcd25-156a-405a-a953-e989a5b1f5be, browserConnectionEnabled=false, takesHeapSnapshot=true}]
Driver info: org.openqa.selenium.remote.RemoteWebDriver">
      <![CDATA[org.openqa.selenium.WebDriverException: Error communicating with the remote browser. It may have died.
Build info: version: '2.42.0', revision: '5e82430', time: '2014-05-22 20:18:07'
System info: host: 'dslvm346', ip: '9.162.138.157', os.name: 'Windows 8', os.arch: 'x86', os.version: '6.2', java.version: '1.7.0_55'
Driver info: driver.version: EventFiringWebDriver
Command duration or timeout: 3.27 seconds
Build info: version: '2.42.1', revision: '68b415a', time: '2014-05-29 16:16:49'
System info: host: 'piotrbogdanski', ip: '9.161.136.32', os.name: 'Windows 7', os.arch: 'x86', os.version: '6.1 build 7601 Service Pack 1', java.version: '1.6.0'
Session ID: b26bcd25-156a-405a-a953-e989a5b1f5be
Capabilities [{handlesAlerts=true, rotatable=false, databaseEnabled=false, locationContextEnabled=true, acceptSslCerts=true, applicationCacheEnabled=false, nativeEvents=true, cssSelectorsEnabled=true, takesScreenshot=true, platform=WIN8, browserName=chrome, javascriptEnabled=true, version=35.0.1916.153, chrome={userDataDir=C:\Users\ADMINI~1\AppData\Local\Temp\scoped_dir4076_31844}, webStorageEnabled=true, webdriver.remote.sessionid=b26bcd25-156a-405a-a953-e989a5b1f5be, browserConnectionEnabled=false, takesHeapSnapshot=true}]
Driver info: org.openqa.selenium.remote.RemoteWebDriver
	at sun.reflect.NativeConstructorAccessorImpl.newInstance0(Native Method)
	at sun.reflect.NativeConstructorAccessorImpl.newInstance(NativeConstructorAccessorImpl.java:56)
	at sun.reflect.DelegatingConstructorAccessorImpl.newInstance(DelegatingConstructorAccessorImpl.java:39)
	at java.lang.reflect.Constructor.newInstance(Constructor.java:527)
	at org.openqa.selenium.remote.ErrorHandler.createThrowable(ErrorHandler.java:204)
	at org.openqa.selenium.remote.ErrorHandler.throwIfResponseFailed(ErrorHandler.java:156)
	at org.openqa.selenium.remote.RemoteWebDriver.execute(RemoteWebDriver.java:600)
	at org.openqa.selenium.remote.RemoteWebDriver.execute(RemoteWebDriver.java:615)
	at org.openqa.selenium.remote.RemoteWebDriver.quit(RemoteWebDriver.java:469)
	at webUI.LoadBrowser.closeBrowser(LoadBrowser.java:266)
	at sun.reflect.GeneratedMethodAccessor21.invoke(Unknown Source)
	at sun.reflect.DelegatingMethodAccessorImpl.invoke(DelegatingMethodAccessorImpl.java:37)
	at java.lang.reflect.Method.invoke(Method.java:611)
	at org.testng.internal.MethodInvocationHelper.invokeMethod(MethodInvocationHelper.java:84)
	at org.testng.internal.Invoker.invokeConfigurationMethod(Invoker.java:564)
	at org.testng.internal.Invoker.invokeConfigurations(Invoker.java:213)
	at org.testng.internal.Invoker.invokeMethod(Invoker.java:786)
	at org.testng.internal.Invoker.invokeTestMethod(Invoker.java:901)
	at org.testng.internal.Invoker.invokeTestMethods(Invoker.java:1231)
	at org.testng.internal.TestMethodWorker.invokeTestMethods(TestMethodWorker.java:127)
	at org.testng.internal.TestMethodWorker.run(TestMethodWorker.java:111)
	at org.testng.TestRunner.privateRun(TestRunner.java:767)
	at org.testng.TestRunner.run(TestRunner.java:617)
	at org.testng.SuiteRunner.runTest(SuiteRunner.java:334)
	at org.testng.SuiteRunner.runSequentially(SuiteRunner.java:329)
	at org.testng.SuiteRunner.privateRun(SuiteRunner.java:291)
	at org.testng.SuiteRunner.run(SuiteRunner.java:240)
	at org.testng.SuiteRunnerWorker.runSuite(SuiteRunnerWorker.java:52)
	at org.testng.SuiteRunnerWorker.run(SuiteRunnerWorker.java:86)
	at org.testng.TestNG.runSuitesSequentially(TestNG.java:1224)
	at org.testng.TestNG.runSuitesLocally(TestNG.java:1149)
	at org.testng.TestNG.run(TestNG.java:1057)
	at org.testng.remote.RemoteTestNG.run(RemoteTestNG.java:111)
	at org.testng.remote.RemoteTestNG.initAndRun(RemoteTestNG.java:204)
	at org.testng.remote.RemoteTestNG.main(RemoteTestNG.java:175)
Caused by: org.openqa.selenium.remote.UnreachableBrowserException: Error communicating with the remote browser. It may have died.
Build info: version: '2.42.0', revision: '5e82430', time: '2014-05-22 20:18:07'
System info: host: 'dslvm346', ip: '9.162.138.157', os.name: 'Windows 8', os.arch: 'x86', os.version: '6.2', java.version: '1.7.0_55'
Driver info: driver.version: EventFiringWebDriver
Build info: version: '2.42.1', revision: '68b415a', time: '2014-05-29 16:16:49'
System info: host: 'piotrbogdanski', ip: '9.161.136.32', os.name: 'Windows 7', os.arch: 'x86', os.version: '6.1 build 7601 Service Pack 1', java.version: '1.6.0'
Driver info: driver.version: unknown
]]>
    </failure>
  </testcase> <!-- AllContentsLoads -->
  <testcase name="AllContentsLoads" time="1.398" classname="tests.webUI.nonFunctional.LibraryTestsContents">
    <failure type="org.openqa.selenium.WebDriverException" message="Error communicating with the remote browser. It may have died.
Build info: version: &#039;2.42.0&#039;, revision: &#039;5e82430&#039;, time: &#039;2014-05-22 20:18:07&#039;
System info: host: &#039;dslvm346&#039;, ip: &#039;9.162.138.157&#039;, os.name: &#039;Windows 8&#039;, os.arch: &#039;x86&#039;, os.version: &#039;6.2&#039;, java.version: &#039;1.7.0_55&#039;
Driver info: driver.version: EventFiringWebDriver
Command duration or timeout: 3.27 seconds
Build info: version: &#039;2.42.1&#039;, revision: &#039;68b415a&#039;, time: &#039;2014-05-29 16:16:49&#039;
System info: host: &#039;piotrbogdanski&#039;, ip: &#039;9.161.136.32&#039;, os.name: &#039;Windows 7&#039;, os.arch: &#039;x86&#039;, os.version: &#039;6.1 build 7601 Service Pack 1&#039;, java.version: &#039;1.6.0&#039;
Session ID: b26bcd25-156a-405a-a953-e989a5b1f5be
Capabilities [{handlesAlerts=true, rotatable=false, databaseEnabled=false, locationContextEnabled=true, acceptSslCerts=true, applicationCacheEnabled=false, nativeEvents=true, cssSelectorsEnabled=true, takesScreenshot=true, platform=WIN8, browserName=chrome, javascriptEnabled=true, version=35.0.1916.153, chrome={userDataDir=C:\Users\ADMINI~1\AppData\Local\Temp\scoped_dir4076_31844}, webStorageEnabled=true, webdriver.remote.sessionid=b26bcd25-156a-405a-a953-e989a5b1f5be, browserConnectionEnabled=false, takesHeapSnapshot=true}]
Driver info: org.openqa.selenium.remote.RemoteWebDriver">
      <![CDATA[org.openqa.selenium.WebDriverException: Error communicating with the remote browser. It may have died.
Build info: version: '2.42.0', revision: '5e82430', time: '2014-05-22 20:18:07'
System info: host: 'dslvm346', ip: '9.162.138.157', os.name: 'Windows 8', os.arch: 'x86', os.version: '6.2', java.version: '1.7.0_55'
Driver info: driver.version: EventFiringWebDriver
Command duration or timeout: 3.27 seconds
Build info: version: '2.42.1', revision: '68b415a', time: '2014-05-29 16:16:49'
System info: host: 'piotrbogdanski', ip: '9.161.136.32', os.name: 'Windows 7', os.arch: 'x86', os.version: '6.1 build 7601 Service Pack 1', java.version: '1.6.0'
Session ID: b26bcd25-156a-405a-a953-e989a5b1f5be
Capabilities [{handlesAlerts=true, rotatable=false, databaseEnabled=false, locationContextEnabled=true, acceptSslCerts=true, applicationCacheEnabled=false, nativeEvents=true, cssSelectorsEnabled=true, takesScreenshot=true, platform=WIN8, browserName=chrome, javascriptEnabled=true, version=35.0.1916.153, chrome={userDataDir=C:\Users\ADMINI~1\AppData\Local\Temp\scoped_dir4076_31844}, webStorageEnabled=true, webdriver.remote.sessionid=b26bcd25-156a-405a-a953-e989a5b1f5be, browserConnectionEnabled=false, takesHeapSnapshot=true}]
Driver info: org.openqa.selenium.remote.RemoteWebDriver
	at sun.reflect.NativeConstructorAccessorImpl.newInstance0(Native Method)
	at sun.reflect.NativeConstructorAccessorImpl.newInstance(NativeConstructorAccessorImpl.java:56)
	at sun.reflect.DelegatingConstructorAccessorImpl.newInstance(DelegatingConstructorAccessorImpl.java:39)
	at java.lang.reflect.Constructor.newInstance(Constructor.java:527)
	at org.openqa.selenium.remote.ErrorHandler.createThrowable(ErrorHandler.java:204)
	at org.openqa.selenium.remote.ErrorHandler.throwIfResponseFailed(ErrorHandler.java:156)
	at org.openqa.selenium.remote.RemoteWebDriver.execute(RemoteWebDriver.java:600)
	at org.openqa.selenium.remote.RemoteWebDriver.execute(RemoteWebDriver.java:615)
	at org.openqa.selenium.remote.RemoteWebDriver.quit(RemoteWebDriver.java:469)
	at webUI.LoadBrowser.closeBrowser(LoadBrowser.java:266)
	at sun.reflect.GeneratedMethodAccessor21.invoke(Unknown Source)
	at sun.reflect.DelegatingMethodAccessorImpl.invoke(DelegatingMethodAccessorImpl.java:37)
	at java.lang.reflect.Method.invoke(Method.java:611)
	at org.testng.internal.MethodInvocationHelper.invokeMethod(MethodInvocationHelper.java:84)
	at org.testng.internal.Invoker.invokeConfigurationMethod(Invoker.java:564)
	at org.testng.internal.Invoker.invokeConfigurations(Invoker.java:213)
	at org.testng.internal.Invoker.invokeMethod(Invoker.java:786)
	at org.testng.internal.Invoker.invokeTestMethod(Invoker.java:901)
	at org.testng.internal.Invoker.invokeTestMethods(Invoker.java:1231)
	at org.testng.internal.TestMethodWorker.invokeTestMethods(TestMethodWorker.java:127)
	at org.testng.internal.TestMethodWorker.run(TestMethodWorker.java:111)
	at org.testng.TestRunner.privateRun(TestRunner.java:767)
	at org.testng.TestRunner.run(TestRunner.java:617)
	at org.testng.SuiteRunner.runTest(SuiteRunner.java:334)
	at org.testng.SuiteRunner.runSequentially(SuiteRunner.java:329)
	at org.testng.SuiteRunner.privateRun(SuiteRunner.java:291)
	at org.testng.SuiteRunner.run(SuiteRunner.java:240)
	at org.testng.SuiteRunnerWorker.runSuite(SuiteRunnerWorker.java:52)
	at org.testng.SuiteRunnerWorker.run(SuiteRunnerWorker.java:86)
	at org.testng.TestNG.runSuitesSequentially(TestNG.java:1224)
	at org.testng.TestNG.runSuitesLocally(TestNG.java:1149)
	at org.testng.TestNG.run(TestNG.java:1057)
	at org.testng.remote.RemoteTestNG.run(RemoteTestNG.java:111)
	at org.testng.remote.RemoteTestNG.initAndRun(RemoteTestNG.java:204)
	at org.testng.remote.RemoteTestNG.main(RemoteTestNG.java:175)
Caused by: org.openqa.selenium.remote.UnreachableBrowserException: Error communicating with the remote browser. It may have died.
Build info: version: '2.42.0', revision: '5e82430', time: '2014-05-22 20:18:07'
System info: host: 'dslvm346', ip: '9.162.138.157', os.name: 'Windows 8', os.arch: 'x86', os.version: '6.2', java.version: '1.7.0_55'
Driver info: driver.version: EventFiringWebDriver
Build info: version: '2.42.1', revision: '68b415a', time: '2014-05-29 16:16:49'
System info: host: 'piotrbogdanski', ip: '9.161.136.32', os.name: 'Windows 7', os.arch: 'x86', os.version: '6.1 build 7601 Service Pack 1', java.version: '1.6.0'
Driver info: driver.version: unknown
]]>
    </failure>
  </testcase> <!-- AllContentsLoads -->
  <testcase name="AllContentsLoads" time="42.339" classname="tests.webUI.nonFunctional.LibraryTestsContents"/>
  <testcase name="AllContentsLoads" time="0.001" classname="tests.webUI.nonFunctional.LibraryTestsContents">
    <failure type="org.openqa.selenium.WebDriverException" message="Error communicating with the remote browser. It may have died.
Build info: version: &#039;2.42.0&#039;, revision: &#039;5e82430&#039;, time: &#039;2014-05-22 20:18:07&#039;
System info: host: &#039;dslvm346&#039;, ip: &#039;9.162.138.157&#039;, os.name: &#039;Windows 8&#039;, os.arch: &#039;x86&#039;, os.version: &#039;6.2&#039;, java.version: &#039;1.7.0_55&#039;
Driver info: driver.version: EventFiringWebDriver
Command duration or timeout: 3.27 seconds
Build info: version: &#039;2.42.1&#039;, revision: &#039;68b415a&#039;, time: &#039;2014-05-29 16:16:49&#039;
System info: host: &#039;piotrbogdanski&#039;, ip: &#039;9.161.136.32&#039;, os.name: &#039;Windows 7&#039;, os.arch: &#039;x86&#039;, os.version: &#039;6.1 build 7601 Service Pack 1&#039;, java.version: &#039;1.6.0&#039;
Session ID: b26bcd25-156a-405a-a953-e989a5b1f5be
Capabilities [{handlesAlerts=true, rotatable=false, databaseEnabled=false, locationContextEnabled=true, acceptSslCerts=true, applicationCacheEnabled=false, nativeEvents=true, cssSelectorsEnabled=true, takesScreenshot=true, platform=WIN8, browserName=chrome, javascriptEnabled=true, version=35.0.1916.153, chrome={userDataDir=C:\Users\ADMINI~1\AppData\Local\Temp\scoped_dir4076_31844}, webStorageEnabled=true, webdriver.remote.sessionid=b26bcd25-156a-405a-a953-e989a5b1f5be, browserConnectionEnabled=false, takesHeapSnapshot=true}]
Driver info: org.openqa.selenium.remote.RemoteWebDriver">
      <![CDATA[org.openqa.selenium.WebDriverException: Error communicating with the remote browser. It may have died.
Build info: version: '2.42.0', revision: '5e82430', time: '2014-05-22 20:18:07'
System info: host: 'dslvm346', ip: '9.162.138.157', os.name: 'Windows 8', os.arch: 'x86', os.version: '6.2', java.version: '1.7.0_55'
Driver info: driver.version: EventFiringWebDriver
Command duration or timeout: 3.27 seconds
Build info: version: '2.42.1', revision: '68b415a', time: '2014-05-29 16:16:49'
System info: host: 'piotrbogdanski', ip: '9.161.136.32', os.name: 'Windows 7', os.arch: 'x86', os.version: '6.1 build 7601 Service Pack 1', java.version: '1.6.0'
Session ID: b26bcd25-156a-405a-a953-e989a5b1f5be
Capabilities [{handlesAlerts=true, rotatable=false, databaseEnabled=false, locationContextEnabled=true, acceptSslCerts=true, applicationCacheEnabled=false, nativeEvents=true, cssSelectorsEnabled=true, takesScreenshot=true, platform=WIN8, browserName=chrome, javascriptEnabled=true, version=35.0.1916.153, chrome={userDataDir=C:\Users\ADMINI~1\AppData\Local\Temp\scoped_dir4076_31844}, webStorageEnabled=true, webdriver.remote.sessionid=b26bcd25-156a-405a-a953-e989a5b1f5be, browserConnectionEnabled=false, takesHeapSnapshot=true}]
Driver info: org.openqa.selenium.remote.RemoteWebDriver
	at sun.reflect.NativeConstructorAccessorImpl.newInstance0(Native Method)
	at sun.reflect.NativeConstructorAccessorImpl.newInstance(NativeConstructorAccessorImpl.java:56)
	at sun.reflect.DelegatingConstructorAccessorImpl.newInstance(DelegatingConstructorAccessorImpl.java:39)
	at java.lang.reflect.Constructor.newInstance(Constructor.java:527)
	at org.openqa.selenium.remote.ErrorHandler.createThrowable(ErrorHandler.java:204)
	at org.openqa.selenium.remote.ErrorHandler.throwIfResponseFailed(ErrorHandler.java:156)
	at org.openqa.selenium.remote.RemoteWebDriver.execute(RemoteWebDriver.java:600)
	at org.openqa.selenium.remote.RemoteWebDriver.execute(RemoteWebDriver.java:615)
	at org.openqa.selenium.remote.RemoteWebDriver.quit(RemoteWebDriver.java:469)
	at webUI.LoadBrowser.closeBrowser(LoadBrowser.java:266)
	at sun.reflect.GeneratedMethodAccessor21.invoke(Unknown Source)
	at sun.reflect.DelegatingMethodAccessorImpl.invoke(DelegatingMethodAccessorImpl.java:37)
	at java.lang.reflect.Method.invoke(Method.java:611)
	at org.testng.internal.MethodInvocationHelper.invokeMethod(MethodInvocationHelper.java:84)
	at org.testng.internal.Invoker.invokeConfigurationMethod(Invoker.java:564)
	at org.testng.internal.Invoker.invokeConfigurations(Invoker.java:213)
	at org.testng.internal.Invoker.invokeMethod(Invoker.java:786)
	at org.testng.internal.Invoker.invokeTestMethod(Invoker.java:901)
	at org.testng.internal.Invoker.invokeTestMethods(Invoker.java:1231)
	at org.testng.internal.TestMethodWorker.invokeTestMethods(TestMethodWorker.java:127)
	at org.testng.internal.TestMethodWorker.run(TestMethodWorker.java:111)
	at org.testng.TestRunner.privateRun(TestRunner.java:767)
	at org.testng.TestRunner.run(TestRunner.java:617)
	at org.testng.SuiteRunner.runTest(SuiteRunner.java:334)
	at org.testng.SuiteRunner.runSequentially(SuiteRunner.java:329)
	at org.testng.SuiteRunner.privateRun(SuiteRunner.java:291)
	at org.testng.SuiteRunner.run(SuiteRunner.java:240)
	at org.testng.SuiteRunnerWorker.runSuite(SuiteRunnerWorker.java:52)
	at org.testng.SuiteRunnerWorker.run(SuiteRunnerWorker.java:86)
	at org.testng.TestNG.runSuitesSequentially(TestNG.java:1224)
	at org.testng.TestNG.runSuitesLocally(TestNG.java:1149)
	at org.testng.TestNG.run(TestNG.java:1057)
	at org.testng.remote.RemoteTestNG.run(RemoteTestNG.java:111)
	at org.testng.remote.RemoteTestNG.initAndRun(RemoteTestNG.java:204)
	at org.testng.remote.RemoteTestNG.main(RemoteTestNG.java:175)
Caused by: org.openqa.selenium.remote.UnreachableBrowserException: Error communicating with the remote browser. It may have died.
Build info: version: '2.42.0', revision: '5e82430', time: '2014-05-22 20:18:07'
System info: host: 'dslvm346', ip: '9.162.138.157', os.name: 'Windows 8', os.arch: 'x86', os.version: '6.2', java.version: '1.7.0_55'
Driver info: driver.version: EventFiringWebDriver
Build info: version: '2.42.1', revision: '68b415a', time: '2014-05-29 16:16:49'
System info: host: 'piotrbogdanski', ip: '9.161.136.32', os.name: 'Windows 7', os.arch: 'x86', os.version: '6.1 build 7601 Service Pack 1', java.version: '1.6.0'
Driver info: driver.version: unknown
]]>
    </failure>
  </testcase> <!-- AllContentsLoads -->
  <testcase name="AllContentsLoads" time="0.008" classname="tests.webUI.nonFunctional.LibraryTestsContents">
    <failure type="org.openqa.selenium.WebDriverException" message="Error communicating with the remote browser. It may have died.
Build info: version: &#039;2.42.0&#039;, revision: &#039;5e82430&#039;, time: &#039;2014-05-22 20:18:07&#039;
System info: host: &#039;dslvm346&#039;, ip: &#039;9.162.138.157&#039;, os.name: &#039;Windows 8&#039;, os.arch: &#039;x86&#039;, os.version: &#039;6.2&#039;, java.version: &#039;1.7.0_55&#039;
Driver info: driver.version: EventFiringWebDriver
Command duration or timeout: 3.27 seconds
Build info: version: &#039;2.42.1&#039;, revision: &#039;68b415a&#039;, time: &#039;2014-05-29 16:16:49&#039;
System info: host: &#039;piotrbogdanski&#039;, ip: &#039;9.161.136.32&#039;, os.name: &#039;Windows 7&#039;, os.arch: &#039;x86&#039;, os.version: &#039;6.1 build 7601 Service Pack 1&#039;, java.version: &#039;1.6.0&#039;
Session ID: b26bcd25-156a-405a-a953-e989a5b1f5be
Capabilities [{handlesAlerts=true, rotatable=false, databaseEnabled=false, locationContextEnabled=true, acceptSslCerts=true, applicationCacheEnabled=false, nativeEvents=true, cssSelectorsEnabled=true, takesScreenshot=true, platform=WIN8, browserName=chrome, javascriptEnabled=true, version=35.0.1916.153, chrome={userDataDir=C:\Users\ADMINI~1\AppData\Local\Temp\scoped_dir4076_31844}, webStorageEnabled=true, webdriver.remote.sessionid=b26bcd25-156a-405a-a953-e989a5b1f5be, browserConnectionEnabled=false, takesHeapSnapshot=true}]
Driver info: org.openqa.selenium.remote.RemoteWebDriver">
      <![CDATA[org.openqa.selenium.WebDriverException: Error communicating with the remote browser. It may have died.
Build info: version: '2.42.0', revision: '5e82430', time: '2014-05-22 20:18:07'
System info: host: 'dslvm346', ip: '9.162.138.157', os.name: 'Windows 8', os.arch: 'x86', os.version: '6.2', java.version: '1.7.0_55'
Driver info: driver.version: EventFiringWebDriver
Command duration or timeout: 3.27 seconds
Build info: version: '2.42.1', revision: '68b415a', time: '2014-05-29 16:16:49'
System info: host: 'piotrbogdanski', ip: '9.161.136.32', os.name: 'Windows 7', os.arch: 'x86', os.version: '6.1 build 7601 Service Pack 1', java.version: '1.6.0'
Session ID: b26bcd25-156a-405a-a953-e989a5b1f5be
Capabilities [{handlesAlerts=true, rotatable=false, databaseEnabled=false, locationContextEnabled=true, acceptSslCerts=true, applicationCacheEnabled=false, nativeEvents=true, cssSelectorsEnabled=true, takesScreenshot=true, platform=WIN8, browserName=chrome, javascriptEnabled=true, version=35.0.1916.153, chrome={userDataDir=C:\Users\ADMINI~1\AppData\Local\Temp\scoped_dir4076_31844}, webStorageEnabled=true, webdriver.remote.sessionid=b26bcd25-156a-405a-a953-e989a5b1f5be, browserConnectionEnabled=false, takesHeapSnapshot=true}]
Driver info: org.openqa.selenium.remote.RemoteWebDriver
	at sun.reflect.NativeConstructorAccessorImpl.newInstance0(Native Method)
	at sun.reflect.NativeConstructorAccessorImpl.newInstance(NativeConstructorAccessorImpl.java:56)
	at sun.reflect.DelegatingConstructorAccessorImpl.newInstance(DelegatingConstructorAccessorImpl.java:39)
	at java.lang.reflect.Constructor.newInstance(Constructor.java:527)
	at org.openqa.selenium.remote.ErrorHandler.createThrowable(ErrorHandler.java:204)
	at org.openqa.selenium.remote.ErrorHandler.throwIfResponseFailed(ErrorHandler.java:156)
	at org.openqa.selenium.remote.RemoteWebDriver.execute(RemoteWebDriver.java:600)
	at org.openqa.selenium.remote.RemoteWebDriver.execute(RemoteWebDriver.java:615)
	at org.openqa.selenium.remote.RemoteWebDriver.quit(RemoteWebDriver.java:469)
	at webUI.LoadBrowser.closeBrowser(LoadBrowser.java:266)
	at sun.reflect.GeneratedMethodAccessor21.invoke(Unknown Source)
	at sun.reflect.DelegatingMethodAccessorImpl.invoke(DelegatingMethodAccessorImpl.java:37)
	at java.lang.reflect.Method.invoke(Method.java:611)
	at org.testng.internal.MethodInvocationHelper.invokeMethod(MethodInvocationHelper.java:84)
	at org.testng.internal.Invoker.invokeConfigurationMethod(Invoker.java:564)
	at org.testng.internal.Invoker.invokeConfigurations(Invoker.java:213)
	at org.testng.internal.Invoker.invokeMethod(Invoker.java:786)
	at org.testng.internal.Invoker.invokeTestMethod(Invoker.java:901)
	at org.testng.internal.Invoker.invokeTestMethods(Invoker.java:1231)
	at org.testng.internal.TestMethodWorker.invokeTestMethods(TestMethodWorker.java:127)
	at org.testng.internal.TestMethodWorker.run(TestMethodWorker.java:111)
	at org.testng.TestRunner.privateRun(TestRunner.java:767)
	at org.testng.TestRunner.run(TestRunner.java:617)
	at org.testng.SuiteRunner.runTest(SuiteRunner.java:334)
	at org.testng.SuiteRunner.runSequentially(SuiteRunner.java:329)
	at org.testng.SuiteRunner.privateRun(SuiteRunner.java:291)
	at org.testng.SuiteRunner.run(SuiteRunner.java:240)
	at org.testng.SuiteRunnerWorker.runSuite(SuiteRunnerWorker.java:52)
	at org.testng.SuiteRunnerWorker.run(SuiteRunnerWorker.java:86)
	at org.testng.TestNG.runSuitesSequentially(TestNG.java:1224)
	at org.testng.TestNG.runSuitesLocally(TestNG.java:1149)
	at org.testng.TestNG.run(TestNG.java:1057)
	at org.testng.remote.RemoteTestNG.run(RemoteTestNG.java:111)
	at org.testng.remote.RemoteTestNG.initAndRun(RemoteTestNG.java:204)
	at org.testng.remote.RemoteTestNG.main(RemoteTestNG.java:175)
Caused by: org.openqa.selenium.remote.UnreachableBrowserException: Error communicating with the remote browser. It may have died.
Build info: version: '2.42.0', revision: '5e82430', time: '2014-05-22 20:18:07'
System info: host: 'dslvm346', ip: '9.162.138.157', os.name: 'Windows 8', os.arch: 'x86', os.version: '6.2', java.version: '1.7.0_55'
Driver info: driver.version: EventFiringWebDriver
Build info: version: '2.42.1', revision: '68b415a', time: '2014-05-29 16:16:49'
System info: host: 'piotrbogdanski', ip: '9.161.136.32', os.name: 'Windows 7', os.arch: 'x86', os.version: '6.1 build 7601 Service Pack 1', java.version: '1.6.0'
Driver info: driver.version: unknown
]]>
    </failure>
  </testcase> <!-- AllContentsLoads -->
  <testcase name="AllContentsLoads" time="0.001" classname="tests.webUI.nonFunctional.LibraryTestsContents">
    <failure type="org.openqa.selenium.WebDriverException" message="Error communicating with the remote browser. It may have died.
Build info: version: &#039;2.42.0&#039;, revision: &#039;5e82430&#039;, time: &#039;2014-05-22 20:18:07&#039;
System info: host: &#039;dslvm346&#039;, ip: &#039;9.162.138.157&#039;, os.name: &#039;Windows 8&#039;, os.arch: &#039;x86&#039;, os.version: &#039;6.2&#039;, java.version: &#039;1.7.0_55&#039;
Driver info: driver.version: EventFiringWebDriver
Command duration or timeout: 3.27 seconds
Build info: version: &#039;2.42.1&#039;, revision: &#039;68b415a&#039;, time: &#039;2014-05-29 16:16:49&#039;
System info: host: &#039;piotrbogdanski&#039;, ip: &#039;9.161.136.32&#039;, os.name: &#039;Windows 7&#039;, os.arch: &#039;x86&#039;, os.version: &#039;6.1 build 7601 Service Pack 1&#039;, java.version: &#039;1.6.0&#039;
Session ID: b26bcd25-156a-405a-a953-e989a5b1f5be
Capabilities [{handlesAlerts=true, rotatable=false, databaseEnabled=false, locationContextEnabled=true, acceptSslCerts=true, applicationCacheEnabled=false, nativeEvents=true, cssSelectorsEnabled=true, takesScreenshot=true, platform=WIN8, browserName=chrome, javascriptEnabled=true, version=35.0.1916.153, chrome={userDataDir=C:\Users\ADMINI~1\AppData\Local\Temp\scoped_dir4076_31844}, webStorageEnabled=true, webdriver.remote.sessionid=b26bcd25-156a-405a-a953-e989a5b1f5be, browserConnectionEnabled=false, takesHeapSnapshot=true}]
Driver info: org.openqa.selenium.remote.RemoteWebDriver">
      <![CDATA[org.openqa.selenium.WebDriverException: Error communicating with the remote browser. It may have died.
Build info: version: '2.42.0', revision: '5e82430', time: '2014-05-22 20:18:07'
System info: host: 'dslvm346', ip: '9.162.138.157', os.name: 'Windows 8', os.arch: 'x86', os.version: '6.2', java.version: '1.7.0_55'
Driver info: driver.version: EventFiringWebDriver
Command duration or timeout: 3.27 seconds
Build info: version: '2.42.1', revision: '68b415a', time: '2014-05-29 16:16:49'
System info: host: 'piotrbogdanski', ip: '9.161.136.32', os.name: 'Windows 7', os.arch: 'x86', os.version: '6.1 build 7601 Service Pack 1', java.version: '1.6.0'
Session ID: b26bcd25-156a-405a-a953-e989a5b1f5be
Capabilities [{handlesAlerts=true, rotatable=false, databaseEnabled=false, locationContextEnabled=true, acceptSslCerts=true, applicationCacheEnabled=false, nativeEvents=true, cssSelectorsEnabled=true, takesScreenshot=true, platform=WIN8, browserName=chrome, javascriptEnabled=true, version=35.0.1916.153, chrome={userDataDir=C:\Users\ADMINI~1\AppData\Local\Temp\scoped_dir4076_31844}, webStorageEnabled=true, webdriver.remote.sessionid=b26bcd25-156a-405a-a953-e989a5b1f5be, browserConnectionEnabled=false, takesHeapSnapshot=true}]
Driver info: org.openqa.selenium.remote.RemoteWebDriver
	at sun.reflect.NativeConstructorAccessorImpl.newInstance0(Native Method)
	at sun.reflect.NativeConstructorAccessorImpl.newInstance(NativeConstructorAccessorImpl.java:56)
	at sun.reflect.DelegatingConstructorAccessorImpl.newInstance(DelegatingConstructorAccessorImpl.java:39)
	at java.lang.reflect.Constructor.newInstance(Constructor.java:527)
	at org.openqa.selenium.remote.ErrorHandler.createThrowable(ErrorHandler.java:204)
	at org.openqa.selenium.remote.ErrorHandler.throwIfResponseFailed(ErrorHandler.java:156)
	at org.openqa.selenium.remote.RemoteWebDriver.execute(RemoteWebDriver.java:600)
	at org.openqa.selenium.remote.RemoteWebDriver.execute(RemoteWebDriver.java:615)
	at org.openqa.selenium.remote.RemoteWebDriver.quit(RemoteWebDriver.java:469)
	at webUI.LoadBrowser.closeBrowser(LoadBrowser.java:266)
	at sun.reflect.GeneratedMethodAccessor21.invoke(Unknown Source)
	at sun.reflect.DelegatingMethodAccessorImpl.invoke(DelegatingMethodAccessorImpl.java:37)
	at java.lang.reflect.Method.invoke(Method.java:611)
	at org.testng.internal.MethodInvocationHelper.invokeMethod(MethodInvocationHelper.java:84)
	at org.testng.internal.Invoker.invokeConfigurationMethod(Invoker.java:564)
	at org.testng.internal.Invoker.invokeConfigurations(Invoker.java:213)
	at org.testng.internal.Invoker.invokeMethod(Invoker.java:786)
	at org.testng.internal.Invoker.invokeTestMethod(Invoker.java:901)
	at org.testng.internal.Invoker.invokeTestMethods(Invoker.java:1231)
	at org.testng.internal.TestMethodWorker.invokeTestMethods(TestMethodWorker.java:127)
	at org.testng.internal.TestMethodWorker.run(TestMethodWorker.java:111)
	at org.testng.TestRunner.privateRun(TestRunner.java:767)
	at org.testng.TestRunner.run(TestRunner.java:617)
	at org.testng.SuiteRunner.runTest(SuiteRunner.java:334)
	at org.testng.SuiteRunner.runSequentially(SuiteRunner.java:329)
	at org.testng.SuiteRunner.privateRun(SuiteRunner.java:291)
	at org.testng.SuiteRunner.run(SuiteRunner.java:240)
	at org.testng.SuiteRunnerWorker.runSuite(SuiteRunnerWorker.java:52)
	at org.testng.SuiteRunnerWorker.run(SuiteRunnerWorker.java:86)
	at org.testng.TestNG.runSuitesSequentially(TestNG.java:1224)
	at org.testng.TestNG.runSuitesLocally(TestNG.java:1149)
	at org.testng.TestNG.run(TestNG.java:1057)
	at org.testng.remote.RemoteTestNG.run(RemoteTestNG.java:111)
	at org.testng.remote.RemoteTestNG.initAndRun(RemoteTestNG.java:204)
	at org.testng.remote.RemoteTestNG.main(RemoteTestNG.java:175)
Caused by: org.openqa.selenium.remote.UnreachableBrowserException: Error communicating with the remote browser. It may have died.
Build info: version: '2.42.0', revision: '5e82430', time: '2014-05-22 20:18:07'
System info: host: 'dslvm346', ip: '9.162.138.157', os.name: 'Windows 8', os.arch: 'x86', os.version: '6.2', java.version: '1.7.0_55'
Driver info: driver.version: EventFiringWebDriver
Build info: version: '2.42.1', revision: '68b415a', time: '2014-05-29 16:16:49'
System info: host: 'piotrbogdanski', ip: '9.161.136.32', os.name: 'Windows 7', os.arch: 'x86', os.version: '6.1 build 7601 Service Pack 1', java.version: '1.6.0'
Driver info: driver.version: unknown
]]>
    </failure>
  </testcase> <!-- AllContentsLoads -->
  <testcase name="AllContentsLoads" time="1.359" classname="tests.webUI.nonFunctional.LibraryTestsContents">
    <failure type="org.openqa.selenium.WebDriverException" message="Error communicating with the remote browser. It may have died.
Build info: version: &#039;2.42.0&#039;, revision: &#039;5e82430&#039;, time: &#039;2014-05-22 20:18:07&#039;
System info: host: &#039;dslvm346&#039;, ip: &#039;9.162.138.157&#039;, os.name: &#039;Windows 8&#039;, os.arch: &#039;x86&#039;, os.version: &#039;6.2&#039;, java.version: &#039;1.7.0_55&#039;
Driver info: driver.version: EventFiringWebDriver
Command duration or timeout: 3.27 seconds
Build info: version: &#039;2.42.1&#039;, revision: &#039;68b415a&#039;, time: &#039;2014-05-29 16:16:49&#039;
System info: host: &#039;piotrbogdanski&#039;, ip: &#039;9.161.136.32&#039;, os.name: &#039;Windows 7&#039;, os.arch: &#039;x86&#039;, os.version: &#039;6.1 build 7601 Service Pack 1&#039;, java.version: &#039;1.6.0&#039;
Session ID: b26bcd25-156a-405a-a953-e989a5b1f5be
Capabilities [{handlesAlerts=true, rotatable=false, databaseEnabled=false, locationContextEnabled=true, acceptSslCerts=true, applicationCacheEnabled=false, nativeEvents=true, cssSelectorsEnabled=true, takesScreenshot=true, platform=WIN8, browserName=chrome, javascriptEnabled=true, version=35.0.1916.153, chrome={userDataDir=C:\Users\ADMINI~1\AppData\Local\Temp\scoped_dir4076_31844}, webStorageEnabled=true, webdriver.remote.sessionid=b26bcd25-156a-405a-a953-e989a5b1f5be, browserConnectionEnabled=false, takesHeapSnapshot=true}]
Driver info: org.openqa.selenium.remote.RemoteWebDriver">
      <![CDATA[org.openqa.selenium.WebDriverException: Error communicating with the remote browser. It may have died.
Build info: version: '2.42.0', revision: '5e82430', time: '2014-05-22 20:18:07'
System info: host: 'dslvm346', ip: '9.162.138.157', os.name: 'Windows 8', os.arch: 'x86', os.version: '6.2', java.version: '1.7.0_55'
Driver info: driver.version: EventFiringWebDriver
Command duration or timeout: 3.27 seconds
Build info: version: '2.42.1', revision: '68b415a', time: '2014-05-29 16:16:49'
System info: host: 'piotrbogdanski', ip: '9.161.136.32', os.name: 'Windows 7', os.arch: 'x86', os.version: '6.1 build 7601 Service Pack 1', java.version: '1.6.0'
Session ID: b26bcd25-156a-405a-a953-e989a5b1f5be
Capabilities [{handlesAlerts=true, rotatable=false, databaseEnabled=false, locationContextEnabled=true, acceptSslCerts=true, applicationCacheEnabled=false, nativeEvents=true, cssSelectorsEnabled=true, takesScreenshot=true, platform=WIN8, browserName=chrome, javascriptEnabled=true, version=35.0.1916.153, chrome={userDataDir=C:\Users\ADMINI~1\AppData\Local\Temp\scoped_dir4076_31844}, webStorageEnabled=true, webdriver.remote.sessionid=b26bcd25-156a-405a-a953-e989a5b1f5be, browserConnectionEnabled=false, takesHeapSnapshot=true}]
Driver info: org.openqa.selenium.remote.RemoteWebDriver
	at sun.reflect.NativeConstructorAccessorImpl.newInstance0(Native Method)
	at sun.reflect.NativeConstructorAccessorImpl.newInstance(NativeConstructorAccessorImpl.java:56)
	at sun.reflect.DelegatingConstructorAccessorImpl.newInstance(DelegatingConstructorAccessorImpl.java:39)
	at java.lang.reflect.Constructor.newInstance(Constructor.java:527)
	at org.openqa.selenium.remote.ErrorHandler.createThrowable(ErrorHandler.java:204)
	at org.openqa.selenium.remote.ErrorHandler.throwIfResponseFailed(ErrorHandler.java:156)
	at org.openqa.selenium.remote.RemoteWebDriver.execute(RemoteWebDriver.java:600)
	at org.openqa.selenium.remote.RemoteWebDriver.execute(RemoteWebDriver.java:615)
	at org.openqa.selenium.remote.RemoteWebDriver.quit(RemoteWebDriver.java:469)
	at webUI.LoadBrowser.closeBrowser(LoadBrowser.java:266)
	at sun.reflect.GeneratedMethodAccessor21.invoke(Unknown Source)
	at sun.reflect.DelegatingMethodAccessorImpl.invoke(DelegatingMethodAccessorImpl.java:37)
	at java.lang.reflect.Method.invoke(Method.java:611)
	at org.testng.internal.MethodInvocationHelper.invokeMethod(MethodInvocationHelper.java:84)
	at org.testng.internal.Invoker.invokeConfigurationMethod(Invoker.java:564)
	at org.testng.internal.Invoker.invokeConfigurations(Invoker.java:213)
	at org.testng.internal.Invoker.invokeMethod(Invoker.java:786)
	at org.testng.internal.Invoker.invokeTestMethod(Invoker.java:901)
	at org.testng.internal.Invoker.invokeTestMethods(Invoker.java:1231)
	at org.testng.internal.TestMethodWorker.invokeTestMethods(TestMethodWorker.java:127)
	at org.testng.internal.TestMethodWorker.run(TestMethodWorker.java:111)
	at org.testng.TestRunner.privateRun(TestRunner.java:767)
	at org.testng.TestRunner.run(TestRunner.java:617)
	at org.testng.SuiteRunner.runTest(SuiteRunner.java:334)
	at org.testng.SuiteRunner.runSequentially(SuiteRunner.java:329)
	at org.testng.SuiteRunner.privateRun(SuiteRunner.java:291)
	at org.testng.SuiteRunner.run(SuiteRunner.java:240)
	at org.testng.SuiteRunnerWorker.runSuite(SuiteRunnerWorker.java:52)
	at org.testng.SuiteRunnerWorker.run(SuiteRunnerWorker.java:86)
	at org.testng.TestNG.runSuitesSequentially(TestNG.java:1224)
	at org.testng.TestNG.runSuitesLocally(TestNG.java:1149)
	at org.testng.TestNG.run(TestNG.java:1057)
	at org.testng.remote.RemoteTestNG.run(RemoteTestNG.java:111)
	at org.testng.remote.RemoteTestNG.initAndRun(RemoteTestNG.java:204)
	at org.testng.remote.RemoteTestNG.main(RemoteTestNG.java:175)
Caused by: org.openqa.selenium.remote.UnreachableBrowserException: Error communicating with the remote browser. It may have died.
Build info: version: '2.42.0', revision: '5e82430', time: '2014-05-22 20:18:07'
System info: host: 'dslvm346', ip: '9.162.138.157', os.name: 'Windows 8', os.arch: 'x86', os.version: '6.2', java.version: '1.7.0_55'
Driver info: driver.version: EventFiringWebDriver
Build info: version: '2.42.1', revision: '68b415a', time: '2014-05-29 16:16:49'
System info: host: 'piotrbogdanski', ip: '9.161.136.32', os.name: 'Windows 7', os.arch: 'x86', os.version: '6.1 build 7601 Service Pack 1', java.version: '1.6.0'
Driver info: driver.version: unknown
]]>
    </failure>
  </testcase> <!-- AllContentsLoads -->
  <testcase name="AllContentsLoads" time="0.001" classname="tests.webUI.nonFunctional.LibraryTestsContents">
    <failure type="org.openqa.selenium.WebDriverException" message="Error communicating with the remote browser. It may have died.
Build info: version: &#039;2.42.0&#039;, revision: &#039;5e82430&#039;, time: &#039;2014-05-22 20:18:07&#039;
System info: host: &#039;dslvm346&#039;, ip: &#039;9.162.138.157&#039;, os.name: &#039;Windows 8&#039;, os.arch: &#039;x86&#039;, os.version: &#039;6.2&#039;, java.version: &#039;1.7.0_55&#039;
Driver info: driver.version: EventFiringWebDriver
Command duration or timeout: 3.27 seconds
Build info: version: &#039;2.42.1&#039;, revision: &#039;68b415a&#039;, time: &#039;2014-05-29 16:16:49&#039;
System info: host: &#039;piotrbogdanski&#039;, ip: &#039;9.161.136.32&#039;, os.name: &#039;Windows 7&#039;, os.arch: &#039;x86&#039;, os.version: &#039;6.1 build 7601 Service Pack 1&#039;, java.version: &#039;1.6.0&#039;
Session ID: b26bcd25-156a-405a-a953-e989a5b1f5be
Capabilities [{handlesAlerts=true, rotatable=false, databaseEnabled=false, locationContextEnabled=true, acceptSslCerts=true, applicationCacheEnabled=false, nativeEvents=true, cssSelectorsEnabled=true, takesScreenshot=true, platform=WIN8, browserName=chrome, javascriptEnabled=true, version=35.0.1916.153, chrome={userDataDir=C:\Users\ADMINI~1\AppData\Local\Temp\scoped_dir4076_31844}, webStorageEnabled=true, webdriver.remote.sessionid=b26bcd25-156a-405a-a953-e989a5b1f5be, browserConnectionEnabled=false, takesHeapSnapshot=true}]
Driver info: org.openqa.selenium.remote.RemoteWebDriver">
      <![CDATA[org.openqa.selenium.WebDriverException: Error communicating with the remote browser. It may have died.
Build info: version: '2.42.0', revision: '5e82430', time: '2014-05-22 20:18:07'
System info: host: 'dslvm346', ip: '9.162.138.157', os.name: 'Windows 8', os.arch: 'x86', os.version: '6.2', java.version: '1.7.0_55'
Driver info: driver.version: EventFiringWebDriver
Command duration or timeout: 3.27 seconds
Build info: version: '2.42.1', revision: '68b415a', time: '2014-05-29 16:16:49'
System info: host: 'piotrbogdanski', ip: '9.161.136.32', os.name: 'Windows 7', os.arch: 'x86', os.version: '6.1 build 7601 Service Pack 1', java.version: '1.6.0'
Session ID: b26bcd25-156a-405a-a953-e989a5b1f5be
Capabilities [{handlesAlerts=true, rotatable=false, databaseEnabled=false, locationContextEnabled=true, acceptSslCerts=true, applicationCacheEnabled=false, nativeEvents=true, cssSelectorsEnabled=true, takesScreenshot=true, platform=WIN8, browserName=chrome, javascriptEnabled=true, version=35.0.1916.153, chrome={userDataDir=C:\Users\ADMINI~1\AppData\Local\Temp\scoped_dir4076_31844}, webStorageEnabled=true, webdriver.remote.sessionid=b26bcd25-156a-405a-a953-e989a5b1f5be, browserConnectionEnabled=false, takesHeapSnapshot=true}]
Driver info: org.openqa.selenium.remote.RemoteWebDriver
	at sun.reflect.NativeConstructorAccessorImpl.newInstance0(Native Method)
	at sun.reflect.NativeConstructorAccessorImpl.newInstance(NativeConstructorAccessorImpl.java:56)
	at sun.reflect.DelegatingConstructorAccessorImpl.newInstance(DelegatingConstructorAccessorImpl.java:39)
	at java.lang.reflect.Constructor.newInstance(Constructor.java:527)
	at org.openqa.selenium.remote.ErrorHandler.createThrowable(ErrorHandler.java:204)
	at org.openqa.selenium.remote.ErrorHandler.throwIfResponseFailed(ErrorHandler.java:156)
	at org.openqa.selenium.remote.RemoteWebDriver.execute(RemoteWebDriver.java:600)
	at org.openqa.selenium.remote.RemoteWebDriver.execute(RemoteWebDriver.java:615)
	at org.openqa.selenium.remote.RemoteWebDriver.quit(RemoteWebDriver.java:469)
	at webUI.LoadBrowser.closeBrowser(LoadBrowser.java:266)
	at sun.reflect.GeneratedMethodAccessor21.invoke(Unknown Source)
	at sun.reflect.DelegatingMethodAccessorImpl.invoke(DelegatingMethodAccessorImpl.java:37)
	at java.lang.reflect.Method.invoke(Method.java:611)
	at org.testng.internal.MethodInvocationHelper.invokeMethod(MethodInvocationHelper.java:84)
	at org.testng.internal.Invoker.invokeConfigurationMethod(Invoker.java:564)
	at org.testng.internal.Invoker.invokeConfigurations(Invoker.java:213)
	at org.testng.internal.Invoker.invokeMethod(Invoker.java:786)
	at org.testng.internal.Invoker.invokeTestMethod(Invoker.java:901)
	at org.testng.internal.Invoker.invokeTestMethods(Invoker.java:1231)
	at org.testng.internal.TestMethodWorker.invokeTestMethods(TestMethodWorker.java:127)
	at org.testng.internal.TestMethodWorker.run(TestMethodWorker.java:111)
	at org.testng.TestRunner.privateRun(TestRunner.java:767)
	at org.testng.TestRunner.run(TestRunner.java:617)
	at org.testng.SuiteRunner.runTest(SuiteRunner.java:334)
	at org.testng.SuiteRunner.runSequentially(SuiteRunner.java:329)
	at org.testng.SuiteRunner.privateRun(SuiteRunner.java:291)
	at org.testng.SuiteRunner.run(SuiteRunner.java:240)
	at org.testng.SuiteRunnerWorker.runSuite(SuiteRunnerWorker.java:52)
	at org.testng.SuiteRunnerWorker.run(SuiteRunnerWorker.java:86)
	at org.testng.TestNG.runSuitesSequentially(TestNG.java:1224)
	at org.testng.TestNG.runSuitesLocally(TestNG.java:1149)
	at org.testng.TestNG.run(TestNG.java:1057)
	at org.testng.remote.RemoteTestNG.run(RemoteTestNG.java:111)
	at org.testng.remote.RemoteTestNG.initAndRun(RemoteTestNG.java:204)
	at org.testng.remote.RemoteTestNG.main(RemoteTestNG.java:175)
Caused by: org.openqa.selenium.remote.UnreachableBrowserException: Error communicating with the remote browser. It may have died.
Build info: version: '2.42.0', revision: '5e82430', time: '2014-05-22 20:18:07'
System info: host: 'dslvm346', ip: '9.162.138.157', os.name: 'Windows 8', os.arch: 'x86', os.version: '6.2', java.version: '1.7.0_55'
Driver info: driver.version: EventFiringWebDriver
Build info: version: '2.42.1', revision: '68b415a', time: '2014-05-29 16:16:49'
System info: host: 'piotrbogdanski', ip: '9.161.136.32', os.name: 'Windows 7', os.arch: 'x86', os.version: '6.1 build 7601 Service Pack 1', java.version: '1.6.0'
Driver info: driver.version: unknown
]]>
    </failure>
  </testcase> <!-- AllContentsLoads -->
  <testcase name="AllContentsLoads" time="0.000" classname="tests.webUI.nonFunctional.LibraryTestsContents">
    <failure type="org.openqa.selenium.WebDriverException" message="Error communicating with the remote browser. It may have died.
Build info: version: &#039;2.42.0&#039;, revision: &#039;5e82430&#039;, time: &#039;2014-05-22 20:18:07&#039;
System info: host: &#039;dslvm346&#039;, ip: &#039;9.162.138.157&#039;, os.name: &#039;Windows 8&#039;, os.arch: &#039;x86&#039;, os.version: &#039;6.2&#039;, java.version: &#039;1.7.0_55&#039;
Driver info: driver.version: EventFiringWebDriver
Command duration or timeout: 3.27 seconds
Build info: version: &#039;2.42.1&#039;, revision: &#039;68b415a&#039;, time: &#039;2014-05-29 16:16:49&#039;
System info: host: &#039;piotrbogdanski&#039;, ip: &#039;9.161.136.32&#039;, os.name: &#039;Windows 7&#039;, os.arch: &#039;x86&#039;, os.version: &#039;6.1 build 7601 Service Pack 1&#039;, java.version: &#039;1.6.0&#039;
Session ID: b26bcd25-156a-405a-a953-e989a5b1f5be
Capabilities [{handlesAlerts=true, rotatable=false, databaseEnabled=false, locationContextEnabled=true, acceptSslCerts=true, applicationCacheEnabled=false, nativeEvents=true, cssSelectorsEnabled=true, takesScreenshot=true, platform=WIN8, browserName=chrome, javascriptEnabled=true, version=35.0.1916.153, chrome={userDataDir=C:\Users\ADMINI~1\AppData\Local\Temp\scoped_dir4076_31844}, webStorageEnabled=true, webdriver.remote.sessionid=b26bcd25-156a-405a-a953-e989a5b1f5be, browserConnectionEnabled=false, takesHeapSnapshot=true}]
Driver info: org.openqa.selenium.remote.RemoteWebDriver">
      <![CDATA[org.openqa.selenium.WebDriverException: Error communicating with the remote browser. It may have died.
Build info: version: '2.42.0', revision: '5e82430', time: '2014-05-22 20:18:07'
System info: host: 'dslvm346', ip: '9.162.138.157', os.name: 'Windows 8', os.arch: 'x86', os.version: '6.2', java.version: '1.7.0_55'
Driver info: driver.version: EventFiringWebDriver
Command duration or timeout: 3.27 seconds
Build info: version: '2.42.1', revision: '68b415a', time: '2014-05-29 16:16:49'
System info: host: 'piotrbogdanski', ip: '9.161.136.32', os.name: 'Windows 7', os.arch: 'x86', os.version: '6.1 build 7601 Service Pack 1', java.version: '1.6.0'
Session ID: b26bcd25-156a-405a-a953-e989a5b1f5be
Capabilities [{handlesAlerts=true, rotatable=false, databaseEnabled=false, locationContextEnabled=true, acceptSslCerts=true, applicationCacheEnabled=false, nativeEvents=true, cssSelectorsEnabled=true, takesScreenshot=true, platform=WIN8, browserName=chrome, javascriptEnabled=true, version=35.0.1916.153, chrome={userDataDir=C:\Users\ADMINI~1\AppData\Local\Temp\scoped_dir4076_31844}, webStorageEnabled=true, webdriver.remote.sessionid=b26bcd25-156a-405a-a953-e989a5b1f5be, browserConnectionEnabled=false, takesHeapSnapshot=true}]
Driver info: org.openqa.selenium.remote.RemoteWebDriver
	at sun.reflect.NativeConstructorAccessorImpl.newInstance0(Native Method)
	at sun.reflect.NativeConstructorAccessorImpl.newInstance(NativeConstructorAccessorImpl.java:56)
	at sun.reflect.DelegatingConstructorAccessorImpl.newInstance(DelegatingConstructorAccessorImpl.java:39)
	at java.lang.reflect.Constructor.newInstance(Constructor.java:527)
	at org.openqa.selenium.remote.ErrorHandler.createThrowable(ErrorHandler.java:204)
	at org.openqa.selenium.remote.ErrorHandler.throwIfResponseFailed(ErrorHandler.java:156)
	at org.openqa.selenium.remote.RemoteWebDriver.execute(RemoteWebDriver.java:600)
	at org.openqa.selenium.remote.RemoteWebDriver.execute(RemoteWebDriver.java:615)
	at org.openqa.selenium.remote.RemoteWebDriver.quit(RemoteWebDriver.java:469)
	at webUI.LoadBrowser.closeBrowser(LoadBrowser.java:266)
	at sun.reflect.GeneratedMethodAccessor21.invoke(Unknown Source)
	at sun.reflect.DelegatingMethodAccessorImpl.invoke(DelegatingMethodAccessorImpl.java:37)
	at java.lang.reflect.Method.invoke(Method.java:611)
	at org.testng.internal.MethodInvocationHelper.invokeMethod(MethodInvocationHelper.java:84)
	at org.testng.internal.Invoker.invokeConfigurationMethod(Invoker.java:564)
	at org.testng.internal.Invoker.invokeConfigurations(Invoker.java:213)
	at org.testng.internal.Invoker.invokeMethod(Invoker.java:786)
	at org.testng.internal.Invoker.invokeTestMethod(Invoker.java:901)
	at org.testng.internal.Invoker.invokeTestMethods(Invoker.java:1231)
	at org.testng.internal.TestMethodWorker.invokeTestMethods(TestMethodWorker.java:127)
	at org.testng.internal.TestMethodWorker.run(TestMethodWorker.java:111)
	at org.testng.TestRunner.privateRun(TestRunner.java:767)
	at org.testng.TestRunner.run(TestRunner.java:617)
	at org.testng.SuiteRunner.runTest(SuiteRunner.java:334)
	at org.testng.SuiteRunner.runSequentially(SuiteRunner.java:329)
	at org.testng.SuiteRunner.privateRun(SuiteRunner.java:291)
	at org.testng.SuiteRunner.run(SuiteRunner.java:240)
	at org.testng.SuiteRunnerWorker.runSuite(SuiteRunnerWorker.java:52)
	at org.testng.SuiteRunnerWorker.run(SuiteRunnerWorker.java:86)
	at org.testng.TestNG.runSuitesSequentially(TestNG.java:1224)
	at org.testng.TestNG.runSuitesLocally(TestNG.java:1149)
	at org.testng.TestNG.run(TestNG.java:1057)
	at org.testng.remote.RemoteTestNG.run(RemoteTestNG.java:111)
	at org.testng.remote.RemoteTestNG.initAndRun(RemoteTestNG.java:204)
	at org.testng.remote.RemoteTestNG.main(RemoteTestNG.java:175)
Caused by: org.openqa.selenium.remote.UnreachableBrowserException: Error communicating with the remote browser. It may have died.
Build info: version: '2.42.0', revision: '5e82430', time: '2014-05-22 20:18:07'
System info: host: 'dslvm346', ip: '9.162.138.157', os.name: 'Windows 8', os.arch: 'x86', os.version: '6.2', java.version: '1.7.0_55'
Driver info: driver.version: EventFiringWebDriver
Build info: version: '2.42.1', revision: '68b415a', time: '2014-05-29 16:16:49'
System info: host: 'piotrbogdanski', ip: '9.161.136.32', os.name: 'Windows 7', os.arch: 'x86', os.version: '6.1 build 7601 Service Pack 1', java.version: '1.6.0'
Driver info: driver.version: unknown
]]>
    </failure>
  </testcase> <!-- AllContentsLoads -->
  <testcase name="AllContentsLoads" time="0.001" classname="tests.webUI.nonFunctional.LibraryTestsContents">
    <failure type="org.openqa.selenium.WebDriverException" message="Error communicating with the remote browser. It may have died.
Build info: version: &#039;2.42.0&#039;, revision: &#039;5e82430&#039;, time: &#039;2014-05-22 20:18:07&#039;
System info: host: &#039;dslvm346&#039;, ip: &#039;9.162.138.157&#039;, os.name: &#039;Windows 8&#039;, os.arch: &#039;x86&#039;, os.version: &#039;6.2&#039;, java.version: &#039;1.7.0_55&#039;
Driver info: driver.version: EventFiringWebDriver
Command duration or timeout: 3.27 seconds
Build info: version: &#039;2.42.1&#039;, revision: &#039;68b415a&#039;, time: &#039;2014-05-29 16:16:49&#039;
System info: host: &#039;piotrbogdanski&#039;, ip: &#039;9.161.136.32&#039;, os.name: &#039;Windows 7&#039;, os.arch: &#039;x86&#039;, os.version: &#039;6.1 build 7601 Service Pack 1&#039;, java.version: &#039;1.6.0&#039;
Session ID: b26bcd25-156a-405a-a953-e989a5b1f5be
Capabilities [{handlesAlerts=true, rotatable=false, databaseEnabled=false, locationContextEnabled=true, acceptSslCerts=true, applicationCacheEnabled=false, nativeEvents=true, cssSelectorsEnabled=true, takesScreenshot=true, platform=WIN8, browserName=chrome, javascriptEnabled=true, version=35.0.1916.153, chrome={userDataDir=C:\Users\ADMINI~1\AppData\Local\Temp\scoped_dir4076_31844}, webStorageEnabled=true, webdriver.remote.sessionid=b26bcd25-156a-405a-a953-e989a5b1f5be, browserConnectionEnabled=false, takesHeapSnapshot=true}]
Driver info: org.openqa.selenium.remote.RemoteWebDriver">
      <![CDATA[org.openqa.selenium.WebDriverException: Error communicating with the remote browser. It may have died.
Build info: version: '2.42.0', revision: '5e82430', time: '2014-05-22 20:18:07'
System info: host: 'dslvm346', ip: '9.162.138.157', os.name: 'Windows 8', os.arch: 'x86', os.version: '6.2', java.version: '1.7.0_55'
Driver info: driver.version: EventFiringWebDriver
Command duration or timeout: 3.27 seconds
Build info: version: '2.42.1', revision: '68b415a', time: '2014-05-29 16:16:49'
System info: host: 'piotrbogdanski', ip: '9.161.136.32', os.name: 'Windows 7', os.arch: 'x86', os.version: '6.1 build 7601 Service Pack 1', java.version: '1.6.0'
Session ID: b26bcd25-156a-405a-a953-e989a5b1f5be
Capabilities [{handlesAlerts=true, rotatable=false, databaseEnabled=false, locationContextEnabled=true, acceptSslCerts=true, applicationCacheEnabled=false, nativeEvents=true, cssSelectorsEnabled=true, takesScreenshot=true, platform=WIN8, browserName=chrome, javascriptEnabled=true, version=35.0.1916.153, chrome={userDataDir=C:\Users\ADMINI~1\AppData\Local\Temp\scoped_dir4076_31844}, webStorageEnabled=true, webdriver.remote.sessionid=b26bcd25-156a-405a-a953-e989a5b1f5be, browserConnectionEnabled=false, takesHeapSnapshot=true}]
Driver info: org.openqa.selenium.remote.RemoteWebDriver
	at sun.reflect.NativeConstructorAccessorImpl.newInstance0(Native Method)
	at sun.reflect.NativeConstructorAccessorImpl.newInstance(NativeConstructorAccessorImpl.java:56)
	at sun.reflect.DelegatingConstructorAccessorImpl.newInstance(DelegatingConstructorAccessorImpl.java:39)
	at java.lang.reflect.Constructor.newInstance(Constructor.java:527)
	at org.openqa.selenium.remote.ErrorHandler.createThrowable(ErrorHandler.java:204)
	at org.openqa.selenium.remote.ErrorHandler.throwIfResponseFailed(ErrorHandler.java:156)
	at org.openqa.selenium.remote.RemoteWebDriver.execute(RemoteWebDriver.java:600)
	at org.openqa.selenium.remote.RemoteWebDriver.execute(RemoteWebDriver.java:615)
	at org.openqa.selenium.remote.RemoteWebDriver.quit(RemoteWebDriver.java:469)
	at webUI.LoadBrowser.closeBrowser(LoadBrowser.java:266)
	at sun.reflect.GeneratedMethodAccessor21.invoke(Unknown Source)
	at sun.reflect.DelegatingMethodAccessorImpl.invoke(DelegatingMethodAccessorImpl.java:37)
	at java.lang.reflect.Method.invoke(Method.java:611)
	at org.testng.internal.MethodInvocationHelper.invokeMethod(MethodInvocationHelper.java:84)
	at org.testng.internal.Invoker.invokeConfigurationMethod(Invoker.java:564)
	at org.testng.internal.Invoker.invokeConfigurations(Invoker.java:213)
	at org.testng.internal.Invoker.invokeMethod(Invoker.java:786)
	at org.testng.internal.Invoker.invokeTestMethod(Invoker.java:901)
	at org.testng.internal.Invoker.invokeTestMethods(Invoker.java:1231)
	at org.testng.internal.TestMethodWorker.invokeTestMethods(TestMethodWorker.java:127)
	at org.testng.internal.TestMethodWorker.run(TestMethodWorker.java:111)
	at org.testng.TestRunner.privateRun(TestRunner.java:767)
	at org.testng.TestRunner.run(TestRunner.java:617)
	at org.testng.SuiteRunner.runTest(SuiteRunner.java:334)
	at org.testng.SuiteRunner.runSequentially(SuiteRunner.java:329)
	at org.testng.SuiteRunner.privateRun(SuiteRunner.java:291)
	at org.testng.SuiteRunner.run(SuiteRunner.java:240)
	at org.testng.SuiteRunnerWorker.runSuite(SuiteRunnerWorker.java:52)
	at org.testng.SuiteRunnerWorker.run(SuiteRunnerWorker.java:86)
	at org.testng.TestNG.runSuitesSequentially(TestNG.java:1224)
	at org.testng.TestNG.runSuitesLocally(TestNG.java:1149)
	at org.testng.TestNG.run(TestNG.java:1057)
	at org.testng.remote.RemoteTestNG.run(RemoteTestNG.java:111)
	at org.testng.remote.RemoteTestNG.initAndRun(RemoteTestNG.java:204)
	at org.testng.remote.RemoteTestNG.main(RemoteTestNG.java:175)
Caused by: org.openqa.selenium.remote.UnreachableBrowserException: Error communicating with the remote browser. It may have died.
Build info: version: '2.42.0', revision: '5e82430', time: '2014-05-22 20:18:07'
System info: host: 'dslvm346', ip: '9.162.138.157', os.name: 'Windows 8', os.arch: 'x86', os.version: '6.2', java.version: '1.7.0_55'
Driver info: driver.version: EventFiringWebDriver
Build info: version: '2.42.1', revision: '68b415a', time: '2014-05-29 16:16:49'
System info: host: 'piotrbogdanski', ip: '9.161.136.32', os.name: 'Windows 7', os.arch: 'x86', os.version: '6.1 build 7601 Service Pack 1', java.version: '1.6.0'
Driver info: driver.version: unknown
]]>
    </failure>
  </testcase> <!-- AllContentsLoads -->
  <testcase name="AllContentsLoads" time="41.336" classname="tests.webUI.nonFunctional.LibraryTestsContents">
    <failure type="org.openqa.selenium.TimeoutException" message="Timed out after 20 seconds waiting for element to no longer be visible: By.selector: .loadStr
Build info: version: &#039;2.42.1&#039;, revision: &#039;68b415a&#039;, time: &#039;2014-05-29 16:16:49&#039;
System info: host: &#039;piotrbogdanski&#039;, ip: &#039;9.161.136.32&#039;, os.name: &#039;Windows 7&#039;, os.arch: &#039;x86&#039;, os.version: &#039;6.1 build 7601 Service Pack 1&#039;, java.version: &#039;1.6.0&#039;
Driver info: driver.version: unknown">
      <![CDATA[org.openqa.selenium.TimeoutException: Timed out after 20 seconds waiting for element to no longer be visible: By.selector: .loadStr
Build info: version: '2.42.1', revision: '68b415a', time: '2014-05-29 16:16:49'
System info: host: 'piotrbogdanski', ip: '9.161.136.32', os.name: 'Windows 7', os.arch: 'x86', os.version: '6.1 build 7601 Service Pack 1', java.version: '1.6.0'
Driver info: driver.version: unknown
	at org.openqa.selenium.support.ui.FluentWait.timeoutException(FluentWait.java:259)
	at org.openqa.selenium.support.ui.FluentWait.until(FluentWait.java:228)
	at webUI.home.library.mediaTypes.Video.waitForPageToLoad(Video.java:56)
	at webUI.home.library.mediaTypes.Video.<init>(Video.java:43)
	at tests.webUI.nonFunctional.LibraryTestsContents.AllContentsLoads(LibraryTestsContents.java:157)
	at sun.reflect.NativeMethodAccessorImpl.invoke0(Native Method)
	at sun.reflect.NativeMethodAccessorImpl.invoke(NativeMethodAccessorImpl.java:60)
	at sun.reflect.DelegatingMethodAccessorImpl.invoke(DelegatingMethodAccessorImpl.java:37)
	at java.lang.reflect.Method.invoke(Method.java:611)
	at org.testng.internal.MethodInvocationHelper.invokeMethod(MethodInvocationHelper.java:84)
	at org.testng.internal.Invoker.invokeMethod(Invoker.java:714)
	at org.testng.internal.Invoker.retryFailed(Invoker.java:1049)
	at org.testng.internal.Invoker.invokeTestMethods(Invoker.java:1254)
	at org.testng.internal.TestMethodWorker.invokeTestMethods(TestMethodWorker.java:127)
	at org.testng.internal.TestMethodWorker.run(TestMethodWorker.java:111)
	at org.testng.TestRunner.privateRun(TestRunner.java:767)
	at org.testng.TestRunner.run(TestRunner.java:617)
	at org.testng.SuiteRunner.runTest(SuiteRunner.java:334)
	at org.testng.SuiteRunner.runSequentially(SuiteRunner.java:329)
	at org.testng.SuiteRunner.privateRun(SuiteRunner.java:291)
	at org.testng.SuiteRunner.run(SuiteRunner.java:240)
	at org.testng.SuiteRunnerWorker.runSuite(SuiteRunnerWorker.java:52)
	at org.testng.SuiteRunnerWorker.run(SuiteRunnerWorker.java:86)
	at org.testng.TestNG.runSuitesSequentially(TestNG.java:1224)
	at org.testng.TestNG.runSuitesLocally(TestNG.java:1149)
	at org.testng.TestNG.run(TestNG.java:1057)
	at org.testng.remote.RemoteTestNG.run(RemoteTestNG.java:111)
	at org.testng.remote.RemoteTestNG.initAndRun(RemoteTestNG.java:204)
	at org.testng.remote.RemoteTestNG.main(RemoteTestNG.java:175)
]]>
    </failure>
  </testcase> <!-- AllContentsLoads -->
  <testcase name="AllContentsLoads" time="0.009" classname="tests.webUI.nonFunctional.LibraryTestsContents">
    <failure type="org.openqa.selenium.WebDriverException" message="Error communicating with the remote browser. It may have died.
Build info: version: &#039;2.42.0&#039;, revision: &#039;5e82430&#039;, time: &#039;2014-05-22 20:18:07&#039;
System info: host: &#039;dslvm346&#039;, ip: &#039;9.162.138.157&#039;, os.name: &#039;Windows 8&#039;, os.arch: &#039;x86&#039;, os.version: &#039;6.2&#039;, java.version: &#039;1.7.0_55&#039;
Driver info: driver.version: EventFiringWebDriver
Command duration or timeout: 3.27 seconds
Build info: version: &#039;2.42.1&#039;, revision: &#039;68b415a&#039;, time: &#039;2014-05-29 16:16:49&#039;
System info: host: &#039;piotrbogdanski&#039;, ip: &#039;9.161.136.32&#039;, os.name: &#039;Windows 7&#039;, os.arch: &#039;x86&#039;, os.version: &#039;6.1 build 7601 Service Pack 1&#039;, java.version: &#039;1.6.0&#039;
Session ID: b26bcd25-156a-405a-a953-e989a5b1f5be
Capabilities [{handlesAlerts=true, rotatable=false, databaseEnabled=false, locationContextEnabled=true, acceptSslCerts=true, applicationCacheEnabled=false, nativeEvents=true, cssSelectorsEnabled=true, takesScreenshot=true, platform=WIN8, browserName=chrome, javascriptEnabled=true, version=35.0.1916.153, chrome={userDataDir=C:\Users\ADMINI~1\AppData\Local\Temp\scoped_dir4076_31844}, webStorageEnabled=true, webdriver.remote.sessionid=b26bcd25-156a-405a-a953-e989a5b1f5be, browserConnectionEnabled=false, takesHeapSnapshot=true}]
Driver info: org.openqa.selenium.remote.RemoteWebDriver">
      <![CDATA[org.openqa.selenium.WebDriverException: Error communicating with the remote browser. It may have died.
Build info: version: '2.42.0', revision: '5e82430', time: '2014-05-22 20:18:07'
System info: host: 'dslvm346', ip: '9.162.138.157', os.name: 'Windows 8', os.arch: 'x86', os.version: '6.2', java.version: '1.7.0_55'
Driver info: driver.version: EventFiringWebDriver
Command duration or timeout: 3.27 seconds
Build info: version: '2.42.1', revision: '68b415a', time: '2014-05-29 16:16:49'
System info: host: 'piotrbogdanski', ip: '9.161.136.32', os.name: 'Windows 7', os.arch: 'x86', os.version: '6.1 build 7601 Service Pack 1', java.version: '1.6.0'
Session ID: b26bcd25-156a-405a-a953-e989a5b1f5be
Capabilities [{handlesAlerts=true, rotatable=false, databaseEnabled=false, locationContextEnabled=true, acceptSslCerts=true, applicationCacheEnabled=false, nativeEvents=true, cssSelectorsEnabled=true, takesScreenshot=true, platform=WIN8, browserName=chrome, javascriptEnabled=true, version=35.0.1916.153, chrome={userDataDir=C:\Users\ADMINI~1\AppData\Local\Temp\scoped_dir4076_31844}, webStorageEnabled=true, webdriver.remote.sessionid=b26bcd25-156a-405a-a953-e989a5b1f5be, browserConnectionEnabled=false, takesHeapSnapshot=true}]
Driver info: org.openqa.selenium.remote.RemoteWebDriver
	at sun.reflect.NativeConstructorAccessorImpl.newInstance0(Native Method)
	at sun.reflect.NativeConstructorAccessorImpl.newInstance(NativeConstructorAccessorImpl.java:56)
	at sun.reflect.DelegatingConstructorAccessorImpl.newInstance(DelegatingConstructorAccessorImpl.java:39)
	at java.lang.reflect.Constructor.newInstance(Constructor.java:527)
	at org.openqa.selenium.remote.ErrorHandler.createThrowable(ErrorHandler.java:204)
	at org.openqa.selenium.remote.ErrorHandler.throwIfResponseFailed(ErrorHandler.java:156)
	at org.openqa.selenium.remote.RemoteWebDriver.execute(RemoteWebDriver.java:600)
	at org.openqa.selenium.remote.RemoteWebDriver.execute(RemoteWebDriver.java:615)
	at org.openqa.selenium.remote.RemoteWebDriver.quit(RemoteWebDriver.java:469)
	at webUI.LoadBrowser.closeBrowser(LoadBrowser.java:266)
	at sun.reflect.GeneratedMethodAccessor21.invoke(Unknown Source)
	at sun.reflect.DelegatingMethodAccessorImpl.invoke(DelegatingMethodAccessorImpl.java:37)
	at java.lang.reflect.Method.invoke(Method.java:611)
	at org.testng.internal.MethodInvocationHelper.invokeMethod(MethodInvocationHelper.java:84)
	at org.testng.internal.Invoker.invokeConfigurationMethod(Invoker.java:564)
	at org.testng.internal.Invoker.invokeConfigurations(Invoker.java:213)
	at org.testng.internal.Invoker.invokeMethod(Invoker.java:786)
	at org.testng.internal.Invoker.invokeTestMethod(Invoker.java:901)
	at org.testng.internal.Invoker.invokeTestMethods(Invoker.java:1231)
	at org.testng.internal.TestMethodWorker.invokeTestMethods(TestMethodWorker.java:127)
	at org.testng.internal.TestMethodWorker.run(TestMethodWorker.java:111)
	at org.testng.TestRunner.privateRun(TestRunner.java:767)
	at org.testng.TestRunner.run(TestRunner.java:617)
	at org.testng.SuiteRunner.runTest(SuiteRunner.java:334)
	at org.testng.SuiteRunner.runSequentially(SuiteRunner.java:329)
	at org.testng.SuiteRunner.privateRun(SuiteRunner.java:291)
	at org.testng.SuiteRunner.run(SuiteRunner.java:240)
	at org.testng.SuiteRunnerWorker.runSuite(SuiteRunnerWorker.java:52)
	at org.testng.SuiteRunnerWorker.run(SuiteRunnerWorker.java:86)
	at org.testng.TestNG.runSuitesSequentially(TestNG.java:1224)
	at org.testng.TestNG.runSuitesLocally(TestNG.java:1149)
	at org.testng.TestNG.run(TestNG.java:1057)
	at org.testng.remote.RemoteTestNG.run(RemoteTestNG.java:111)
	at org.testng.remote.RemoteTestNG.initAndRun(RemoteTestNG.java:204)
	at org.testng.remote.RemoteTestNG.main(RemoteTestNG.java:175)
Caused by: org.openqa.selenium.remote.UnreachableBrowserException: Error communicating with the remote browser. It may have died.
Build info: version: '2.42.0', revision: '5e82430', time: '2014-05-22 20:18:07'
System info: host: 'dslvm346', ip: '9.162.138.157', os.name: 'Windows 8', os.arch: 'x86', os.version: '6.2', java.version: '1.7.0_55'
Driver info: driver.version: EventFiringWebDriver
Build info: version: '2.42.1', revision: '68b415a', time: '2014-05-29 16:16:49'
System info: host: 'piotrbogdanski', ip: '9.161.136.32', os.name: 'Windows 7', os.arch: 'x86', os.version: '6.1 build 7601 Service Pack 1', java.version: '1.6.0'
Driver info: driver.version: unknown
]]>
    </failure>
  </testcase> <!-- AllContentsLoads -->
  <testcase name="AllContentsLoads" time="0.000" classname="tests.webUI.nonFunctional.LibraryTestsContents">
    <failure type="org.openqa.selenium.WebDriverException" message="Error communicating with the remote browser. It may have died.
Build info: version: &#039;2.42.0&#039;, revision: &#039;5e82430&#039;, time: &#039;2014-05-22 20:18:07&#039;
System info: host: &#039;dslvm346&#039;, ip: &#039;9.162.138.157&#039;, os.name: &#039;Windows 8&#039;, os.arch: &#039;x86&#039;, os.version: &#039;6.2&#039;, java.version: &#039;1.7.0_55&#039;
Driver info: driver.version: EventFiringWebDriver
Command duration or timeout: 3.27 seconds
Build info: version: &#039;2.42.1&#039;, revision: &#039;68b415a&#039;, time: &#039;2014-05-29 16:16:49&#039;
System info: host: &#039;piotrbogdanski&#039;, ip: &#039;9.161.136.32&#039;, os.name: &#039;Windows 7&#039;, os.arch: &#039;x86&#039;, os.version: &#039;6.1 build 7601 Service Pack 1&#039;, java.version: &#039;1.6.0&#039;
Session ID: b26bcd25-156a-405a-a953-e989a5b1f5be
Capabilities [{handlesAlerts=true, rotatable=false, databaseEnabled=false, locationContextEnabled=true, acceptSslCerts=true, applicationCacheEnabled=false, nativeEvents=true, cssSelectorsEnabled=true, takesScreenshot=true, platform=WIN8, browserName=chrome, javascriptEnabled=true, version=35.0.1916.153, chrome={userDataDir=C:\Users\ADMINI~1\AppData\Local\Temp\scoped_dir4076_31844}, webStorageEnabled=true, webdriver.remote.sessionid=b26bcd25-156a-405a-a953-e989a5b1f5be, browserConnectionEnabled=false, takesHeapSnapshot=true}]
Driver info: org.openqa.selenium.remote.RemoteWebDriver">
      <![CDATA[org.openqa.selenium.WebDriverException: Error communicating with the remote browser. It may have died.
Build info: version: '2.42.0', revision: '5e82430', time: '2014-05-22 20:18:07'
System info: host: 'dslvm346', ip: '9.162.138.157', os.name: 'Windows 8', os.arch: 'x86', os.version: '6.2', java.version: '1.7.0_55'
Driver info: driver.version: EventFiringWebDriver
Command duration or timeout: 3.27 seconds
Build info: version: '2.42.1', revision: '68b415a', time: '2014-05-29 16:16:49'
System info: host: 'piotrbogdanski', ip: '9.161.136.32', os.name: 'Windows 7', os.arch: 'x86', os.version: '6.1 build 7601 Service Pack 1', java.version: '1.6.0'
Session ID: b26bcd25-156a-405a-a953-e989a5b1f5be
Capabilities [{handlesAlerts=true, rotatable=false, databaseEnabled=false, locationContextEnabled=true, acceptSslCerts=true, applicationCacheEnabled=false, nativeEvents=true, cssSelectorsEnabled=true, takesScreenshot=true, platform=WIN8, browserName=chrome, javascriptEnabled=true, version=35.0.1916.153, chrome={userDataDir=C:\Users\ADMINI~1\AppData\Local\Temp\scoped_dir4076_31844}, webStorageEnabled=true, webdriver.remote.sessionid=b26bcd25-156a-405a-a953-e989a5b1f5be, browserConnectionEnabled=false, takesHeapSnapshot=true}]
Driver info: org.openqa.selenium.remote.RemoteWebDriver
	at sun.reflect.NativeConstructorAccessorImpl.newInstance0(Native Method)
	at sun.reflect.NativeConstructorAccessorImpl.newInstance(NativeConstructorAccessorImpl.java:56)
	at sun.reflect.DelegatingConstructorAccessorImpl.newInstance(DelegatingConstructorAccessorImpl.java:39)
	at java.lang.reflect.Constructor.newInstance(Constructor.java:527)
	at org.openqa.selenium.remote.ErrorHandler.createThrowable(ErrorHandler.java:204)
	at org.openqa.selenium.remote.ErrorHandler.throwIfResponseFailed(ErrorHandler.java:156)
	at org.openqa.selenium.remote.RemoteWebDriver.execute(RemoteWebDriver.java:600)
	at org.openqa.selenium.remote.RemoteWebDriver.execute(RemoteWebDriver.java:615)
	at org.openqa.selenium.remote.RemoteWebDriver.quit(RemoteWebDriver.java:469)
	at webUI.LoadBrowser.closeBrowser(LoadBrowser.java:266)
	at sun.reflect.GeneratedMethodAccessor21.invoke(Unknown Source)
	at sun.reflect.DelegatingMethodAccessorImpl.invoke(DelegatingMethodAccessorImpl.java:37)
	at java.lang.reflect.Method.invoke(Method.java:611)
	at org.testng.internal.MethodInvocationHelper.invokeMethod(MethodInvocationHelper.java:84)
	at org.testng.internal.Invoker.invokeConfigurationMethod(Invoker.java:564)
	at org.testng.internal.Invoker.invokeConfigurations(Invoker.java:213)
	at org.testng.internal.Invoker.invokeMethod(Invoker.java:786)
	at org.testng.internal.Invoker.invokeTestMethod(Invoker.java:901)
	at org.testng.internal.Invoker.invokeTestMethods(Invoker.java:1231)
	at org.testng.internal.TestMethodWorker.invokeTestMethods(TestMethodWorker.java:127)
	at org.testng.internal.TestMethodWorker.run(TestMethodWorker.java:111)
	at org.testng.TestRunner.privateRun(TestRunner.java:767)
	at org.testng.TestRunner.run(TestRunner.java:617)
	at org.testng.SuiteRunner.runTest(SuiteRunner.java:334)
	at org.testng.SuiteRunner.runSequentially(SuiteRunner.java:329)
	at org.testng.SuiteRunner.privateRun(SuiteRunner.java:291)
	at org.testng.SuiteRunner.run(SuiteRunner.java:240)
	at org.testng.SuiteRunnerWorker.runSuite(SuiteRunnerWorker.java:52)
	at org.testng.SuiteRunnerWorker.run(SuiteRunnerWorker.java:86)
	at org.testng.TestNG.runSuitesSequentially(TestNG.java:1224)
	at org.testng.TestNG.runSuitesLocally(TestNG.java:1149)
	at org.testng.TestNG.run(TestNG.java:1057)
	at org.testng.remote.RemoteTestNG.run(RemoteTestNG.java:111)
	at org.testng.remote.RemoteTestNG.initAndRun(RemoteTestNG.java:204)
	at org.testng.remote.RemoteTestNG.main(RemoteTestNG.java:175)
Caused by: org.openqa.selenium.remote.UnreachableBrowserException: Error communicating with the remote browser. It may have died.
Build info: version: '2.42.0', revision: '5e82430', time: '2014-05-22 20:18:07'
System info: host: 'dslvm346', ip: '9.162.138.157', os.name: 'Windows 8', os.arch: 'x86', os.version: '6.2', java.version: '1.7.0_55'
Driver info: driver.version: EventFiringWebDriver
Build info: version: '2.42.1', revision: '68b415a', time: '2014-05-29 16:16:49'
System info: host: 'piotrbogdanski', ip: '9.161.136.32', os.name: 'Windows 7', os.arch: 'x86', os.version: '6.1 build 7601 Service Pack 1', java.version: '1.6.0'
Driver info: driver.version: unknown
]]>
    </failure>
  </testcase> <!-- AllContentsLoads -->
  <testcase name="AllContentsLoads" time="0.000" classname="tests.webUI.nonFunctional.LibraryTestsContents">
    <failure type="org.openqa.selenium.WebDriverException" message="Error communicating with the remote browser. It may have died.
Build info: version: &#039;2.42.0&#039;, revision: &#039;5e82430&#039;, time: &#039;2014-05-22 20:18:07&#039;
System info: host: &#039;dslvm346&#039;, ip: &#039;9.162.138.157&#039;, os.name: &#039;Windows 8&#039;, os.arch: &#039;x86&#039;, os.version: &#039;6.2&#039;, java.version: &#039;1.7.0_55&#039;
Driver info: driver.version: EventFiringWebDriver
Command duration or timeout: 3.27 seconds
Build info: version: &#039;2.42.1&#039;, revision: &#039;68b415a&#039;, time: &#039;2014-05-29 16:16:49&#039;
System info: host: &#039;piotrbogdanski&#039;, ip: &#039;9.161.136.32&#039;, os.name: &#039;Windows 7&#039;, os.arch: &#039;x86&#039;, os.version: &#039;6.1 build 7601 Service Pack 1&#039;, java.version: &#039;1.6.0&#039;
Session ID: b26bcd25-156a-405a-a953-e989a5b1f5be
Capabilities [{handlesAlerts=true, rotatable=false, databaseEnabled=false, locationContextEnabled=true, acceptSslCerts=true, applicationCacheEnabled=false, nativeEvents=true, cssSelectorsEnabled=true, takesScreenshot=true, platform=WIN8, browserName=chrome, javascriptEnabled=true, version=35.0.1916.153, chrome={userDataDir=C:\Users\ADMINI~1\AppData\Local\Temp\scoped_dir4076_31844}, webStorageEnabled=true, webdriver.remote.sessionid=b26bcd25-156a-405a-a953-e989a5b1f5be, browserConnectionEnabled=false, takesHeapSnapshot=true}]
Driver info: org.openqa.selenium.remote.RemoteWebDriver">
      <![CDATA[org.openqa.selenium.WebDriverException: Error communicating with the remote browser. It may have died.
Build info: version: '2.42.0', revision: '5e82430', time: '2014-05-22 20:18:07'
System info: host: 'dslvm346', ip: '9.162.138.157', os.name: 'Windows 8', os.arch: 'x86', os.version: '6.2', java.version: '1.7.0_55'
Driver info: driver.version: EventFiringWebDriver
Command duration or timeout: 3.27 seconds
Build info: version: '2.42.1', revision: '68b415a', time: '2014-05-29 16:16:49'
System info: host: 'piotrbogdanski', ip: '9.161.136.32', os.name: 'Windows 7', os.arch: 'x86', os.version: '6.1 build 7601 Service Pack 1', java.version: '1.6.0'
Session ID: b26bcd25-156a-405a-a953-e989a5b1f5be
Capabilities [{handlesAlerts=true, rotatable=false, databaseEnabled=false, locationContextEnabled=true, acceptSslCerts=true, applicationCacheEnabled=false, nativeEvents=true, cssSelectorsEnabled=true, takesScreenshot=true, platform=WIN8, browserName=chrome, javascriptEnabled=true, version=35.0.1916.153, chrome={userDataDir=C:\Users\ADMINI~1\AppData\Local\Temp\scoped_dir4076_31844}, webStorageEnabled=true, webdriver.remote.sessionid=b26bcd25-156a-405a-a953-e989a5b1f5be, browserConnectionEnabled=false, takesHeapSnapshot=true}]
Driver info: org.openqa.selenium.remote.RemoteWebDriver
	at sun.reflect.NativeConstructorAccessorImpl.newInstance0(Native Method)
	at sun.reflect.NativeConstructorAccessorImpl.newInstance(NativeConstructorAccessorImpl.java:56)
	at sun.reflect.DelegatingConstructorAccessorImpl.newInstance(DelegatingConstructorAccessorImpl.java:39)
	at java.lang.reflect.Constructor.newInstance(Constructor.java:527)
	at org.openqa.selenium.remote.ErrorHandler.createThrowable(ErrorHandler.java:204)
	at org.openqa.selenium.remote.ErrorHandler.throwIfResponseFailed(ErrorHandler.java:156)
	at org.openqa.selenium.remote.RemoteWebDriver.execute(RemoteWebDriver.java:600)
	at org.openqa.selenium.remote.RemoteWebDriver.execute(RemoteWebDriver.java:615)
	at org.openqa.selenium.remote.RemoteWebDriver.quit(RemoteWebDriver.java:469)
	at webUI.LoadBrowser.closeBrowser(LoadBrowser.java:266)
	at sun.reflect.GeneratedMethodAccessor21.invoke(Unknown Source)
	at sun.reflect.DelegatingMethodAccessorImpl.invoke(DelegatingMethodAccessorImpl.java:37)
	at java.lang.reflect.Method.invoke(Method.java:611)
	at org.testng.internal.MethodInvocationHelper.invokeMethod(MethodInvocationHelper.java:84)
	at org.testng.internal.Invoker.invokeConfigurationMethod(Invoker.java:564)
	at org.testng.internal.Invoker.invokeConfigurations(Invoker.java:213)
	at org.testng.internal.Invoker.invokeMethod(Invoker.java:786)
	at org.testng.internal.Invoker.invokeTestMethod(Invoker.java:901)
	at org.testng.internal.Invoker.invokeTestMethods(Invoker.java:1231)
	at org.testng.internal.TestMethodWorker.invokeTestMethods(TestMethodWorker.java:127)
	at org.testng.internal.TestMethodWorker.run(TestMethodWorker.java:111)
	at org.testng.TestRunner.privateRun(TestRunner.java:767)
	at org.testng.TestRunner.run(TestRunner.java:617)
	at org.testng.SuiteRunner.runTest(SuiteRunner.java:334)
	at org.testng.SuiteRunner.runSequentially(SuiteRunner.java:329)
	at org.testng.SuiteRunner.privateRun(SuiteRunner.java:291)
	at org.testng.SuiteRunner.run(SuiteRunner.java:240)
	at org.testng.SuiteRunnerWorker.runSuite(SuiteRunnerWorker.java:52)
	at org.testng.SuiteRunnerWorker.run(SuiteRunnerWorker.java:86)
	at org.testng.TestNG.runSuitesSequentially(TestNG.java:1224)
	at org.testng.TestNG.runSuitesLocally(TestNG.java:1149)
	at org.testng.TestNG.run(TestNG.java:1057)
	at org.testng.remote.RemoteTestNG.run(RemoteTestNG.java:111)
	at org.testng.remote.RemoteTestNG.initAndRun(RemoteTestNG.java:204)
	at org.testng.remote.RemoteTestNG.main(RemoteTestNG.java:175)
Caused by: org.openqa.selenium.remote.UnreachableBrowserException: Error communicating with the remote browser. It may have died.
Build info: version: '2.42.0', revision: '5e82430', time: '2014-05-22 20:18:07'
System info: host: 'dslvm346', ip: '9.162.138.157', os.name: 'Windows 8', os.arch: 'x86', os.version: '6.2', java.version: '1.7.0_55'
Driver info: driver.version: EventFiringWebDriver
Build info: version: '2.42.1', revision: '68b415a', time: '2014-05-29 16:16:49'
System info: host: 'piotrbogdanski', ip: '9.161.136.32', os.name: 'Windows 7', os.arch: 'x86', os.version: '6.1 build 7601 Service Pack 1', java.version: '1.6.0'
Driver info: driver.version: unknown
]]>
    </failure>
  </testcase> <!-- AllContentsLoads -->
  <testcase name="AllContentsLoads" time="0.001" classname="tests.webUI.nonFunctional.LibraryTestsContents">
    <failure type="org.openqa.selenium.WebDriverException" message="Error communicating with the remote browser. It may have died.
Build info: version: &#039;2.42.0&#039;, revision: &#039;5e82430&#039;, time: &#039;2014-05-22 20:18:07&#039;
System info: host: &#039;dslvm346&#039;, ip: &#039;9.162.138.157&#039;, os.name: &#039;Windows 8&#039;, os.arch: &#039;x86&#039;, os.version: &#039;6.2&#039;, java.version: &#039;1.7.0_55&#039;
Driver info: driver.version: EventFiringWebDriver
Command duration or timeout: 3.27 seconds
Build info: version: &#039;2.42.1&#039;, revision: &#039;68b415a&#039;, time: &#039;2014-05-29 16:16:49&#039;
System info: host: &#039;piotrbogdanski&#039;, ip: &#039;9.161.136.32&#039;, os.name: &#039;Windows 7&#039;, os.arch: &#039;x86&#039;, os.version: &#039;6.1 build 7601 Service Pack 1&#039;, java.version: &#039;1.6.0&#039;
Session ID: b26bcd25-156a-405a-a953-e989a5b1f5be
Capabilities [{handlesAlerts=true, rotatable=false, databaseEnabled=false, locationContextEnabled=true, acceptSslCerts=true, applicationCacheEnabled=false, nativeEvents=true, cssSelectorsEnabled=true, takesScreenshot=true, platform=WIN8, browserName=chrome, javascriptEnabled=true, version=35.0.1916.153, chrome={userDataDir=C:\Users\ADMINI~1\AppData\Local\Temp\scoped_dir4076_31844}, webStorageEnabled=true, webdriver.remote.sessionid=b26bcd25-156a-405a-a953-e989a5b1f5be, browserConnectionEnabled=false, takesHeapSnapshot=true}]
Driver info: org.openqa.selenium.remote.RemoteWebDriver">
      <![CDATA[org.openqa.selenium.WebDriverException: Error communicating with the remote browser. It may have died.
Build info: version: '2.42.0', revision: '5e82430', time: '2014-05-22 20:18:07'
System info: host: 'dslvm346', ip: '9.162.138.157', os.name: 'Windows 8', os.arch: 'x86', os.version: '6.2', java.version: '1.7.0_55'
Driver info: driver.version: EventFiringWebDriver
Command duration or timeout: 3.27 seconds
Build info: version: '2.42.1', revision: '68b415a', time: '2014-05-29 16:16:49'
System info: host: 'piotrbogdanski', ip: '9.161.136.32', os.name: 'Windows 7', os.arch: 'x86', os.version: '6.1 build 7601 Service Pack 1', java.version: '1.6.0'
Session ID: b26bcd25-156a-405a-a953-e989a5b1f5be
Capabilities [{handlesAlerts=true, rotatable=false, databaseEnabled=false, locationContextEnabled=true, acceptSslCerts=true, applicationCacheEnabled=false, nativeEvents=true, cssSelectorsEnabled=true, takesScreenshot=true, platform=WIN8, browserName=chrome, javascriptEnabled=true, version=35.0.1916.153, chrome={userDataDir=C:\Users\ADMINI~1\AppData\Local\Temp\scoped_dir4076_31844}, webStorageEnabled=true, webdriver.remote.sessionid=b26bcd25-156a-405a-a953-e989a5b1f5be, browserConnectionEnabled=false, takesHeapSnapshot=true}]
Driver info: org.openqa.selenium.remote.RemoteWebDriver
	at sun.reflect.NativeConstructorAccessorImpl.newInstance0(Native Method)
	at sun.reflect.NativeConstructorAccessorImpl.newInstance(NativeConstructorAccessorImpl.java:56)
	at sun.reflect.DelegatingConstructorAccessorImpl.newInstance(DelegatingConstructorAccessorImpl.java:39)
	at java.lang.reflect.Constructor.newInstance(Constructor.java:527)
	at org.openqa.selenium.remote.ErrorHandler.createThrowable(ErrorHandler.java:204)
	at org.openqa.selenium.remote.ErrorHandler.throwIfResponseFailed(ErrorHandler.java:156)
	at org.openqa.selenium.remote.RemoteWebDriver.execute(RemoteWebDriver.java:600)
	at org.openqa.selenium.remote.RemoteWebDriver.execute(RemoteWebDriver.java:615)
	at org.openqa.selenium.remote.RemoteWebDriver.quit(RemoteWebDriver.java:469)
	at webUI.LoadBrowser.closeBrowser(LoadBrowser.java:266)
	at sun.reflect.GeneratedMethodAccessor21.invoke(Unknown Source)
	at sun.reflect.DelegatingMethodAccessorImpl.invoke(DelegatingMethodAccessorImpl.java:37)
	at java.lang.reflect.Method.invoke(Method.java:611)
	at org.testng.internal.MethodInvocationHelper.invokeMethod(MethodInvocationHelper.java:84)
	at org.testng.internal.Invoker.invokeConfigurationMethod(Invoker.java:564)
	at org.testng.internal.Invoker.invokeConfigurations(Invoker.java:213)
	at org.testng.internal.Invoker.invokeMethod(Invoker.java:786)
	at org.testng.internal.Invoker.invokeTestMethod(Invoker.java:901)
	at org.testng.internal.Invoker.invokeTestMethods(Invoker.java:1231)
	at org.testng.internal.TestMethodWorker.invokeTestMethods(TestMethodWorker.java:127)
	at org.testng.internal.TestMethodWorker.run(TestMethodWorker.java:111)
	at org.testng.TestRunner.privateRun(TestRunner.java:767)
	at org.testng.TestRunner.run(TestRunner.java:617)
	at org.testng.SuiteRunner.runTest(SuiteRunner.java:334)
	at org.testng.SuiteRunner.runSequentially(SuiteRunner.java:329)
	at org.testng.SuiteRunner.privateRun(SuiteRunner.java:291)
	at org.testng.SuiteRunner.run(SuiteRunner.java:240)
	at org.testng.SuiteRunnerWorker.runSuite(SuiteRunnerWorker.java:52)
	at org.testng.SuiteRunnerWorker.run(SuiteRunnerWorker.java:86)
	at org.testng.TestNG.runSuitesSequentially(TestNG.java:1224)
	at org.testng.TestNG.runSuitesLocally(TestNG.java:1149)
	at org.testng.TestNG.run(TestNG.java:1057)
	at org.testng.remote.RemoteTestNG.run(RemoteTestNG.java:111)
	at org.testng.remote.RemoteTestNG.initAndRun(RemoteTestNG.java:204)
	at org.testng.remote.RemoteTestNG.main(RemoteTestNG.java:175)
Caused by: org.openqa.selenium.remote.UnreachableBrowserException: Error communicating with the remote browser. It may have died.
Build info: version: '2.42.0', revision: '5e82430', time: '2014-05-22 20:18:07'
System info: host: 'dslvm346', ip: '9.162.138.157', os.name: 'Windows 8', os.arch: 'x86', os.version: '6.2', java.version: '1.7.0_55'
Driver info: driver.version: EventFiringWebDriver
Build info: version: '2.42.1', revision: '68b415a', time: '2014-05-29 16:16:49'
System info: host: 'piotrbogdanski', ip: '9.161.136.32', os.name: 'Windows 7', os.arch: 'x86', os.version: '6.1 build 7601 Service Pack 1', java.version: '1.6.0'
Driver info: driver.version: unknown
]]>
    </failure>
  </testcase> <!-- AllContentsLoads -->
  <testcase name="AllContentsLoads" time="0.014" classname="tests.webUI.nonFunctional.LibraryTestsContents">
    <failure type="org.openqa.selenium.WebDriverException" message="Error communicating with the remote browser. It may have died.
Build info: version: &#039;2.42.0&#039;, revision: &#039;5e82430&#039;, time: &#039;2014-05-22 20:18:07&#039;
System info: host: &#039;dslvm346&#039;, ip: &#039;9.162.138.157&#039;, os.name: &#039;Windows 8&#039;, os.arch: &#039;x86&#039;, os.version: &#039;6.2&#039;, java.version: &#039;1.7.0_55&#039;
Driver info: driver.version: EventFiringWebDriver
Command duration or timeout: 3.27 seconds
Build info: version: &#039;2.42.1&#039;, revision: &#039;68b415a&#039;, time: &#039;2014-05-29 16:16:49&#039;
System info: host: &#039;piotrbogdanski&#039;, ip: &#039;9.161.136.32&#039;, os.name: &#039;Windows 7&#039;, os.arch: &#039;x86&#039;, os.version: &#039;6.1 build 7601 Service Pack 1&#039;, java.version: &#039;1.6.0&#039;
Session ID: b26bcd25-156a-405a-a953-e989a5b1f5be
Capabilities [{handlesAlerts=true, rotatable=false, databaseEnabled=false, locationContextEnabled=true, acceptSslCerts=true, applicationCacheEnabled=false, nativeEvents=true, cssSelectorsEnabled=true, takesScreenshot=true, platform=WIN8, browserName=chrome, javascriptEnabled=true, version=35.0.1916.153, chrome={userDataDir=C:\Users\ADMINI~1\AppData\Local\Temp\scoped_dir4076_31844}, webStorageEnabled=true, webdriver.remote.sessionid=b26bcd25-156a-405a-a953-e989a5b1f5be, browserConnectionEnabled=false, takesHeapSnapshot=true}]
Driver info: org.openqa.selenium.remote.RemoteWebDriver">
      <![CDATA[org.openqa.selenium.WebDriverException: Error communicating with the remote browser. It may have died.
Build info: version: '2.42.0', revision: '5e82430', time: '2014-05-22 20:18:07'
System info: host: 'dslvm346', ip: '9.162.138.157', os.name: 'Windows 8', os.arch: 'x86', os.version: '6.2', java.version: '1.7.0_55'
Driver info: driver.version: EventFiringWebDriver
Command duration or timeout: 3.27 seconds
Build info: version: '2.42.1', revision: '68b415a', time: '2014-05-29 16:16:49'
System info: host: 'piotrbogdanski', ip: '9.161.136.32', os.name: 'Windows 7', os.arch: 'x86', os.version: '6.1 build 7601 Service Pack 1', java.version: '1.6.0'
Session ID: b26bcd25-156a-405a-a953-e989a5b1f5be
Capabilities [{handlesAlerts=true, rotatable=false, databaseEnabled=false, locationContextEnabled=true, acceptSslCerts=true, applicationCacheEnabled=false, nativeEvents=true, cssSelectorsEnabled=true, takesScreenshot=true, platform=WIN8, browserName=chrome, javascriptEnabled=true, version=35.0.1916.153, chrome={userDataDir=C:\Users\ADMINI~1\AppData\Local\Temp\scoped_dir4076_31844}, webStorageEnabled=true, webdriver.remote.sessionid=b26bcd25-156a-405a-a953-e989a5b1f5be, browserConnectionEnabled=false, takesHeapSnapshot=true}]
Driver info: org.openqa.selenium.remote.RemoteWebDriver
	at sun.reflect.NativeConstructorAccessorImpl.newInstance0(Native Method)
	at sun.reflect.NativeConstructorAccessorImpl.newInstance(NativeConstructorAccessorImpl.java:56)
	at sun.reflect.DelegatingConstructorAccessorImpl.newInstance(DelegatingConstructorAccessorImpl.java:39)
	at java.lang.reflect.Constructor.newInstance(Constructor.java:527)
	at org.openqa.selenium.remote.ErrorHandler.createThrowable(ErrorHandler.java:204)
	at org.openqa.selenium.remote.ErrorHandler.throwIfResponseFailed(ErrorHandler.java:156)
	at org.openqa.selenium.remote.RemoteWebDriver.execute(RemoteWebDriver.java:600)
	at org.openqa.selenium.remote.RemoteWebDriver.execute(RemoteWebDriver.java:615)
	at org.openqa.selenium.remote.RemoteWebDriver.quit(RemoteWebDriver.java:469)
	at webUI.LoadBrowser.closeBrowser(LoadBrowser.java:266)
	at sun.reflect.GeneratedMethodAccessor21.invoke(Unknown Source)
	at sun.reflect.DelegatingMethodAccessorImpl.invoke(DelegatingMethodAccessorImpl.java:37)
	at java.lang.reflect.Method.invoke(Method.java:611)
	at org.testng.internal.MethodInvocationHelper.invokeMethod(MethodInvocationHelper.java:84)
	at org.testng.internal.Invoker.invokeConfigurationMethod(Invoker.java:564)
	at org.testng.internal.Invoker.invokeConfigurations(Invoker.java:213)
	at org.testng.internal.Invoker.invokeMethod(Invoker.java:786)
	at org.testng.internal.Invoker.invokeTestMethod(Invoker.java:901)
	at org.testng.internal.Invoker.invokeTestMethods(Invoker.java:1231)
	at org.testng.internal.TestMethodWorker.invokeTestMethods(TestMethodWorker.java:127)
	at org.testng.internal.TestMethodWorker.run(TestMethodWorker.java:111)
	at org.testng.TestRunner.privateRun(TestRunner.java:767)
	at org.testng.TestRunner.run(TestRunner.java:617)
	at org.testng.SuiteRunner.runTest(SuiteRunner.java:334)
	at org.testng.SuiteRunner.runSequentially(SuiteRunner.java:329)
	at org.testng.SuiteRunner.privateRun(SuiteRunner.java:291)
	at org.testng.SuiteRunner.run(SuiteRunner.java:240)
	at org.testng.SuiteRunnerWorker.runSuite(SuiteRunnerWorker.java:52)
	at org.testng.SuiteRunnerWorker.run(SuiteRunnerWorker.java:86)
	at org.testng.TestNG.runSuitesSequentially(TestNG.java:1224)
	at org.testng.TestNG.runSuitesLocally(TestNG.java:1149)
	at org.testng.TestNG.run(TestNG.java:1057)
	at org.testng.remote.RemoteTestNG.run(RemoteTestNG.java:111)
	at org.testng.remote.RemoteTestNG.initAndRun(RemoteTestNG.java:204)
	at org.testng.remote.RemoteTestNG.main(RemoteTestNG.java:175)
Caused by: org.openqa.selenium.remote.UnreachableBrowserException: Error communicating with the remote browser. It may have died.
Build info: version: '2.42.0', revision: '5e82430', time: '2014-05-22 20:18:07'
System info: host: 'dslvm346', ip: '9.162.138.157', os.name: 'Windows 8', os.arch: 'x86', os.version: '6.2', java.version: '1.7.0_55'
Driver info: driver.version: EventFiringWebDriver
Build info: version: '2.42.1', revision: '68b415a', time: '2014-05-29 16:16:49'
System info: host: 'piotrbogdanski', ip: '9.161.136.32', os.name: 'Windows 7', os.arch: 'x86', os.version: '6.1 build 7601 Service Pack 1', java.version: '1.6.0'
Driver info: driver.version: unknown
]]>
    </failure>
  </testcase> <!-- AllContentsLoads -->
  <testcase name="AllContentsLoads" time="0.001" classname="tests.webUI.nonFunctional.LibraryTestsContents">
    <failure type="org.openqa.selenium.WebDriverException" message="Error communicating with the remote browser. It may have died.
Build info: version: &#039;2.42.0&#039;, revision: &#039;5e82430&#039;, time: &#039;2014-05-22 20:18:07&#039;
System info: host: &#039;dslvm346&#039;, ip: &#039;9.162.138.157&#039;, os.name: &#039;Windows 8&#039;, os.arch: &#039;x86&#039;, os.version: &#039;6.2&#039;, java.version: &#039;1.7.0_55&#039;
Driver info: driver.version: EventFiringWebDriver
Command duration or timeout: 3.27 seconds
Build info: version: &#039;2.42.1&#039;, revision: &#039;68b415a&#039;, time: &#039;2014-05-29 16:16:49&#039;
System info: host: &#039;piotrbogdanski&#039;, ip: &#039;9.161.136.32&#039;, os.name: &#039;Windows 7&#039;, os.arch: &#039;x86&#039;, os.version: &#039;6.1 build 7601 Service Pack 1&#039;, java.version: &#039;1.6.0&#039;
Session ID: b26bcd25-156a-405a-a953-e989a5b1f5be
Capabilities [{handlesAlerts=true, rotatable=false, databaseEnabled=false, locationContextEnabled=true, acceptSslCerts=true, applicationCacheEnabled=false, nativeEvents=true, cssSelectorsEnabled=true, takesScreenshot=true, platform=WIN8, browserName=chrome, javascriptEnabled=true, version=35.0.1916.153, chrome={userDataDir=C:\Users\ADMINI~1\AppData\Local\Temp\scoped_dir4076_31844}, webStorageEnabled=true, webdriver.remote.sessionid=b26bcd25-156a-405a-a953-e989a5b1f5be, browserConnectionEnabled=false, takesHeapSnapshot=true}]
Driver info: org.openqa.selenium.remote.RemoteWebDriver">
      <![CDATA[org.openqa.selenium.WebDriverException: Error communicating with the remote browser. It may have died.
Build info: version: '2.42.0', revision: '5e82430', time: '2014-05-22 20:18:07'
System info: host: 'dslvm346', ip: '9.162.138.157', os.name: 'Windows 8', os.arch: 'x86', os.version: '6.2', java.version: '1.7.0_55'
Driver info: driver.version: EventFiringWebDriver
Command duration or timeout: 3.27 seconds
Build info: version: '2.42.1', revision: '68b415a', time: '2014-05-29 16:16:49'
System info: host: 'piotrbogdanski', ip: '9.161.136.32', os.name: 'Windows 7', os.arch: 'x86', os.version: '6.1 build 7601 Service Pack 1', java.version: '1.6.0'
Session ID: b26bcd25-156a-405a-a953-e989a5b1f5be
Capabilities [{handlesAlerts=true, rotatable=false, databaseEnabled=false, locationContextEnabled=true, acceptSslCerts=true, applicationCacheEnabled=false, nativeEvents=true, cssSelectorsEnabled=true, takesScreenshot=true, platform=WIN8, browserName=chrome, javascriptEnabled=true, version=35.0.1916.153, chrome={userDataDir=C:\Users\ADMINI~1\AppData\Local\Temp\scoped_dir4076_31844}, webStorageEnabled=true, webdriver.remote.sessionid=b26bcd25-156a-405a-a953-e989a5b1f5be, browserConnectionEnabled=false, takesHeapSnapshot=true}]
Driver info: org.openqa.selenium.remote.RemoteWebDriver
	at sun.reflect.NativeConstructorAccessorImpl.newInstance0(Native Method)
	at sun.reflect.NativeConstructorAccessorImpl.newInstance(NativeConstructorAccessorImpl.java:56)
	at sun.reflect.DelegatingConstructorAccessorImpl.newInstance(DelegatingConstructorAccessorImpl.java:39)
	at java.lang.reflect.Constructor.newInstance(Constructor.java:527)
	at org.openqa.selenium.remote.ErrorHandler.createThrowable(ErrorHandler.java:204)
	at org.openqa.selenium.remote.ErrorHandler.throwIfResponseFailed(ErrorHandler.java:156)
	at org.openqa.selenium.remote.RemoteWebDriver.execute(RemoteWebDriver.java:600)
	at org.openqa.selenium.remote.RemoteWebDriver.execute(RemoteWebDriver.java:615)
	at org.openqa.selenium.remote.RemoteWebDriver.quit(RemoteWebDriver.java:469)
	at webUI.LoadBrowser.closeBrowser(LoadBrowser.java:266)
	at sun.reflect.GeneratedMethodAccessor21.invoke(Unknown Source)
	at sun.reflect.DelegatingMethodAccessorImpl.invoke(DelegatingMethodAccessorImpl.java:37)
	at java.lang.reflect.Method.invoke(Method.java:611)
	at org.testng.internal.MethodInvocationHelper.invokeMethod(MethodInvocationHelper.java:84)
	at org.testng.internal.Invoker.invokeConfigurationMethod(Invoker.java:564)
	at org.testng.internal.Invoker.invokeConfigurations(Invoker.java:213)
	at org.testng.internal.Invoker.invokeMethod(Invoker.java:786)
	at org.testng.internal.Invoker.invokeTestMethod(Invoker.java:901)
	at org.testng.internal.Invoker.invokeTestMethods(Invoker.java:1231)
	at org.testng.internal.TestMethodWorker.invokeTestMethods(TestMethodWorker.java:127)
	at org.testng.internal.TestMethodWorker.run(TestMethodWorker.java:111)
	at org.testng.TestRunner.privateRun(TestRunner.java:767)
	at org.testng.TestRunner.run(TestRunner.java:617)
	at org.testng.SuiteRunner.runTest(SuiteRunner.java:334)
	at org.testng.SuiteRunner.runSequentially(SuiteRunner.java:329)
	at org.testng.SuiteRunner.privateRun(SuiteRunner.java:291)
	at org.testng.SuiteRunner.run(SuiteRunner.java:240)
	at org.testng.SuiteRunnerWorker.runSuite(SuiteRunnerWorker.java:52)
	at org.testng.SuiteRunnerWorker.run(SuiteRunnerWorker.java:86)
	at org.testng.TestNG.runSuitesSequentially(TestNG.java:1224)
	at org.testng.TestNG.runSuitesLocally(TestNG.java:1149)
	at org.testng.TestNG.run(TestNG.java:1057)
	at org.testng.remote.RemoteTestNG.run(RemoteTestNG.java:111)
	at org.testng.remote.RemoteTestNG.initAndRun(RemoteTestNG.java:204)
	at org.testng.remote.RemoteTestNG.main(RemoteTestNG.java:175)
Caused by: org.openqa.selenium.remote.UnreachableBrowserException: Error communicating with the remote browser. It may have died.
Build info: version: '2.42.0', revision: '5e82430', time: '2014-05-22 20:18:07'
System info: host: 'dslvm346', ip: '9.162.138.157', os.name: 'Windows 8', os.arch: 'x86', os.version: '6.2', java.version: '1.7.0_55'
Driver info: driver.version: EventFiringWebDriver
Build info: version: '2.42.1', revision: '68b415a', time: '2014-05-29 16:16:49'
System info: host: 'piotrbogdanski', ip: '9.161.136.32', os.name: 'Windows 7', os.arch: 'x86', os.version: '6.1 build 7601 Service Pack 1', java.version: '1.6.0'
Driver info: driver.version: unknown
]]>
    </failure>
  </testcase> <!-- AllContentsLoads -->
  <testcase name="AllContentsLoads" time="0.000" classname="tests.webUI.nonFunctional.LibraryTestsContents">
    <failure type="org.openqa.selenium.WebDriverException" message="Error communicating with the remote browser. It may have died.
Build info: version: &#039;2.42.0&#039;, revision: &#039;5e82430&#039;, time: &#039;2014-05-22 20:18:07&#039;
System info: host: &#039;dslvm346&#039;, ip: &#039;9.162.138.157&#039;, os.name: &#039;Windows 8&#039;, os.arch: &#039;x86&#039;, os.version: &#039;6.2&#039;, java.version: &#039;1.7.0_55&#039;
Driver info: driver.version: EventFiringWebDriver
Command duration or timeout: 3.27 seconds
Build info: version: &#039;2.42.1&#039;, revision: &#039;68b415a&#039;, time: &#039;2014-05-29 16:16:49&#039;
System info: host: &#039;piotrbogdanski&#039;, ip: &#039;9.161.136.32&#039;, os.name: &#039;Windows 7&#039;, os.arch: &#039;x86&#039;, os.version: &#039;6.1 build 7601 Service Pack 1&#039;, java.version: &#039;1.6.0&#039;
Session ID: b26bcd25-156a-405a-a953-e989a5b1f5be
Capabilities [{handlesAlerts=true, rotatable=false, databaseEnabled=false, locationContextEnabled=true, acceptSslCerts=true, applicationCacheEnabled=false, nativeEvents=true, cssSelectorsEnabled=true, takesScreenshot=true, platform=WIN8, browserName=chrome, javascriptEnabled=true, version=35.0.1916.153, chrome={userDataDir=C:\Users\ADMINI~1\AppData\Local\Temp\scoped_dir4076_31844}, webStorageEnabled=true, webdriver.remote.sessionid=b26bcd25-156a-405a-a953-e989a5b1f5be, browserConnectionEnabled=false, takesHeapSnapshot=true}]
Driver info: org.openqa.selenium.remote.RemoteWebDriver">
      <![CDATA[org.openqa.selenium.WebDriverException: Error communicating with the remote browser. It may have died.
Build info: version: '2.42.0', revision: '5e82430', time: '2014-05-22 20:18:07'
System info: host: 'dslvm346', ip: '9.162.138.157', os.name: 'Windows 8', os.arch: 'x86', os.version: '6.2', java.version: '1.7.0_55'
Driver info: driver.version: EventFiringWebDriver
Command duration or timeout: 3.27 seconds
Build info: version: '2.42.1', revision: '68b415a', time: '2014-05-29 16:16:49'
System info: host: 'piotrbogdanski', ip: '9.161.136.32', os.name: 'Windows 7', os.arch: 'x86', os.version: '6.1 build 7601 Service Pack 1', java.version: '1.6.0'
Session ID: b26bcd25-156a-405a-a953-e989a5b1f5be
Capabilities [{handlesAlerts=true, rotatable=false, databaseEnabled=false, locationContextEnabled=true, acceptSslCerts=true, applicationCacheEnabled=false, nativeEvents=true, cssSelectorsEnabled=true, takesScreenshot=true, platform=WIN8, browserName=chrome, javascriptEnabled=true, version=35.0.1916.153, chrome={userDataDir=C:\Users\ADMINI~1\AppData\Local\Temp\scoped_dir4076_31844}, webStorageEnabled=true, webdriver.remote.sessionid=b26bcd25-156a-405a-a953-e989a5b1f5be, browserConnectionEnabled=false, takesHeapSnapshot=true}]
Driver info: org.openqa.selenium.remote.RemoteWebDriver
	at sun.reflect.NativeConstructorAccessorImpl.newInstance0(Native Method)
	at sun.reflect.NativeConstructorAccessorImpl.newInstance(NativeConstructorAccessorImpl.java:56)
	at sun.reflect.DelegatingConstructorAccessorImpl.newInstance(DelegatingConstructorAccessorImpl.java:39)
	at java.lang.reflect.Constructor.newInstance(Constructor.java:527)
	at org.openqa.selenium.remote.ErrorHandler.createThrowable(ErrorHandler.java:204)
	at org.openqa.selenium.remote.ErrorHandler.throwIfResponseFailed(ErrorHandler.java:156)
	at org.openqa.selenium.remote.RemoteWebDriver.execute(RemoteWebDriver.java:600)
	at org.openqa.selenium.remote.RemoteWebDriver.execute(RemoteWebDriver.java:615)
	at org.openqa.selenium.remote.RemoteWebDriver.quit(RemoteWebDriver.java:469)
	at webUI.LoadBrowser.closeBrowser(LoadBrowser.java:266)
	at sun.reflect.GeneratedMethodAccessor21.invoke(Unknown Source)
	at sun.reflect.DelegatingMethodAccessorImpl.invoke(DelegatingMethodAccessorImpl.java:37)
	at java.lang.reflect.Method.invoke(Method.java:611)
	at org.testng.internal.MethodInvocationHelper.invokeMethod(MethodInvocationHelper.java:84)
	at org.testng.internal.Invoker.invokeConfigurationMethod(Invoker.java:564)
	at org.testng.internal.Invoker.invokeConfigurations(Invoker.java:213)
	at org.testng.internal.Invoker.invokeMethod(Invoker.java:786)
	at org.testng.internal.Invoker.invokeTestMethod(Invoker.java:901)
	at org.testng.internal.Invoker.invokeTestMethods(Invoker.java:1231)
	at org.testng.internal.TestMethodWorker.invokeTestMethods(TestMethodWorker.java:127)
	at org.testng.internal.TestMethodWorker.run(TestMethodWorker.java:111)
	at org.testng.TestRunner.privateRun(TestRunner.java:767)
	at org.testng.TestRunner.run(TestRunner.java:617)
	at org.testng.SuiteRunner.runTest(SuiteRunner.java:334)
	at org.testng.SuiteRunner.runSequentially(SuiteRunner.java:329)
	at org.testng.SuiteRunner.privateRun(SuiteRunner.java:291)
	at org.testng.SuiteRunner.run(SuiteRunner.java:240)
	at org.testng.SuiteRunnerWorker.runSuite(SuiteRunnerWorker.java:52)
	at org.testng.SuiteRunnerWorker.run(SuiteRunnerWorker.java:86)
	at org.testng.TestNG.runSuitesSequentially(TestNG.java:1224)
	at org.testng.TestNG.runSuitesLocally(TestNG.java:1149)
	at org.testng.TestNG.run(TestNG.java:1057)
	at org.testng.remote.RemoteTestNG.run(RemoteTestNG.java:111)
	at org.testng.remote.RemoteTestNG.initAndRun(RemoteTestNG.java:204)
	at org.testng.remote.RemoteTestNG.main(RemoteTestNG.java:175)
Caused by: org.openqa.selenium.remote.UnreachableBrowserException: Error communicating with the remote browser. It may have died.
Build info: version: '2.42.0', revision: '5e82430', time: '2014-05-22 20:18:07'
System info: host: 'dslvm346', ip: '9.162.138.157', os.name: 'Windows 8', os.arch: 'x86', os.version: '6.2', java.version: '1.7.0_55'
Driver info: driver.version: EventFiringWebDriver
Build info: version: '2.42.1', revision: '68b415a', time: '2014-05-29 16:16:49'
System info: host: 'piotrbogdanski', ip: '9.161.136.32', os.name: 'Windows 7', os.arch: 'x86', os.version: '6.1 build 7601 Service Pack 1', java.version: '1.6.0'
Driver info: driver.version: unknown
]]>
    </failure>
  </testcase> <!-- AllContentsLoads -->
  <testcase name="AllContentsLoads" time="22.559" classname="tests.webUI.nonFunctional.LibraryTestsContents"/>
  <testcase name="AllContentsLoads" time="1.333" classname="tests.webUI.nonFunctional.LibraryTestsContents">
    <failure type="org.openqa.selenium.WebDriverException" message="Error communicating with the remote browser. It may have died.
Build info: version: &#039;2.42.0&#039;, revision: &#039;5e82430&#039;, time: &#039;2014-05-22 20:18:07&#039;
System info: host: &#039;dslvm346&#039;, ip: &#039;9.162.138.157&#039;, os.name: &#039;Windows 8&#039;, os.arch: &#039;x86&#039;, os.version: &#039;6.2&#039;, java.version: &#039;1.7.0_55&#039;
Driver info: driver.version: EventFiringWebDriver
Command duration or timeout: 3.27 seconds
Build info: version: &#039;2.42.1&#039;, revision: &#039;68b415a&#039;, time: &#039;2014-05-29 16:16:49&#039;
System info: host: &#039;piotrbogdanski&#039;, ip: &#039;9.161.136.32&#039;, os.name: &#039;Windows 7&#039;, os.arch: &#039;x86&#039;, os.version: &#039;6.1 build 7601 Service Pack 1&#039;, java.version: &#039;1.6.0&#039;
Session ID: b26bcd25-156a-405a-a953-e989a5b1f5be
Capabilities [{handlesAlerts=true, rotatable=false, databaseEnabled=false, locationContextEnabled=true, acceptSslCerts=true, applicationCacheEnabled=false, nativeEvents=true, cssSelectorsEnabled=true, takesScreenshot=true, platform=WIN8, browserName=chrome, javascriptEnabled=true, version=35.0.1916.153, chrome={userDataDir=C:\Users\ADMINI~1\AppData\Local\Temp\scoped_dir4076_31844}, webStorageEnabled=true, webdriver.remote.sessionid=b26bcd25-156a-405a-a953-e989a5b1f5be, browserConnectionEnabled=false, takesHeapSnapshot=true}]
Driver info: org.openqa.selenium.remote.RemoteWebDriver">
      <![CDATA[org.openqa.selenium.WebDriverException: Error communicating with the remote browser. It may have died.
Build info: version: '2.42.0', revision: '5e82430', time: '2014-05-22 20:18:07'
System info: host: 'dslvm346', ip: '9.162.138.157', os.name: 'Windows 8', os.arch: 'x86', os.version: '6.2', java.version: '1.7.0_55'
Driver info: driver.version: EventFiringWebDriver
Command duration or timeout: 3.27 seconds
Build info: version: '2.42.1', revision: '68b415a', time: '2014-05-29 16:16:49'
System info: host: 'piotrbogdanski', ip: '9.161.136.32', os.name: 'Windows 7', os.arch: 'x86', os.version: '6.1 build 7601 Service Pack 1', java.version: '1.6.0'
Session ID: b26bcd25-156a-405a-a953-e989a5b1f5be
Capabilities [{handlesAlerts=true, rotatable=false, databaseEnabled=false, locationContextEnabled=true, acceptSslCerts=true, applicationCacheEnabled=false, nativeEvents=true, cssSelectorsEnabled=true, takesScreenshot=true, platform=WIN8, browserName=chrome, javascriptEnabled=true, version=35.0.1916.153, chrome={userDataDir=C:\Users\ADMINI~1\AppData\Local\Temp\scoped_dir4076_31844}, webStorageEnabled=true, webdriver.remote.sessionid=b26bcd25-156a-405a-a953-e989a5b1f5be, browserConnectionEnabled=false, takesHeapSnapshot=true}]
Driver info: org.openqa.selenium.remote.RemoteWebDriver
	at sun.reflect.NativeConstructorAccessorImpl.newInstance0(Native Method)
	at sun.reflect.NativeConstructorAccessorImpl.newInstance(NativeConstructorAccessorImpl.java:56)
	at sun.reflect.DelegatingConstructorAccessorImpl.newInstance(DelegatingConstructorAccessorImpl.java:39)
	at java.lang.reflect.Constructor.newInstance(Constructor.java:527)
	at org.openqa.selenium.remote.ErrorHandler.createThrowable(ErrorHandler.java:204)
	at org.openqa.selenium.remote.ErrorHandler.throwIfResponseFailed(ErrorHandler.java:156)
	at org.openqa.selenium.remote.RemoteWebDriver.execute(RemoteWebDriver.java:600)
	at org.openqa.selenium.remote.RemoteWebDriver.execute(RemoteWebDriver.java:615)
	at org.openqa.selenium.remote.RemoteWebDriver.quit(RemoteWebDriver.java:469)
	at webUI.LoadBrowser.closeBrowser(LoadBrowser.java:266)
	at sun.reflect.GeneratedMethodAccessor21.invoke(Unknown Source)
	at sun.reflect.DelegatingMethodAccessorImpl.invoke(DelegatingMethodAccessorImpl.java:37)
	at java.lang.reflect.Method.invoke(Method.java:611)
	at org.testng.internal.MethodInvocationHelper.invokeMethod(MethodInvocationHelper.java:84)
	at org.testng.internal.Invoker.invokeConfigurationMethod(Invoker.java:564)
	at org.testng.internal.Invoker.invokeConfigurations(Invoker.java:213)
	at org.testng.internal.Invoker.invokeMethod(Invoker.java:786)
	at org.testng.internal.Invoker.invokeTestMethod(Invoker.java:901)
	at org.testng.internal.Invoker.invokeTestMethods(Invoker.java:1231)
	at org.testng.internal.TestMethodWorker.invokeTestMethods(TestMethodWorker.java:127)
	at org.testng.internal.TestMethodWorker.run(TestMethodWorker.java:111)
	at org.testng.TestRunner.privateRun(TestRunner.java:767)
	at org.testng.TestRunner.run(TestRunner.java:617)
	at org.testng.SuiteRunner.runTest(SuiteRunner.java:334)
	at org.testng.SuiteRunner.runSequentially(SuiteRunner.java:329)
	at org.testng.SuiteRunner.privateRun(SuiteRunner.java:291)
	at org.testng.SuiteRunner.run(SuiteRunner.java:240)
	at org.testng.SuiteRunnerWorker.runSuite(SuiteRunnerWorker.java:52)
	at org.testng.SuiteRunnerWorker.run(SuiteRunnerWorker.java:86)
	at org.testng.TestNG.runSuitesSequentially(TestNG.java:1224)
	at org.testng.TestNG.runSuitesLocally(TestNG.java:1149)
	at org.testng.TestNG.run(TestNG.java:1057)
	at org.testng.remote.RemoteTestNG.run(RemoteTestNG.java:111)
	at org.testng.remote.RemoteTestNG.initAndRun(RemoteTestNG.java:204)
	at org.testng.remote.RemoteTestNG.main(RemoteTestNG.java:175)
Caused by: org.openqa.selenium.remote.UnreachableBrowserException: Error communicating with the remote browser. It may have died.
Build info: version: '2.42.0', revision: '5e82430', time: '2014-05-22 20:18:07'
System info: host: 'dslvm346', ip: '9.162.138.157', os.name: 'Windows 8', os.arch: 'x86', os.version: '6.2', java.version: '1.7.0_55'
Driver info: driver.version: EventFiringWebDriver
Build info: version: '2.42.1', revision: '68b415a', time: '2014-05-29 16:16:49'
System info: host: 'piotrbogdanski', ip: '9.161.136.32', os.name: 'Windows 7', os.arch: 'x86', os.version: '6.1 build 7601 Service Pack 1', java.version: '1.6.0'
Driver info: driver.version: unknown
]]>
    </failure>
  </testcase> <!-- AllContentsLoads -->
  <testcase name="AllContentsLoads" time="1.397" classname="tests.webUI.nonFunctional.LibraryTestsContents">
    <failure type="org.openqa.selenium.WebDriverException" message="Error communicating with the remote browser. It may have died.
Build info: version: &#039;2.42.0&#039;, revision: &#039;5e82430&#039;, time: &#039;2014-05-22 20:18:07&#039;
System info: host: &#039;dslvm346&#039;, ip: &#039;9.162.138.157&#039;, os.name: &#039;Windows 8&#039;, os.arch: &#039;x86&#039;, os.version: &#039;6.2&#039;, java.version: &#039;1.7.0_55&#039;
Driver info: driver.version: EventFiringWebDriver
Command duration or timeout: 3.27 seconds
Build info: version: &#039;2.42.1&#039;, revision: &#039;68b415a&#039;, time: &#039;2014-05-29 16:16:49&#039;
System info: host: &#039;piotrbogdanski&#039;, ip: &#039;9.161.136.32&#039;, os.name: &#039;Windows 7&#039;, os.arch: &#039;x86&#039;, os.version: &#039;6.1 build 7601 Service Pack 1&#039;, java.version: &#039;1.6.0&#039;
Session ID: b26bcd25-156a-405a-a953-e989a5b1f5be
Capabilities [{handlesAlerts=true, rotatable=false, databaseEnabled=false, locationContextEnabled=true, acceptSslCerts=true, applicationCacheEnabled=false, nativeEvents=true, cssSelectorsEnabled=true, takesScreenshot=true, platform=WIN8, browserName=chrome, javascriptEnabled=true, version=35.0.1916.153, chrome={userDataDir=C:\Users\ADMINI~1\AppData\Local\Temp\scoped_dir4076_31844}, webStorageEnabled=true, webdriver.remote.sessionid=b26bcd25-156a-405a-a953-e989a5b1f5be, browserConnectionEnabled=false, takesHeapSnapshot=true}]
Driver info: org.openqa.selenium.remote.RemoteWebDriver">
      <![CDATA[org.openqa.selenium.WebDriverException: Error communicating with the remote browser. It may have died.
Build info: version: '2.42.0', revision: '5e82430', time: '2014-05-22 20:18:07'
System info: host: 'dslvm346', ip: '9.162.138.157', os.name: 'Windows 8', os.arch: 'x86', os.version: '6.2', java.version: '1.7.0_55'
Driver info: driver.version: EventFiringWebDriver
Command duration or timeout: 3.27 seconds
Build info: version: '2.42.1', revision: '68b415a', time: '2014-05-29 16:16:49'
System info: host: 'piotrbogdanski', ip: '9.161.136.32', os.name: 'Windows 7', os.arch: 'x86', os.version: '6.1 build 7601 Service Pack 1', java.version: '1.6.0'
Session ID: b26bcd25-156a-405a-a953-e989a5b1f5be
Capabilities [{handlesAlerts=true, rotatable=false, databaseEnabled=false, locationContextEnabled=true, acceptSslCerts=true, applicationCacheEnabled=false, nativeEvents=true, cssSelectorsEnabled=true, takesScreenshot=true, platform=WIN8, browserName=chrome, javascriptEnabled=true, version=35.0.1916.153, chrome={userDataDir=C:\Users\ADMINI~1\AppData\Local\Temp\scoped_dir4076_31844}, webStorageEnabled=true, webdriver.remote.sessionid=b26bcd25-156a-405a-a953-e989a5b1f5be, browserConnectionEnabled=false, takesHeapSnapshot=true}]
Driver info: org.openqa.selenium.remote.RemoteWebDriver
	at sun.reflect.NativeConstructorAccessorImpl.newInstance0(Native Method)
	at sun.reflect.NativeConstructorAccessorImpl.newInstance(NativeConstructorAccessorImpl.java:56)
	at sun.reflect.DelegatingConstructorAccessorImpl.newInstance(DelegatingConstructorAccessorImpl.java:39)
	at java.lang.reflect.Constructor.newInstance(Constructor.java:527)
	at org.openqa.selenium.remote.ErrorHandler.createThrowable(ErrorHandler.java:204)
	at org.openqa.selenium.remote.ErrorHandler.throwIfResponseFailed(ErrorHandler.java:156)
	at org.openqa.selenium.remote.RemoteWebDriver.execute(RemoteWebDriver.java:600)
	at org.openqa.selenium.remote.RemoteWebDriver.execute(RemoteWebDriver.java:615)
	at org.openqa.selenium.remote.RemoteWebDriver.quit(RemoteWebDriver.java:469)
	at webUI.LoadBrowser.closeBrowser(LoadBrowser.java:266)
	at sun.reflect.GeneratedMethodAccessor21.invoke(Unknown Source)
	at sun.reflect.DelegatingMethodAccessorImpl.invoke(DelegatingMethodAccessorImpl.java:37)
	at java.lang.reflect.Method.invoke(Method.java:611)
	at org.testng.internal.MethodInvocationHelper.invokeMethod(MethodInvocationHelper.java:84)
	at org.testng.internal.Invoker.invokeConfigurationMethod(Invoker.java:564)
	at org.testng.internal.Invoker.invokeConfigurations(Invoker.java:213)
	at org.testng.internal.Invoker.invokeMethod(Invoker.java:786)
	at org.testng.internal.Invoker.invokeTestMethod(Invoker.java:901)
	at org.testng.internal.Invoker.invokeTestMethods(Invoker.java:1231)
	at org.testng.internal.TestMethodWorker.invokeTestMethods(TestMethodWorker.java:127)
	at org.testng.internal.TestMethodWorker.run(TestMethodWorker.java:111)
	at org.testng.TestRunner.privateRun(TestRunner.java:767)
	at org.testng.TestRunner.run(TestRunner.java:617)
	at org.testng.SuiteRunner.runTest(SuiteRunner.java:334)
	at org.testng.SuiteRunner.runSequentially(SuiteRunner.java:329)
	at org.testng.SuiteRunner.privateRun(SuiteRunner.java:291)
	at org.testng.SuiteRunner.run(SuiteRunner.java:240)
	at org.testng.SuiteRunnerWorker.runSuite(SuiteRunnerWorker.java:52)
	at org.testng.SuiteRunnerWorker.run(SuiteRunnerWorker.java:86)
	at org.testng.TestNG.runSuitesSequentially(TestNG.java:1224)
	at org.testng.TestNG.runSuitesLocally(TestNG.java:1149)
	at org.testng.TestNG.run(TestNG.java:1057)
	at org.testng.remote.RemoteTestNG.run(RemoteTestNG.java:111)
	at org.testng.remote.RemoteTestNG.initAndRun(RemoteTestNG.java:204)
	at org.testng.remote.RemoteTestNG.main(RemoteTestNG.java:175)
Caused by: org.openqa.selenium.remote.UnreachableBrowserException: Error communicating with the remote browser. It may have died.
Build info: version: '2.42.0', revision: '5e82430', time: '2014-05-22 20:18:07'
System info: host: 'dslvm346', ip: '9.162.138.157', os.name: 'Windows 8', os.arch: 'x86', os.version: '6.2', java.version: '1.7.0_55'
Driver info: driver.version: EventFiringWebDriver
Build info: version: '2.42.1', revision: '68b415a', time: '2014-05-29 16:16:49'
System info: host: 'piotrbogdanski', ip: '9.161.136.32', os.name: 'Windows 7', os.arch: 'x86', os.version: '6.1 build 7601 Service Pack 1', java.version: '1.6.0'
Driver info: driver.version: unknown
]]>
    </failure>
  </testcase> <!-- AllContentsLoads -->
  <testcase name="AllContentsLoads" time="0.001" classname="tests.webUI.nonFunctional.LibraryTestsContents">
    <failure type="org.openqa.selenium.WebDriverException" message="Error communicating with the remote browser. It may have died.
Build info: version: &#039;2.42.0&#039;, revision: &#039;5e82430&#039;, time: &#039;2014-05-22 20:18:07&#039;
System info: host: &#039;dslvm346&#039;, ip: &#039;9.162.138.157&#039;, os.name: &#039;Windows 8&#039;, os.arch: &#039;x86&#039;, os.version: &#039;6.2&#039;, java.version: &#039;1.7.0_55&#039;
Driver info: driver.version: EventFiringWebDriver
Command duration or timeout: 3.27 seconds
Build info: version: &#039;2.42.1&#039;, revision: &#039;68b415a&#039;, time: &#039;2014-05-29 16:16:49&#039;
System info: host: &#039;piotrbogdanski&#039;, ip: &#039;9.161.136.32&#039;, os.name: &#039;Windows 7&#039;, os.arch: &#039;x86&#039;, os.version: &#039;6.1 build 7601 Service Pack 1&#039;, java.version: &#039;1.6.0&#039;
Session ID: b26bcd25-156a-405a-a953-e989a5b1f5be
Capabilities [{handlesAlerts=true, rotatable=false, databaseEnabled=false, locationContextEnabled=true, acceptSslCerts=true, applicationCacheEnabled=false, nativeEvents=true, cssSelectorsEnabled=true, takesScreenshot=true, platform=WIN8, browserName=chrome, javascriptEnabled=true, version=35.0.1916.153, chrome={userDataDir=C:\Users\ADMINI~1\AppData\Local\Temp\scoped_dir4076_31844}, webStorageEnabled=true, webdriver.remote.sessionid=b26bcd25-156a-405a-a953-e989a5b1f5be, browserConnectionEnabled=false, takesHeapSnapshot=true}]
Driver info: org.openqa.selenium.remote.RemoteWebDriver">
      <![CDATA[org.openqa.selenium.WebDriverException: Error communicating with the remote browser. It may have died.
Build info: version: '2.42.0', revision: '5e82430', time: '2014-05-22 20:18:07'
System info: host: 'dslvm346', ip: '9.162.138.157', os.name: 'Windows 8', os.arch: 'x86', os.version: '6.2', java.version: '1.7.0_55'
Driver info: driver.version: EventFiringWebDriver
Command duration or timeout: 3.27 seconds
Build info: version: '2.42.1', revision: '68b415a', time: '2014-05-29 16:16:49'
System info: host: 'piotrbogdanski', ip: '9.161.136.32', os.name: 'Windows 7', os.arch: 'x86', os.version: '6.1 build 7601 Service Pack 1', java.version: '1.6.0'
Session ID: b26bcd25-156a-405a-a953-e989a5b1f5be
Capabilities [{handlesAlerts=true, rotatable=false, databaseEnabled=false, locationContextEnabled=true, acceptSslCerts=true, applicationCacheEnabled=false, nativeEvents=true, cssSelectorsEnabled=true, takesScreenshot=true, platform=WIN8, browserName=chrome, javascriptEnabled=true, version=35.0.1916.153, chrome={userDataDir=C:\Users\ADMINI~1\AppData\Local\Temp\scoped_dir4076_31844}, webStorageEnabled=true, webdriver.remote.sessionid=b26bcd25-156a-405a-a953-e989a5b1f5be, browserConnectionEnabled=false, takesHeapSnapshot=true}]
Driver info: org.openqa.selenium.remote.RemoteWebDriver
	at sun.reflect.NativeConstructorAccessorImpl.newInstance0(Native Method)
	at sun.reflect.NativeConstructorAccessorImpl.newInstance(NativeConstructorAccessorImpl.java:56)
	at sun.reflect.DelegatingConstructorAccessorImpl.newInstance(DelegatingConstructorAccessorImpl.java:39)
	at java.lang.reflect.Constructor.newInstance(Constructor.java:527)
	at org.openqa.selenium.remote.ErrorHandler.createThrowable(ErrorHandler.java:204)
	at org.openqa.selenium.remote.ErrorHandler.throwIfResponseFailed(ErrorHandler.java:156)
	at org.openqa.selenium.remote.RemoteWebDriver.execute(RemoteWebDriver.java:600)
	at org.openqa.selenium.remote.RemoteWebDriver.execute(RemoteWebDriver.java:615)
	at org.openqa.selenium.remote.RemoteWebDriver.quit(RemoteWebDriver.java:469)
	at webUI.LoadBrowser.closeBrowser(LoadBrowser.java:266)
	at sun.reflect.GeneratedMethodAccessor21.invoke(Unknown Source)
	at sun.reflect.DelegatingMethodAccessorImpl.invoke(DelegatingMethodAccessorImpl.java:37)
	at java.lang.reflect.Method.invoke(Method.java:611)
	at org.testng.internal.MethodInvocationHelper.invokeMethod(MethodInvocationHelper.java:84)
	at org.testng.internal.Invoker.invokeConfigurationMethod(Invoker.java:564)
	at org.testng.internal.Invoker.invokeConfigurations(Invoker.java:213)
	at org.testng.internal.Invoker.invokeMethod(Invoker.java:786)
	at org.testng.internal.Invoker.invokeTestMethod(Invoker.java:901)
	at org.testng.internal.Invoker.invokeTestMethods(Invoker.java:1231)
	at org.testng.internal.TestMethodWorker.invokeTestMethods(TestMethodWorker.java:127)
	at org.testng.internal.TestMethodWorker.run(TestMethodWorker.java:111)
	at org.testng.TestRunner.privateRun(TestRunner.java:767)
	at org.testng.TestRunner.run(TestRunner.java:617)
	at org.testng.SuiteRunner.runTest(SuiteRunner.java:334)
	at org.testng.SuiteRunner.runSequentially(SuiteRunner.java:329)
	at org.testng.SuiteRunner.privateRun(SuiteRunner.java:291)
	at org.testng.SuiteRunner.run(SuiteRunner.java:240)
	at org.testng.SuiteRunnerWorker.runSuite(SuiteRunnerWorker.java:52)
	at org.testng.SuiteRunnerWorker.run(SuiteRunnerWorker.java:86)
	at org.testng.TestNG.runSuitesSequentially(TestNG.java:1224)
	at org.testng.TestNG.runSuitesLocally(TestNG.java:1149)
	at org.testng.TestNG.run(TestNG.java:1057)
	at org.testng.remote.RemoteTestNG.run(RemoteTestNG.java:111)
	at org.testng.remote.RemoteTestNG.initAndRun(RemoteTestNG.java:204)
	at org.testng.remote.RemoteTestNG.main(RemoteTestNG.java:175)
Caused by: org.openqa.selenium.remote.UnreachableBrowserException: Error communicating with the remote browser. It may have died.
Build info: version: '2.42.0', revision: '5e82430', time: '2014-05-22 20:18:07'
System info: host: 'dslvm346', ip: '9.162.138.157', os.name: 'Windows 8', os.arch: 'x86', os.version: '6.2', java.version: '1.7.0_55'
Driver info: driver.version: EventFiringWebDriver
Build info: version: '2.42.1', revision: '68b415a', time: '2014-05-29 16:16:49'
System info: host: 'piotrbogdanski', ip: '9.161.136.32', os.name: 'Windows 7', os.arch: 'x86', os.version: '6.1 build 7601 Service Pack 1', java.version: '1.6.0'
Driver info: driver.version: unknown
]]>
    </failure>
  </testcase> <!-- AllContentsLoads -->
  <testcase name="AllContentsLoads" time="0.000" classname="tests.webUI.nonFunctional.LibraryTestsContents">
    <failure type="org.openqa.selenium.WebDriverException" message="Error communicating with the remote browser. It may have died.
Build info: version: &#039;2.42.0&#039;, revision: &#039;5e82430&#039;, time: &#039;2014-05-22 20:18:07&#039;
System info: host: &#039;dslvm346&#039;, ip: &#039;9.162.138.157&#039;, os.name: &#039;Windows 8&#039;, os.arch: &#039;x86&#039;, os.version: &#039;6.2&#039;, java.version: &#039;1.7.0_55&#039;
Driver info: driver.version: EventFiringWebDriver
Command duration or timeout: 3.27 seconds
Build info: version: &#039;2.42.1&#039;, revision: &#039;68b415a&#039;, time: &#039;2014-05-29 16:16:49&#039;
System info: host: &#039;piotrbogdanski&#039;, ip: &#039;9.161.136.32&#039;, os.name: &#039;Windows 7&#039;, os.arch: &#039;x86&#039;, os.version: &#039;6.1 build 7601 Service Pack 1&#039;, java.version: &#039;1.6.0&#039;
Session ID: b26bcd25-156a-405a-a953-e989a5b1f5be
Capabilities [{handlesAlerts=true, rotatable=false, databaseEnabled=false, locationContextEnabled=true, acceptSslCerts=true, applicationCacheEnabled=false, nativeEvents=true, cssSelectorsEnabled=true, takesScreenshot=true, platform=WIN8, browserName=chrome, javascriptEnabled=true, version=35.0.1916.153, chrome={userDataDir=C:\Users\ADMINI~1\AppData\Local\Temp\scoped_dir4076_31844}, webStorageEnabled=true, webdriver.remote.sessionid=b26bcd25-156a-405a-a953-e989a5b1f5be, browserConnectionEnabled=false, takesHeapSnapshot=true}]
Driver info: org.openqa.selenium.remote.RemoteWebDriver">
      <![CDATA[org.openqa.selenium.WebDriverException: Error communicating with the remote browser. It may have died.
Build info: version: '2.42.0', revision: '5e82430', time: '2014-05-22 20:18:07'
System info: host: 'dslvm346', ip: '9.162.138.157', os.name: 'Windows 8', os.arch: 'x86', os.version: '6.2', java.version: '1.7.0_55'
Driver info: driver.version: EventFiringWebDriver
Command duration or timeout: 3.27 seconds
Build info: version: '2.42.1', revision: '68b415a', time: '2014-05-29 16:16:49'
System info: host: 'piotrbogdanski', ip: '9.161.136.32', os.name: 'Windows 7', os.arch: 'x86', os.version: '6.1 build 7601 Service Pack 1', java.version: '1.6.0'
Session ID: b26bcd25-156a-405a-a953-e989a5b1f5be
Capabilities [{handlesAlerts=true, rotatable=false, databaseEnabled=false, locationContextEnabled=true, acceptSslCerts=true, applicationCacheEnabled=false, nativeEvents=true, cssSelectorsEnabled=true, takesScreenshot=true, platform=WIN8, browserName=chrome, javascriptEnabled=true, version=35.0.1916.153, chrome={userDataDir=C:\Users\ADMINI~1\AppData\Local\Temp\scoped_dir4076_31844}, webStorageEnabled=true, webdriver.remote.sessionid=b26bcd25-156a-405a-a953-e989a5b1f5be, browserConnectionEnabled=false, takesHeapSnapshot=true}]
Driver info: org.openqa.selenium.remote.RemoteWebDriver
	at sun.reflect.NativeConstructorAccessorImpl.newInstance0(Native Method)
	at sun.reflect.NativeConstructorAccessorImpl.newInstance(NativeConstructorAccessorImpl.java:56)
	at sun.reflect.DelegatingConstructorAccessorImpl.newInstance(DelegatingConstructorAccessorImpl.java:39)
	at java.lang.reflect.Constructor.newInstance(Constructor.java:527)
	at org.openqa.selenium.remote.ErrorHandler.createThrowable(ErrorHandler.java:204)
	at org.openqa.selenium.remote.ErrorHandler.throwIfResponseFailed(ErrorHandler.java:156)
	at org.openqa.selenium.remote.RemoteWebDriver.execute(RemoteWebDriver.java:600)
	at org.openqa.selenium.remote.RemoteWebDriver.execute(RemoteWebDriver.java:615)
	at org.openqa.selenium.remote.RemoteWebDriver.quit(RemoteWebDriver.java:469)
	at webUI.LoadBrowser.closeBrowser(LoadBrowser.java:266)
	at sun.reflect.GeneratedMethodAccessor21.invoke(Unknown Source)
	at sun.reflect.DelegatingMethodAccessorImpl.invoke(DelegatingMethodAccessorImpl.java:37)
	at java.lang.reflect.Method.invoke(Method.java:611)
	at org.testng.internal.MethodInvocationHelper.invokeMethod(MethodInvocationHelper.java:84)
	at org.testng.internal.Invoker.invokeConfigurationMethod(Invoker.java:564)
	at org.testng.internal.Invoker.invokeConfigurations(Invoker.java:213)
	at org.testng.internal.Invoker.invokeMethod(Invoker.java:786)
	at org.testng.internal.Invoker.invokeTestMethod(Invoker.java:901)
	at org.testng.internal.Invoker.invokeTestMethods(Invoker.java:1231)
	at org.testng.internal.TestMethodWorker.invokeTestMethods(TestMethodWorker.java:127)
	at org.testng.internal.TestMethodWorker.run(TestMethodWorker.java:111)
	at org.testng.TestRunner.privateRun(TestRunner.java:767)
	at org.testng.TestRunner.run(TestRunner.java:617)
	at org.testng.SuiteRunner.runTest(SuiteRunner.java:334)
	at org.testng.SuiteRunner.runSequentially(SuiteRunner.java:329)
	at org.testng.SuiteRunner.privateRun(SuiteRunner.java:291)
	at org.testng.SuiteRunner.run(SuiteRunner.java:240)
	at org.testng.SuiteRunnerWorker.runSuite(SuiteRunnerWorker.java:52)
	at org.testng.SuiteRunnerWorker.run(SuiteRunnerWorker.java:86)
	at org.testng.TestNG.runSuitesSequentially(TestNG.java:1224)
	at org.testng.TestNG.runSuitesLocally(TestNG.java:1149)
	at org.testng.TestNG.run(TestNG.java:1057)
	at org.testng.remote.RemoteTestNG.run(RemoteTestNG.java:111)
	at org.testng.remote.RemoteTestNG.initAndRun(RemoteTestNG.java:204)
	at org.testng.remote.RemoteTestNG.main(RemoteTestNG.java:175)
Caused by: org.openqa.selenium.remote.UnreachableBrowserException: Error communicating with the remote browser. It may have died.
Build info: version: '2.42.0', revision: '5e82430', time: '2014-05-22 20:18:07'
System info: host: 'dslvm346', ip: '9.162.138.157', os.name: 'Windows 8', os.arch: 'x86', os.version: '6.2', java.version: '1.7.0_55'
Driver info: driver.version: EventFiringWebDriver
Build info: version: '2.42.1', revision: '68b415a', time: '2014-05-29 16:16:49'
System info: host: 'piotrbogdanski', ip: '9.161.136.32', os.name: 'Windows 7', os.arch: 'x86', os.version: '6.1 build 7601 Service Pack 1', java.version: '1.6.0'
Driver info: driver.version: unknown
]]>
    </failure>
  </testcase> <!-- AllContentsLoads -->
  <testcase name="AllContentsLoads" time="0.002" classname="tests.webUI.nonFunctional.LibraryTestsContents">
    <failure type="org.openqa.selenium.WebDriverException" message="Error communicating with the remote browser. It may have died.
Build info: version: &#039;2.42.0&#039;, revision: &#039;5e82430&#039;, time: &#039;2014-05-22 20:18:07&#039;
System info: host: &#039;dslvm346&#039;, ip: &#039;9.162.138.157&#039;, os.name: &#039;Windows 8&#039;, os.arch: &#039;x86&#039;, os.version: &#039;6.2&#039;, java.version: &#039;1.7.0_55&#039;
Driver info: driver.version: EventFiringWebDriver
Command duration or timeout: 3.27 seconds
Build info: version: &#039;2.42.1&#039;, revision: &#039;68b415a&#039;, time: &#039;2014-05-29 16:16:49&#039;
System info: host: &#039;piotrbogdanski&#039;, ip: &#039;9.161.136.32&#039;, os.name: &#039;Windows 7&#039;, os.arch: &#039;x86&#039;, os.version: &#039;6.1 build 7601 Service Pack 1&#039;, java.version: &#039;1.6.0&#039;
Session ID: b26bcd25-156a-405a-a953-e989a5b1f5be
Capabilities [{handlesAlerts=true, rotatable=false, databaseEnabled=false, locationContextEnabled=true, acceptSslCerts=true, applicationCacheEnabled=false, nativeEvents=true, cssSelectorsEnabled=true, takesScreenshot=true, platform=WIN8, browserName=chrome, javascriptEnabled=true, version=35.0.1916.153, chrome={userDataDir=C:\Users\ADMINI~1\AppData\Local\Temp\scoped_dir4076_31844}, webStorageEnabled=true, webdriver.remote.sessionid=b26bcd25-156a-405a-a953-e989a5b1f5be, browserConnectionEnabled=false, takesHeapSnapshot=true}]
Driver info: org.openqa.selenium.remote.RemoteWebDriver">
      <![CDATA[org.openqa.selenium.WebDriverException: Error communicating with the remote browser. It may have died.
Build info: version: '2.42.0', revision: '5e82430', time: '2014-05-22 20:18:07'
System info: host: 'dslvm346', ip: '9.162.138.157', os.name: 'Windows 8', os.arch: 'x86', os.version: '6.2', java.version: '1.7.0_55'
Driver info: driver.version: EventFiringWebDriver
Command duration or timeout: 3.27 seconds
Build info: version: '2.42.1', revision: '68b415a', time: '2014-05-29 16:16:49'
System info: host: 'piotrbogdanski', ip: '9.161.136.32', os.name: 'Windows 7', os.arch: 'x86', os.version: '6.1 build 7601 Service Pack 1', java.version: '1.6.0'
Session ID: b26bcd25-156a-405a-a953-e989a5b1f5be
Capabilities [{handlesAlerts=true, rotatable=false, databaseEnabled=false, locationContextEnabled=true, acceptSslCerts=true, applicationCacheEnabled=false, nativeEvents=true, cssSelectorsEnabled=true, takesScreenshot=true, platform=WIN8, browserName=chrome, javascriptEnabled=true, version=35.0.1916.153, chrome={userDataDir=C:\Users\ADMINI~1\AppData\Local\Temp\scoped_dir4076_31844}, webStorageEnabled=true, webdriver.remote.sessionid=b26bcd25-156a-405a-a953-e989a5b1f5be, browserConnectionEnabled=false, takesHeapSnapshot=true}]
Driver info: org.openqa.selenium.remote.RemoteWebDriver
	at sun.reflect.NativeConstructorAccessorImpl.newInstance0(Native Method)
	at sun.reflect.NativeConstructorAccessorImpl.newInstance(NativeConstructorAccessorImpl.java:56)
	at sun.reflect.DelegatingConstructorAccessorImpl.newInstance(DelegatingConstructorAccessorImpl.java:39)
	at java.lang.reflect.Constructor.newInstance(Constructor.java:527)
	at org.openqa.selenium.remote.ErrorHandler.createThrowable(ErrorHandler.java:204)
	at org.openqa.selenium.remote.ErrorHandler.throwIfResponseFailed(ErrorHandler.java:156)
	at org.openqa.selenium.remote.RemoteWebDriver.execute(RemoteWebDriver.java:600)
	at org.openqa.selenium.remote.RemoteWebDriver.execute(RemoteWebDriver.java:615)
	at org.openqa.selenium.remote.RemoteWebDriver.quit(RemoteWebDriver.java:469)
	at webUI.LoadBrowser.closeBrowser(LoadBrowser.java:266)
	at sun.reflect.GeneratedMethodAccessor21.invoke(Unknown Source)
	at sun.reflect.DelegatingMethodAccessorImpl.invoke(DelegatingMethodAccessorImpl.java:37)
	at java.lang.reflect.Method.invoke(Method.java:611)
	at org.testng.internal.MethodInvocationHelper.invokeMethod(MethodInvocationHelper.java:84)
	at org.testng.internal.Invoker.invokeConfigurationMethod(Invoker.java:564)
	at org.testng.internal.Invoker.invokeConfigurations(Invoker.java:213)
	at org.testng.internal.Invoker.invokeMethod(Invoker.java:786)
	at org.testng.internal.Invoker.invokeTestMethod(Invoker.java:901)
	at org.testng.internal.Invoker.invokeTestMethods(Invoker.java:1231)
	at org.testng.internal.TestMethodWorker.invokeTestMethods(TestMethodWorker.java:127)
	at org.testng.internal.TestMethodWorker.run(TestMethodWorker.java:111)
	at org.testng.TestRunner.privateRun(TestRunner.java:767)
	at org.testng.TestRunner.run(TestRunner.java:617)
	at org.testng.SuiteRunner.runTest(SuiteRunner.java:334)
	at org.testng.SuiteRunner.runSequentially(SuiteRunner.java:329)
	at org.testng.SuiteRunner.privateRun(SuiteRunner.java:291)
	at org.testng.SuiteRunner.run(SuiteRunner.java:240)
	at org.testng.SuiteRunnerWorker.runSuite(SuiteRunnerWorker.java:52)
	at org.testng.SuiteRunnerWorker.run(SuiteRunnerWorker.java:86)
	at org.testng.TestNG.runSuitesSequentially(TestNG.java:1224)
	at org.testng.TestNG.runSuitesLocally(TestNG.java:1149)
	at org.testng.TestNG.run(TestNG.java:1057)
	at org.testng.remote.RemoteTestNG.run(RemoteTestNG.java:111)
	at org.testng.remote.RemoteTestNG.initAndRun(RemoteTestNG.java:204)
	at org.testng.remote.RemoteTestNG.main(RemoteTestNG.java:175)
Caused by: org.openqa.selenium.remote.UnreachableBrowserException: Error communicating with the remote browser. It may have died.
Build info: version: '2.42.0', revision: '5e82430', time: '2014-05-22 20:18:07'
System info: host: 'dslvm346', ip: '9.162.138.157', os.name: 'Windows 8', os.arch: 'x86', os.version: '6.2', java.version: '1.7.0_55'
Driver info: driver.version: EventFiringWebDriver
Build info: version: '2.42.1', revision: '68b415a', time: '2014-05-29 16:16:49'
System info: host: 'piotrbogdanski', ip: '9.161.136.32', os.name: 'Windows 7', os.arch: 'x86', os.version: '6.1 build 7601 Service Pack 1', java.version: '1.6.0'
Driver info: driver.version: unknown
]]>
    </failure>
  </testcase> <!-- AllContentsLoads -->
  <testcase name="AllContentsLoads" time="0.000" classname="tests.webUI.nonFunctional.LibraryTestsContents">
    <failure type="org.openqa.selenium.WebDriverException" message="Error communicating with the remote browser. It may have died.
Build info: version: &#039;2.42.0&#039;, revision: &#039;5e82430&#039;, time: &#039;2014-05-22 20:18:07&#039;
System info: host: &#039;dslvm346&#039;, ip: &#039;9.162.138.157&#039;, os.name: &#039;Windows 8&#039;, os.arch: &#039;x86&#039;, os.version: &#039;6.2&#039;, java.version: &#039;1.7.0_55&#039;
Driver info: driver.version: EventFiringWebDriver
Command duration or timeout: 3.27 seconds
Build info: version: &#039;2.42.1&#039;, revision: &#039;68b415a&#039;, time: &#039;2014-05-29 16:16:49&#039;
System info: host: &#039;piotrbogdanski&#039;, ip: &#039;9.161.136.32&#039;, os.name: &#039;Windows 7&#039;, os.arch: &#039;x86&#039;, os.version: &#039;6.1 build 7601 Service Pack 1&#039;, java.version: &#039;1.6.0&#039;
Session ID: b26bcd25-156a-405a-a953-e989a5b1f5be
Capabilities [{handlesAlerts=true, rotatable=false, databaseEnabled=false, locationContextEnabled=true, acceptSslCerts=true, applicationCacheEnabled=false, nativeEvents=true, cssSelectorsEnabled=true, takesScreenshot=true, platform=WIN8, browserName=chrome, javascriptEnabled=true, version=35.0.1916.153, chrome={userDataDir=C:\Users\ADMINI~1\AppData\Local\Temp\scoped_dir4076_31844}, webStorageEnabled=true, webdriver.remote.sessionid=b26bcd25-156a-405a-a953-e989a5b1f5be, browserConnectionEnabled=false, takesHeapSnapshot=true}]
Driver info: org.openqa.selenium.remote.RemoteWebDriver">
      <![CDATA[org.openqa.selenium.WebDriverException: Error communicating with the remote browser. It may have died.
Build info: version: '2.42.0', revision: '5e82430', time: '2014-05-22 20:18:07'
System info: host: 'dslvm346', ip: '9.162.138.157', os.name: 'Windows 8', os.arch: 'x86', os.version: '6.2', java.version: '1.7.0_55'
Driver info: driver.version: EventFiringWebDriver
Command duration or timeout: 3.27 seconds
Build info: version: '2.42.1', revision: '68b415a', time: '2014-05-29 16:16:49'
System info: host: 'piotrbogdanski', ip: '9.161.136.32', os.name: 'Windows 7', os.arch: 'x86', os.version: '6.1 build 7601 Service Pack 1', java.version: '1.6.0'
Session ID: b26bcd25-156a-405a-a953-e989a5b1f5be
Capabilities [{handlesAlerts=true, rotatable=false, databaseEnabled=false, locationContextEnabled=true, acceptSslCerts=true, applicationCacheEnabled=false, nativeEvents=true, cssSelectorsEnabled=true, takesScreenshot=true, platform=WIN8, browserName=chrome, javascriptEnabled=true, version=35.0.1916.153, chrome={userDataDir=C:\Users\ADMINI~1\AppData\Local\Temp\scoped_dir4076_31844}, webStorageEnabled=true, webdriver.remote.sessionid=b26bcd25-156a-405a-a953-e989a5b1f5be, browserConnectionEnabled=false, takesHeapSnapshot=true}]
Driver info: org.openqa.selenium.remote.RemoteWebDriver
	at sun.reflect.NativeConstructorAccessorImpl.newInstance0(Native Method)
	at sun.reflect.NativeConstructorAccessorImpl.newInstance(NativeConstructorAccessorImpl.java:56)
	at sun.reflect.DelegatingConstructorAccessorImpl.newInstance(DelegatingConstructorAccessorImpl.java:39)
	at java.lang.reflect.Constructor.newInstance(Constructor.java:527)
	at org.openqa.selenium.remote.ErrorHandler.createThrowable(ErrorHandler.java:204)
	at org.openqa.selenium.remote.ErrorHandler.throwIfResponseFailed(ErrorHandler.java:156)
	at org.openqa.selenium.remote.RemoteWebDriver.execute(RemoteWebDriver.java:600)
	at org.openqa.selenium.remote.RemoteWebDriver.execute(RemoteWebDriver.java:615)
	at org.openqa.selenium.remote.RemoteWebDriver.quit(RemoteWebDriver.java:469)
	at webUI.LoadBrowser.closeBrowser(LoadBrowser.java:266)
	at sun.reflect.GeneratedMethodAccessor21.invoke(Unknown Source)
	at sun.reflect.DelegatingMethodAccessorImpl.invoke(DelegatingMethodAccessorImpl.java:37)
	at java.lang.reflect.Method.invoke(Method.java:611)
	at org.testng.internal.MethodInvocationHelper.invokeMethod(MethodInvocationHelper.java:84)
	at org.testng.internal.Invoker.invokeConfigurationMethod(Invoker.java:564)
	at org.testng.internal.Invoker.invokeConfigurations(Invoker.java:213)
	at org.testng.internal.Invoker.invokeMethod(Invoker.java:786)
	at org.testng.internal.Invoker.invokeTestMethod(Invoker.java:901)
	at org.testng.internal.Invoker.invokeTestMethods(Invoker.java:1231)
	at org.testng.internal.TestMethodWorker.invokeTestMethods(TestMethodWorker.java:127)
	at org.testng.internal.TestMethodWorker.run(TestMethodWorker.java:111)
	at org.testng.TestRunner.privateRun(TestRunner.java:767)
	at org.testng.TestRunner.run(TestRunner.java:617)
	at org.testng.SuiteRunner.runTest(SuiteRunner.java:334)
	at org.testng.SuiteRunner.runSequentially(SuiteRunner.java:329)
	at org.testng.SuiteRunner.privateRun(SuiteRunner.java:291)
	at org.testng.SuiteRunner.run(SuiteRunner.java:240)
	at org.testng.SuiteRunnerWorker.runSuite(SuiteRunnerWorker.java:52)
	at org.testng.SuiteRunnerWorker.run(SuiteRunnerWorker.java:86)
	at org.testng.TestNG.runSuitesSequentially(TestNG.java:1224)
	at org.testng.TestNG.runSuitesLocally(TestNG.java:1149)
	at org.testng.TestNG.run(TestNG.java:1057)
	at org.testng.remote.RemoteTestNG.run(RemoteTestNG.java:111)
	at org.testng.remote.RemoteTestNG.initAndRun(RemoteTestNG.java:204)
	at org.testng.remote.RemoteTestNG.main(RemoteTestNG.java:175)
Caused by: org.openqa.selenium.remote.UnreachableBrowserException: Error communicating with the remote browser. It may have died.
Build info: version: '2.42.0', revision: '5e82430', time: '2014-05-22 20:18:07'
System info: host: 'dslvm346', ip: '9.162.138.157', os.name: 'Windows 8', os.arch: 'x86', os.version: '6.2', java.version: '1.7.0_55'
Driver info: driver.version: EventFiringWebDriver
Build info: version: '2.42.1', revision: '68b415a', time: '2014-05-29 16:16:49'
System info: host: 'piotrbogdanski', ip: '9.161.136.32', os.name: 'Windows 7', os.arch: 'x86', os.version: '6.1 build 7601 Service Pack 1', java.version: '1.6.0'
Driver info: driver.version: unknown
]]>
    </failure>
  </testcase> <!-- AllContentsLoads -->
  <testcase name="AllContentsLoads" time="0.000" classname="tests.webUI.nonFunctional.LibraryTestsContents">
    <failure type="org.openqa.selenium.WebDriverException" message="Error communicating with the remote browser. It may have died.
Build info: version: &#039;2.42.0&#039;, revision: &#039;5e82430&#039;, time: &#039;2014-05-22 20:18:07&#039;
System info: host: &#039;dslvm346&#039;, ip: &#039;9.162.138.157&#039;, os.name: &#039;Windows 8&#039;, os.arch: &#039;x86&#039;, os.version: &#039;6.2&#039;, java.version: &#039;1.7.0_55&#039;
Driver info: driver.version: EventFiringWebDriver
Command duration or timeout: 3.27 seconds
Build info: version: &#039;2.42.1&#039;, revision: &#039;68b415a&#039;, time: &#039;2014-05-29 16:16:49&#039;
System info: host: &#039;piotrbogdanski&#039;, ip: &#039;9.161.136.32&#039;, os.name: &#039;Windows 7&#039;, os.arch: &#039;x86&#039;, os.version: &#039;6.1 build 7601 Service Pack 1&#039;, java.version: &#039;1.6.0&#039;
Session ID: b26bcd25-156a-405a-a953-e989a5b1f5be
Capabilities [{handlesAlerts=true, rotatable=false, databaseEnabled=false, locationContextEnabled=true, acceptSslCerts=true, applicationCacheEnabled=false, nativeEvents=true, cssSelectorsEnabled=true, takesScreenshot=true, platform=WIN8, browserName=chrome, javascriptEnabled=true, version=35.0.1916.153, chrome={userDataDir=C:\Users\ADMINI~1\AppData\Local\Temp\scoped_dir4076_31844}, webStorageEnabled=true, webdriver.remote.sessionid=b26bcd25-156a-405a-a953-e989a5b1f5be, browserConnectionEnabled=false, takesHeapSnapshot=true}]
Driver info: org.openqa.selenium.remote.RemoteWebDriver">
      <![CDATA[org.openqa.selenium.WebDriverException: Error communicating with the remote browser. It may have died.
Build info: version: '2.42.0', revision: '5e82430', time: '2014-05-22 20:18:07'
System info: host: 'dslvm346', ip: '9.162.138.157', os.name: 'Windows 8', os.arch: 'x86', os.version: '6.2', java.version: '1.7.0_55'
Driver info: driver.version: EventFiringWebDriver
Command duration or timeout: 3.27 seconds
Build info: version: '2.42.1', revision: '68b415a', time: '2014-05-29 16:16:49'
System info: host: 'piotrbogdanski', ip: '9.161.136.32', os.name: 'Windows 7', os.arch: 'x86', os.version: '6.1 build 7601 Service Pack 1', java.version: '1.6.0'
Session ID: b26bcd25-156a-405a-a953-e989a5b1f5be
Capabilities [{handlesAlerts=true, rotatable=false, databaseEnabled=false, locationContextEnabled=true, acceptSslCerts=true, applicationCacheEnabled=false, nativeEvents=true, cssSelectorsEnabled=true, takesScreenshot=true, platform=WIN8, browserName=chrome, javascriptEnabled=true, version=35.0.1916.153, chrome={userDataDir=C:\Users\ADMINI~1\AppData\Local\Temp\scoped_dir4076_31844}, webStorageEnabled=true, webdriver.remote.sessionid=b26bcd25-156a-405a-a953-e989a5b1f5be, browserConnectionEnabled=false, takesHeapSnapshot=true}]
Driver info: org.openqa.selenium.remote.RemoteWebDriver
	at sun.reflect.NativeConstructorAccessorImpl.newInstance0(Native Method)
	at sun.reflect.NativeConstructorAccessorImpl.newInstance(NativeConstructorAccessorImpl.java:56)
	at sun.reflect.DelegatingConstructorAccessorImpl.newInstance(DelegatingConstructorAccessorImpl.java:39)
	at java.lang.reflect.Constructor.newInstance(Constructor.java:527)
	at org.openqa.selenium.remote.ErrorHandler.createThrowable(ErrorHandler.java:204)
	at org.openqa.selenium.remote.ErrorHandler.throwIfResponseFailed(ErrorHandler.java:156)
	at org.openqa.selenium.remote.RemoteWebDriver.execute(RemoteWebDriver.java:600)
	at org.openqa.selenium.remote.RemoteWebDriver.execute(RemoteWebDriver.java:615)
	at org.openqa.selenium.remote.RemoteWebDriver.quit(RemoteWebDriver.java:469)
	at webUI.LoadBrowser.closeBrowser(LoadBrowser.java:266)
	at sun.reflect.GeneratedMethodAccessor21.invoke(Unknown Source)
	at sun.reflect.DelegatingMethodAccessorImpl.invoke(DelegatingMethodAccessorImpl.java:37)
	at java.lang.reflect.Method.invoke(Method.java:611)
	at org.testng.internal.MethodInvocationHelper.invokeMethod(MethodInvocationHelper.java:84)
	at org.testng.internal.Invoker.invokeConfigurationMethod(Invoker.java:564)
	at org.testng.internal.Invoker.invokeConfigurations(Invoker.java:213)
	at org.testng.internal.Invoker.invokeMethod(Invoker.java:786)
	at org.testng.internal.Invoker.invokeTestMethod(Invoker.java:901)
	at org.testng.internal.Invoker.invokeTestMethods(Invoker.java:1231)
	at org.testng.internal.TestMethodWorker.invokeTestMethods(TestMethodWorker.java:127)
	at org.testng.internal.TestMethodWorker.run(TestMethodWorker.java:111)
	at org.testng.TestRunner.privateRun(TestRunner.java:767)
	at org.testng.TestRunner.run(TestRunner.java:617)
	at org.testng.SuiteRunner.runTest(SuiteRunner.java:334)
	at org.testng.SuiteRunner.runSequentially(SuiteRunner.java:329)
	at org.testng.SuiteRunner.privateRun(SuiteRunner.java:291)
	at org.testng.SuiteRunner.run(SuiteRunner.java:240)
	at org.testng.SuiteRunnerWorker.runSuite(SuiteRunnerWorker.java:52)
	at org.testng.SuiteRunnerWorker.run(SuiteRunnerWorker.java:86)
	at org.testng.TestNG.runSuitesSequentially(TestNG.java:1224)
	at org.testng.TestNG.runSuitesLocally(TestNG.java:1149)
	at org.testng.TestNG.run(TestNG.java:1057)
	at org.testng.remote.RemoteTestNG.run(RemoteTestNG.java:111)
	at org.testng.remote.RemoteTestNG.initAndRun(RemoteTestNG.java:204)
	at org.testng.remote.RemoteTestNG.main(RemoteTestNG.java:175)
Caused by: org.openqa.selenium.remote.UnreachableBrowserException: Error communicating with the remote browser. It may have died.
Build info: version: '2.42.0', revision: '5e82430', time: '2014-05-22 20:18:07'
System info: host: 'dslvm346', ip: '9.162.138.157', os.name: 'Windows 8', os.arch: 'x86', os.version: '6.2', java.version: '1.7.0_55'
Driver info: driver.version: EventFiringWebDriver
Build info: version: '2.42.1', revision: '68b415a', time: '2014-05-29 16:16:49'
System info: host: 'piotrbogdanski', ip: '9.161.136.32', os.name: 'Windows 7', os.arch: 'x86', os.version: '6.1 build 7601 Service Pack 1', java.version: '1.6.0'
Driver info: driver.version: unknown
]]>
    </failure>
  </testcase> <!-- AllContentsLoads -->
  <testcase name="AllContentsLoads" time="0.000" classname="tests.webUI.nonFunctional.LibraryTestsContents">
    <failure type="org.openqa.selenium.WebDriverException" message="Error communicating with the remote browser. It may have died.
Build info: version: &#039;2.42.0&#039;, revision: &#039;5e82430&#039;, time: &#039;2014-05-22 20:18:07&#039;
System info: host: &#039;dslvm346&#039;, ip: &#039;9.162.138.157&#039;, os.name: &#039;Windows 8&#039;, os.arch: &#039;x86&#039;, os.version: &#039;6.2&#039;, java.version: &#039;1.7.0_55&#039;
Driver info: driver.version: EventFiringWebDriver
Command duration or timeout: 3.27 seconds
Build info: version: &#039;2.42.1&#039;, revision: &#039;68b415a&#039;, time: &#039;2014-05-29 16:16:49&#039;
System info: host: &#039;piotrbogdanski&#039;, ip: &#039;9.161.136.32&#039;, os.name: &#039;Windows 7&#039;, os.arch: &#039;x86&#039;, os.version: &#039;6.1 build 7601 Service Pack 1&#039;, java.version: &#039;1.6.0&#039;
Session ID: b26bcd25-156a-405a-a953-e989a5b1f5be
Capabilities [{handlesAlerts=true, rotatable=false, databaseEnabled=false, locationContextEnabled=true, acceptSslCerts=true, applicationCacheEnabled=false, nativeEvents=true, cssSelectorsEnabled=true, takesScreenshot=true, platform=WIN8, browserName=chrome, javascriptEnabled=true, version=35.0.1916.153, chrome={userDataDir=C:\Users\ADMINI~1\AppData\Local\Temp\scoped_dir4076_31844}, webStorageEnabled=true, webdriver.remote.sessionid=b26bcd25-156a-405a-a953-e989a5b1f5be, browserConnectionEnabled=false, takesHeapSnapshot=true}]
Driver info: org.openqa.selenium.remote.RemoteWebDriver">
      <![CDATA[org.openqa.selenium.WebDriverException: Error communicating with the remote browser. It may have died.
Build info: version: '2.42.0', revision: '5e82430', time: '2014-05-22 20:18:07'
System info: host: 'dslvm346', ip: '9.162.138.157', os.name: 'Windows 8', os.arch: 'x86', os.version: '6.2', java.version: '1.7.0_55'
Driver info: driver.version: EventFiringWebDriver
Command duration or timeout: 3.27 seconds
Build info: version: '2.42.1', revision: '68b415a', time: '2014-05-29 16:16:49'
System info: host: 'piotrbogdanski', ip: '9.161.136.32', os.name: 'Windows 7', os.arch: 'x86', os.version: '6.1 build 7601 Service Pack 1', java.version: '1.6.0'
Session ID: b26bcd25-156a-405a-a953-e989a5b1f5be
Capabilities [{handlesAlerts=true, rotatable=false, databaseEnabled=false, locationContextEnabled=true, acceptSslCerts=true, applicationCacheEnabled=false, nativeEvents=true, cssSelectorsEnabled=true, takesScreenshot=true, platform=WIN8, browserName=chrome, javascriptEnabled=true, version=35.0.1916.153, chrome={userDataDir=C:\Users\ADMINI~1\AppData\Local\Temp\scoped_dir4076_31844}, webStorageEnabled=true, webdriver.remote.sessionid=b26bcd25-156a-405a-a953-e989a5b1f5be, browserConnectionEnabled=false, takesHeapSnapshot=true}]
Driver info: org.openqa.selenium.remote.RemoteWebDriver
	at sun.reflect.NativeConstructorAccessorImpl.newInstance0(Native Method)
	at sun.reflect.NativeConstructorAccessorImpl.newInstance(NativeConstructorAccessorImpl.java:56)
	at sun.reflect.DelegatingConstructorAccessorImpl.newInstance(DelegatingConstructorAccessorImpl.java:39)
	at java.lang.reflect.Constructor.newInstance(Constructor.java:527)
	at org.openqa.selenium.remote.ErrorHandler.createThrowable(ErrorHandler.java:204)
	at org.openqa.selenium.remote.ErrorHandler.throwIfResponseFailed(ErrorHandler.java:156)
	at org.openqa.selenium.remote.RemoteWebDriver.execute(RemoteWebDriver.java:600)
	at org.openqa.selenium.remote.RemoteWebDriver.execute(RemoteWebDriver.java:615)
	at org.openqa.selenium.remote.RemoteWebDriver.quit(RemoteWebDriver.java:469)
	at webUI.LoadBrowser.closeBrowser(LoadBrowser.java:266)
	at sun.reflect.GeneratedMethodAccessor21.invoke(Unknown Source)
	at sun.reflect.DelegatingMethodAccessorImpl.invoke(DelegatingMethodAccessorImpl.java:37)
	at java.lang.reflect.Method.invoke(Method.java:611)
	at org.testng.internal.MethodInvocationHelper.invokeMethod(MethodInvocationHelper.java:84)
	at org.testng.internal.Invoker.invokeConfigurationMethod(Invoker.java:564)
	at org.testng.internal.Invoker.invokeConfigurations(Invoker.java:213)
	at org.testng.internal.Invoker.invokeMethod(Invoker.java:786)
	at org.testng.internal.Invoker.invokeTestMethod(Invoker.java:901)
	at org.testng.internal.Invoker.invokeTestMethods(Invoker.java:1231)
	at org.testng.internal.TestMethodWorker.invokeTestMethods(TestMethodWorker.java:127)
	at org.testng.internal.TestMethodWorker.run(TestMethodWorker.java:111)
	at org.testng.TestRunner.privateRun(TestRunner.java:767)
	at org.testng.TestRunner.run(TestRunner.java:617)
	at org.testng.SuiteRunner.runTest(SuiteRunner.java:334)
	at org.testng.SuiteRunner.runSequentially(SuiteRunner.java:329)
	at org.testng.SuiteRunner.privateRun(SuiteRunner.java:291)
	at org.testng.SuiteRunner.run(SuiteRunner.java:240)
	at org.testng.SuiteRunnerWorker.runSuite(SuiteRunnerWorker.java:52)
	at org.testng.SuiteRunnerWorker.run(SuiteRunnerWorker.java:86)
	at org.testng.TestNG.runSuitesSequentially(TestNG.java:1224)
	at org.testng.TestNG.runSuitesLocally(TestNG.java:1149)
	at org.testng.TestNG.run(TestNG.java:1057)
	at org.testng.remote.RemoteTestNG.run(RemoteTestNG.java:111)
	at org.testng.remote.RemoteTestNG.initAndRun(RemoteTestNG.java:204)
	at org.testng.remote.RemoteTestNG.main(RemoteTestNG.java:175)
Caused by: org.openqa.selenium.remote.UnreachableBrowserException: Error communicating with the remote browser. It may have died.
Build info: version: '2.42.0', revision: '5e82430', time: '2014-05-22 20:18:07'
System info: host: 'dslvm346', ip: '9.162.138.157', os.name: 'Windows 8', os.arch: 'x86', os.version: '6.2', java.version: '1.7.0_55'
Driver info: driver.version: EventFiringWebDriver
Build info: version: '2.42.1', revision: '68b415a', time: '2014-05-29 16:16:49'
System info: host: 'piotrbogdanski', ip: '9.161.136.32', os.name: 'Windows 7', os.arch: 'x86', os.version: '6.1 build 7601 Service Pack 1', java.version: '1.6.0'
Driver info: driver.version: unknown
]]>
    </failure>
  </testcase> <!-- AllContentsLoads -->
  <testcase name="AllContentsLoads" time="0.000" classname="tests.webUI.nonFunctional.LibraryTestsContents">
    <failure type="org.openqa.selenium.WebDriverException" message="Error communicating with the remote browser. It may have died.
Build info: version: &#039;2.42.0&#039;, revision: &#039;5e82430&#039;, time: &#039;2014-05-22 20:18:07&#039;
System info: host: &#039;dslvm346&#039;, ip: &#039;9.162.138.157&#039;, os.name: &#039;Windows 8&#039;, os.arch: &#039;x86&#039;, os.version: &#039;6.2&#039;, java.version: &#039;1.7.0_55&#039;
Driver info: driver.version: EventFiringWebDriver
Command duration or timeout: 3.27 seconds
Build info: version: &#039;2.42.1&#039;, revision: &#039;68b415a&#039;, time: &#039;2014-05-29 16:16:49&#039;
System info: host: &#039;piotrbogdanski&#039;, ip: &#039;9.161.136.32&#039;, os.name: &#039;Windows 7&#039;, os.arch: &#039;x86&#039;, os.version: &#039;6.1 build 7601 Service Pack 1&#039;, java.version: &#039;1.6.0&#039;
Session ID: b26bcd25-156a-405a-a953-e989a5b1f5be
Capabilities [{handlesAlerts=true, rotatable=false, databaseEnabled=false, locationContextEnabled=true, acceptSslCerts=true, applicationCacheEnabled=false, nativeEvents=true, cssSelectorsEnabled=true, takesScreenshot=true, platform=WIN8, browserName=chrome, javascriptEnabled=true, version=35.0.1916.153, chrome={userDataDir=C:\Users\ADMINI~1\AppData\Local\Temp\scoped_dir4076_31844}, webStorageEnabled=true, webdriver.remote.sessionid=b26bcd25-156a-405a-a953-e989a5b1f5be, browserConnectionEnabled=false, takesHeapSnapshot=true}]
Driver info: org.openqa.selenium.remote.RemoteWebDriver">
      <![CDATA[org.openqa.selenium.WebDriverException: Error communicating with the remote browser. It may have died.
Build info: version: '2.42.0', revision: '5e82430', time: '2014-05-22 20:18:07'
System info: host: 'dslvm346', ip: '9.162.138.157', os.name: 'Windows 8', os.arch: 'x86', os.version: '6.2', java.version: '1.7.0_55'
Driver info: driver.version: EventFiringWebDriver
Command duration or timeout: 3.27 seconds
Build info: version: '2.42.1', revision: '68b415a', time: '2014-05-29 16:16:49'
System info: host: 'piotrbogdanski', ip: '9.161.136.32', os.name: 'Windows 7', os.arch: 'x86', os.version: '6.1 build 7601 Service Pack 1', java.version: '1.6.0'
Session ID: b26bcd25-156a-405a-a953-e989a5b1f5be
Capabilities [{handlesAlerts=true, rotatable=false, databaseEnabled=false, locationContextEnabled=true, acceptSslCerts=true, applicationCacheEnabled=false, nativeEvents=true, cssSelectorsEnabled=true, takesScreenshot=true, platform=WIN8, browserName=chrome, javascriptEnabled=true, version=35.0.1916.153, chrome={userDataDir=C:\Users\ADMINI~1\AppData\Local\Temp\scoped_dir4076_31844}, webStorageEnabled=true, webdriver.remote.sessionid=b26bcd25-156a-405a-a953-e989a5b1f5be, browserConnectionEnabled=false, takesHeapSnapshot=true}]
Driver info: org.openqa.selenium.remote.RemoteWebDriver
	at sun.reflect.NativeConstructorAccessorImpl.newInstance0(Native Method)
	at sun.reflect.NativeConstructorAccessorImpl.newInstance(NativeConstructorAccessorImpl.java:56)
	at sun.reflect.DelegatingConstructorAccessorImpl.newInstance(DelegatingConstructorAccessorImpl.java:39)
	at java.lang.reflect.Constructor.newInstance(Constructor.java:527)
	at org.openqa.selenium.remote.ErrorHandler.createThrowable(ErrorHandler.java:204)
	at org.openqa.selenium.remote.ErrorHandler.throwIfResponseFailed(ErrorHandler.java:156)
	at org.openqa.selenium.remote.RemoteWebDriver.execute(RemoteWebDriver.java:600)
	at org.openqa.selenium.remote.RemoteWebDriver.execute(RemoteWebDriver.java:615)
	at org.openqa.selenium.remote.RemoteWebDriver.quit(RemoteWebDriver.java:469)
	at webUI.LoadBrowser.closeBrowser(LoadBrowser.java:266)
	at sun.reflect.GeneratedMethodAccessor21.invoke(Unknown Source)
	at sun.reflect.DelegatingMethodAccessorImpl.invoke(DelegatingMethodAccessorImpl.java:37)
	at java.lang.reflect.Method.invoke(Method.java:611)
	at org.testng.internal.MethodInvocationHelper.invokeMethod(MethodInvocationHelper.java:84)
	at org.testng.internal.Invoker.invokeConfigurationMethod(Invoker.java:564)
	at org.testng.internal.Invoker.invokeConfigurations(Invoker.java:213)
	at org.testng.internal.Invoker.invokeMethod(Invoker.java:786)
	at org.testng.internal.Invoker.invokeTestMethod(Invoker.java:901)
	at org.testng.internal.Invoker.invokeTestMethods(Invoker.java:1231)
	at org.testng.internal.TestMethodWorker.invokeTestMethods(TestMethodWorker.java:127)
	at org.testng.internal.TestMethodWorker.run(TestMethodWorker.java:111)
	at org.testng.TestRunner.privateRun(TestRunner.java:767)
	at org.testng.TestRunner.run(TestRunner.java:617)
	at org.testng.SuiteRunner.runTest(SuiteRunner.java:334)
	at org.testng.SuiteRunner.runSequentially(SuiteRunner.java:329)
	at org.testng.SuiteRunner.privateRun(SuiteRunner.java:291)
	at org.testng.SuiteRunner.run(SuiteRunner.java:240)
	at org.testng.SuiteRunnerWorker.runSuite(SuiteRunnerWorker.java:52)
	at org.testng.SuiteRunnerWorker.run(SuiteRunnerWorker.java:86)
	at org.testng.TestNG.runSuitesSequentially(TestNG.java:1224)
	at org.testng.TestNG.runSuitesLocally(TestNG.java:1149)
	at org.testng.TestNG.run(TestNG.java:1057)
	at org.testng.remote.RemoteTestNG.run(RemoteTestNG.java:111)
	at org.testng.remote.RemoteTestNG.initAndRun(RemoteTestNG.java:204)
	at org.testng.remote.RemoteTestNG.main(RemoteTestNG.java:175)
Caused by: org.openqa.selenium.remote.UnreachableBrowserException: Error communicating with the remote browser. It may have died.
Build info: version: '2.42.0', revision: '5e82430', time: '2014-05-22 20:18:07'
System info: host: 'dslvm346', ip: '9.162.138.157', os.name: 'Windows 8', os.arch: 'x86', os.version: '6.2', java.version: '1.7.0_55'
Driver info: driver.version: EventFiringWebDriver
Build info: version: '2.42.1', revision: '68b415a', time: '2014-05-29 16:16:49'
System info: host: 'piotrbogdanski', ip: '9.161.136.32', os.name: 'Windows 7', os.arch: 'x86', os.version: '6.1 build 7601 Service Pack 1', java.version: '1.6.0'
Driver info: driver.version: unknown
]]>
    </failure>
  </testcase> <!-- AllContentsLoads -->
  <testcase name="AllContentsLoads" time="0.001" classname="tests.webUI.nonFunctional.LibraryTestsContents">
    <failure type="org.openqa.selenium.WebDriverException" message="Error communicating with the remote browser. It may have died.
Build info: version: &#039;2.42.0&#039;, revision: &#039;5e82430&#039;, time: &#039;2014-05-22 20:18:07&#039;
System info: host: &#039;dslvm346&#039;, ip: &#039;9.162.138.157&#039;, os.name: &#039;Windows 8&#039;, os.arch: &#039;x86&#039;, os.version: &#039;6.2&#039;, java.version: &#039;1.7.0_55&#039;
Driver info: driver.version: EventFiringWebDriver
Command duration or timeout: 3.27 seconds
Build info: version: &#039;2.42.1&#039;, revision: &#039;68b415a&#039;, time: &#039;2014-05-29 16:16:49&#039;
System info: host: &#039;piotrbogdanski&#039;, ip: &#039;9.161.136.32&#039;, os.name: &#039;Windows 7&#039;, os.arch: &#039;x86&#039;, os.version: &#039;6.1 build 7601 Service Pack 1&#039;, java.version: &#039;1.6.0&#039;
Session ID: b26bcd25-156a-405a-a953-e989a5b1f5be
Capabilities [{handlesAlerts=true, rotatable=false, databaseEnabled=false, locationContextEnabled=true, acceptSslCerts=true, applicationCacheEnabled=false, nativeEvents=true, cssSelectorsEnabled=true, takesScreenshot=true, platform=WIN8, browserName=chrome, javascriptEnabled=true, version=35.0.1916.153, chrome={userDataDir=C:\Users\ADMINI~1\AppData\Local\Temp\scoped_dir4076_31844}, webStorageEnabled=true, webdriver.remote.sessionid=b26bcd25-156a-405a-a953-e989a5b1f5be, browserConnectionEnabled=false, takesHeapSnapshot=true}]
Driver info: org.openqa.selenium.remote.RemoteWebDriver">
      <![CDATA[org.openqa.selenium.WebDriverException: Error communicating with the remote browser. It may have died.
Build info: version: '2.42.0', revision: '5e82430', time: '2014-05-22 20:18:07'
System info: host: 'dslvm346', ip: '9.162.138.157', os.name: 'Windows 8', os.arch: 'x86', os.version: '6.2', java.version: '1.7.0_55'
Driver info: driver.version: EventFiringWebDriver
Command duration or timeout: 3.27 seconds
Build info: version: '2.42.1', revision: '68b415a', time: '2014-05-29 16:16:49'
System info: host: 'piotrbogdanski', ip: '9.161.136.32', os.name: 'Windows 7', os.arch: 'x86', os.version: '6.1 build 7601 Service Pack 1', java.version: '1.6.0'
Session ID: b26bcd25-156a-405a-a953-e989a5b1f5be
Capabilities [{handlesAlerts=true, rotatable=false, databaseEnabled=false, locationContextEnabled=true, acceptSslCerts=true, applicationCacheEnabled=false, nativeEvents=true, cssSelectorsEnabled=true, takesScreenshot=true, platform=WIN8, browserName=chrome, javascriptEnabled=true, version=35.0.1916.153, chrome={userDataDir=C:\Users\ADMINI~1\AppData\Local\Temp\scoped_dir4076_31844}, webStorageEnabled=true, webdriver.remote.sessionid=b26bcd25-156a-405a-a953-e989a5b1f5be, browserConnectionEnabled=false, takesHeapSnapshot=true}]
Driver info: org.openqa.selenium.remote.RemoteWebDriver
	at sun.reflect.NativeConstructorAccessorImpl.newInstance0(Native Method)
	at sun.reflect.NativeConstructorAccessorImpl.newInstance(NativeConstructorAccessorImpl.java:56)
	at sun.reflect.DelegatingConstructorAccessorImpl.newInstance(DelegatingConstructorAccessorImpl.java:39)
	at java.lang.reflect.Constructor.newInstance(Constructor.java:527)
	at org.openqa.selenium.remote.ErrorHandler.createThrowable(ErrorHandler.java:204)
	at org.openqa.selenium.remote.ErrorHandler.throwIfResponseFailed(ErrorHandler.java:156)
	at org.openqa.selenium.remote.RemoteWebDriver.execute(RemoteWebDriver.java:600)
	at org.openqa.selenium.remote.RemoteWebDriver.execute(RemoteWebDriver.java:615)
	at org.openqa.selenium.remote.RemoteWebDriver.quit(RemoteWebDriver.java:469)
	at webUI.LoadBrowser.closeBrowser(LoadBrowser.java:266)
	at sun.reflect.GeneratedMethodAccessor21.invoke(Unknown Source)
	at sun.reflect.DelegatingMethodAccessorImpl.invoke(DelegatingMethodAccessorImpl.java:37)
	at java.lang.reflect.Method.invoke(Method.java:611)
	at org.testng.internal.MethodInvocationHelper.invokeMethod(MethodInvocationHelper.java:84)
	at org.testng.internal.Invoker.invokeConfigurationMethod(Invoker.java:564)
	at org.testng.internal.Invoker.invokeConfigurations(Invoker.java:213)
	at org.testng.internal.Invoker.invokeMethod(Invoker.java:786)
	at org.testng.internal.Invoker.invokeTestMethod(Invoker.java:901)
	at org.testng.internal.Invoker.invokeTestMethods(Invoker.java:1231)
	at org.testng.internal.TestMethodWorker.invokeTestMethods(TestMethodWorker.java:127)
	at org.testng.internal.TestMethodWorker.run(TestMethodWorker.java:111)
	at org.testng.TestRunner.privateRun(TestRunner.java:767)
	at org.testng.TestRunner.run(TestRunner.java:617)
	at org.testng.SuiteRunner.runTest(SuiteRunner.java:334)
	at org.testng.SuiteRunner.runSequentially(SuiteRunner.java:329)
	at org.testng.SuiteRunner.privateRun(SuiteRunner.java:291)
	at org.testng.SuiteRunner.run(SuiteRunner.java:240)
	at org.testng.SuiteRunnerWorker.runSuite(SuiteRunnerWorker.java:52)
	at org.testng.SuiteRunnerWorker.run(SuiteRunnerWorker.java:86)
	at org.testng.TestNG.runSuitesSequentially(TestNG.java:1224)
	at org.testng.TestNG.runSuitesLocally(TestNG.java:1149)
	at org.testng.TestNG.run(TestNG.java:1057)
	at org.testng.remote.RemoteTestNG.run(RemoteTestNG.java:111)
	at org.testng.remote.RemoteTestNG.initAndRun(RemoteTestNG.java:204)
	at org.testng.remote.RemoteTestNG.main(RemoteTestNG.java:175)
Caused by: org.openqa.selenium.remote.UnreachableBrowserException: Error communicating with the remote browser. It may have died.
Build info: version: '2.42.0', revision: '5e82430', time: '2014-05-22 20:18:07'
System info: host: 'dslvm346', ip: '9.162.138.157', os.name: 'Windows 8', os.arch: 'x86', os.version: '6.2', java.version: '1.7.0_55'
Driver info: driver.version: EventFiringWebDriver
Build info: version: '2.42.1', revision: '68b415a', time: '2014-05-29 16:16:49'
System info: host: 'piotrbogdanski', ip: '9.161.136.32', os.name: 'Windows 7', os.arch: 'x86', os.version: '6.1 build 7601 Service Pack 1', java.version: '1.6.0'
Driver info: driver.version: unknown
]]>
    </failure>
  </testcase> <!-- AllContentsLoads -->
  <testcase name="AllContentsLoads" time="0.000" classname="tests.webUI.nonFunctional.LibraryTestsContents">
    <failure type="org.openqa.selenium.WebDriverException" message="Error communicating with the remote browser. It may have died.
Build info: version: &#039;2.42.0&#039;, revision: &#039;5e82430&#039;, time: &#039;2014-05-22 20:18:07&#039;
System info: host: &#039;dslvm346&#039;, ip: &#039;9.162.138.157&#039;, os.name: &#039;Windows 8&#039;, os.arch: &#039;x86&#039;, os.version: &#039;6.2&#039;, java.version: &#039;1.7.0_55&#039;
Driver info: driver.version: EventFiringWebDriver
Command duration or timeout: 3.27 seconds
Build info: version: &#039;2.42.1&#039;, revision: &#039;68b415a&#039;, time: &#039;2014-05-29 16:16:49&#039;
System info: host: &#039;piotrbogdanski&#039;, ip: &#039;9.161.136.32&#039;, os.name: &#039;Windows 7&#039;, os.arch: &#039;x86&#039;, os.version: &#039;6.1 build 7601 Service Pack 1&#039;, java.version: &#039;1.6.0&#039;
Session ID: b26bcd25-156a-405a-a953-e989a5b1f5be
Capabilities [{handlesAlerts=true, rotatable=false, databaseEnabled=false, locationContextEnabled=true, acceptSslCerts=true, applicationCacheEnabled=false, nativeEvents=true, cssSelectorsEnabled=true, takesScreenshot=true, platform=WIN8, browserName=chrome, javascriptEnabled=true, version=35.0.1916.153, chrome={userDataDir=C:\Users\ADMINI~1\AppData\Local\Temp\scoped_dir4076_31844}, webStorageEnabled=true, webdriver.remote.sessionid=b26bcd25-156a-405a-a953-e989a5b1f5be, browserConnectionEnabled=false, takesHeapSnapshot=true}]
Driver info: org.openqa.selenium.remote.RemoteWebDriver">
      <![CDATA[org.openqa.selenium.WebDriverException: Error communicating with the remote browser. It may have died.
Build info: version: '2.42.0', revision: '5e82430', time: '2014-05-22 20:18:07'
System info: host: 'dslvm346', ip: '9.162.138.157', os.name: 'Windows 8', os.arch: 'x86', os.version: '6.2', java.version: '1.7.0_55'
Driver info: driver.version: EventFiringWebDriver
Command duration or timeout: 3.27 seconds
Build info: version: '2.42.1', revision: '68b415a', time: '2014-05-29 16:16:49'
System info: host: 'piotrbogdanski', ip: '9.161.136.32', os.name: 'Windows 7', os.arch: 'x86', os.version: '6.1 build 7601 Service Pack 1', java.version: '1.6.0'
Session ID: b26bcd25-156a-405a-a953-e989a5b1f5be
Capabilities [{handlesAlerts=true, rotatable=false, databaseEnabled=false, locationContextEnabled=true, acceptSslCerts=true, applicationCacheEnabled=false, nativeEvents=true, cssSelectorsEnabled=true, takesScreenshot=true, platform=WIN8, browserName=chrome, javascriptEnabled=true, version=35.0.1916.153, chrome={userDataDir=C:\Users\ADMINI~1\AppData\Local\Temp\scoped_dir4076_31844}, webStorageEnabled=true, webdriver.remote.sessionid=b26bcd25-156a-405a-a953-e989a5b1f5be, browserConnectionEnabled=false, takesHeapSnapshot=true}]
Driver info: org.openqa.selenium.remote.RemoteWebDriver
	at sun.reflect.NativeConstructorAccessorImpl.newInstance0(Native Method)
	at sun.reflect.NativeConstructorAccessorImpl.newInstance(NativeConstructorAccessorImpl.java:56)
	at sun.reflect.DelegatingConstructorAccessorImpl.newInstance(DelegatingConstructorAccessorImpl.java:39)
	at java.lang.reflect.Constructor.newInstance(Constructor.java:527)
	at org.openqa.selenium.remote.ErrorHandler.createThrowable(ErrorHandler.java:204)
	at org.openqa.selenium.remote.ErrorHandler.throwIfResponseFailed(ErrorHandler.java:156)
	at org.openqa.selenium.remote.RemoteWebDriver.execute(RemoteWebDriver.java:600)
	at org.openqa.selenium.remote.RemoteWebDriver.execute(RemoteWebDriver.java:615)
	at org.openqa.selenium.remote.RemoteWebDriver.quit(RemoteWebDriver.java:469)
	at webUI.LoadBrowser.closeBrowser(LoadBrowser.java:266)
	at sun.reflect.GeneratedMethodAccessor21.invoke(Unknown Source)
	at sun.reflect.DelegatingMethodAccessorImpl.invoke(DelegatingMethodAccessorImpl.java:37)
	at java.lang.reflect.Method.invoke(Method.java:611)
	at org.testng.internal.MethodInvocationHelper.invokeMethod(MethodInvocationHelper.java:84)
	at org.testng.internal.Invoker.invokeConfigurationMethod(Invoker.java:564)
	at org.testng.internal.Invoker.invokeConfigurations(Invoker.java:213)
	at org.testng.internal.Invoker.invokeMethod(Invoker.java:786)
	at org.testng.internal.Invoker.invokeTestMethod(Invoker.java:901)
	at org.testng.internal.Invoker.invokeTestMethods(Invoker.java:1231)
	at org.testng.internal.TestMethodWorker.invokeTestMethods(TestMethodWorker.java:127)
	at org.testng.internal.TestMethodWorker.run(TestMethodWorker.java:111)
	at org.testng.TestRunner.privateRun(TestRunner.java:767)
	at org.testng.TestRunner.run(TestRunner.java:617)
	at org.testng.SuiteRunner.runTest(SuiteRunner.java:334)
	at org.testng.SuiteRunner.runSequentially(SuiteRunner.java:329)
	at org.testng.SuiteRunner.privateRun(SuiteRunner.java:291)
	at org.testng.SuiteRunner.run(SuiteRunner.java:240)
	at org.testng.SuiteRunnerWorker.runSuite(SuiteRunnerWorker.java:52)
	at org.testng.SuiteRunnerWorker.run(SuiteRunnerWorker.java:86)
	at org.testng.TestNG.runSuitesSequentially(TestNG.java:1224)
	at org.testng.TestNG.runSuitesLocally(TestNG.java:1149)
	at org.testng.TestNG.run(TestNG.java:1057)
	at org.testng.remote.RemoteTestNG.run(RemoteTestNG.java:111)
	at org.testng.remote.RemoteTestNG.initAndRun(RemoteTestNG.java:204)
	at org.testng.remote.RemoteTestNG.main(RemoteTestNG.java:175)
Caused by: org.openqa.selenium.remote.UnreachableBrowserException: Error communicating with the remote browser. It may have died.
Build info: version: '2.42.0', revision: '5e82430', time: '2014-05-22 20:18:07'
System info: host: 'dslvm346', ip: '9.162.138.157', os.name: 'Windows 8', os.arch: 'x86', os.version: '6.2', java.version: '1.7.0_55'
Driver info: driver.version: EventFiringWebDriver
Build info: version: '2.42.1', revision: '68b415a', time: '2014-05-29 16:16:49'
System info: host: 'piotrbogdanski', ip: '9.161.136.32', os.name: 'Windows 7', os.arch: 'x86', os.version: '6.1 build 7601 Service Pack 1', java.version: '1.6.0'
Driver info: driver.version: unknown
]]>
    </failure>
  </testcase> <!-- AllContentsLoads -->
  <testcase name="AllContentsLoads" time="0.001" classname="tests.webUI.nonFunctional.LibraryTestsContents">
    <failure type="org.openqa.selenium.WebDriverException" message="Error communicating with the remote browser. It may have died.
Build info: version: &#039;2.42.0&#039;, revision: &#039;5e82430&#039;, time: &#039;2014-05-22 20:18:07&#039;
System info: host: &#039;dslvm346&#039;, ip: &#039;9.162.138.157&#039;, os.name: &#039;Windows 8&#039;, os.arch: &#039;x86&#039;, os.version: &#039;6.2&#039;, java.version: &#039;1.7.0_55&#039;
Driver info: driver.version: EventFiringWebDriver
Command duration or timeout: 3.27 seconds
Build info: version: &#039;2.42.1&#039;, revision: &#039;68b415a&#039;, time: &#039;2014-05-29 16:16:49&#039;
System info: host: &#039;piotrbogdanski&#039;, ip: &#039;9.161.136.32&#039;, os.name: &#039;Windows 7&#039;, os.arch: &#039;x86&#039;, os.version: &#039;6.1 build 7601 Service Pack 1&#039;, java.version: &#039;1.6.0&#039;
Session ID: b26bcd25-156a-405a-a953-e989a5b1f5be
Capabilities [{handlesAlerts=true, rotatable=false, databaseEnabled=false, locationContextEnabled=true, acceptSslCerts=true, applicationCacheEnabled=false, nativeEvents=true, cssSelectorsEnabled=true, takesScreenshot=true, platform=WIN8, browserName=chrome, javascriptEnabled=true, version=35.0.1916.153, chrome={userDataDir=C:\Users\ADMINI~1\AppData\Local\Temp\scoped_dir4076_31844}, webStorageEnabled=true, webdriver.remote.sessionid=b26bcd25-156a-405a-a953-e989a5b1f5be, browserConnectionEnabled=false, takesHeapSnapshot=true}]
Driver info: org.openqa.selenium.remote.RemoteWebDriver">
      <![CDATA[org.openqa.selenium.WebDriverException: Error communicating with the remote browser. It may have died.
Build info: version: '2.42.0', revision: '5e82430', time: '2014-05-22 20:18:07'
System info: host: 'dslvm346', ip: '9.162.138.157', os.name: 'Windows 8', os.arch: 'x86', os.version: '6.2', java.version: '1.7.0_55'
Driver info: driver.version: EventFiringWebDriver
Command duration or timeout: 3.27 seconds
Build info: version: '2.42.1', revision: '68b415a', time: '2014-05-29 16:16:49'
System info: host: 'piotrbogdanski', ip: '9.161.136.32', os.name: 'Windows 7', os.arch: 'x86', os.version: '6.1 build 7601 Service Pack 1', java.version: '1.6.0'
Session ID: b26bcd25-156a-405a-a953-e989a5b1f5be
Capabilities [{handlesAlerts=true, rotatable=false, databaseEnabled=false, locationContextEnabled=true, acceptSslCerts=true, applicationCacheEnabled=false, nativeEvents=true, cssSelectorsEnabled=true, takesScreenshot=true, platform=WIN8, browserName=chrome, javascriptEnabled=true, version=35.0.1916.153, chrome={userDataDir=C:\Users\ADMINI~1\AppData\Local\Temp\scoped_dir4076_31844}, webStorageEnabled=true, webdriver.remote.sessionid=b26bcd25-156a-405a-a953-e989a5b1f5be, browserConnectionEnabled=false, takesHeapSnapshot=true}]
Driver info: org.openqa.selenium.remote.RemoteWebDriver
	at sun.reflect.NativeConstructorAccessorImpl.newInstance0(Native Method)
	at sun.reflect.NativeConstructorAccessorImpl.newInstance(NativeConstructorAccessorImpl.java:56)
	at sun.reflect.DelegatingConstructorAccessorImpl.newInstance(DelegatingConstructorAccessorImpl.java:39)
	at java.lang.reflect.Constructor.newInstance(Constructor.java:527)
	at org.openqa.selenium.remote.ErrorHandler.createThrowable(ErrorHandler.java:204)
	at org.openqa.selenium.remote.ErrorHandler.throwIfResponseFailed(ErrorHandler.java:156)
	at org.openqa.selenium.remote.RemoteWebDriver.execute(RemoteWebDriver.java:600)
	at org.openqa.selenium.remote.RemoteWebDriver.execute(RemoteWebDriver.java:615)
	at org.openqa.selenium.remote.RemoteWebDriver.quit(RemoteWebDriver.java:469)
	at webUI.LoadBrowser.closeBrowser(LoadBrowser.java:266)
	at sun.reflect.GeneratedMethodAccessor21.invoke(Unknown Source)
	at sun.reflect.DelegatingMethodAccessorImpl.invoke(DelegatingMethodAccessorImpl.java:37)
	at java.lang.reflect.Method.invoke(Method.java:611)
	at org.testng.internal.MethodInvocationHelper.invokeMethod(MethodInvocationHelper.java:84)
	at org.testng.internal.Invoker.invokeConfigurationMethod(Invoker.java:564)
	at org.testng.internal.Invoker.invokeConfigurations(Invoker.java:213)
	at org.testng.internal.Invoker.invokeMethod(Invoker.java:786)
	at org.testng.internal.Invoker.invokeTestMethod(Invoker.java:901)
	at org.testng.internal.Invoker.invokeTestMethods(Invoker.java:1231)
	at org.testng.internal.TestMethodWorker.invokeTestMethods(TestMethodWorker.java:127)
	at org.testng.internal.TestMethodWorker.run(TestMethodWorker.java:111)
	at org.testng.TestRunner.privateRun(TestRunner.java:767)
	at org.testng.TestRunner.run(TestRunner.java:617)
	at org.testng.SuiteRunner.runTest(SuiteRunner.java:334)
	at org.testng.SuiteRunner.runSequentially(SuiteRunner.java:329)
	at org.testng.SuiteRunner.privateRun(SuiteRunner.java:291)
	at org.testng.SuiteRunner.run(SuiteRunner.java:240)
	at org.testng.SuiteRunnerWorker.runSuite(SuiteRunnerWorker.java:52)
	at org.testng.SuiteRunnerWorker.run(SuiteRunnerWorker.java:86)
	at org.testng.TestNG.runSuitesSequentially(TestNG.java:1224)
	at org.testng.TestNG.runSuitesLocally(TestNG.java:1149)
	at org.testng.TestNG.run(TestNG.java:1057)
	at org.testng.remote.RemoteTestNG.run(RemoteTestNG.java:111)
	at org.testng.remote.RemoteTestNG.initAndRun(RemoteTestNG.java:204)
	at org.testng.remote.RemoteTestNG.main(RemoteTestNG.java:175)
Caused by: org.openqa.selenium.remote.UnreachableBrowserException: Error communicating with the remote browser. It may have died.
Build info: version: '2.42.0', revision: '5e82430', time: '2014-05-22 20:18:07'
System info: host: 'dslvm346', ip: '9.162.138.157', os.name: 'Windows 8', os.arch: 'x86', os.version: '6.2', java.version: '1.7.0_55'
Driver info: driver.version: EventFiringWebDriver
Build info: version: '2.42.1', revision: '68b415a', time: '2014-05-29 16:16:49'
System info: host: 'piotrbogdanski', ip: '9.161.136.32', os.name: 'Windows 7', os.arch: 'x86', os.version: '6.1 build 7601 Service Pack 1', java.version: '1.6.0'
Driver info: driver.version: unknown
]]>
    </failure>
  </testcase> <!-- AllContentsLoads -->
  <testcase name="AllContentsLoads" time="1.328" classname="tests.webUI.nonFunctional.LibraryTestsContents">
    <failure type="org.openqa.selenium.WebDriverException" message="Error communicating with the remote browser. It may have died.
Build info: version: &#039;2.42.0&#039;, revision: &#039;5e82430&#039;, time: &#039;2014-05-22 20:18:07&#039;
System info: host: &#039;dslvm346&#039;, ip: &#039;9.162.138.157&#039;, os.name: &#039;Windows 8&#039;, os.arch: &#039;x86&#039;, os.version: &#039;6.2&#039;, java.version: &#039;1.7.0_55&#039;
Driver info: driver.version: EventFiringWebDriver
Command duration or timeout: 3.27 seconds
Build info: version: &#039;2.42.1&#039;, revision: &#039;68b415a&#039;, time: &#039;2014-05-29 16:16:49&#039;
System info: host: &#039;piotrbogdanski&#039;, ip: &#039;9.161.136.32&#039;, os.name: &#039;Windows 7&#039;, os.arch: &#039;x86&#039;, os.version: &#039;6.1 build 7601 Service Pack 1&#039;, java.version: &#039;1.6.0&#039;
Session ID: b26bcd25-156a-405a-a953-e989a5b1f5be
Capabilities [{handlesAlerts=true, rotatable=false, databaseEnabled=false, locationContextEnabled=true, acceptSslCerts=true, applicationCacheEnabled=false, nativeEvents=true, cssSelectorsEnabled=true, takesScreenshot=true, platform=WIN8, browserName=chrome, javascriptEnabled=true, version=35.0.1916.153, chrome={userDataDir=C:\Users\ADMINI~1\AppData\Local\Temp\scoped_dir4076_31844}, webStorageEnabled=true, webdriver.remote.sessionid=b26bcd25-156a-405a-a953-e989a5b1f5be, browserConnectionEnabled=false, takesHeapSnapshot=true}]
Driver info: org.openqa.selenium.remote.RemoteWebDriver">
      <![CDATA[org.openqa.selenium.WebDriverException: Error communicating with the remote browser. It may have died.
Build info: version: '2.42.0', revision: '5e82430', time: '2014-05-22 20:18:07'
System info: host: 'dslvm346', ip: '9.162.138.157', os.name: 'Windows 8', os.arch: 'x86', os.version: '6.2', java.version: '1.7.0_55'
Driver info: driver.version: EventFiringWebDriver
Command duration or timeout: 3.27 seconds
Build info: version: '2.42.1', revision: '68b415a', time: '2014-05-29 16:16:49'
System info: host: 'piotrbogdanski', ip: '9.161.136.32', os.name: 'Windows 7', os.arch: 'x86', os.version: '6.1 build 7601 Service Pack 1', java.version: '1.6.0'
Session ID: b26bcd25-156a-405a-a953-e989a5b1f5be
Capabilities [{handlesAlerts=true, rotatable=false, databaseEnabled=false, locationContextEnabled=true, acceptSslCerts=true, applicationCacheEnabled=false, nativeEvents=true, cssSelectorsEnabled=true, takesScreenshot=true, platform=WIN8, browserName=chrome, javascriptEnabled=true, version=35.0.1916.153, chrome={userDataDir=C:\Users\ADMINI~1\AppData\Local\Temp\scoped_dir4076_31844}, webStorageEnabled=true, webdriver.remote.sessionid=b26bcd25-156a-405a-a953-e989a5b1f5be, browserConnectionEnabled=false, takesHeapSnapshot=true}]
Driver info: org.openqa.selenium.remote.RemoteWebDriver
	at sun.reflect.NativeConstructorAccessorImpl.newInstance0(Native Method)
	at sun.reflect.NativeConstructorAccessorImpl.newInstance(NativeConstructorAccessorImpl.java:56)
	at sun.reflect.DelegatingConstructorAccessorImpl.newInstance(DelegatingConstructorAccessorImpl.java:39)
	at java.lang.reflect.Constructor.newInstance(Constructor.java:527)
	at org.openqa.selenium.remote.ErrorHandler.createThrowable(ErrorHandler.java:204)
	at org.openqa.selenium.remote.ErrorHandler.throwIfResponseFailed(ErrorHandler.java:156)
	at org.openqa.selenium.remote.RemoteWebDriver.execute(RemoteWebDriver.java:600)
	at org.openqa.selenium.remote.RemoteWebDriver.execute(RemoteWebDriver.java:615)
	at org.openqa.selenium.remote.RemoteWebDriver.quit(RemoteWebDriver.java:469)
	at webUI.LoadBrowser.closeBrowser(LoadBrowser.java:266)
	at sun.reflect.GeneratedMethodAccessor21.invoke(Unknown Source)
	at sun.reflect.DelegatingMethodAccessorImpl.invoke(DelegatingMethodAccessorImpl.java:37)
	at java.lang.reflect.Method.invoke(Method.java:611)
	at org.testng.internal.MethodInvocationHelper.invokeMethod(MethodInvocationHelper.java:84)
	at org.testng.internal.Invoker.invokeConfigurationMethod(Invoker.java:564)
	at org.testng.internal.Invoker.invokeConfigurations(Invoker.java:213)
	at org.testng.internal.Invoker.invokeMethod(Invoker.java:786)
	at org.testng.internal.Invoker.invokeTestMethod(Invoker.java:901)
	at org.testng.internal.Invoker.invokeTestMethods(Invoker.java:1231)
	at org.testng.internal.TestMethodWorker.invokeTestMethods(TestMethodWorker.java:127)
	at org.testng.internal.TestMethodWorker.run(TestMethodWorker.java:111)
	at org.testng.TestRunner.privateRun(TestRunner.java:767)
	at org.testng.TestRunner.run(TestRunner.java:617)
	at org.testng.SuiteRunner.runTest(SuiteRunner.java:334)
	at org.testng.SuiteRunner.runSequentially(SuiteRunner.java:329)
	at org.testng.SuiteRunner.privateRun(SuiteRunner.java:291)
	at org.testng.SuiteRunner.run(SuiteRunner.java:240)
	at org.testng.SuiteRunnerWorker.runSuite(SuiteRunnerWorker.java:52)
	at org.testng.SuiteRunnerWorker.run(SuiteRunnerWorker.java:86)
	at org.testng.TestNG.runSuitesSequentially(TestNG.java:1224)
	at org.testng.TestNG.runSuitesLocally(TestNG.java:1149)
	at org.testng.TestNG.run(TestNG.java:1057)
	at org.testng.remote.RemoteTestNG.run(RemoteTestNG.java:111)
	at org.testng.remote.RemoteTestNG.initAndRun(RemoteTestNG.java:204)
	at org.testng.remote.RemoteTestNG.main(RemoteTestNG.java:175)
Caused by: org.openqa.selenium.remote.UnreachableBrowserException: Error communicating with the remote browser. It may have died.
Build info: version: '2.42.0', revision: '5e82430', time: '2014-05-22 20:18:07'
System info: host: 'dslvm346', ip: '9.162.138.157', os.name: 'Windows 8', os.arch: 'x86', os.version: '6.2', java.version: '1.7.0_55'
Driver info: driver.version: EventFiringWebDriver
Build info: version: '2.42.1', revision: '68b415a', time: '2014-05-29 16:16:49'
System info: host: 'piotrbogdanski', ip: '9.161.136.32', os.name: 'Windows 7', os.arch: 'x86', os.version: '6.1 build 7601 Service Pack 1', java.version: '1.6.0'
Driver info: driver.version: unknown
]]>
    </failure>
  </testcase> <!-- AllContentsLoads -->
  <testcase name="AllContentsLoads" time="0.009" classname="tests.webUI.nonFunctional.LibraryTestsContents">
    <failure type="org.openqa.selenium.WebDriverException" message="Error communicating with the remote browser. It may have died.
Build info: version: &#039;2.42.0&#039;, revision: &#039;5e82430&#039;, time: &#039;2014-05-22 20:18:07&#039;
System info: host: &#039;dslvm346&#039;, ip: &#039;9.162.138.157&#039;, os.name: &#039;Windows 8&#039;, os.arch: &#039;x86&#039;, os.version: &#039;6.2&#039;, java.version: &#039;1.7.0_55&#039;
Driver info: driver.version: EventFiringWebDriver
Command duration or timeout: 3.27 seconds
Build info: version: &#039;2.42.1&#039;, revision: &#039;68b415a&#039;, time: &#039;2014-05-29 16:16:49&#039;
System info: host: &#039;piotrbogdanski&#039;, ip: &#039;9.161.136.32&#039;, os.name: &#039;Windows 7&#039;, os.arch: &#039;x86&#039;, os.version: &#039;6.1 build 7601 Service Pack 1&#039;, java.version: &#039;1.6.0&#039;
Session ID: b26bcd25-156a-405a-a953-e989a5b1f5be
Capabilities [{handlesAlerts=true, rotatable=false, databaseEnabled=false, locationContextEnabled=true, acceptSslCerts=true, applicationCacheEnabled=false, nativeEvents=true, cssSelectorsEnabled=true, takesScreenshot=true, platform=WIN8, browserName=chrome, javascriptEnabled=true, version=35.0.1916.153, chrome={userDataDir=C:\Users\ADMINI~1\AppData\Local\Temp\scoped_dir4076_31844}, webStorageEnabled=true, webdriver.remote.sessionid=b26bcd25-156a-405a-a953-e989a5b1f5be, browserConnectionEnabled=false, takesHeapSnapshot=true}]
Driver info: org.openqa.selenium.remote.RemoteWebDriver">
      <![CDATA[org.openqa.selenium.WebDriverException: Error communicating with the remote browser. It may have died.
Build info: version: '2.42.0', revision: '5e82430', time: '2014-05-22 20:18:07'
System info: host: 'dslvm346', ip: '9.162.138.157', os.name: 'Windows 8', os.arch: 'x86', os.version: '6.2', java.version: '1.7.0_55'
Driver info: driver.version: EventFiringWebDriver
Command duration or timeout: 3.27 seconds
Build info: version: '2.42.1', revision: '68b415a', time: '2014-05-29 16:16:49'
System info: host: 'piotrbogdanski', ip: '9.161.136.32', os.name: 'Windows 7', os.arch: 'x86', os.version: '6.1 build 7601 Service Pack 1', java.version: '1.6.0'
Session ID: b26bcd25-156a-405a-a953-e989a5b1f5be
Capabilities [{handlesAlerts=true, rotatable=false, databaseEnabled=false, locationContextEnabled=true, acceptSslCerts=true, applicationCacheEnabled=false, nativeEvents=true, cssSelectorsEnabled=true, takesScreenshot=true, platform=WIN8, browserName=chrome, javascriptEnabled=true, version=35.0.1916.153, chrome={userDataDir=C:\Users\ADMINI~1\AppData\Local\Temp\scoped_dir4076_31844}, webStorageEnabled=true, webdriver.remote.sessionid=b26bcd25-156a-405a-a953-e989a5b1f5be, browserConnectionEnabled=false, takesHeapSnapshot=true}]
Driver info: org.openqa.selenium.remote.RemoteWebDriver
	at sun.reflect.NativeConstructorAccessorImpl.newInstance0(Native Method)
	at sun.reflect.NativeConstructorAccessorImpl.newInstance(NativeConstructorAccessorImpl.java:56)
	at sun.reflect.DelegatingConstructorAccessorImpl.newInstance(DelegatingConstructorAccessorImpl.java:39)
	at java.lang.reflect.Constructor.newInstance(Constructor.java:527)
	at org.openqa.selenium.remote.ErrorHandler.createThrowable(ErrorHandler.java:204)
	at org.openqa.selenium.remote.ErrorHandler.throwIfResponseFailed(ErrorHandler.java:156)
	at org.openqa.selenium.remote.RemoteWebDriver.execute(RemoteWebDriver.java:600)
	at org.openqa.selenium.remote.RemoteWebDriver.execute(RemoteWebDriver.java:615)
	at org.openqa.selenium.remote.RemoteWebDriver.quit(RemoteWebDriver.java:469)
	at webUI.LoadBrowser.closeBrowser(LoadBrowser.java:266)
	at sun.reflect.GeneratedMethodAccessor21.invoke(Unknown Source)
	at sun.reflect.DelegatingMethodAccessorImpl.invoke(DelegatingMethodAccessorImpl.java:37)
	at java.lang.reflect.Method.invoke(Method.java:611)
	at org.testng.internal.MethodInvocationHelper.invokeMethod(MethodInvocationHelper.java:84)
	at org.testng.internal.Invoker.invokeConfigurationMethod(Invoker.java:564)
	at org.testng.internal.Invoker.invokeConfigurations(Invoker.java:213)
	at org.testng.internal.Invoker.invokeMethod(Invoker.java:786)
	at org.testng.internal.Invoker.invokeTestMethod(Invoker.java:901)
	at org.testng.internal.Invoker.invokeTestMethods(Invoker.java:1231)
	at org.testng.internal.TestMethodWorker.invokeTestMethods(TestMethodWorker.java:127)
	at org.testng.internal.TestMethodWorker.run(TestMethodWorker.java:111)
	at org.testng.TestRunner.privateRun(TestRunner.java:767)
	at org.testng.TestRunner.run(TestRunner.java:617)
	at org.testng.SuiteRunner.runTest(SuiteRunner.java:334)
	at org.testng.SuiteRunner.runSequentially(SuiteRunner.java:329)
	at org.testng.SuiteRunner.privateRun(SuiteRunner.java:291)
	at org.testng.SuiteRunner.run(SuiteRunner.java:240)
	at org.testng.SuiteRunnerWorker.runSuite(SuiteRunnerWorker.java:52)
	at org.testng.SuiteRunnerWorker.run(SuiteRunnerWorker.java:86)
	at org.testng.TestNG.runSuitesSequentially(TestNG.java:1224)
	at org.testng.TestNG.runSuitesLocally(TestNG.java:1149)
	at org.testng.TestNG.run(TestNG.java:1057)
	at org.testng.remote.RemoteTestNG.run(RemoteTestNG.java:111)
	at org.testng.remote.RemoteTestNG.initAndRun(RemoteTestNG.java:204)
	at org.testng.remote.RemoteTestNG.main(RemoteTestNG.java:175)
Caused by: org.openqa.selenium.remote.UnreachableBrowserException: Error communicating with the remote browser. It may have died.
Build info: version: '2.42.0', revision: '5e82430', time: '2014-05-22 20:18:07'
System info: host: 'dslvm346', ip: '9.162.138.157', os.name: 'Windows 8', os.arch: 'x86', os.version: '6.2', java.version: '1.7.0_55'
Driver info: driver.version: EventFiringWebDriver
Build info: version: '2.42.1', revision: '68b415a', time: '2014-05-29 16:16:49'
System info: host: 'piotrbogdanski', ip: '9.161.136.32', os.name: 'Windows 7', os.arch: 'x86', os.version: '6.1 build 7601 Service Pack 1', java.version: '1.6.0'
Driver info: driver.version: unknown
]]>
    </failure>
  </testcase> <!-- AllContentsLoads -->
  <testcase name="AllContentsLoads" time="0.000" classname="tests.webUI.nonFunctional.LibraryTestsContents">
    <failure type="org.openqa.selenium.WebDriverException" message="Error communicating with the remote browser. It may have died.
Build info: version: &#039;2.42.0&#039;, revision: &#039;5e82430&#039;, time: &#039;2014-05-22 20:18:07&#039;
System info: host: &#039;dslvm346&#039;, ip: &#039;9.162.138.157&#039;, os.name: &#039;Windows 8&#039;, os.arch: &#039;x86&#039;, os.version: &#039;6.2&#039;, java.version: &#039;1.7.0_55&#039;
Driver info: driver.version: EventFiringWebDriver
Command duration or timeout: 3.27 seconds
Build info: version: &#039;2.42.1&#039;, revision: &#039;68b415a&#039;, time: &#039;2014-05-29 16:16:49&#039;
System info: host: &#039;piotrbogdanski&#039;, ip: &#039;9.161.136.32&#039;, os.name: &#039;Windows 7&#039;, os.arch: &#039;x86&#039;, os.version: &#039;6.1 build 7601 Service Pack 1&#039;, java.version: &#039;1.6.0&#039;
Session ID: b26bcd25-156a-405a-a953-e989a5b1f5be
Capabilities [{handlesAlerts=true, rotatable=false, databaseEnabled=false, locationContextEnabled=true, acceptSslCerts=true, applicationCacheEnabled=false, nativeEvents=true, cssSelectorsEnabled=true, takesScreenshot=true, platform=WIN8, browserName=chrome, javascriptEnabled=true, version=35.0.1916.153, chrome={userDataDir=C:\Users\ADMINI~1\AppData\Local\Temp\scoped_dir4076_31844}, webStorageEnabled=true, webdriver.remote.sessionid=b26bcd25-156a-405a-a953-e989a5b1f5be, browserConnectionEnabled=false, takesHeapSnapshot=true}]
Driver info: org.openqa.selenium.remote.RemoteWebDriver">
      <![CDATA[org.openqa.selenium.WebDriverException: Error communicating with the remote browser. It may have died.
Build info: version: '2.42.0', revision: '5e82430', time: '2014-05-22 20:18:07'
System info: host: 'dslvm346', ip: '9.162.138.157', os.name: 'Windows 8', os.arch: 'x86', os.version: '6.2', java.version: '1.7.0_55'
Driver info: driver.version: EventFiringWebDriver
Command duration or timeout: 3.27 seconds
Build info: version: '2.42.1', revision: '68b415a', time: '2014-05-29 16:16:49'
System info: host: 'piotrbogdanski', ip: '9.161.136.32', os.name: 'Windows 7', os.arch: 'x86', os.version: '6.1 build 7601 Service Pack 1', java.version: '1.6.0'
Session ID: b26bcd25-156a-405a-a953-e989a5b1f5be
Capabilities [{handlesAlerts=true, rotatable=false, databaseEnabled=false, locationContextEnabled=true, acceptSslCerts=true, applicationCacheEnabled=false, nativeEvents=true, cssSelectorsEnabled=true, takesScreenshot=true, platform=WIN8, browserName=chrome, javascriptEnabled=true, version=35.0.1916.153, chrome={userDataDir=C:\Users\ADMINI~1\AppData\Local\Temp\scoped_dir4076_31844}, webStorageEnabled=true, webdriver.remote.sessionid=b26bcd25-156a-405a-a953-e989a5b1f5be, browserConnectionEnabled=false, takesHeapSnapshot=true}]
Driver info: org.openqa.selenium.remote.RemoteWebDriver
	at sun.reflect.NativeConstructorAccessorImpl.newInstance0(Native Method)
	at sun.reflect.NativeConstructorAccessorImpl.newInstance(NativeConstructorAccessorImpl.java:56)
	at sun.reflect.DelegatingConstructorAccessorImpl.newInstance(DelegatingConstructorAccessorImpl.java:39)
	at java.lang.reflect.Constructor.newInstance(Constructor.java:527)
	at org.openqa.selenium.remote.ErrorHandler.createThrowable(ErrorHandler.java:204)
	at org.openqa.selenium.remote.ErrorHandler.throwIfResponseFailed(ErrorHandler.java:156)
	at org.openqa.selenium.remote.RemoteWebDriver.execute(RemoteWebDriver.java:600)
	at org.openqa.selenium.remote.RemoteWebDriver.execute(RemoteWebDriver.java:615)
	at org.openqa.selenium.remote.RemoteWebDriver.quit(RemoteWebDriver.java:469)
	at webUI.LoadBrowser.closeBrowser(LoadBrowser.java:266)
	at sun.reflect.GeneratedMethodAccessor21.invoke(Unknown Source)
	at sun.reflect.DelegatingMethodAccessorImpl.invoke(DelegatingMethodAccessorImpl.java:37)
	at java.lang.reflect.Method.invoke(Method.java:611)
	at org.testng.internal.MethodInvocationHelper.invokeMethod(MethodInvocationHelper.java:84)
	at org.testng.internal.Invoker.invokeConfigurationMethod(Invoker.java:564)
	at org.testng.internal.Invoker.invokeConfigurations(Invoker.java:213)
	at org.testng.internal.Invoker.invokeMethod(Invoker.java:786)
	at org.testng.internal.Invoker.invokeTestMethod(Invoker.java:901)
	at org.testng.internal.Invoker.invokeTestMethods(Invoker.java:1231)
	at org.testng.internal.TestMethodWorker.invokeTestMethods(TestMethodWorker.java:127)
	at org.testng.internal.TestMethodWorker.run(TestMethodWorker.java:111)
	at org.testng.TestRunner.privateRun(TestRunner.java:767)
	at org.testng.TestRunner.run(TestRunner.java:617)
	at org.testng.SuiteRunner.runTest(SuiteRunner.java:334)
	at org.testng.SuiteRunner.runSequentially(SuiteRunner.java:329)
	at org.testng.SuiteRunner.privateRun(SuiteRunner.java:291)
	at org.testng.SuiteRunner.run(SuiteRunner.java:240)
	at org.testng.SuiteRunnerWorker.runSuite(SuiteRunnerWorker.java:52)
	at org.testng.SuiteRunnerWorker.run(SuiteRunnerWorker.java:86)
	at org.testng.TestNG.runSuitesSequentially(TestNG.java:1224)
	at org.testng.TestNG.runSuitesLocally(TestNG.java:1149)
	at org.testng.TestNG.run(TestNG.java:1057)
	at org.testng.remote.RemoteTestNG.run(RemoteTestNG.java:111)
	at org.testng.remote.RemoteTestNG.initAndRun(RemoteTestNG.java:204)
	at org.testng.remote.RemoteTestNG.main(RemoteTestNG.java:175)
Caused by: org.openqa.selenium.remote.UnreachableBrowserException: Error communicating with the remote browser. It may have died.
Build info: version: '2.42.0', revision: '5e82430', time: '2014-05-22 20:18:07'
System info: host: 'dslvm346', ip: '9.162.138.157', os.name: 'Windows 8', os.arch: 'x86', os.version: '6.2', java.version: '1.7.0_55'
Driver info: driver.version: EventFiringWebDriver
Build info: version: '2.42.1', revision: '68b415a', time: '2014-05-29 16:16:49'
System info: host: 'piotrbogdanski', ip: '9.161.136.32', os.name: 'Windows 7', os.arch: 'x86', os.version: '6.1 build 7601 Service Pack 1', java.version: '1.6.0'
Driver info: driver.version: unknown
]]>
    </failure>
  </testcase> <!-- AllContentsLoads -->
  <testcase name="AllContentsLoads" time="0.000" classname="tests.webUI.nonFunctional.LibraryTestsContents">
    <failure type="org.openqa.selenium.WebDriverException" message="Error communicating with the remote browser. It may have died.
Build info: version: &#039;2.42.0&#039;, revision: &#039;5e82430&#039;, time: &#039;2014-05-22 20:18:07&#039;
System info: host: &#039;dslvm346&#039;, ip: &#039;9.162.138.157&#039;, os.name: &#039;Windows 8&#039;, os.arch: &#039;x86&#039;, os.version: &#039;6.2&#039;, java.version: &#039;1.7.0_55&#039;
Driver info: driver.version: EventFiringWebDriver
Command duration or timeout: 3.27 seconds
Build info: version: &#039;2.42.1&#039;, revision: &#039;68b415a&#039;, time: &#039;2014-05-29 16:16:49&#039;
System info: host: &#039;piotrbogdanski&#039;, ip: &#039;9.161.136.32&#039;, os.name: &#039;Windows 7&#039;, os.arch: &#039;x86&#039;, os.version: &#039;6.1 build 7601 Service Pack 1&#039;, java.version: &#039;1.6.0&#039;
Session ID: b26bcd25-156a-405a-a953-e989a5b1f5be
Capabilities [{handlesAlerts=true, rotatable=false, databaseEnabled=false, locationContextEnabled=true, acceptSslCerts=true, applicationCacheEnabled=false, nativeEvents=true, cssSelectorsEnabled=true, takesScreenshot=true, platform=WIN8, browserName=chrome, javascriptEnabled=true, version=35.0.1916.153, chrome={userDataDir=C:\Users\ADMINI~1\AppData\Local\Temp\scoped_dir4076_31844}, webStorageEnabled=true, webdriver.remote.sessionid=b26bcd25-156a-405a-a953-e989a5b1f5be, browserConnectionEnabled=false, takesHeapSnapshot=true}]
Driver info: org.openqa.selenium.remote.RemoteWebDriver">
      <![CDATA[org.openqa.selenium.WebDriverException: Error communicating with the remote browser. It may have died.
Build info: version: '2.42.0', revision: '5e82430', time: '2014-05-22 20:18:07'
System info: host: 'dslvm346', ip: '9.162.138.157', os.name: 'Windows 8', os.arch: 'x86', os.version: '6.2', java.version: '1.7.0_55'
Driver info: driver.version: EventFiringWebDriver
Command duration or timeout: 3.27 seconds
Build info: version: '2.42.1', revision: '68b415a', time: '2014-05-29 16:16:49'
System info: host: 'piotrbogdanski', ip: '9.161.136.32', os.name: 'Windows 7', os.arch: 'x86', os.version: '6.1 build 7601 Service Pack 1', java.version: '1.6.0'
Session ID: b26bcd25-156a-405a-a953-e989a5b1f5be
Capabilities [{handlesAlerts=true, rotatable=false, databaseEnabled=false, locationContextEnabled=true, acceptSslCerts=true, applicationCacheEnabled=false, nativeEvents=true, cssSelectorsEnabled=true, takesScreenshot=true, platform=WIN8, browserName=chrome, javascriptEnabled=true, version=35.0.1916.153, chrome={userDataDir=C:\Users\ADMINI~1\AppData\Local\Temp\scoped_dir4076_31844}, webStorageEnabled=true, webdriver.remote.sessionid=b26bcd25-156a-405a-a953-e989a5b1f5be, browserConnectionEnabled=false, takesHeapSnapshot=true}]
Driver info: org.openqa.selenium.remote.RemoteWebDriver
	at sun.reflect.NativeConstructorAccessorImpl.newInstance0(Native Method)
	at sun.reflect.NativeConstructorAccessorImpl.newInstance(NativeConstructorAccessorImpl.java:56)
	at sun.reflect.DelegatingConstructorAccessorImpl.newInstance(DelegatingConstructorAccessorImpl.java:39)
	at java.lang.reflect.Constructor.newInstance(Constructor.java:527)
	at org.openqa.selenium.remote.ErrorHandler.createThrowable(ErrorHandler.java:204)
	at org.openqa.selenium.remote.ErrorHandler.throwIfResponseFailed(ErrorHandler.java:156)
	at org.openqa.selenium.remote.RemoteWebDriver.execute(RemoteWebDriver.java:600)
	at org.openqa.selenium.remote.RemoteWebDriver.execute(RemoteWebDriver.java:615)
	at org.openqa.selenium.remote.RemoteWebDriver.quit(RemoteWebDriver.java:469)
	at webUI.LoadBrowser.closeBrowser(LoadBrowser.java:266)
	at sun.reflect.GeneratedMethodAccessor21.invoke(Unknown Source)
	at sun.reflect.DelegatingMethodAccessorImpl.invoke(DelegatingMethodAccessorImpl.java:37)
	at java.lang.reflect.Method.invoke(Method.java:611)
	at org.testng.internal.MethodInvocationHelper.invokeMethod(MethodInvocationHelper.java:84)
	at org.testng.internal.Invoker.invokeConfigurationMethod(Invoker.java:564)
	at org.testng.internal.Invoker.invokeConfigurations(Invoker.java:213)
	at org.testng.internal.Invoker.invokeMethod(Invoker.java:786)
	at org.testng.internal.Invoker.invokeTestMethod(Invoker.java:901)
	at org.testng.internal.Invoker.invokeTestMethods(Invoker.java:1231)
	at org.testng.internal.TestMethodWorker.invokeTestMethods(TestMethodWorker.java:127)
	at org.testng.internal.TestMethodWorker.run(TestMethodWorker.java:111)
	at org.testng.TestRunner.privateRun(TestRunner.java:767)
	at org.testng.TestRunner.run(TestRunner.java:617)
	at org.testng.SuiteRunner.runTest(SuiteRunner.java:334)
	at org.testng.SuiteRunner.runSequentially(SuiteRunner.java:329)
	at org.testng.SuiteRunner.privateRun(SuiteRunner.java:291)
	at org.testng.SuiteRunner.run(SuiteRunner.java:240)
	at org.testng.SuiteRunnerWorker.runSuite(SuiteRunnerWorker.java:52)
	at org.testng.SuiteRunnerWorker.run(SuiteRunnerWorker.java:86)
	at org.testng.TestNG.runSuitesSequentially(TestNG.java:1224)
	at org.testng.TestNG.runSuitesLocally(TestNG.java:1149)
	at org.testng.TestNG.run(TestNG.java:1057)
	at org.testng.remote.RemoteTestNG.run(RemoteTestNG.java:111)
	at org.testng.remote.RemoteTestNG.initAndRun(RemoteTestNG.java:204)
	at org.testng.remote.RemoteTestNG.main(RemoteTestNG.java:175)
Caused by: org.openqa.selenium.remote.UnreachableBrowserException: Error communicating with the remote browser. It may have died.
Build info: version: '2.42.0', revision: '5e82430', time: '2014-05-22 20:18:07'
System info: host: 'dslvm346', ip: '9.162.138.157', os.name: 'Windows 8', os.arch: 'x86', os.version: '6.2', java.version: '1.7.0_55'
Driver info: driver.version: EventFiringWebDriver
Build info: version: '2.42.1', revision: '68b415a', time: '2014-05-29 16:16:49'
System info: host: 'piotrbogdanski', ip: '9.161.136.32', os.name: 'Windows 7', os.arch: 'x86', os.version: '6.1 build 7601 Service Pack 1', java.version: '1.6.0'
Driver info: driver.version: unknown
]]>
    </failure>
  </testcase> <!-- AllContentsLoads -->
  <testcase name="AllContentsLoads" time="1.328" classname="tests.webUI.nonFunctional.LibraryTestsContents">
    <failure type="org.openqa.selenium.WebDriverException" message="Error communicating with the remote browser. It may have died.
Build info: version: &#039;2.42.0&#039;, revision: &#039;5e82430&#039;, time: &#039;2014-05-22 20:18:07&#039;
System info: host: &#039;dslvm346&#039;, ip: &#039;9.162.138.157&#039;, os.name: &#039;Windows 8&#039;, os.arch: &#039;x86&#039;, os.version: &#039;6.2&#039;, java.version: &#039;1.7.0_55&#039;
Driver info: driver.version: EventFiringWebDriver
Command duration or timeout: 3.27 seconds
Build info: version: &#039;2.42.1&#039;, revision: &#039;68b415a&#039;, time: &#039;2014-05-29 16:16:49&#039;
System info: host: &#039;piotrbogdanski&#039;, ip: &#039;9.161.136.32&#039;, os.name: &#039;Windows 7&#039;, os.arch: &#039;x86&#039;, os.version: &#039;6.1 build 7601 Service Pack 1&#039;, java.version: &#039;1.6.0&#039;
Session ID: b26bcd25-156a-405a-a953-e989a5b1f5be
Capabilities [{handlesAlerts=true, rotatable=false, databaseEnabled=false, locationContextEnabled=true, acceptSslCerts=true, applicationCacheEnabled=false, nativeEvents=true, cssSelectorsEnabled=true, takesScreenshot=true, platform=WIN8, browserName=chrome, javascriptEnabled=true, version=35.0.1916.153, chrome={userDataDir=C:\Users\ADMINI~1\AppData\Local\Temp\scoped_dir4076_31844}, webStorageEnabled=true, webdriver.remote.sessionid=b26bcd25-156a-405a-a953-e989a5b1f5be, browserConnectionEnabled=false, takesHeapSnapshot=true}]
Driver info: org.openqa.selenium.remote.RemoteWebDriver">
      <![CDATA[org.openqa.selenium.WebDriverException: Error communicating with the remote browser. It may have died.
Build info: version: '2.42.0', revision: '5e82430', time: '2014-05-22 20:18:07'
System info: host: 'dslvm346', ip: '9.162.138.157', os.name: 'Windows 8', os.arch: 'x86', os.version: '6.2', java.version: '1.7.0_55'
Driver info: driver.version: EventFiringWebDriver
Command duration or timeout: 3.27 seconds
Build info: version: '2.42.1', revision: '68b415a', time: '2014-05-29 16:16:49'
System info: host: 'piotrbogdanski', ip: '9.161.136.32', os.name: 'Windows 7', os.arch: 'x86', os.version: '6.1 build 7601 Service Pack 1', java.version: '1.6.0'
Session ID: b26bcd25-156a-405a-a953-e989a5b1f5be
Capabilities [{handlesAlerts=true, rotatable=false, databaseEnabled=false, locationContextEnabled=true, acceptSslCerts=true, applicationCacheEnabled=false, nativeEvents=true, cssSelectorsEnabled=true, takesScreenshot=true, platform=WIN8, browserName=chrome, javascriptEnabled=true, version=35.0.1916.153, chrome={userDataDir=C:\Users\ADMINI~1\AppData\Local\Temp\scoped_dir4076_31844}, webStorageEnabled=true, webdriver.remote.sessionid=b26bcd25-156a-405a-a953-e989a5b1f5be, browserConnectionEnabled=false, takesHeapSnapshot=true}]
Driver info: org.openqa.selenium.remote.RemoteWebDriver
	at sun.reflect.NativeConstructorAccessorImpl.newInstance0(Native Method)
	at sun.reflect.NativeConstructorAccessorImpl.newInstance(NativeConstructorAccessorImpl.java:56)
	at sun.reflect.DelegatingConstructorAccessorImpl.newInstance(DelegatingConstructorAccessorImpl.java:39)
	at java.lang.reflect.Constructor.newInstance(Constructor.java:527)
	at org.openqa.selenium.remote.ErrorHandler.createThrowable(ErrorHandler.java:204)
	at org.openqa.selenium.remote.ErrorHandler.throwIfResponseFailed(ErrorHandler.java:156)
	at org.openqa.selenium.remote.RemoteWebDriver.execute(RemoteWebDriver.java:600)
	at org.openqa.selenium.remote.RemoteWebDriver.execute(RemoteWebDriver.java:615)
	at org.openqa.selenium.remote.RemoteWebDriver.quit(RemoteWebDriver.java:469)
	at webUI.LoadBrowser.closeBrowser(LoadBrowser.java:266)
	at sun.reflect.GeneratedMethodAccessor21.invoke(Unknown Source)
	at sun.reflect.DelegatingMethodAccessorImpl.invoke(DelegatingMethodAccessorImpl.java:37)
	at java.lang.reflect.Method.invoke(Method.java:611)
	at org.testng.internal.MethodInvocationHelper.invokeMethod(MethodInvocationHelper.java:84)
	at org.testng.internal.Invoker.invokeConfigurationMethod(Invoker.java:564)
	at org.testng.internal.Invoker.invokeConfigurations(Invoker.java:213)
	at org.testng.internal.Invoker.invokeMethod(Invoker.java:786)
	at org.testng.internal.Invoker.invokeTestMethod(Invoker.java:901)
	at org.testng.internal.Invoker.invokeTestMethods(Invoker.java:1231)
	at org.testng.internal.TestMethodWorker.invokeTestMethods(TestMethodWorker.java:127)
	at org.testng.internal.TestMethodWorker.run(TestMethodWorker.java:111)
	at org.testng.TestRunner.privateRun(TestRunner.java:767)
	at org.testng.TestRunner.run(TestRunner.java:617)
	at org.testng.SuiteRunner.runTest(SuiteRunner.java:334)
	at org.testng.SuiteRunner.runSequentially(SuiteRunner.java:329)
	at org.testng.SuiteRunner.privateRun(SuiteRunner.java:291)
	at org.testng.SuiteRunner.run(SuiteRunner.java:240)
	at org.testng.SuiteRunnerWorker.runSuite(SuiteRunnerWorker.java:52)
	at org.testng.SuiteRunnerWorker.run(SuiteRunnerWorker.java:86)
	at org.testng.TestNG.runSuitesSequentially(TestNG.java:1224)
	at org.testng.TestNG.runSuitesLocally(TestNG.java:1149)
	at org.testng.TestNG.run(TestNG.java:1057)
	at org.testng.remote.RemoteTestNG.run(RemoteTestNG.java:111)
	at org.testng.remote.RemoteTestNG.initAndRun(RemoteTestNG.java:204)
	at org.testng.remote.RemoteTestNG.main(RemoteTestNG.java:175)
Caused by: org.openqa.selenium.remote.UnreachableBrowserException: Error communicating with the remote browser. It may have died.
Build info: version: '2.42.0', revision: '5e82430', time: '2014-05-22 20:18:07'
System info: host: 'dslvm346', ip: '9.162.138.157', os.name: 'Windows 8', os.arch: 'x86', os.version: '6.2', java.version: '1.7.0_55'
Driver info: driver.version: EventFiringWebDriver
Build info: version: '2.42.1', revision: '68b415a', time: '2014-05-29 16:16:49'
System info: host: 'piotrbogdanski', ip: '9.161.136.32', os.name: 'Windows 7', os.arch: 'x86', os.version: '6.1 build 7601 Service Pack 1', java.version: '1.6.0'
Driver info: driver.version: unknown
]]>
    </failure>
  </testcase> <!-- AllContentsLoads -->
  <testcase name="AllContentsLoads" time="0.001" classname="tests.webUI.nonFunctional.LibraryTestsContents">
    <failure type="org.openqa.selenium.WebDriverException" message="Error communicating with the remote browser. It may have died.
Build info: version: &#039;2.42.0&#039;, revision: &#039;5e82430&#039;, time: &#039;2014-05-22 20:18:07&#039;
System info: host: &#039;dslvm346&#039;, ip: &#039;9.162.138.157&#039;, os.name: &#039;Windows 8&#039;, os.arch: &#039;x86&#039;, os.version: &#039;6.2&#039;, java.version: &#039;1.7.0_55&#039;
Driver info: driver.version: EventFiringWebDriver
Command duration or timeout: 3.27 seconds
Build info: version: &#039;2.42.1&#039;, revision: &#039;68b415a&#039;, time: &#039;2014-05-29 16:16:49&#039;
System info: host: &#039;piotrbogdanski&#039;, ip: &#039;9.161.136.32&#039;, os.name: &#039;Windows 7&#039;, os.arch: &#039;x86&#039;, os.version: &#039;6.1 build 7601 Service Pack 1&#039;, java.version: &#039;1.6.0&#039;
Session ID: b26bcd25-156a-405a-a953-e989a5b1f5be
Capabilities [{handlesAlerts=true, rotatable=false, databaseEnabled=false, locationContextEnabled=true, acceptSslCerts=true, applicationCacheEnabled=false, nativeEvents=true, cssSelectorsEnabled=true, takesScreenshot=true, platform=WIN8, browserName=chrome, javascriptEnabled=true, version=35.0.1916.153, chrome={userDataDir=C:\Users\ADMINI~1\AppData\Local\Temp\scoped_dir4076_31844}, webStorageEnabled=true, webdriver.remote.sessionid=b26bcd25-156a-405a-a953-e989a5b1f5be, browserConnectionEnabled=false, takesHeapSnapshot=true}]
Driver info: org.openqa.selenium.remote.RemoteWebDriver">
      <![CDATA[org.openqa.selenium.WebDriverException: Error communicating with the remote browser. It may have died.
Build info: version: '2.42.0', revision: '5e82430', time: '2014-05-22 20:18:07'
System info: host: 'dslvm346', ip: '9.162.138.157', os.name: 'Windows 8', os.arch: 'x86', os.version: '6.2', java.version: '1.7.0_55'
Driver info: driver.version: EventFiringWebDriver
Command duration or timeout: 3.27 seconds
Build info: version: '2.42.1', revision: '68b415a', time: '2014-05-29 16:16:49'
System info: host: 'piotrbogdanski', ip: '9.161.136.32', os.name: 'Windows 7', os.arch: 'x86', os.version: '6.1 build 7601 Service Pack 1', java.version: '1.6.0'
Session ID: b26bcd25-156a-405a-a953-e989a5b1f5be
Capabilities [{handlesAlerts=true, rotatable=false, databaseEnabled=false, locationContextEnabled=true, acceptSslCerts=true, applicationCacheEnabled=false, nativeEvents=true, cssSelectorsEnabled=true, takesScreenshot=true, platform=WIN8, browserName=chrome, javascriptEnabled=true, version=35.0.1916.153, chrome={userDataDir=C:\Users\ADMINI~1\AppData\Local\Temp\scoped_dir4076_31844}, webStorageEnabled=true, webdriver.remote.sessionid=b26bcd25-156a-405a-a953-e989a5b1f5be, browserConnectionEnabled=false, takesHeapSnapshot=true}]
Driver info: org.openqa.selenium.remote.RemoteWebDriver
	at sun.reflect.NativeConstructorAccessorImpl.newInstance0(Native Method)
	at sun.reflect.NativeConstructorAccessorImpl.newInstance(NativeConstructorAccessorImpl.java:56)
	at sun.reflect.DelegatingConstructorAccessorImpl.newInstance(DelegatingConstructorAccessorImpl.java:39)
	at java.lang.reflect.Constructor.newInstance(Constructor.java:527)
	at org.openqa.selenium.remote.ErrorHandler.createThrowable(ErrorHandler.java:204)
	at org.openqa.selenium.remote.ErrorHandler.throwIfResponseFailed(ErrorHandler.java:156)
	at org.openqa.selenium.remote.RemoteWebDriver.execute(RemoteWebDriver.java:600)
	at org.openqa.selenium.remote.RemoteWebDriver.execute(RemoteWebDriver.java:615)
	at org.openqa.selenium.remote.RemoteWebDriver.quit(RemoteWebDriver.java:469)
	at webUI.LoadBrowser.closeBrowser(LoadBrowser.java:266)
	at sun.reflect.GeneratedMethodAccessor21.invoke(Unknown Source)
	at sun.reflect.DelegatingMethodAccessorImpl.invoke(DelegatingMethodAccessorImpl.java:37)
	at java.lang.reflect.Method.invoke(Method.java:611)
	at org.testng.internal.MethodInvocationHelper.invokeMethod(MethodInvocationHelper.java:84)
	at org.testng.internal.Invoker.invokeConfigurationMethod(Invoker.java:564)
	at org.testng.internal.Invoker.invokeConfigurations(Invoker.java:213)
	at org.testng.internal.Invoker.invokeMethod(Invoker.java:786)
	at org.testng.internal.Invoker.invokeTestMethod(Invoker.java:901)
	at org.testng.internal.Invoker.invokeTestMethods(Invoker.java:1231)
	at org.testng.internal.TestMethodWorker.invokeTestMethods(TestMethodWorker.java:127)
	at org.testng.internal.TestMethodWorker.run(TestMethodWorker.java:111)
	at org.testng.TestRunner.privateRun(TestRunner.java:767)
	at org.testng.TestRunner.run(TestRunner.java:617)
	at org.testng.SuiteRunner.runTest(SuiteRunner.java:334)
	at org.testng.SuiteRunner.runSequentially(SuiteRunner.java:329)
	at org.testng.SuiteRunner.privateRun(SuiteRunner.java:291)
	at org.testng.SuiteRunner.run(SuiteRunner.java:240)
	at org.testng.SuiteRunnerWorker.runSuite(SuiteRunnerWorker.java:52)
	at org.testng.SuiteRunnerWorker.run(SuiteRunnerWorker.java:86)
	at org.testng.TestNG.runSuitesSequentially(TestNG.java:1224)
	at org.testng.TestNG.runSuitesLocally(TestNG.java:1149)
	at org.testng.TestNG.run(TestNG.java:1057)
	at org.testng.remote.RemoteTestNG.run(RemoteTestNG.java:111)
	at org.testng.remote.RemoteTestNG.initAndRun(RemoteTestNG.java:204)
	at org.testng.remote.RemoteTestNG.main(RemoteTestNG.java:175)
Caused by: org.openqa.selenium.remote.UnreachableBrowserException: Error communicating with the remote browser. It may have died.
Build info: version: '2.42.0', revision: '5e82430', time: '2014-05-22 20:18:07'
System info: host: 'dslvm346', ip: '9.162.138.157', os.name: 'Windows 8', os.arch: 'x86', os.version: '6.2', java.version: '1.7.0_55'
Driver info: driver.version: EventFiringWebDriver
Build info: version: '2.42.1', revision: '68b415a', time: '2014-05-29 16:16:49'
System info: host: 'piotrbogdanski', ip: '9.161.136.32', os.name: 'Windows 7', os.arch: 'x86', os.version: '6.1 build 7601 Service Pack 1', java.version: '1.6.0'
Driver info: driver.version: unknown
]]>
    </failure>
  </testcase> <!-- AllContentsLoads -->
  <testcase name="AllContentsLoads" time="22.405" classname="tests.webUI.nonFunctional.LibraryTestsContents"/>
  <testcase name="AllContentsLoads" time="0.001" classname="tests.webUI.nonFunctional.LibraryTestsContents">
    <failure type="org.openqa.selenium.WebDriverException" message="Error communicating with the remote browser. It may have died.
Build info: version: &#039;2.42.0&#039;, revision: &#039;5e82430&#039;, time: &#039;2014-05-22 20:18:07&#039;
System info: host: &#039;dslvm346&#039;, ip: &#039;9.162.138.157&#039;, os.name: &#039;Windows 8&#039;, os.arch: &#039;x86&#039;, os.version: &#039;6.2&#039;, java.version: &#039;1.7.0_55&#039;
Driver info: driver.version: EventFiringWebDriver
Command duration or timeout: 3.27 seconds
Build info: version: &#039;2.42.1&#039;, revision: &#039;68b415a&#039;, time: &#039;2014-05-29 16:16:49&#039;
System info: host: &#039;piotrbogdanski&#039;, ip: &#039;9.161.136.32&#039;, os.name: &#039;Windows 7&#039;, os.arch: &#039;x86&#039;, os.version: &#039;6.1 build 7601 Service Pack 1&#039;, java.version: &#039;1.6.0&#039;
Session ID: b26bcd25-156a-405a-a953-e989a5b1f5be
Capabilities [{handlesAlerts=true, rotatable=false, databaseEnabled=false, locationContextEnabled=true, acceptSslCerts=true, applicationCacheEnabled=false, nativeEvents=true, cssSelectorsEnabled=true, takesScreenshot=true, platform=WIN8, browserName=chrome, javascriptEnabled=true, version=35.0.1916.153, chrome={userDataDir=C:\Users\ADMINI~1\AppData\Local\Temp\scoped_dir4076_31844}, webStorageEnabled=true, webdriver.remote.sessionid=b26bcd25-156a-405a-a953-e989a5b1f5be, browserConnectionEnabled=false, takesHeapSnapshot=true}]
Driver info: org.openqa.selenium.remote.RemoteWebDriver">
      <![CDATA[org.openqa.selenium.WebDriverException: Error communicating with the remote browser. It may have died.
Build info: version: '2.42.0', revision: '5e82430', time: '2014-05-22 20:18:07'
System info: host: 'dslvm346', ip: '9.162.138.157', os.name: 'Windows 8', os.arch: 'x86', os.version: '6.2', java.version: '1.7.0_55'
Driver info: driver.version: EventFiringWebDriver
Command duration or timeout: 3.27 seconds
Build info: version: '2.42.1', revision: '68b415a', time: '2014-05-29 16:16:49'
System info: host: 'piotrbogdanski', ip: '9.161.136.32', os.name: 'Windows 7', os.arch: 'x86', os.version: '6.1 build 7601 Service Pack 1', java.version: '1.6.0'
Session ID: b26bcd25-156a-405a-a953-e989a5b1f5be
Capabilities [{handlesAlerts=true, rotatable=false, databaseEnabled=false, locationContextEnabled=true, acceptSslCerts=true, applicationCacheEnabled=false, nativeEvents=true, cssSelectorsEnabled=true, takesScreenshot=true, platform=WIN8, browserName=chrome, javascriptEnabled=true, version=35.0.1916.153, chrome={userDataDir=C:\Users\ADMINI~1\AppData\Local\Temp\scoped_dir4076_31844}, webStorageEnabled=true, webdriver.remote.sessionid=b26bcd25-156a-405a-a953-e989a5b1f5be, browserConnectionEnabled=false, takesHeapSnapshot=true}]
Driver info: org.openqa.selenium.remote.RemoteWebDriver
	at sun.reflect.NativeConstructorAccessorImpl.newInstance0(Native Method)
	at sun.reflect.NativeConstructorAccessorImpl.newInstance(NativeConstructorAccessorImpl.java:56)
	at sun.reflect.DelegatingConstructorAccessorImpl.newInstance(DelegatingConstructorAccessorImpl.java:39)
	at java.lang.reflect.Constructor.newInstance(Constructor.java:527)
	at org.openqa.selenium.remote.ErrorHandler.createThrowable(ErrorHandler.java:204)
	at org.openqa.selenium.remote.ErrorHandler.throwIfResponseFailed(ErrorHandler.java:156)
	at org.openqa.selenium.remote.RemoteWebDriver.execute(RemoteWebDriver.java:600)
	at org.openqa.selenium.remote.RemoteWebDriver.execute(RemoteWebDriver.java:615)
	at org.openqa.selenium.remote.RemoteWebDriver.quit(RemoteWebDriver.java:469)
	at webUI.LoadBrowser.closeBrowser(LoadBrowser.java:266)
	at sun.reflect.GeneratedMethodAccessor21.invoke(Unknown Source)
	at sun.reflect.DelegatingMethodAccessorImpl.invoke(DelegatingMethodAccessorImpl.java:37)
	at java.lang.reflect.Method.invoke(Method.java:611)
	at org.testng.internal.MethodInvocationHelper.invokeMethod(MethodInvocationHelper.java:84)
	at org.testng.internal.Invoker.invokeConfigurationMethod(Invoker.java:564)
	at org.testng.internal.Invoker.invokeConfigurations(Invoker.java:213)
	at org.testng.internal.Invoker.invokeMethod(Invoker.java:786)
	at org.testng.internal.Invoker.invokeTestMethod(Invoker.java:901)
	at org.testng.internal.Invoker.invokeTestMethods(Invoker.java:1231)
	at org.testng.internal.TestMethodWorker.invokeTestMethods(TestMethodWorker.java:127)
	at org.testng.internal.TestMethodWorker.run(TestMethodWorker.java:111)
	at org.testng.TestRunner.privateRun(TestRunner.java:767)
	at org.testng.TestRunner.run(TestRunner.java:617)
	at org.testng.SuiteRunner.runTest(SuiteRunner.java:334)
	at org.testng.SuiteRunner.runSequentially(SuiteRunner.java:329)
	at org.testng.SuiteRunner.privateRun(SuiteRunner.java:291)
	at org.testng.SuiteRunner.run(SuiteRunner.java:240)
	at org.testng.SuiteRunnerWorker.runSuite(SuiteRunnerWorker.java:52)
	at org.testng.SuiteRunnerWorker.run(SuiteRunnerWorker.java:86)
	at org.testng.TestNG.runSuitesSequentially(TestNG.java:1224)
	at org.testng.TestNG.runSuitesLocally(TestNG.java:1149)
	at org.testng.TestNG.run(TestNG.java:1057)
	at org.testng.remote.RemoteTestNG.run(RemoteTestNG.java:111)
	at org.testng.remote.RemoteTestNG.initAndRun(RemoteTestNG.java:204)
	at org.testng.remote.RemoteTestNG.main(RemoteTestNG.java:175)
Caused by: org.openqa.selenium.remote.UnreachableBrowserException: Error communicating with the remote browser. It may have died.
Build info: version: '2.42.0', revision: '5e82430', time: '2014-05-22 20:18:07'
System info: host: 'dslvm346', ip: '9.162.138.157', os.name: 'Windows 8', os.arch: 'x86', os.version: '6.2', java.version: '1.7.0_55'
Driver info: driver.version: EventFiringWebDriver
Build info: version: '2.42.1', revision: '68b415a', time: '2014-05-29 16:16:49'
System info: host: 'piotrbogdanski', ip: '9.161.136.32', os.name: 'Windows 7', os.arch: 'x86', os.version: '6.1 build 7601 Service Pack 1', java.version: '1.6.0'
Driver info: driver.version: unknown
]]>
    </failure>
  </testcase> <!-- AllContentsLoads -->
  <testcase name="AllContentsLoads" time="0.001" classname="tests.webUI.nonFunctional.LibraryTestsContents">
    <failure type="org.openqa.selenium.WebDriverException" message="Error communicating with the remote browser. It may have died.
Build info: version: &#039;2.42.0&#039;, revision: &#039;5e82430&#039;, time: &#039;2014-05-22 20:18:07&#039;
System info: host: &#039;dslvm346&#039;, ip: &#039;9.162.138.157&#039;, os.name: &#039;Windows 8&#039;, os.arch: &#039;x86&#039;, os.version: &#039;6.2&#039;, java.version: &#039;1.7.0_55&#039;
Driver info: driver.version: EventFiringWebDriver
Command duration or timeout: 3.27 seconds
Build info: version: &#039;2.42.1&#039;, revision: &#039;68b415a&#039;, time: &#039;2014-05-29 16:16:49&#039;
System info: host: &#039;piotrbogdanski&#039;, ip: &#039;9.161.136.32&#039;, os.name: &#039;Windows 7&#039;, os.arch: &#039;x86&#039;, os.version: &#039;6.1 build 7601 Service Pack 1&#039;, java.version: &#039;1.6.0&#039;
Session ID: b26bcd25-156a-405a-a953-e989a5b1f5be
Capabilities [{handlesAlerts=true, rotatable=false, databaseEnabled=false, locationContextEnabled=true, acceptSslCerts=true, applicationCacheEnabled=false, nativeEvents=true, cssSelectorsEnabled=true, takesScreenshot=true, platform=WIN8, browserName=chrome, javascriptEnabled=true, version=35.0.1916.153, chrome={userDataDir=C:\Users\ADMINI~1\AppData\Local\Temp\scoped_dir4076_31844}, webStorageEnabled=true, webdriver.remote.sessionid=b26bcd25-156a-405a-a953-e989a5b1f5be, browserConnectionEnabled=false, takesHeapSnapshot=true}]
Driver info: org.openqa.selenium.remote.RemoteWebDriver">
      <![CDATA[org.openqa.selenium.WebDriverException: Error communicating with the remote browser. It may have died.
Build info: version: '2.42.0', revision: '5e82430', time: '2014-05-22 20:18:07'
System info: host: 'dslvm346', ip: '9.162.138.157', os.name: 'Windows 8', os.arch: 'x86', os.version: '6.2', java.version: '1.7.0_55'
Driver info: driver.version: EventFiringWebDriver
Command duration or timeout: 3.27 seconds
Build info: version: '2.42.1', revision: '68b415a', time: '2014-05-29 16:16:49'
System info: host: 'piotrbogdanski', ip: '9.161.136.32', os.name: 'Windows 7', os.arch: 'x86', os.version: '6.1 build 7601 Service Pack 1', java.version: '1.6.0'
Session ID: b26bcd25-156a-405a-a953-e989a5b1f5be
Capabilities [{handlesAlerts=true, rotatable=false, databaseEnabled=false, locationContextEnabled=true, acceptSslCerts=true, applicationCacheEnabled=false, nativeEvents=true, cssSelectorsEnabled=true, takesScreenshot=true, platform=WIN8, browserName=chrome, javascriptEnabled=true, version=35.0.1916.153, chrome={userDataDir=C:\Users\ADMINI~1\AppData\Local\Temp\scoped_dir4076_31844}, webStorageEnabled=true, webdriver.remote.sessionid=b26bcd25-156a-405a-a953-e989a5b1f5be, browserConnectionEnabled=false, takesHeapSnapshot=true}]
Driver info: org.openqa.selenium.remote.RemoteWebDriver
	at sun.reflect.NativeConstructorAccessorImpl.newInstance0(Native Method)
	at sun.reflect.NativeConstructorAccessorImpl.newInstance(NativeConstructorAccessorImpl.java:56)
	at sun.reflect.DelegatingConstructorAccessorImpl.newInstance(DelegatingConstructorAccessorImpl.java:39)
	at java.lang.reflect.Constructor.newInstance(Constructor.java:527)
	at org.openqa.selenium.remote.ErrorHandler.createThrowable(ErrorHandler.java:204)
	at org.openqa.selenium.remote.ErrorHandler.throwIfResponseFailed(ErrorHandler.java:156)
	at org.openqa.selenium.remote.RemoteWebDriver.execute(RemoteWebDriver.java:600)
	at org.openqa.selenium.remote.RemoteWebDriver.execute(RemoteWebDriver.java:615)
	at org.openqa.selenium.remote.RemoteWebDriver.quit(RemoteWebDriver.java:469)
	at webUI.LoadBrowser.closeBrowser(LoadBrowser.java:266)
	at sun.reflect.GeneratedMethodAccessor21.invoke(Unknown Source)
	at sun.reflect.DelegatingMethodAccessorImpl.invoke(DelegatingMethodAccessorImpl.java:37)
	at java.lang.reflect.Method.invoke(Method.java:611)
	at org.testng.internal.MethodInvocationHelper.invokeMethod(MethodInvocationHelper.java:84)
	at org.testng.internal.Invoker.invokeConfigurationMethod(Invoker.java:564)
	at org.testng.internal.Invoker.invokeConfigurations(Invoker.java:213)
	at org.testng.internal.Invoker.invokeMethod(Invoker.java:786)
	at org.testng.internal.Invoker.invokeTestMethod(Invoker.java:901)
	at org.testng.internal.Invoker.invokeTestMethods(Invoker.java:1231)
	at org.testng.internal.TestMethodWorker.invokeTestMethods(TestMethodWorker.java:127)
	at org.testng.internal.TestMethodWorker.run(TestMethodWorker.java:111)
	at org.testng.TestRunner.privateRun(TestRunner.java:767)
	at org.testng.TestRunner.run(TestRunner.java:617)
	at org.testng.SuiteRunner.runTest(SuiteRunner.java:334)
	at org.testng.SuiteRunner.runSequentially(SuiteRunner.java:329)
	at org.testng.SuiteRunner.privateRun(SuiteRunner.java:291)
	at org.testng.SuiteRunner.run(SuiteRunner.java:240)
	at org.testng.SuiteRunnerWorker.runSuite(SuiteRunnerWorker.java:52)
	at org.testng.SuiteRunnerWorker.run(SuiteRunnerWorker.java:86)
	at org.testng.TestNG.runSuitesSequentially(TestNG.java:1224)
	at org.testng.TestNG.runSuitesLocally(TestNG.java:1149)
	at org.testng.TestNG.run(TestNG.java:1057)
	at org.testng.remote.RemoteTestNG.run(RemoteTestNG.java:111)
	at org.testng.remote.RemoteTestNG.initAndRun(RemoteTestNG.java:204)
	at org.testng.remote.RemoteTestNG.main(RemoteTestNG.java:175)
Caused by: org.openqa.selenium.remote.UnreachableBrowserException: Error communicating with the remote browser. It may have died.
Build info: version: '2.42.0', revision: '5e82430', time: '2014-05-22 20:18:07'
System info: host: 'dslvm346', ip: '9.162.138.157', os.name: 'Windows 8', os.arch: 'x86', os.version: '6.2', java.version: '1.7.0_55'
Driver info: driver.version: EventFiringWebDriver
Build info: version: '2.42.1', revision: '68b415a', time: '2014-05-29 16:16:49'
System info: host: 'piotrbogdanski', ip: '9.161.136.32', os.name: 'Windows 7', os.arch: 'x86', os.version: '6.1 build 7601 Service Pack 1', java.version: '1.6.0'
Driver info: driver.version: unknown
]]>
    </failure>
  </testcase> <!-- AllContentsLoads -->
  <testcase name="AllContentsLoads" time="0.000" classname="tests.webUI.nonFunctional.LibraryTestsContents">
    <failure type="org.openqa.selenium.WebDriverException" message="Error communicating with the remote browser. It may have died.
Build info: version: &#039;2.42.0&#039;, revision: &#039;5e82430&#039;, time: &#039;2014-05-22 20:18:07&#039;
System info: host: &#039;dslvm346&#039;, ip: &#039;9.162.138.157&#039;, os.name: &#039;Windows 8&#039;, os.arch: &#039;x86&#039;, os.version: &#039;6.2&#039;, java.version: &#039;1.7.0_55&#039;
Driver info: driver.version: EventFiringWebDriver
Command duration or timeout: 3.27 seconds
Build info: version: &#039;2.42.1&#039;, revision: &#039;68b415a&#039;, time: &#039;2014-05-29 16:16:49&#039;
System info: host: &#039;piotrbogdanski&#039;, ip: &#039;9.161.136.32&#039;, os.name: &#039;Windows 7&#039;, os.arch: &#039;x86&#039;, os.version: &#039;6.1 build 7601 Service Pack 1&#039;, java.version: &#039;1.6.0&#039;
Session ID: b26bcd25-156a-405a-a953-e989a5b1f5be
Capabilities [{handlesAlerts=true, rotatable=false, databaseEnabled=false, locationContextEnabled=true, acceptSslCerts=true, applicationCacheEnabled=false, nativeEvents=true, cssSelectorsEnabled=true, takesScreenshot=true, platform=WIN8, browserName=chrome, javascriptEnabled=true, version=35.0.1916.153, chrome={userDataDir=C:\Users\ADMINI~1\AppData\Local\Temp\scoped_dir4076_31844}, webStorageEnabled=true, webdriver.remote.sessionid=b26bcd25-156a-405a-a953-e989a5b1f5be, browserConnectionEnabled=false, takesHeapSnapshot=true}]
Driver info: org.openqa.selenium.remote.RemoteWebDriver">
      <![CDATA[org.openqa.selenium.WebDriverException: Error communicating with the remote browser. It may have died.
Build info: version: '2.42.0', revision: '5e82430', time: '2014-05-22 20:18:07'
System info: host: 'dslvm346', ip: '9.162.138.157', os.name: 'Windows 8', os.arch: 'x86', os.version: '6.2', java.version: '1.7.0_55'
Driver info: driver.version: EventFiringWebDriver
Command duration or timeout: 3.27 seconds
Build info: version: '2.42.1', revision: '68b415a', time: '2014-05-29 16:16:49'
System info: host: 'piotrbogdanski', ip: '9.161.136.32', os.name: 'Windows 7', os.arch: 'x86', os.version: '6.1 build 7601 Service Pack 1', java.version: '1.6.0'
Session ID: b26bcd25-156a-405a-a953-e989a5b1f5be
Capabilities [{handlesAlerts=true, rotatable=false, databaseEnabled=false, locationContextEnabled=true, acceptSslCerts=true, applicationCacheEnabled=false, nativeEvents=true, cssSelectorsEnabled=true, takesScreenshot=true, platform=WIN8, browserName=chrome, javascriptEnabled=true, version=35.0.1916.153, chrome={userDataDir=C:\Users\ADMINI~1\AppData\Local\Temp\scoped_dir4076_31844}, webStorageEnabled=true, webdriver.remote.sessionid=b26bcd25-156a-405a-a953-e989a5b1f5be, browserConnectionEnabled=false, takesHeapSnapshot=true}]
Driver info: org.openqa.selenium.remote.RemoteWebDriver
	at sun.reflect.NativeConstructorAccessorImpl.newInstance0(Native Method)
	at sun.reflect.NativeConstructorAccessorImpl.newInstance(NativeConstructorAccessorImpl.java:56)
	at sun.reflect.DelegatingConstructorAccessorImpl.newInstance(DelegatingConstructorAccessorImpl.java:39)
	at java.lang.reflect.Constructor.newInstance(Constructor.java:527)
	at org.openqa.selenium.remote.ErrorHandler.createThrowable(ErrorHandler.java:204)
	at org.openqa.selenium.remote.ErrorHandler.throwIfResponseFailed(ErrorHandler.java:156)
	at org.openqa.selenium.remote.RemoteWebDriver.execute(RemoteWebDriver.java:600)
	at org.openqa.selenium.remote.RemoteWebDriver.execute(RemoteWebDriver.java:615)
	at org.openqa.selenium.remote.RemoteWebDriver.quit(RemoteWebDriver.java:469)
	at webUI.LoadBrowser.closeBrowser(LoadBrowser.java:266)
	at sun.reflect.GeneratedMethodAccessor21.invoke(Unknown Source)
	at sun.reflect.DelegatingMethodAccessorImpl.invoke(DelegatingMethodAccessorImpl.java:37)
	at java.lang.reflect.Method.invoke(Method.java:611)
	at org.testng.internal.MethodInvocationHelper.invokeMethod(MethodInvocationHelper.java:84)
	at org.testng.internal.Invoker.invokeConfigurationMethod(Invoker.java:564)
	at org.testng.internal.Invoker.invokeConfigurations(Invoker.java:213)
	at org.testng.internal.Invoker.invokeMethod(Invoker.java:786)
	at org.testng.internal.Invoker.invokeTestMethod(Invoker.java:901)
	at org.testng.internal.Invoker.invokeTestMethods(Invoker.java:1231)
	at org.testng.internal.TestMethodWorker.invokeTestMethods(TestMethodWorker.java:127)
	at org.testng.internal.TestMethodWorker.run(TestMethodWorker.java:111)
	at org.testng.TestRunner.privateRun(TestRunner.java:767)
	at org.testng.TestRunner.run(TestRunner.java:617)
	at org.testng.SuiteRunner.runTest(SuiteRunner.java:334)
	at org.testng.SuiteRunner.runSequentially(SuiteRunner.java:329)
	at org.testng.SuiteRunner.privateRun(SuiteRunner.java:291)
	at org.testng.SuiteRunner.run(SuiteRunner.java:240)
	at org.testng.SuiteRunnerWorker.runSuite(SuiteRunnerWorker.java:52)
	at org.testng.SuiteRunnerWorker.run(SuiteRunnerWorker.java:86)
	at org.testng.TestNG.runSuitesSequentially(TestNG.java:1224)
	at org.testng.TestNG.runSuitesLocally(TestNG.java:1149)
	at org.testng.TestNG.run(TestNG.java:1057)
	at org.testng.remote.RemoteTestNG.run(RemoteTestNG.java:111)
	at org.testng.remote.RemoteTestNG.initAndRun(RemoteTestNG.java:204)
	at org.testng.remote.RemoteTestNG.main(RemoteTestNG.java:175)
Caused by: org.openqa.selenium.remote.UnreachableBrowserException: Error communicating with the remote browser. It may have died.
Build info: version: '2.42.0', revision: '5e82430', time: '2014-05-22 20:18:07'
System info: host: 'dslvm346', ip: '9.162.138.157', os.name: 'Windows 8', os.arch: 'x86', os.version: '6.2', java.version: '1.7.0_55'
Driver info: driver.version: EventFiringWebDriver
Build info: version: '2.42.1', revision: '68b415a', time: '2014-05-29 16:16:49'
System info: host: 'piotrbogdanski', ip: '9.161.136.32', os.name: 'Windows 7', os.arch: 'x86', os.version: '6.1 build 7601 Service Pack 1', java.version: '1.6.0'
Driver info: driver.version: unknown
]]>
    </failure>
  </testcase> <!-- AllContentsLoads -->
  <testcase name="AllContentsLoads" time="39.515" classname="tests.webUI.nonFunctional.LibraryTestsContents">
    <failure type="org.openqa.selenium.TimeoutException" message="Timed out after 20 seconds waiting for element to no longer be visible: By.selector: .loadStr
Build info: version: &#039;2.42.1&#039;, revision: &#039;68b415a&#039;, time: &#039;2014-05-29 16:16:49&#039;
System info: host: &#039;piotrbogdanski&#039;, ip: &#039;9.161.136.32&#039;, os.name: &#039;Windows 7&#039;, os.arch: &#039;x86&#039;, os.version: &#039;6.1 build 7601 Service Pack 1&#039;, java.version: &#039;1.6.0&#039;
Driver info: driver.version: unknown">
      <![CDATA[org.openqa.selenium.TimeoutException: Timed out after 20 seconds waiting for element to no longer be visible: By.selector: .loadStr
Build info: version: '2.42.1', revision: '68b415a', time: '2014-05-29 16:16:49'
System info: host: 'piotrbogdanski', ip: '9.161.136.32', os.name: 'Windows 7', os.arch: 'x86', os.version: '6.1 build 7601 Service Pack 1', java.version: '1.6.0'
Driver info: driver.version: unknown
	at org.openqa.selenium.support.ui.FluentWait.timeoutException(FluentWait.java:259)
	at org.openqa.selenium.support.ui.FluentWait.until(FluentWait.java:228)
	at webUI.home.library.mediaTypes.Video.waitForPageToLoad(Video.java:56)
	at webUI.home.library.mediaTypes.Video.<init>(Video.java:43)
	at tests.webUI.nonFunctional.LibraryTestsContents.AllContentsLoads(LibraryTestsContents.java:157)
	at sun.reflect.NativeMethodAccessorImpl.invoke0(Native Method)
	at sun.reflect.NativeMethodAccessorImpl.invoke(NativeMethodAccessorImpl.java:60)
	at sun.reflect.DelegatingMethodAccessorImpl.invoke(DelegatingMethodAccessorImpl.java:37)
	at java.lang.reflect.Method.invoke(Method.java:611)
	at org.testng.internal.MethodInvocationHelper.invokeMethod(MethodInvocationHelper.java:84)
	at org.testng.internal.Invoker.invokeMethod(Invoker.java:714)
	at org.testng.internal.Invoker.retryFailed(Invoker.java:1049)
	at org.testng.internal.Invoker.invokeTestMethods(Invoker.java:1254)
	at org.testng.internal.TestMethodWorker.invokeTestMethods(TestMethodWorker.java:127)
	at org.testng.internal.TestMethodWorker.run(TestMethodWorker.java:111)
	at org.testng.TestRunner.privateRun(TestRunner.java:767)
	at org.testng.TestRunner.run(TestRunner.java:617)
	at org.testng.SuiteRunner.runTest(SuiteRunner.java:334)
	at org.testng.SuiteRunner.runSequentially(SuiteRunner.java:329)
	at org.testng.SuiteRunner.privateRun(SuiteRunner.java:291)
	at org.testng.SuiteRunner.run(SuiteRunner.java:240)
	at org.testng.SuiteRunnerWorker.runSuite(SuiteRunnerWorker.java:52)
	at org.testng.SuiteRunnerWorker.run(SuiteRunnerWorker.java:86)
	at org.testng.TestNG.runSuitesSequentially(TestNG.java:1224)
	at org.testng.TestNG.runSuitesLocally(TestNG.java:1149)
	at org.testng.TestNG.run(TestNG.java:1057)
	at org.testng.remote.RemoteTestNG.run(RemoteTestNG.java:111)
	at org.testng.remote.RemoteTestNG.initAndRun(RemoteTestNG.java:204)
	at org.testng.remote.RemoteTestNG.main(RemoteTestNG.java:175)
]]>
    </failure>
  </testcase> <!-- AllContentsLoads -->
  <testcase name="AllContentsLoads" time="0.012" classname="tests.webUI.nonFunctional.LibraryTestsContents">
    <failure type="org.openqa.selenium.WebDriverException" message="Error communicating with the remote browser. It may have died.
Build info: version: &#039;2.42.0&#039;, revision: &#039;5e82430&#039;, time: &#039;2014-05-22 20:18:07&#039;
System info: host: &#039;dslvm346&#039;, ip: &#039;9.162.138.157&#039;, os.name: &#039;Windows 8&#039;, os.arch: &#039;x86&#039;, os.version: &#039;6.2&#039;, java.version: &#039;1.7.0_55&#039;
Driver info: driver.version: EventFiringWebDriver
Command duration or timeout: 3.27 seconds
Build info: version: &#039;2.42.1&#039;, revision: &#039;68b415a&#039;, time: &#039;2014-05-29 16:16:49&#039;
System info: host: &#039;piotrbogdanski&#039;, ip: &#039;9.161.136.32&#039;, os.name: &#039;Windows 7&#039;, os.arch: &#039;x86&#039;, os.version: &#039;6.1 build 7601 Service Pack 1&#039;, java.version: &#039;1.6.0&#039;
Session ID: b26bcd25-156a-405a-a953-e989a5b1f5be
Capabilities [{handlesAlerts=true, rotatable=false, databaseEnabled=false, locationContextEnabled=true, acceptSslCerts=true, applicationCacheEnabled=false, nativeEvents=true, cssSelectorsEnabled=true, takesScreenshot=true, platform=WIN8, browserName=chrome, javascriptEnabled=true, version=35.0.1916.153, chrome={userDataDir=C:\Users\ADMINI~1\AppData\Local\Temp\scoped_dir4076_31844}, webStorageEnabled=true, webdriver.remote.sessionid=b26bcd25-156a-405a-a953-e989a5b1f5be, browserConnectionEnabled=false, takesHeapSnapshot=true}]
Driver info: org.openqa.selenium.remote.RemoteWebDriver">
      <![CDATA[org.openqa.selenium.WebDriverException: Error communicating with the remote browser. It may have died.
Build info: version: '2.42.0', revision: '5e82430', time: '2014-05-22 20:18:07'
System info: host: 'dslvm346', ip: '9.162.138.157', os.name: 'Windows 8', os.arch: 'x86', os.version: '6.2', java.version: '1.7.0_55'
Driver info: driver.version: EventFiringWebDriver
Command duration or timeout: 3.27 seconds
Build info: version: '2.42.1', revision: '68b415a', time: '2014-05-29 16:16:49'
System info: host: 'piotrbogdanski', ip: '9.161.136.32', os.name: 'Windows 7', os.arch: 'x86', os.version: '6.1 build 7601 Service Pack 1', java.version: '1.6.0'
Session ID: b26bcd25-156a-405a-a953-e989a5b1f5be
Capabilities [{handlesAlerts=true, rotatable=false, databaseEnabled=false, locationContextEnabled=true, acceptSslCerts=true, applicationCacheEnabled=false, nativeEvents=true, cssSelectorsEnabled=true, takesScreenshot=true, platform=WIN8, browserName=chrome, javascriptEnabled=true, version=35.0.1916.153, chrome={userDataDir=C:\Users\ADMINI~1\AppData\Local\Temp\scoped_dir4076_31844}, webStorageEnabled=true, webdriver.remote.sessionid=b26bcd25-156a-405a-a953-e989a5b1f5be, browserConnectionEnabled=false, takesHeapSnapshot=true}]
Driver info: org.openqa.selenium.remote.RemoteWebDriver
	at sun.reflect.NativeConstructorAccessorImpl.newInstance0(Native Method)
	at sun.reflect.NativeConstructorAccessorImpl.newInstance(NativeConstructorAccessorImpl.java:56)
	at sun.reflect.DelegatingConstructorAccessorImpl.newInstance(DelegatingConstructorAccessorImpl.java:39)
	at java.lang.reflect.Constructor.newInstance(Constructor.java:527)
	at org.openqa.selenium.remote.ErrorHandler.createThrowable(ErrorHandler.java:204)
	at org.openqa.selenium.remote.ErrorHandler.throwIfResponseFailed(ErrorHandler.java:156)
	at org.openqa.selenium.remote.RemoteWebDriver.execute(RemoteWebDriver.java:600)
	at org.openqa.selenium.remote.RemoteWebDriver.execute(RemoteWebDriver.java:615)
	at org.openqa.selenium.remote.RemoteWebDriver.quit(RemoteWebDriver.java:469)
	at webUI.LoadBrowser.closeBrowser(LoadBrowser.java:266)
	at sun.reflect.GeneratedMethodAccessor21.invoke(Unknown Source)
	at sun.reflect.DelegatingMethodAccessorImpl.invoke(DelegatingMethodAccessorImpl.java:37)
	at java.lang.reflect.Method.invoke(Method.java:611)
	at org.testng.internal.MethodInvocationHelper.invokeMethod(MethodInvocationHelper.java:84)
	at org.testng.internal.Invoker.invokeConfigurationMethod(Invoker.java:564)
	at org.testng.internal.Invoker.invokeConfigurations(Invoker.java:213)
	at org.testng.internal.Invoker.invokeMethod(Invoker.java:786)
	at org.testng.internal.Invoker.invokeTestMethod(Invoker.java:901)
	at org.testng.internal.Invoker.invokeTestMethods(Invoker.java:1231)
	at org.testng.internal.TestMethodWorker.invokeTestMethods(TestMethodWorker.java:127)
	at org.testng.internal.TestMethodWorker.run(TestMethodWorker.java:111)
	at org.testng.TestRunner.privateRun(TestRunner.java:767)
	at org.testng.TestRunner.run(TestRunner.java:617)
	at org.testng.SuiteRunner.runTest(SuiteRunner.java:334)
	at org.testng.SuiteRunner.runSequentially(SuiteRunner.java:329)
	at org.testng.SuiteRunner.privateRun(SuiteRunner.java:291)
	at org.testng.SuiteRunner.run(SuiteRunner.java:240)
	at org.testng.SuiteRunnerWorker.runSuite(SuiteRunnerWorker.java:52)
	at org.testng.SuiteRunnerWorker.run(SuiteRunnerWorker.java:86)
	at org.testng.TestNG.runSuitesSequentially(TestNG.java:1224)
	at org.testng.TestNG.runSuitesLocally(TestNG.java:1149)
	at org.testng.TestNG.run(TestNG.java:1057)
	at org.testng.remote.RemoteTestNG.run(RemoteTestNG.java:111)
	at org.testng.remote.RemoteTestNG.initAndRun(RemoteTestNG.java:204)
	at org.testng.remote.RemoteTestNG.main(RemoteTestNG.java:175)
Caused by: org.openqa.selenium.remote.UnreachableBrowserException: Error communicating with the remote browser. It may have died.
Build info: version: '2.42.0', revision: '5e82430', time: '2014-05-22 20:18:07'
System info: host: 'dslvm346', ip: '9.162.138.157', os.name: 'Windows 8', os.arch: 'x86', os.version: '6.2', java.version: '1.7.0_55'
Driver info: driver.version: EventFiringWebDriver
Build info: version: '2.42.1', revision: '68b415a', time: '2014-05-29 16:16:49'
System info: host: 'piotrbogdanski', ip: '9.161.136.32', os.name: 'Windows 7', os.arch: 'x86', os.version: '6.1 build 7601 Service Pack 1', java.version: '1.6.0'
Driver info: driver.version: unknown
]]>
    </failure>
  </testcase> <!-- AllContentsLoads -->
  <testcase name="AllContentsLoads" time="43.010" classname="tests.webUI.nonFunctional.LibraryTestsContents"/>
  <testcase name="AllContentsLoads" time="1.342" classname="tests.webUI.nonFunctional.LibraryTestsContents">
    <failure type="org.openqa.selenium.WebDriverException" message="Error communicating with the remote browser. It may have died.
Build info: version: &#039;2.42.0&#039;, revision: &#039;5e82430&#039;, time: &#039;2014-05-22 20:18:07&#039;
System info: host: &#039;dslvm346&#039;, ip: &#039;9.162.138.157&#039;, os.name: &#039;Windows 8&#039;, os.arch: &#039;x86&#039;, os.version: &#039;6.2&#039;, java.version: &#039;1.7.0_55&#039;
Driver info: driver.version: EventFiringWebDriver
Command duration or timeout: 3.27 seconds
Build info: version: &#039;2.42.1&#039;, revision: &#039;68b415a&#039;, time: &#039;2014-05-29 16:16:49&#039;
System info: host: &#039;piotrbogdanski&#039;, ip: &#039;9.161.136.32&#039;, os.name: &#039;Windows 7&#039;, os.arch: &#039;x86&#039;, os.version: &#039;6.1 build 7601 Service Pack 1&#039;, java.version: &#039;1.6.0&#039;
Session ID: b26bcd25-156a-405a-a953-e989a5b1f5be
Capabilities [{handlesAlerts=true, rotatable=false, databaseEnabled=false, locationContextEnabled=true, acceptSslCerts=true, applicationCacheEnabled=false, nativeEvents=true, cssSelectorsEnabled=true, takesScreenshot=true, platform=WIN8, browserName=chrome, javascriptEnabled=true, version=35.0.1916.153, chrome={userDataDir=C:\Users\ADMINI~1\AppData\Local\Temp\scoped_dir4076_31844}, webStorageEnabled=true, webdriver.remote.sessionid=b26bcd25-156a-405a-a953-e989a5b1f5be, browserConnectionEnabled=false, takesHeapSnapshot=true}]
Driver info: org.openqa.selenium.remote.RemoteWebDriver">
      <![CDATA[org.openqa.selenium.WebDriverException: Error communicating with the remote browser. It may have died.
Build info: version: '2.42.0', revision: '5e82430', time: '2014-05-22 20:18:07'
System info: host: 'dslvm346', ip: '9.162.138.157', os.name: 'Windows 8', os.arch: 'x86', os.version: '6.2', java.version: '1.7.0_55'
Driver info: driver.version: EventFiringWebDriver
Command duration or timeout: 3.27 seconds
Build info: version: '2.42.1', revision: '68b415a', time: '2014-05-29 16:16:49'
System info: host: 'piotrbogdanski', ip: '9.161.136.32', os.name: 'Windows 7', os.arch: 'x86', os.version: '6.1 build 7601 Service Pack 1', java.version: '1.6.0'
Session ID: b26bcd25-156a-405a-a953-e989a5b1f5be
Capabilities [{handlesAlerts=true, rotatable=false, databaseEnabled=false, locationContextEnabled=true, acceptSslCerts=true, applicationCacheEnabled=false, nativeEvents=true, cssSelectorsEnabled=true, takesScreenshot=true, platform=WIN8, browserName=chrome, javascriptEnabled=true, version=35.0.1916.153, chrome={userDataDir=C:\Users\ADMINI~1\AppData\Local\Temp\scoped_dir4076_31844}, webStorageEnabled=true, webdriver.remote.sessionid=b26bcd25-156a-405a-a953-e989a5b1f5be, browserConnectionEnabled=false, takesHeapSnapshot=true}]
Driver info: org.openqa.selenium.remote.RemoteWebDriver
	at sun.reflect.NativeConstructorAccessorImpl.newInstance0(Native Method)
	at sun.reflect.NativeConstructorAccessorImpl.newInstance(NativeConstructorAccessorImpl.java:56)
	at sun.reflect.DelegatingConstructorAccessorImpl.newInstance(DelegatingConstructorAccessorImpl.java:39)
	at java.lang.reflect.Constructor.newInstance(Constructor.java:527)
	at org.openqa.selenium.remote.ErrorHandler.createThrowable(ErrorHandler.java:204)
	at org.openqa.selenium.remote.ErrorHandler.throwIfResponseFailed(ErrorHandler.java:156)
	at org.openqa.selenium.remote.RemoteWebDriver.execute(RemoteWebDriver.java:600)
	at org.openqa.selenium.remote.RemoteWebDriver.execute(RemoteWebDriver.java:615)
	at org.openqa.selenium.remote.RemoteWebDriver.quit(RemoteWebDriver.java:469)
	at webUI.LoadBrowser.closeBrowser(LoadBrowser.java:266)
	at sun.reflect.GeneratedMethodAccessor21.invoke(Unknown Source)
	at sun.reflect.DelegatingMethodAccessorImpl.invoke(DelegatingMethodAccessorImpl.java:37)
	at java.lang.reflect.Method.invoke(Method.java:611)
	at org.testng.internal.MethodInvocationHelper.invokeMethod(MethodInvocationHelper.java:84)
	at org.testng.internal.Invoker.invokeConfigurationMethod(Invoker.java:564)
	at org.testng.internal.Invoker.invokeConfigurations(Invoker.java:213)
	at org.testng.internal.Invoker.invokeMethod(Invoker.java:786)
	at org.testng.internal.Invoker.invokeTestMethod(Invoker.java:901)
	at org.testng.internal.Invoker.invokeTestMethods(Invoker.java:1231)
	at org.testng.internal.TestMethodWorker.invokeTestMethods(TestMethodWorker.java:127)
	at org.testng.internal.TestMethodWorker.run(TestMethodWorker.java:111)
	at org.testng.TestRunner.privateRun(TestRunner.java:767)
	at org.testng.TestRunner.run(TestRunner.java:617)
	at org.testng.SuiteRunner.runTest(SuiteRunner.java:334)
	at org.testng.SuiteRunner.runSequentially(SuiteRunner.java:329)
	at org.testng.SuiteRunner.privateRun(SuiteRunner.java:291)
	at org.testng.SuiteRunner.run(SuiteRunner.java:240)
	at org.testng.SuiteRunnerWorker.runSuite(SuiteRunnerWorker.java:52)
	at org.testng.SuiteRunnerWorker.run(SuiteRunnerWorker.java:86)
	at org.testng.TestNG.runSuitesSequentially(TestNG.java:1224)
	at org.testng.TestNG.runSuitesLocally(TestNG.java:1149)
	at org.testng.TestNG.run(TestNG.java:1057)
	at org.testng.remote.RemoteTestNG.run(RemoteTestNG.java:111)
	at org.testng.remote.RemoteTestNG.initAndRun(RemoteTestNG.java:204)
	at org.testng.remote.RemoteTestNG.main(RemoteTestNG.java:175)
Caused by: org.openqa.selenium.remote.UnreachableBrowserException: Error communicating with the remote browser. It may have died.
Build info: version: '2.42.0', revision: '5e82430', time: '2014-05-22 20:18:07'
System info: host: 'dslvm346', ip: '9.162.138.157', os.name: 'Windows 8', os.arch: 'x86', os.version: '6.2', java.version: '1.7.0_55'
Driver info: driver.version: EventFiringWebDriver
Build info: version: '2.42.1', revision: '68b415a', time: '2014-05-29 16:16:49'
System info: host: 'piotrbogdanski', ip: '9.161.136.32', os.name: 'Windows 7', os.arch: 'x86', os.version: '6.1 build 7601 Service Pack 1', java.version: '1.6.0'
Driver info: driver.version: unknown
]]>
    </failure>
  </testcase> <!-- AllContentsLoads -->
  <testcase name="AllContentsLoads" time="0.000" classname="tests.webUI.nonFunctional.LibraryTestsContents">
    <failure type="org.openqa.selenium.WebDriverException" message="Error communicating with the remote browser. It may have died.
Build info: version: &#039;2.42.0&#039;, revision: &#039;5e82430&#039;, time: &#039;2014-05-22 20:18:07&#039;
System info: host: &#039;dslvm346&#039;, ip: &#039;9.162.138.157&#039;, os.name: &#039;Windows 8&#039;, os.arch: &#039;x86&#039;, os.version: &#039;6.2&#039;, java.version: &#039;1.7.0_55&#039;
Driver info: driver.version: EventFiringWebDriver
Command duration or timeout: 3.27 seconds
Build info: version: &#039;2.42.1&#039;, revision: &#039;68b415a&#039;, time: &#039;2014-05-29 16:16:49&#039;
System info: host: &#039;piotrbogdanski&#039;, ip: &#039;9.161.136.32&#039;, os.name: &#039;Windows 7&#039;, os.arch: &#039;x86&#039;, os.version: &#039;6.1 build 7601 Service Pack 1&#039;, java.version: &#039;1.6.0&#039;
Session ID: b26bcd25-156a-405a-a953-e989a5b1f5be
Capabilities [{handlesAlerts=true, rotatable=false, databaseEnabled=false, locationContextEnabled=true, acceptSslCerts=true, applicationCacheEnabled=false, nativeEvents=true, cssSelectorsEnabled=true, takesScreenshot=true, platform=WIN8, browserName=chrome, javascriptEnabled=true, version=35.0.1916.153, chrome={userDataDir=C:\Users\ADMINI~1\AppData\Local\Temp\scoped_dir4076_31844}, webStorageEnabled=true, webdriver.remote.sessionid=b26bcd25-156a-405a-a953-e989a5b1f5be, browserConnectionEnabled=false, takesHeapSnapshot=true}]
Driver info: org.openqa.selenium.remote.RemoteWebDriver">
      <![CDATA[org.openqa.selenium.WebDriverException: Error communicating with the remote browser. It may have died.
Build info: version: '2.42.0', revision: '5e82430', time: '2014-05-22 20:18:07'
System info: host: 'dslvm346', ip: '9.162.138.157', os.name: 'Windows 8', os.arch: 'x86', os.version: '6.2', java.version: '1.7.0_55'
Driver info: driver.version: EventFiringWebDriver
Command duration or timeout: 3.27 seconds
Build info: version: '2.42.1', revision: '68b415a', time: '2014-05-29 16:16:49'
System info: host: 'piotrbogdanski', ip: '9.161.136.32', os.name: 'Windows 7', os.arch: 'x86', os.version: '6.1 build 7601 Service Pack 1', java.version: '1.6.0'
Session ID: b26bcd25-156a-405a-a953-e989a5b1f5be
Capabilities [{handlesAlerts=true, rotatable=false, databaseEnabled=false, locationContextEnabled=true, acceptSslCerts=true, applicationCacheEnabled=false, nativeEvents=true, cssSelectorsEnabled=true, takesScreenshot=true, platform=WIN8, browserName=chrome, javascriptEnabled=true, version=35.0.1916.153, chrome={userDataDir=C:\Users\ADMINI~1\AppData\Local\Temp\scoped_dir4076_31844}, webStorageEnabled=true, webdriver.remote.sessionid=b26bcd25-156a-405a-a953-e989a5b1f5be, browserConnectionEnabled=false, takesHeapSnapshot=true}]
Driver info: org.openqa.selenium.remote.RemoteWebDriver
	at sun.reflect.NativeConstructorAccessorImpl.newInstance0(Native Method)
	at sun.reflect.NativeConstructorAccessorImpl.newInstance(NativeConstructorAccessorImpl.java:56)
	at sun.reflect.DelegatingConstructorAccessorImpl.newInstance(DelegatingConstructorAccessorImpl.java:39)
	at java.lang.reflect.Constructor.newInstance(Constructor.java:527)
	at org.openqa.selenium.remote.ErrorHandler.createThrowable(ErrorHandler.java:204)
	at org.openqa.selenium.remote.ErrorHandler.throwIfResponseFailed(ErrorHandler.java:156)
	at org.openqa.selenium.remote.RemoteWebDriver.execute(RemoteWebDriver.java:600)
	at org.openqa.selenium.remote.RemoteWebDriver.execute(RemoteWebDriver.java:615)
	at org.openqa.selenium.remote.RemoteWebDriver.quit(RemoteWebDriver.java:469)
	at webUI.LoadBrowser.closeBrowser(LoadBrowser.java:266)
	at sun.reflect.GeneratedMethodAccessor21.invoke(Unknown Source)
	at sun.reflect.DelegatingMethodAccessorImpl.invoke(DelegatingMethodAccessorImpl.java:37)
	at java.lang.reflect.Method.invoke(Method.java:611)
	at org.testng.internal.MethodInvocationHelper.invokeMethod(MethodInvocationHelper.java:84)
	at org.testng.internal.Invoker.invokeConfigurationMethod(Invoker.java:564)
	at org.testng.internal.Invoker.invokeConfigurations(Invoker.java:213)
	at org.testng.internal.Invoker.invokeMethod(Invoker.java:786)
	at org.testng.internal.Invoker.invokeTestMethod(Invoker.java:901)
	at org.testng.internal.Invoker.invokeTestMethods(Invoker.java:1231)
	at org.testng.internal.TestMethodWorker.invokeTestMethods(TestMethodWorker.java:127)
	at org.testng.internal.TestMethodWorker.run(TestMethodWorker.java:111)
	at org.testng.TestRunner.privateRun(TestRunner.java:767)
	at org.testng.TestRunner.run(TestRunner.java:617)
	at org.testng.SuiteRunner.runTest(SuiteRunner.java:334)
	at org.testng.SuiteRunner.runSequentially(SuiteRunner.java:329)
	at org.testng.SuiteRunner.privateRun(SuiteRunner.java:291)
	at org.testng.SuiteRunner.run(SuiteRunner.java:240)
	at org.testng.SuiteRunnerWorker.runSuite(SuiteRunnerWorker.java:52)
	at org.testng.SuiteRunnerWorker.run(SuiteRunnerWorker.java:86)
	at org.testng.TestNG.runSuitesSequentially(TestNG.java:1224)
	at org.testng.TestNG.runSuitesLocally(TestNG.java:1149)
	at org.testng.TestNG.run(TestNG.java:1057)
	at org.testng.remote.RemoteTestNG.run(RemoteTestNG.java:111)
	at org.testng.remote.RemoteTestNG.initAndRun(RemoteTestNG.java:204)
	at org.testng.remote.RemoteTestNG.main(RemoteTestNG.java:175)
Caused by: org.openqa.selenium.remote.UnreachableBrowserException: Error communicating with the remote browser. It may have died.
Build info: version: '2.42.0', revision: '5e82430', time: '2014-05-22 20:18:07'
System info: host: 'dslvm346', ip: '9.162.138.157', os.name: 'Windows 8', os.arch: 'x86', os.version: '6.2', java.version: '1.7.0_55'
Driver info: driver.version: EventFiringWebDriver
Build info: version: '2.42.1', revision: '68b415a', time: '2014-05-29 16:16:49'
System info: host: 'piotrbogdanski', ip: '9.161.136.32', os.name: 'Windows 7', os.arch: 'x86', os.version: '6.1 build 7601 Service Pack 1', java.version: '1.6.0'
Driver info: driver.version: unknown
]]>
    </failure>
  </testcase> <!-- AllContentsLoads -->
  <testcase name="AllContentsLoads" time="0.000" classname="tests.webUI.nonFunctional.LibraryTestsContents">
    <failure type="org.openqa.selenium.WebDriverException" message="Error communicating with the remote browser. It may have died.
Build info: version: &#039;2.42.0&#039;, revision: &#039;5e82430&#039;, time: &#039;2014-05-22 20:18:07&#039;
System info: host: &#039;dslvm346&#039;, ip: &#039;9.162.138.157&#039;, os.name: &#039;Windows 8&#039;, os.arch: &#039;x86&#039;, os.version: &#039;6.2&#039;, java.version: &#039;1.7.0_55&#039;
Driver info: driver.version: EventFiringWebDriver
Command duration or timeout: 3.27 seconds
Build info: version: &#039;2.42.1&#039;, revision: &#039;68b415a&#039;, time: &#039;2014-05-29 16:16:49&#039;
System info: host: &#039;piotrbogdanski&#039;, ip: &#039;9.161.136.32&#039;, os.name: &#039;Windows 7&#039;, os.arch: &#039;x86&#039;, os.version: &#039;6.1 build 7601 Service Pack 1&#039;, java.version: &#039;1.6.0&#039;
Session ID: b26bcd25-156a-405a-a953-e989a5b1f5be
Capabilities [{handlesAlerts=true, rotatable=false, databaseEnabled=false, locationContextEnabled=true, acceptSslCerts=true, applicationCacheEnabled=false, nativeEvents=true, cssSelectorsEnabled=true, takesScreenshot=true, platform=WIN8, browserName=chrome, javascriptEnabled=true, version=35.0.1916.153, chrome={userDataDir=C:\Users\ADMINI~1\AppData\Local\Temp\scoped_dir4076_31844}, webStorageEnabled=true, webdriver.remote.sessionid=b26bcd25-156a-405a-a953-e989a5b1f5be, browserConnectionEnabled=false, takesHeapSnapshot=true}]
Driver info: org.openqa.selenium.remote.RemoteWebDriver">
      <![CDATA[org.openqa.selenium.WebDriverException: Error communicating with the remote browser. It may have died.
Build info: version: '2.42.0', revision: '5e82430', time: '2014-05-22 20:18:07'
System info: host: 'dslvm346', ip: '9.162.138.157', os.name: 'Windows 8', os.arch: 'x86', os.version: '6.2', java.version: '1.7.0_55'
Driver info: driver.version: EventFiringWebDriver
Command duration or timeout: 3.27 seconds
Build info: version: '2.42.1', revision: '68b415a', time: '2014-05-29 16:16:49'
System info: host: 'piotrbogdanski', ip: '9.161.136.32', os.name: 'Windows 7', os.arch: 'x86', os.version: '6.1 build 7601 Service Pack 1', java.version: '1.6.0'
Session ID: b26bcd25-156a-405a-a953-e989a5b1f5be
Capabilities [{handlesAlerts=true, rotatable=false, databaseEnabled=false, locationContextEnabled=true, acceptSslCerts=true, applicationCacheEnabled=false, nativeEvents=true, cssSelectorsEnabled=true, takesScreenshot=true, platform=WIN8, browserName=chrome, javascriptEnabled=true, version=35.0.1916.153, chrome={userDataDir=C:\Users\ADMINI~1\AppData\Local\Temp\scoped_dir4076_31844}, webStorageEnabled=true, webdriver.remote.sessionid=b26bcd25-156a-405a-a953-e989a5b1f5be, browserConnectionEnabled=false, takesHeapSnapshot=true}]
Driver info: org.openqa.selenium.remote.RemoteWebDriver
	at sun.reflect.NativeConstructorAccessorImpl.newInstance0(Native Method)
	at sun.reflect.NativeConstructorAccessorImpl.newInstance(NativeConstructorAccessorImpl.java:56)
	at sun.reflect.DelegatingConstructorAccessorImpl.newInstance(DelegatingConstructorAccessorImpl.java:39)
	at java.lang.reflect.Constructor.newInstance(Constructor.java:527)
	at org.openqa.selenium.remote.ErrorHandler.createThrowable(ErrorHandler.java:204)
	at org.openqa.selenium.remote.ErrorHandler.throwIfResponseFailed(ErrorHandler.java:156)
	at org.openqa.selenium.remote.RemoteWebDriver.execute(RemoteWebDriver.java:600)
	at org.openqa.selenium.remote.RemoteWebDriver.execute(RemoteWebDriver.java:615)
	at org.openqa.selenium.remote.RemoteWebDriver.quit(RemoteWebDriver.java:469)
	at webUI.LoadBrowser.closeBrowser(LoadBrowser.java:266)
	at sun.reflect.GeneratedMethodAccessor21.invoke(Unknown Source)
	at sun.reflect.DelegatingMethodAccessorImpl.invoke(DelegatingMethodAccessorImpl.java:37)
	at java.lang.reflect.Method.invoke(Method.java:611)
	at org.testng.internal.MethodInvocationHelper.invokeMethod(MethodInvocationHelper.java:84)
	at org.testng.internal.Invoker.invokeConfigurationMethod(Invoker.java:564)
	at org.testng.internal.Invoker.invokeConfigurations(Invoker.java:213)
	at org.testng.internal.Invoker.invokeMethod(Invoker.java:786)
	at org.testng.internal.Invoker.invokeTestMethod(Invoker.java:901)
	at org.testng.internal.Invoker.invokeTestMethods(Invoker.java:1231)
	at org.testng.internal.TestMethodWorker.invokeTestMethods(TestMethodWorker.java:127)
	at org.testng.internal.TestMethodWorker.run(TestMethodWorker.java:111)
	at org.testng.TestRunner.privateRun(TestRunner.java:767)
	at org.testng.TestRunner.run(TestRunner.java:617)
	at org.testng.SuiteRunner.runTest(SuiteRunner.java:334)
	at org.testng.SuiteRunner.runSequentially(SuiteRunner.java:329)
	at org.testng.SuiteRunner.privateRun(SuiteRunner.java:291)
	at org.testng.SuiteRunner.run(SuiteRunner.java:240)
	at org.testng.SuiteRunnerWorker.runSuite(SuiteRunnerWorker.java:52)
	at org.testng.SuiteRunnerWorker.run(SuiteRunnerWorker.java:86)
	at org.testng.TestNG.runSuitesSequentially(TestNG.java:1224)
	at org.testng.TestNG.runSuitesLocally(TestNG.java:1149)
	at org.testng.TestNG.run(TestNG.java:1057)
	at org.testng.remote.RemoteTestNG.run(RemoteTestNG.java:111)
	at org.testng.remote.RemoteTestNG.initAndRun(RemoteTestNG.java:204)
	at org.testng.remote.RemoteTestNG.main(RemoteTestNG.java:175)
Caused by: org.openqa.selenium.remote.UnreachableBrowserException: Error communicating with the remote browser. It may have died.
Build info: version: '2.42.0', revision: '5e82430', time: '2014-05-22 20:18:07'
System info: host: 'dslvm346', ip: '9.162.138.157', os.name: 'Windows 8', os.arch: 'x86', os.version: '6.2', java.version: '1.7.0_55'
Driver info: driver.version: EventFiringWebDriver
Build info: version: '2.42.1', revision: '68b415a', time: '2014-05-29 16:16:49'
System info: host: 'piotrbogdanski', ip: '9.161.136.32', os.name: 'Windows 7', os.arch: 'x86', os.version: '6.1 build 7601 Service Pack 1', java.version: '1.6.0'
Driver info: driver.version: unknown
]]>
    </failure>
  </testcase> <!-- AllContentsLoads -->
  <testcase name="AllContentsLoads" time="1.348" classname="tests.webUI.nonFunctional.LibraryTestsContents">
    <failure type="org.openqa.selenium.WebDriverException" message="Error communicating with the remote browser. It may have died.
Build info: version: &#039;2.42.0&#039;, revision: &#039;5e82430&#039;, time: &#039;2014-05-22 20:18:07&#039;
System info: host: &#039;dslvm346&#039;, ip: &#039;9.162.138.157&#039;, os.name: &#039;Windows 8&#039;, os.arch: &#039;x86&#039;, os.version: &#039;6.2&#039;, java.version: &#039;1.7.0_55&#039;
Driver info: driver.version: EventFiringWebDriver
Command duration or timeout: 3.27 seconds
Build info: version: &#039;2.42.1&#039;, revision: &#039;68b415a&#039;, time: &#039;2014-05-29 16:16:49&#039;
System info: host: &#039;piotrbogdanski&#039;, ip: &#039;9.161.136.32&#039;, os.name: &#039;Windows 7&#039;, os.arch: &#039;x86&#039;, os.version: &#039;6.1 build 7601 Service Pack 1&#039;, java.version: &#039;1.6.0&#039;
Session ID: b26bcd25-156a-405a-a953-e989a5b1f5be
Capabilities [{handlesAlerts=true, rotatable=false, databaseEnabled=false, locationContextEnabled=true, acceptSslCerts=true, applicationCacheEnabled=false, nativeEvents=true, cssSelectorsEnabled=true, takesScreenshot=true, platform=WIN8, browserName=chrome, javascriptEnabled=true, version=35.0.1916.153, chrome={userDataDir=C:\Users\ADMINI~1\AppData\Local\Temp\scoped_dir4076_31844}, webStorageEnabled=true, webdriver.remote.sessionid=b26bcd25-156a-405a-a953-e989a5b1f5be, browserConnectionEnabled=false, takesHeapSnapshot=true}]
Driver info: org.openqa.selenium.remote.RemoteWebDriver">
      <![CDATA[org.openqa.selenium.WebDriverException: Error communicating with the remote browser. It may have died.
Build info: version: '2.42.0', revision: '5e82430', time: '2014-05-22 20:18:07'
System info: host: 'dslvm346', ip: '9.162.138.157', os.name: 'Windows 8', os.arch: 'x86', os.version: '6.2', java.version: '1.7.0_55'
Driver info: driver.version: EventFiringWebDriver
Command duration or timeout: 3.27 seconds
Build info: version: '2.42.1', revision: '68b415a', time: '2014-05-29 16:16:49'
System info: host: 'piotrbogdanski', ip: '9.161.136.32', os.name: 'Windows 7', os.arch: 'x86', os.version: '6.1 build 7601 Service Pack 1', java.version: '1.6.0'
Session ID: b26bcd25-156a-405a-a953-e989a5b1f5be
Capabilities [{handlesAlerts=true, rotatable=false, databaseEnabled=false, locationContextEnabled=true, acceptSslCerts=true, applicationCacheEnabled=false, nativeEvents=true, cssSelectorsEnabled=true, takesScreenshot=true, platform=WIN8, browserName=chrome, javascriptEnabled=true, version=35.0.1916.153, chrome={userDataDir=C:\Users\ADMINI~1\AppData\Local\Temp\scoped_dir4076_31844}, webStorageEnabled=true, webdriver.remote.sessionid=b26bcd25-156a-405a-a953-e989a5b1f5be, browserConnectionEnabled=false, takesHeapSnapshot=true}]
Driver info: org.openqa.selenium.remote.RemoteWebDriver
	at sun.reflect.NativeConstructorAccessorImpl.newInstance0(Native Method)
	at sun.reflect.NativeConstructorAccessorImpl.newInstance(NativeConstructorAccessorImpl.java:56)
	at sun.reflect.DelegatingConstructorAccessorImpl.newInstance(DelegatingConstructorAccessorImpl.java:39)
	at java.lang.reflect.Constructor.newInstance(Constructor.java:527)
	at org.openqa.selenium.remote.ErrorHandler.createThrowable(ErrorHandler.java:204)
	at org.openqa.selenium.remote.ErrorHandler.throwIfResponseFailed(ErrorHandler.java:156)
	at org.openqa.selenium.remote.RemoteWebDriver.execute(RemoteWebDriver.java:600)
	at org.openqa.selenium.remote.RemoteWebDriver.execute(RemoteWebDriver.java:615)
	at org.openqa.selenium.remote.RemoteWebDriver.quit(RemoteWebDriver.java:469)
	at webUI.LoadBrowser.closeBrowser(LoadBrowser.java:266)
	at sun.reflect.GeneratedMethodAccessor21.invoke(Unknown Source)
	at sun.reflect.DelegatingMethodAccessorImpl.invoke(DelegatingMethodAccessorImpl.java:37)
	at java.lang.reflect.Method.invoke(Method.java:611)
	at org.testng.internal.MethodInvocationHelper.invokeMethod(MethodInvocationHelper.java:84)
	at org.testng.internal.Invoker.invokeConfigurationMethod(Invoker.java:564)
	at org.testng.internal.Invoker.invokeConfigurations(Invoker.java:213)
	at org.testng.internal.Invoker.invokeMethod(Invoker.java:786)
	at org.testng.internal.Invoker.invokeTestMethod(Invoker.java:901)
	at org.testng.internal.Invoker.invokeTestMethods(Invoker.java:1231)
	at org.testng.internal.TestMethodWorker.invokeTestMethods(TestMethodWorker.java:127)
	at org.testng.internal.TestMethodWorker.run(TestMethodWorker.java:111)
	at org.testng.TestRunner.privateRun(TestRunner.java:767)
	at org.testng.TestRunner.run(TestRunner.java:617)
	at org.testng.SuiteRunner.runTest(SuiteRunner.java:334)
	at org.testng.SuiteRunner.runSequentially(SuiteRunner.java:329)
	at org.testng.SuiteRunner.privateRun(SuiteRunner.java:291)
	at org.testng.SuiteRunner.run(SuiteRunner.java:240)
	at org.testng.SuiteRunnerWorker.runSuite(SuiteRunnerWorker.java:52)
	at org.testng.SuiteRunnerWorker.run(SuiteRunnerWorker.java:86)
	at org.testng.TestNG.runSuitesSequentially(TestNG.java:1224)
	at org.testng.TestNG.runSuitesLocally(TestNG.java:1149)
	at org.testng.TestNG.run(TestNG.java:1057)
	at org.testng.remote.RemoteTestNG.run(RemoteTestNG.java:111)
	at org.testng.remote.RemoteTestNG.initAndRun(RemoteTestNG.java:204)
	at org.testng.remote.RemoteTestNG.main(RemoteTestNG.java:175)
Caused by: org.openqa.selenium.remote.UnreachableBrowserException: Error communicating with the remote browser. It may have died.
Build info: version: '2.42.0', revision: '5e82430', time: '2014-05-22 20:18:07'
System info: host: 'dslvm346', ip: '9.162.138.157', os.name: 'Windows 8', os.arch: 'x86', os.version: '6.2', java.version: '1.7.0_55'
Driver info: driver.version: EventFiringWebDriver
Build info: version: '2.42.1', revision: '68b415a', time: '2014-05-29 16:16:49'
System info: host: 'piotrbogdanski', ip: '9.161.136.32', os.name: 'Windows 7', os.arch: 'x86', os.version: '6.1 build 7601 Service Pack 1', java.version: '1.6.0'
Driver info: driver.version: unknown
]]>
    </failure>
  </testcase> <!-- AllContentsLoads -->
  <testcase name="AllContentsLoads" time="0.001" classname="tests.webUI.nonFunctional.LibraryTestsContents">
    <failure type="org.openqa.selenium.WebDriverException" message="Error communicating with the remote browser. It may have died.
Build info: version: &#039;2.42.0&#039;, revision: &#039;5e82430&#039;, time: &#039;2014-05-22 20:18:07&#039;
System info: host: &#039;dslvm346&#039;, ip: &#039;9.162.138.157&#039;, os.name: &#039;Windows 8&#039;, os.arch: &#039;x86&#039;, os.version: &#039;6.2&#039;, java.version: &#039;1.7.0_55&#039;
Driver info: driver.version: EventFiringWebDriver
Command duration or timeout: 3.27 seconds
Build info: version: &#039;2.42.1&#039;, revision: &#039;68b415a&#039;, time: &#039;2014-05-29 16:16:49&#039;
System info: host: &#039;piotrbogdanski&#039;, ip: &#039;9.161.136.32&#039;, os.name: &#039;Windows 7&#039;, os.arch: &#039;x86&#039;, os.version: &#039;6.1 build 7601 Service Pack 1&#039;, java.version: &#039;1.6.0&#039;
Session ID: b26bcd25-156a-405a-a953-e989a5b1f5be
Capabilities [{handlesAlerts=true, rotatable=false, databaseEnabled=false, locationContextEnabled=true, acceptSslCerts=true, applicationCacheEnabled=false, nativeEvents=true, cssSelectorsEnabled=true, takesScreenshot=true, platform=WIN8, browserName=chrome, javascriptEnabled=true, version=35.0.1916.153, chrome={userDataDir=C:\Users\ADMINI~1\AppData\Local\Temp\scoped_dir4076_31844}, webStorageEnabled=true, webdriver.remote.sessionid=b26bcd25-156a-405a-a953-e989a5b1f5be, browserConnectionEnabled=false, takesHeapSnapshot=true}]
Driver info: org.openqa.selenium.remote.RemoteWebDriver">
      <![CDATA[org.openqa.selenium.WebDriverException: Error communicating with the remote browser. It may have died.
Build info: version: '2.42.0', revision: '5e82430', time: '2014-05-22 20:18:07'
System info: host: 'dslvm346', ip: '9.162.138.157', os.name: 'Windows 8', os.arch: 'x86', os.version: '6.2', java.version: '1.7.0_55'
Driver info: driver.version: EventFiringWebDriver
Command duration or timeout: 3.27 seconds
Build info: version: '2.42.1', revision: '68b415a', time: '2014-05-29 16:16:49'
System info: host: 'piotrbogdanski', ip: '9.161.136.32', os.name: 'Windows 7', os.arch: 'x86', os.version: '6.1 build 7601 Service Pack 1', java.version: '1.6.0'
Session ID: b26bcd25-156a-405a-a953-e989a5b1f5be
Capabilities [{handlesAlerts=true, rotatable=false, databaseEnabled=false, locationContextEnabled=true, acceptSslCerts=true, applicationCacheEnabled=false, nativeEvents=true, cssSelectorsEnabled=true, takesScreenshot=true, platform=WIN8, browserName=chrome, javascriptEnabled=true, version=35.0.1916.153, chrome={userDataDir=C:\Users\ADMINI~1\AppData\Local\Temp\scoped_dir4076_31844}, webStorageEnabled=true, webdriver.remote.sessionid=b26bcd25-156a-405a-a953-e989a5b1f5be, browserConnectionEnabled=false, takesHeapSnapshot=true}]
Driver info: org.openqa.selenium.remote.RemoteWebDriver
	at sun.reflect.NativeConstructorAccessorImpl.newInstance0(Native Method)
	at sun.reflect.NativeConstructorAccessorImpl.newInstance(NativeConstructorAccessorImpl.java:56)
	at sun.reflect.DelegatingConstructorAccessorImpl.newInstance(DelegatingConstructorAccessorImpl.java:39)
	at java.lang.reflect.Constructor.newInstance(Constructor.java:527)
	at org.openqa.selenium.remote.ErrorHandler.createThrowable(ErrorHandler.java:204)
	at org.openqa.selenium.remote.ErrorHandler.throwIfResponseFailed(ErrorHandler.java:156)
	at org.openqa.selenium.remote.RemoteWebDriver.execute(RemoteWebDriver.java:600)
	at org.openqa.selenium.remote.RemoteWebDriver.execute(RemoteWebDriver.java:615)
	at org.openqa.selenium.remote.RemoteWebDriver.quit(RemoteWebDriver.java:469)
	at webUI.LoadBrowser.closeBrowser(LoadBrowser.java:266)
	at sun.reflect.GeneratedMethodAccessor21.invoke(Unknown Source)
	at sun.reflect.DelegatingMethodAccessorImpl.invoke(DelegatingMethodAccessorImpl.java:37)
	at java.lang.reflect.Method.invoke(Method.java:611)
	at org.testng.internal.MethodInvocationHelper.invokeMethod(MethodInvocationHelper.java:84)
	at org.testng.internal.Invoker.invokeConfigurationMethod(Invoker.java:564)
	at org.testng.internal.Invoker.invokeConfigurations(Invoker.java:213)
	at org.testng.internal.Invoker.invokeMethod(Invoker.java:786)
	at org.testng.internal.Invoker.invokeTestMethod(Invoker.java:901)
	at org.testng.internal.Invoker.invokeTestMethods(Invoker.java:1231)
	at org.testng.internal.TestMethodWorker.invokeTestMethods(TestMethodWorker.java:127)
	at org.testng.internal.TestMethodWorker.run(TestMethodWorker.java:111)
	at org.testng.TestRunner.privateRun(TestRunner.java:767)
	at org.testng.TestRunner.run(TestRunner.java:617)
	at org.testng.SuiteRunner.runTest(SuiteRunner.java:334)
	at org.testng.SuiteRunner.runSequentially(SuiteRunner.java:329)
	at org.testng.SuiteRunner.privateRun(SuiteRunner.java:291)
	at org.testng.SuiteRunner.run(SuiteRunner.java:240)
	at org.testng.SuiteRunnerWorker.runSuite(SuiteRunnerWorker.java:52)
	at org.testng.SuiteRunnerWorker.run(SuiteRunnerWorker.java:86)
	at org.testng.TestNG.runSuitesSequentially(TestNG.java:1224)
	at org.testng.TestNG.runSuitesLocally(TestNG.java:1149)
	at org.testng.TestNG.run(TestNG.java:1057)
	at org.testng.remote.RemoteTestNG.run(RemoteTestNG.java:111)
	at org.testng.remote.RemoteTestNG.initAndRun(RemoteTestNG.java:204)
	at org.testng.remote.RemoteTestNG.main(RemoteTestNG.java:175)
Caused by: org.openqa.selenium.remote.UnreachableBrowserException: Error communicating with the remote browser. It may have died.
Build info: version: '2.42.0', revision: '5e82430', time: '2014-05-22 20:18:07'
System info: host: 'dslvm346', ip: '9.162.138.157', os.name: 'Windows 8', os.arch: 'x86', os.version: '6.2', java.version: '1.7.0_55'
Driver info: driver.version: EventFiringWebDriver
Build info: version: '2.42.1', revision: '68b415a', time: '2014-05-29 16:16:49'
System info: host: 'piotrbogdanski', ip: '9.161.136.32', os.name: 'Windows 7', os.arch: 'x86', os.version: '6.1 build 7601 Service Pack 1', java.version: '1.6.0'
Driver info: driver.version: unknown
]]>
    </failure>
  </testcase> <!-- AllContentsLoads -->
  <testcase name="AllContentsLoads" time="0.010" classname="tests.webUI.nonFunctional.LibraryTestsContents">
    <failure type="org.openqa.selenium.WebDriverException" message="Error communicating with the remote browser. It may have died.
Build info: version: &#039;2.42.0&#039;, revision: &#039;5e82430&#039;, time: &#039;2014-05-22 20:18:07&#039;
System info: host: &#039;dslvm346&#039;, ip: &#039;9.162.138.157&#039;, os.name: &#039;Windows 8&#039;, os.arch: &#039;x86&#039;, os.version: &#039;6.2&#039;, java.version: &#039;1.7.0_55&#039;
Driver info: driver.version: EventFiringWebDriver
Command duration or timeout: 3.27 seconds
Build info: version: &#039;2.42.1&#039;, revision: &#039;68b415a&#039;, time: &#039;2014-05-29 16:16:49&#039;
System info: host: &#039;piotrbogdanski&#039;, ip: &#039;9.161.136.32&#039;, os.name: &#039;Windows 7&#039;, os.arch: &#039;x86&#039;, os.version: &#039;6.1 build 7601 Service Pack 1&#039;, java.version: &#039;1.6.0&#039;
Session ID: b26bcd25-156a-405a-a953-e989a5b1f5be
Capabilities [{handlesAlerts=true, rotatable=false, databaseEnabled=false, locationContextEnabled=true, acceptSslCerts=true, applicationCacheEnabled=false, nativeEvents=true, cssSelectorsEnabled=true, takesScreenshot=true, platform=WIN8, browserName=chrome, javascriptEnabled=true, version=35.0.1916.153, chrome={userDataDir=C:\Users\ADMINI~1\AppData\Local\Temp\scoped_dir4076_31844}, webStorageEnabled=true, webdriver.remote.sessionid=b26bcd25-156a-405a-a953-e989a5b1f5be, browserConnectionEnabled=false, takesHeapSnapshot=true}]
Driver info: org.openqa.selenium.remote.RemoteWebDriver">
      <![CDATA[org.openqa.selenium.WebDriverException: Error communicating with the remote browser. It may have died.
Build info: version: '2.42.0', revision: '5e82430', time: '2014-05-22 20:18:07'
System info: host: 'dslvm346', ip: '9.162.138.157', os.name: 'Windows 8', os.arch: 'x86', os.version: '6.2', java.version: '1.7.0_55'
Driver info: driver.version: EventFiringWebDriver
Command duration or timeout: 3.27 seconds
Build info: version: '2.42.1', revision: '68b415a', time: '2014-05-29 16:16:49'
System info: host: 'piotrbogdanski', ip: '9.161.136.32', os.name: 'Windows 7', os.arch: 'x86', os.version: '6.1 build 7601 Service Pack 1', java.version: '1.6.0'
Session ID: b26bcd25-156a-405a-a953-e989a5b1f5be
Capabilities [{handlesAlerts=true, rotatable=false, databaseEnabled=false, locationContextEnabled=true, acceptSslCerts=true, applicationCacheEnabled=false, nativeEvents=true, cssSelectorsEnabled=true, takesScreenshot=true, platform=WIN8, browserName=chrome, javascriptEnabled=true, version=35.0.1916.153, chrome={userDataDir=C:\Users\ADMINI~1\AppData\Local\Temp\scoped_dir4076_31844}, webStorageEnabled=true, webdriver.remote.sessionid=b26bcd25-156a-405a-a953-e989a5b1f5be, browserConnectionEnabled=false, takesHeapSnapshot=true}]
Driver info: org.openqa.selenium.remote.RemoteWebDriver
	at sun.reflect.NativeConstructorAccessorImpl.newInstance0(Native Method)
	at sun.reflect.NativeConstructorAccessorImpl.newInstance(NativeConstructorAccessorImpl.java:56)
	at sun.reflect.DelegatingConstructorAccessorImpl.newInstance(DelegatingConstructorAccessorImpl.java:39)
	at java.lang.reflect.Constructor.newInstance(Constructor.java:527)
	at org.openqa.selenium.remote.ErrorHandler.createThrowable(ErrorHandler.java:204)
	at org.openqa.selenium.remote.ErrorHandler.throwIfResponseFailed(ErrorHandler.java:156)
	at org.openqa.selenium.remote.RemoteWebDriver.execute(RemoteWebDriver.java:600)
	at org.openqa.selenium.remote.RemoteWebDriver.execute(RemoteWebDriver.java:615)
	at org.openqa.selenium.remote.RemoteWebDriver.quit(RemoteWebDriver.java:469)
	at webUI.LoadBrowser.closeBrowser(LoadBrowser.java:266)
	at sun.reflect.GeneratedMethodAccessor21.invoke(Unknown Source)
	at sun.reflect.DelegatingMethodAccessorImpl.invoke(DelegatingMethodAccessorImpl.java:37)
	at java.lang.reflect.Method.invoke(Method.java:611)
	at org.testng.internal.MethodInvocationHelper.invokeMethod(MethodInvocationHelper.java:84)
	at org.testng.internal.Invoker.invokeConfigurationMethod(Invoker.java:564)
	at org.testng.internal.Invoker.invokeConfigurations(Invoker.java:213)
	at org.testng.internal.Invoker.invokeMethod(Invoker.java:786)
	at org.testng.internal.Invoker.invokeTestMethod(Invoker.java:901)
	at org.testng.internal.Invoker.invokeTestMethods(Invoker.java:1231)
	at org.testng.internal.TestMethodWorker.invokeTestMethods(TestMethodWorker.java:127)
	at org.testng.internal.TestMethodWorker.run(TestMethodWorker.java:111)
	at org.testng.TestRunner.privateRun(TestRunner.java:767)
	at org.testng.TestRunner.run(TestRunner.java:617)
	at org.testng.SuiteRunner.runTest(SuiteRunner.java:334)
	at org.testng.SuiteRunner.runSequentially(SuiteRunner.java:329)
	at org.testng.SuiteRunner.privateRun(SuiteRunner.java:291)
	at org.testng.SuiteRunner.run(SuiteRunner.java:240)
	at org.testng.SuiteRunnerWorker.runSuite(SuiteRunnerWorker.java:52)
	at org.testng.SuiteRunnerWorker.run(SuiteRunnerWorker.java:86)
	at org.testng.TestNG.runSuitesSequentially(TestNG.java:1224)
	at org.testng.TestNG.runSuitesLocally(TestNG.java:1149)
	at org.testng.TestNG.run(TestNG.java:1057)
	at org.testng.remote.RemoteTestNG.run(RemoteTestNG.java:111)
	at org.testng.remote.RemoteTestNG.initAndRun(RemoteTestNG.java:204)
	at org.testng.remote.RemoteTestNG.main(RemoteTestNG.java:175)
Caused by: org.openqa.selenium.remote.UnreachableBrowserException: Error communicating with the remote browser. It may have died.
Build info: version: '2.42.0', revision: '5e82430', time: '2014-05-22 20:18:07'
System info: host: 'dslvm346', ip: '9.162.138.157', os.name: 'Windows 8', os.arch: 'x86', os.version: '6.2', java.version: '1.7.0_55'
Driver info: driver.version: EventFiringWebDriver
Build info: version: '2.42.1', revision: '68b415a', time: '2014-05-29 16:16:49'
System info: host: 'piotrbogdanski', ip: '9.161.136.32', os.name: 'Windows 7', os.arch: 'x86', os.version: '6.1 build 7601 Service Pack 1', java.version: '1.6.0'
Driver info: driver.version: unknown
]]>
    </failure>
  </testcase> <!-- AllContentsLoads -->
  <testcase name="AllContentsLoads" time="0.001" classname="tests.webUI.nonFunctional.LibraryTestsContents">
    <failure type="org.openqa.selenium.WebDriverException" message="Error communicating with the remote browser. It may have died.
Build info: version: &#039;2.42.0&#039;, revision: &#039;5e82430&#039;, time: &#039;2014-05-22 20:18:07&#039;
System info: host: &#039;dslvm346&#039;, ip: &#039;9.162.138.157&#039;, os.name: &#039;Windows 8&#039;, os.arch: &#039;x86&#039;, os.version: &#039;6.2&#039;, java.version: &#039;1.7.0_55&#039;
Driver info: driver.version: EventFiringWebDriver
Command duration or timeout: 3.27 seconds
Build info: version: &#039;2.42.1&#039;, revision: &#039;68b415a&#039;, time: &#039;2014-05-29 16:16:49&#039;
System info: host: &#039;piotrbogdanski&#039;, ip: &#039;9.161.136.32&#039;, os.name: &#039;Windows 7&#039;, os.arch: &#039;x86&#039;, os.version: &#039;6.1 build 7601 Service Pack 1&#039;, java.version: &#039;1.6.0&#039;
Session ID: b26bcd25-156a-405a-a953-e989a5b1f5be
Capabilities [{handlesAlerts=true, rotatable=false, databaseEnabled=false, locationContextEnabled=true, acceptSslCerts=true, applicationCacheEnabled=false, nativeEvents=true, cssSelectorsEnabled=true, takesScreenshot=true, platform=WIN8, browserName=chrome, javascriptEnabled=true, version=35.0.1916.153, chrome={userDataDir=C:\Users\ADMINI~1\AppData\Local\Temp\scoped_dir4076_31844}, webStorageEnabled=true, webdriver.remote.sessionid=b26bcd25-156a-405a-a953-e989a5b1f5be, browserConnectionEnabled=false, takesHeapSnapshot=true}]
Driver info: org.openqa.selenium.remote.RemoteWebDriver">
      <![CDATA[org.openqa.selenium.WebDriverException: Error communicating with the remote browser. It may have died.
Build info: version: '2.42.0', revision: '5e82430', time: '2014-05-22 20:18:07'
System info: host: 'dslvm346', ip: '9.162.138.157', os.name: 'Windows 8', os.arch: 'x86', os.version: '6.2', java.version: '1.7.0_55'
Driver info: driver.version: EventFiringWebDriver
Command duration or timeout: 3.27 seconds
Build info: version: '2.42.1', revision: '68b415a', time: '2014-05-29 16:16:49'
System info: host: 'piotrbogdanski', ip: '9.161.136.32', os.name: 'Windows 7', os.arch: 'x86', os.version: '6.1 build 7601 Service Pack 1', java.version: '1.6.0'
Session ID: b26bcd25-156a-405a-a953-e989a5b1f5be
Capabilities [{handlesAlerts=true, rotatable=false, databaseEnabled=false, locationContextEnabled=true, acceptSslCerts=true, applicationCacheEnabled=false, nativeEvents=true, cssSelectorsEnabled=true, takesScreenshot=true, platform=WIN8, browserName=chrome, javascriptEnabled=true, version=35.0.1916.153, chrome={userDataDir=C:\Users\ADMINI~1\AppData\Local\Temp\scoped_dir4076_31844}, webStorageEnabled=true, webdriver.remote.sessionid=b26bcd25-156a-405a-a953-e989a5b1f5be, browserConnectionEnabled=false, takesHeapSnapshot=true}]
Driver info: org.openqa.selenium.remote.RemoteWebDriver
	at sun.reflect.NativeConstructorAccessorImpl.newInstance0(Native Method)
	at sun.reflect.NativeConstructorAccessorImpl.newInstance(NativeConstructorAccessorImpl.java:56)
	at sun.reflect.DelegatingConstructorAccessorImpl.newInstance(DelegatingConstructorAccessorImpl.java:39)
	at java.lang.reflect.Constructor.newInstance(Constructor.java:527)
	at org.openqa.selenium.remote.ErrorHandler.createThrowable(ErrorHandler.java:204)
	at org.openqa.selenium.remote.ErrorHandler.throwIfResponseFailed(ErrorHandler.java:156)
	at org.openqa.selenium.remote.RemoteWebDriver.execute(RemoteWebDriver.java:600)
	at org.openqa.selenium.remote.RemoteWebDriver.execute(RemoteWebDriver.java:615)
	at org.openqa.selenium.remote.RemoteWebDriver.quit(RemoteWebDriver.java:469)
	at webUI.LoadBrowser.closeBrowser(LoadBrowser.java:266)
	at sun.reflect.GeneratedMethodAccessor21.invoke(Unknown Source)
	at sun.reflect.DelegatingMethodAccessorImpl.invoke(DelegatingMethodAccessorImpl.java:37)
	at java.lang.reflect.Method.invoke(Method.java:611)
	at org.testng.internal.MethodInvocationHelper.invokeMethod(MethodInvocationHelper.java:84)
	at org.testng.internal.Invoker.invokeConfigurationMethod(Invoker.java:564)
	at org.testng.internal.Invoker.invokeConfigurations(Invoker.java:213)
	at org.testng.internal.Invoker.invokeMethod(Invoker.java:786)
	at org.testng.internal.Invoker.invokeTestMethod(Invoker.java:901)
	at org.testng.internal.Invoker.invokeTestMethods(Invoker.java:1231)
	at org.testng.internal.TestMethodWorker.invokeTestMethods(TestMethodWorker.java:127)
	at org.testng.internal.TestMethodWorker.run(TestMethodWorker.java:111)
	at org.testng.TestRunner.privateRun(TestRunner.java:767)
	at org.testng.TestRunner.run(TestRunner.java:617)
	at org.testng.SuiteRunner.runTest(SuiteRunner.java:334)
	at org.testng.SuiteRunner.runSequentially(SuiteRunner.java:329)
	at org.testng.SuiteRunner.privateRun(SuiteRunner.java:291)
	at org.testng.SuiteRunner.run(SuiteRunner.java:240)
	at org.testng.SuiteRunnerWorker.runSuite(SuiteRunnerWorker.java:52)
	at org.testng.SuiteRunnerWorker.run(SuiteRunnerWorker.java:86)
	at org.testng.TestNG.runSuitesSequentially(TestNG.java:1224)
	at org.testng.TestNG.runSuitesLocally(TestNG.java:1149)
	at org.testng.TestNG.run(TestNG.java:1057)
	at org.testng.remote.RemoteTestNG.run(RemoteTestNG.java:111)
	at org.testng.remote.RemoteTestNG.initAndRun(RemoteTestNG.java:204)
	at org.testng.remote.RemoteTestNG.main(RemoteTestNG.java:175)
Caused by: org.openqa.selenium.remote.UnreachableBrowserException: Error communicating with the remote browser. It may have died.
Build info: version: '2.42.0', revision: '5e82430', time: '2014-05-22 20:18:07'
System info: host: 'dslvm346', ip: '9.162.138.157', os.name: 'Windows 8', os.arch: 'x86', os.version: '6.2', java.version: '1.7.0_55'
Driver info: driver.version: EventFiringWebDriver
Build info: version: '2.42.1', revision: '68b415a', time: '2014-05-29 16:16:49'
System info: host: 'piotrbogdanski', ip: '9.161.136.32', os.name: 'Windows 7', os.arch: 'x86', os.version: '6.1 build 7601 Service Pack 1', java.version: '1.6.0'
Driver info: driver.version: unknown
]]>
    </failure>
  </testcase> <!-- AllContentsLoads -->
  <testcase name="AllContentsLoads" time="0.012" classname="tests.webUI.nonFunctional.LibraryTestsContents">
    <failure type="org.openqa.selenium.WebDriverException" message="Error communicating with the remote browser. It may have died.
Build info: version: &#039;2.42.0&#039;, revision: &#039;5e82430&#039;, time: &#039;2014-05-22 20:18:07&#039;
System info: host: &#039;dslvm346&#039;, ip: &#039;9.162.138.157&#039;, os.name: &#039;Windows 8&#039;, os.arch: &#039;x86&#039;, os.version: &#039;6.2&#039;, java.version: &#039;1.7.0_55&#039;
Driver info: driver.version: EventFiringWebDriver
Command duration or timeout: 3.27 seconds
Build info: version: &#039;2.42.1&#039;, revision: &#039;68b415a&#039;, time: &#039;2014-05-29 16:16:49&#039;
System info: host: &#039;piotrbogdanski&#039;, ip: &#039;9.161.136.32&#039;, os.name: &#039;Windows 7&#039;, os.arch: &#039;x86&#039;, os.version: &#039;6.1 build 7601 Service Pack 1&#039;, java.version: &#039;1.6.0&#039;
Session ID: b26bcd25-156a-405a-a953-e989a5b1f5be
Capabilities [{handlesAlerts=true, rotatable=false, databaseEnabled=false, locationContextEnabled=true, acceptSslCerts=true, applicationCacheEnabled=false, nativeEvents=true, cssSelectorsEnabled=true, takesScreenshot=true, platform=WIN8, browserName=chrome, javascriptEnabled=true, version=35.0.1916.153, chrome={userDataDir=C:\Users\ADMINI~1\AppData\Local\Temp\scoped_dir4076_31844}, webStorageEnabled=true, webdriver.remote.sessionid=b26bcd25-156a-405a-a953-e989a5b1f5be, browserConnectionEnabled=false, takesHeapSnapshot=true}]
Driver info: org.openqa.selenium.remote.RemoteWebDriver">
      <![CDATA[org.openqa.selenium.WebDriverException: Error communicating with the remote browser. It may have died.
Build info: version: '2.42.0', revision: '5e82430', time: '2014-05-22 20:18:07'
System info: host: 'dslvm346', ip: '9.162.138.157', os.name: 'Windows 8', os.arch: 'x86', os.version: '6.2', java.version: '1.7.0_55'
Driver info: driver.version: EventFiringWebDriver
Command duration or timeout: 3.27 seconds
Build info: version: '2.42.1', revision: '68b415a', time: '2014-05-29 16:16:49'
System info: host: 'piotrbogdanski', ip: '9.161.136.32', os.name: 'Windows 7', os.arch: 'x86', os.version: '6.1 build 7601 Service Pack 1', java.version: '1.6.0'
Session ID: b26bcd25-156a-405a-a953-e989a5b1f5be
Capabilities [{handlesAlerts=true, rotatable=false, databaseEnabled=false, locationContextEnabled=true, acceptSslCerts=true, applicationCacheEnabled=false, nativeEvents=true, cssSelectorsEnabled=true, takesScreenshot=true, platform=WIN8, browserName=chrome, javascriptEnabled=true, version=35.0.1916.153, chrome={userDataDir=C:\Users\ADMINI~1\AppData\Local\Temp\scoped_dir4076_31844}, webStorageEnabled=true, webdriver.remote.sessionid=b26bcd25-156a-405a-a953-e989a5b1f5be, browserConnectionEnabled=false, takesHeapSnapshot=true}]
Driver info: org.openqa.selenium.remote.RemoteWebDriver
	at sun.reflect.NativeConstructorAccessorImpl.newInstance0(Native Method)
	at sun.reflect.NativeConstructorAccessorImpl.newInstance(NativeConstructorAccessorImpl.java:56)
	at sun.reflect.DelegatingConstructorAccessorImpl.newInstance(DelegatingConstructorAccessorImpl.java:39)
	at java.lang.reflect.Constructor.newInstance(Constructor.java:527)
	at org.openqa.selenium.remote.ErrorHandler.createThrowable(ErrorHandler.java:204)
	at org.openqa.selenium.remote.ErrorHandler.throwIfResponseFailed(ErrorHandler.java:156)
	at org.openqa.selenium.remote.RemoteWebDriver.execute(RemoteWebDriver.java:600)
	at org.openqa.selenium.remote.RemoteWebDriver.execute(RemoteWebDriver.java:615)
	at org.openqa.selenium.remote.RemoteWebDriver.quit(RemoteWebDriver.java:469)
	at webUI.LoadBrowser.closeBrowser(LoadBrowser.java:266)
	at sun.reflect.GeneratedMethodAccessor21.invoke(Unknown Source)
	at sun.reflect.DelegatingMethodAccessorImpl.invoke(DelegatingMethodAccessorImpl.java:37)
	at java.lang.reflect.Method.invoke(Method.java:611)
	at org.testng.internal.MethodInvocationHelper.invokeMethod(MethodInvocationHelper.java:84)
	at org.testng.internal.Invoker.invokeConfigurationMethod(Invoker.java:564)
	at org.testng.internal.Invoker.invokeConfigurations(Invoker.java:213)
	at org.testng.internal.Invoker.invokeMethod(Invoker.java:786)
	at org.testng.internal.Invoker.invokeTestMethod(Invoker.java:901)
	at org.testng.internal.Invoker.invokeTestMethods(Invoker.java:1231)
	at org.testng.internal.TestMethodWorker.invokeTestMethods(TestMethodWorker.java:127)
	at org.testng.internal.TestMethodWorker.run(TestMethodWorker.java:111)
	at org.testng.TestRunner.privateRun(TestRunner.java:767)
	at org.testng.TestRunner.run(TestRunner.java:617)
	at org.testng.SuiteRunner.runTest(SuiteRunner.java:334)
	at org.testng.SuiteRunner.runSequentially(SuiteRunner.java:329)
	at org.testng.SuiteRunner.privateRun(SuiteRunner.java:291)
	at org.testng.SuiteRunner.run(SuiteRunner.java:240)
	at org.testng.SuiteRunnerWorker.runSuite(SuiteRunnerWorker.java:52)
	at org.testng.SuiteRunnerWorker.run(SuiteRunnerWorker.java:86)
	at org.testng.TestNG.runSuitesSequentially(TestNG.java:1224)
	at org.testng.TestNG.runSuitesLocally(TestNG.java:1149)
	at org.testng.TestNG.run(TestNG.java:1057)
	at org.testng.remote.RemoteTestNG.run(RemoteTestNG.java:111)
	at org.testng.remote.RemoteTestNG.initAndRun(RemoteTestNG.java:204)
	at org.testng.remote.RemoteTestNG.main(RemoteTestNG.java:175)
Caused by: org.openqa.selenium.remote.UnreachableBrowserException: Error communicating with the remote browser. It may have died.
Build info: version: '2.42.0', revision: '5e82430', time: '2014-05-22 20:18:07'
System info: host: 'dslvm346', ip: '9.162.138.157', os.name: 'Windows 8', os.arch: 'x86', os.version: '6.2', java.version: '1.7.0_55'
Driver info: driver.version: EventFiringWebDriver
Build info: version: '2.42.1', revision: '68b415a', time: '2014-05-29 16:16:49'
System info: host: 'piotrbogdanski', ip: '9.161.136.32', os.name: 'Windows 7', os.arch: 'x86', os.version: '6.1 build 7601 Service Pack 1', java.version: '1.6.0'
Driver info: driver.version: unknown
]]>
    </failure>
  </testcase> <!-- AllContentsLoads -->
  <testcase name="AllContentsLoads" time="0.002" classname="tests.webUI.nonFunctional.LibraryTestsContents">
    <failure type="org.openqa.selenium.WebDriverException" message="Error communicating with the remote browser. It may have died.
Build info: version: &#039;2.42.0&#039;, revision: &#039;5e82430&#039;, time: &#039;2014-05-22 20:18:07&#039;
System info: host: &#039;dslvm346&#039;, ip: &#039;9.162.138.157&#039;, os.name: &#039;Windows 8&#039;, os.arch: &#039;x86&#039;, os.version: &#039;6.2&#039;, java.version: &#039;1.7.0_55&#039;
Driver info: driver.version: EventFiringWebDriver
Command duration or timeout: 3.27 seconds
Build info: version: &#039;2.42.1&#039;, revision: &#039;68b415a&#039;, time: &#039;2014-05-29 16:16:49&#039;
System info: host: &#039;piotrbogdanski&#039;, ip: &#039;9.161.136.32&#039;, os.name: &#039;Windows 7&#039;, os.arch: &#039;x86&#039;, os.version: &#039;6.1 build 7601 Service Pack 1&#039;, java.version: &#039;1.6.0&#039;
Session ID: b26bcd25-156a-405a-a953-e989a5b1f5be
Capabilities [{handlesAlerts=true, rotatable=false, databaseEnabled=false, locationContextEnabled=true, acceptSslCerts=true, applicationCacheEnabled=false, nativeEvents=true, cssSelectorsEnabled=true, takesScreenshot=true, platform=WIN8, browserName=chrome, javascriptEnabled=true, version=35.0.1916.153, chrome={userDataDir=C:\Users\ADMINI~1\AppData\Local\Temp\scoped_dir4076_31844}, webStorageEnabled=true, webdriver.remote.sessionid=b26bcd25-156a-405a-a953-e989a5b1f5be, browserConnectionEnabled=false, takesHeapSnapshot=true}]
Driver info: org.openqa.selenium.remote.RemoteWebDriver">
      <![CDATA[org.openqa.selenium.WebDriverException: Error communicating with the remote browser. It may have died.
Build info: version: '2.42.0', revision: '5e82430', time: '2014-05-22 20:18:07'
System info: host: 'dslvm346', ip: '9.162.138.157', os.name: 'Windows 8', os.arch: 'x86', os.version: '6.2', java.version: '1.7.0_55'
Driver info: driver.version: EventFiringWebDriver
Command duration or timeout: 3.27 seconds
Build info: version: '2.42.1', revision: '68b415a', time: '2014-05-29 16:16:49'
System info: host: 'piotrbogdanski', ip: '9.161.136.32', os.name: 'Windows 7', os.arch: 'x86', os.version: '6.1 build 7601 Service Pack 1', java.version: '1.6.0'
Session ID: b26bcd25-156a-405a-a953-e989a5b1f5be
Capabilities [{handlesAlerts=true, rotatable=false, databaseEnabled=false, locationContextEnabled=true, acceptSslCerts=true, applicationCacheEnabled=false, nativeEvents=true, cssSelectorsEnabled=true, takesScreenshot=true, platform=WIN8, browserName=chrome, javascriptEnabled=true, version=35.0.1916.153, chrome={userDataDir=C:\Users\ADMINI~1\AppData\Local\Temp\scoped_dir4076_31844}, webStorageEnabled=true, webdriver.remote.sessionid=b26bcd25-156a-405a-a953-e989a5b1f5be, browserConnectionEnabled=false, takesHeapSnapshot=true}]
Driver info: org.openqa.selenium.remote.RemoteWebDriver
	at sun.reflect.NativeConstructorAccessorImpl.newInstance0(Native Method)
	at sun.reflect.NativeConstructorAccessorImpl.newInstance(NativeConstructorAccessorImpl.java:56)
	at sun.reflect.DelegatingConstructorAccessorImpl.newInstance(DelegatingConstructorAccessorImpl.java:39)
	at java.lang.reflect.Constructor.newInstance(Constructor.java:527)
	at org.openqa.selenium.remote.ErrorHandler.createThrowable(ErrorHandler.java:204)
	at org.openqa.selenium.remote.ErrorHandler.throwIfResponseFailed(ErrorHandler.java:156)
	at org.openqa.selenium.remote.RemoteWebDriver.execute(RemoteWebDriver.java:600)
	at org.openqa.selenium.remote.RemoteWebDriver.execute(RemoteWebDriver.java:615)
	at org.openqa.selenium.remote.RemoteWebDriver.quit(RemoteWebDriver.java:469)
	at webUI.LoadBrowser.closeBrowser(LoadBrowser.java:266)
	at sun.reflect.GeneratedMethodAccessor21.invoke(Unknown Source)
	at sun.reflect.DelegatingMethodAccessorImpl.invoke(DelegatingMethodAccessorImpl.java:37)
	at java.lang.reflect.Method.invoke(Method.java:611)
	at org.testng.internal.MethodInvocationHelper.invokeMethod(MethodInvocationHelper.java:84)
	at org.testng.internal.Invoker.invokeConfigurationMethod(Invoker.java:564)
	at org.testng.internal.Invoker.invokeConfigurations(Invoker.java:213)
	at org.testng.internal.Invoker.invokeMethod(Invoker.java:786)
	at org.testng.internal.Invoker.invokeTestMethod(Invoker.java:901)
	at org.testng.internal.Invoker.invokeTestMethods(Invoker.java:1231)
	at org.testng.internal.TestMethodWorker.invokeTestMethods(TestMethodWorker.java:127)
	at org.testng.internal.TestMethodWorker.run(TestMethodWorker.java:111)
	at org.testng.TestRunner.privateRun(TestRunner.java:767)
	at org.testng.TestRunner.run(TestRunner.java:617)
	at org.testng.SuiteRunner.runTest(SuiteRunner.java:334)
	at org.testng.SuiteRunner.runSequentially(SuiteRunner.java:329)
	at org.testng.SuiteRunner.privateRun(SuiteRunner.java:291)
	at org.testng.SuiteRunner.run(SuiteRunner.java:240)
	at org.testng.SuiteRunnerWorker.runSuite(SuiteRunnerWorker.java:52)
	at org.testng.SuiteRunnerWorker.run(SuiteRunnerWorker.java:86)
	at org.testng.TestNG.runSuitesSequentially(TestNG.java:1224)
	at org.testng.TestNG.runSuitesLocally(TestNG.java:1149)
	at org.testng.TestNG.run(TestNG.java:1057)
	at org.testng.remote.RemoteTestNG.run(RemoteTestNG.java:111)
	at org.testng.remote.RemoteTestNG.initAndRun(RemoteTestNG.java:204)
	at org.testng.remote.RemoteTestNG.main(RemoteTestNG.java:175)
Caused by: org.openqa.selenium.remote.UnreachableBrowserException: Error communicating with the remote browser. It may have died.
Build info: version: '2.42.0', revision: '5e82430', time: '2014-05-22 20:18:07'
System info: host: 'dslvm346', ip: '9.162.138.157', os.name: 'Windows 8', os.arch: 'x86', os.version: '6.2', java.version: '1.7.0_55'
Driver info: driver.version: EventFiringWebDriver
Build info: version: '2.42.1', revision: '68b415a', time: '2014-05-29 16:16:49'
System info: host: 'piotrbogdanski', ip: '9.161.136.32', os.name: 'Windows 7', os.arch: 'x86', os.version: '6.1 build 7601 Service Pack 1', java.version: '1.6.0'
Driver info: driver.version: unknown
]]>
    </failure>
  </testcase> <!-- AllContentsLoads -->
  <testcase name="AllContentsLoads" time="0.002" classname="tests.webUI.nonFunctional.LibraryTestsContents">
    <failure type="org.openqa.selenium.WebDriverException" message="Error communicating with the remote browser. It may have died.
Build info: version: &#039;2.42.0&#039;, revision: &#039;5e82430&#039;, time: &#039;2014-05-22 20:18:07&#039;
System info: host: &#039;dslvm346&#039;, ip: &#039;9.162.138.157&#039;, os.name: &#039;Windows 8&#039;, os.arch: &#039;x86&#039;, os.version: &#039;6.2&#039;, java.version: &#039;1.7.0_55&#039;
Driver info: driver.version: EventFiringWebDriver
Command duration or timeout: 3.27 seconds
Build info: version: &#039;2.42.1&#039;, revision: &#039;68b415a&#039;, time: &#039;2014-05-29 16:16:49&#039;
System info: host: &#039;piotrbogdanski&#039;, ip: &#039;9.161.136.32&#039;, os.name: &#039;Windows 7&#039;, os.arch: &#039;x86&#039;, os.version: &#039;6.1 build 7601 Service Pack 1&#039;, java.version: &#039;1.6.0&#039;
Session ID: b26bcd25-156a-405a-a953-e989a5b1f5be
Capabilities [{handlesAlerts=true, rotatable=false, databaseEnabled=false, locationContextEnabled=true, acceptSslCerts=true, applicationCacheEnabled=false, nativeEvents=true, cssSelectorsEnabled=true, takesScreenshot=true, platform=WIN8, browserName=chrome, javascriptEnabled=true, version=35.0.1916.153, chrome={userDataDir=C:\Users\ADMINI~1\AppData\Local\Temp\scoped_dir4076_31844}, webStorageEnabled=true, webdriver.remote.sessionid=b26bcd25-156a-405a-a953-e989a5b1f5be, browserConnectionEnabled=false, takesHeapSnapshot=true}]
Driver info: org.openqa.selenium.remote.RemoteWebDriver">
      <![CDATA[org.openqa.selenium.WebDriverException: Error communicating with the remote browser. It may have died.
Build info: version: '2.42.0', revision: '5e82430', time: '2014-05-22 20:18:07'
System info: host: 'dslvm346', ip: '9.162.138.157', os.name: 'Windows 8', os.arch: 'x86', os.version: '6.2', java.version: '1.7.0_55'
Driver info: driver.version: EventFiringWebDriver
Command duration or timeout: 3.27 seconds
Build info: version: '2.42.1', revision: '68b415a', time: '2014-05-29 16:16:49'
System info: host: 'piotrbogdanski', ip: '9.161.136.32', os.name: 'Windows 7', os.arch: 'x86', os.version: '6.1 build 7601 Service Pack 1', java.version: '1.6.0'
Session ID: b26bcd25-156a-405a-a953-e989a5b1f5be
Capabilities [{handlesAlerts=true, rotatable=false, databaseEnabled=false, locationContextEnabled=true, acceptSslCerts=true, applicationCacheEnabled=false, nativeEvents=true, cssSelectorsEnabled=true, takesScreenshot=true, platform=WIN8, browserName=chrome, javascriptEnabled=true, version=35.0.1916.153, chrome={userDataDir=C:\Users\ADMINI~1\AppData\Local\Temp\scoped_dir4076_31844}, webStorageEnabled=true, webdriver.remote.sessionid=b26bcd25-156a-405a-a953-e989a5b1f5be, browserConnectionEnabled=false, takesHeapSnapshot=true}]
Driver info: org.openqa.selenium.remote.RemoteWebDriver
	at sun.reflect.NativeConstructorAccessorImpl.newInstance0(Native Method)
	at sun.reflect.NativeConstructorAccessorImpl.newInstance(NativeConstructorAccessorImpl.java:56)
	at sun.reflect.DelegatingConstructorAccessorImpl.newInstance(DelegatingConstructorAccessorImpl.java:39)
	at java.lang.reflect.Constructor.newInstance(Constructor.java:527)
	at org.openqa.selenium.remote.ErrorHandler.createThrowable(ErrorHandler.java:204)
	at org.openqa.selenium.remote.ErrorHandler.throwIfResponseFailed(ErrorHandler.java:156)
	at org.openqa.selenium.remote.RemoteWebDriver.execute(RemoteWebDriver.java:600)
	at org.openqa.selenium.remote.RemoteWebDriver.execute(RemoteWebDriver.java:615)
	at org.openqa.selenium.remote.RemoteWebDriver.quit(RemoteWebDriver.java:469)
	at webUI.LoadBrowser.closeBrowser(LoadBrowser.java:266)
	at sun.reflect.GeneratedMethodAccessor21.invoke(Unknown Source)
	at sun.reflect.DelegatingMethodAccessorImpl.invoke(DelegatingMethodAccessorImpl.java:37)
	at java.lang.reflect.Method.invoke(Method.java:611)
	at org.testng.internal.MethodInvocationHelper.invokeMethod(MethodInvocationHelper.java:84)
	at org.testng.internal.Invoker.invokeConfigurationMethod(Invoker.java:564)
	at org.testng.internal.Invoker.invokeConfigurations(Invoker.java:213)
	at org.testng.internal.Invoker.invokeMethod(Invoker.java:786)
	at org.testng.internal.Invoker.invokeTestMethod(Invoker.java:901)
	at org.testng.internal.Invoker.invokeTestMethods(Invoker.java:1231)
	at org.testng.internal.TestMethodWorker.invokeTestMethods(TestMethodWorker.java:127)
	at org.testng.internal.TestMethodWorker.run(TestMethodWorker.java:111)
	at org.testng.TestRunner.privateRun(TestRunner.java:767)
	at org.testng.TestRunner.run(TestRunner.java:617)
	at org.testng.SuiteRunner.runTest(SuiteRunner.java:334)
	at org.testng.SuiteRunner.runSequentially(SuiteRunner.java:329)
	at org.testng.SuiteRunner.privateRun(SuiteRunner.java:291)
	at org.testng.SuiteRunner.run(SuiteRunner.java:240)
	at org.testng.SuiteRunnerWorker.runSuite(SuiteRunnerWorker.java:52)
	at org.testng.SuiteRunnerWorker.run(SuiteRunnerWorker.java:86)
	at org.testng.TestNG.runSuitesSequentially(TestNG.java:1224)
	at org.testng.TestNG.runSuitesLocally(TestNG.java:1149)
	at org.testng.TestNG.run(TestNG.java:1057)
	at org.testng.remote.RemoteTestNG.run(RemoteTestNG.java:111)
	at org.testng.remote.RemoteTestNG.initAndRun(RemoteTestNG.java:204)
	at org.testng.remote.RemoteTestNG.main(RemoteTestNG.java:175)
Caused by: org.openqa.selenium.remote.UnreachableBrowserException: Error communicating with the remote browser. It may have died.
Build info: version: '2.42.0', revision: '5e82430', time: '2014-05-22 20:18:07'
System info: host: 'dslvm346', ip: '9.162.138.157', os.name: 'Windows 8', os.arch: 'x86', os.version: '6.2', java.version: '1.7.0_55'
Driver info: driver.version: EventFiringWebDriver
Build info: version: '2.42.1', revision: '68b415a', time: '2014-05-29 16:16:49'
System info: host: 'piotrbogdanski', ip: '9.161.136.32', os.name: 'Windows 7', os.arch: 'x86', os.version: '6.1 build 7601 Service Pack 1', java.version: '1.6.0'
Driver info: driver.version: unknown
]]>
    </failure>
  </testcase> <!-- AllContentsLoads -->
  <testcase name="AllContentsLoads" time="0.009" classname="tests.webUI.nonFunctional.LibraryTestsContents">
    <failure type="org.openqa.selenium.WebDriverException" message="Error communicating with the remote browser. It may have died.
Build info: version: &#039;2.42.0&#039;, revision: &#039;5e82430&#039;, time: &#039;2014-05-22 20:18:07&#039;
System info: host: &#039;dslvm346&#039;, ip: &#039;9.162.138.157&#039;, os.name: &#039;Windows 8&#039;, os.arch: &#039;x86&#039;, os.version: &#039;6.2&#039;, java.version: &#039;1.7.0_55&#039;
Driver info: driver.version: EventFiringWebDriver
Command duration or timeout: 3.27 seconds
Build info: version: &#039;2.42.1&#039;, revision: &#039;68b415a&#039;, time: &#039;2014-05-29 16:16:49&#039;
System info: host: &#039;piotrbogdanski&#039;, ip: &#039;9.161.136.32&#039;, os.name: &#039;Windows 7&#039;, os.arch: &#039;x86&#039;, os.version: &#039;6.1 build 7601 Service Pack 1&#039;, java.version: &#039;1.6.0&#039;
Session ID: b26bcd25-156a-405a-a953-e989a5b1f5be
Capabilities [{handlesAlerts=true, rotatable=false, databaseEnabled=false, locationContextEnabled=true, acceptSslCerts=true, applicationCacheEnabled=false, nativeEvents=true, cssSelectorsEnabled=true, takesScreenshot=true, platform=WIN8, browserName=chrome, javascriptEnabled=true, version=35.0.1916.153, chrome={userDataDir=C:\Users\ADMINI~1\AppData\Local\Temp\scoped_dir4076_31844}, webStorageEnabled=true, webdriver.remote.sessionid=b26bcd25-156a-405a-a953-e989a5b1f5be, browserConnectionEnabled=false, takesHeapSnapshot=true}]
Driver info: org.openqa.selenium.remote.RemoteWebDriver">
      <![CDATA[org.openqa.selenium.WebDriverException: Error communicating with the remote browser. It may have died.
Build info: version: '2.42.0', revision: '5e82430', time: '2014-05-22 20:18:07'
System info: host: 'dslvm346', ip: '9.162.138.157', os.name: 'Windows 8', os.arch: 'x86', os.version: '6.2', java.version: '1.7.0_55'
Driver info: driver.version: EventFiringWebDriver
Command duration or timeout: 3.27 seconds
Build info: version: '2.42.1', revision: '68b415a', time: '2014-05-29 16:16:49'
System info: host: 'piotrbogdanski', ip: '9.161.136.32', os.name: 'Windows 7', os.arch: 'x86', os.version: '6.1 build 7601 Service Pack 1', java.version: '1.6.0'
Session ID: b26bcd25-156a-405a-a953-e989a5b1f5be
Capabilities [{handlesAlerts=true, rotatable=false, databaseEnabled=false, locationContextEnabled=true, acceptSslCerts=true, applicationCacheEnabled=false, nativeEvents=true, cssSelectorsEnabled=true, takesScreenshot=true, platform=WIN8, browserName=chrome, javascriptEnabled=true, version=35.0.1916.153, chrome={userDataDir=C:\Users\ADMINI~1\AppData\Local\Temp\scoped_dir4076_31844}, webStorageEnabled=true, webdriver.remote.sessionid=b26bcd25-156a-405a-a953-e989a5b1f5be, browserConnectionEnabled=false, takesHeapSnapshot=true}]
Driver info: org.openqa.selenium.remote.RemoteWebDriver
	at sun.reflect.NativeConstructorAccessorImpl.newInstance0(Native Method)
	at sun.reflect.NativeConstructorAccessorImpl.newInstance(NativeConstructorAccessorImpl.java:56)
	at sun.reflect.DelegatingConstructorAccessorImpl.newInstance(DelegatingConstructorAccessorImpl.java:39)
	at java.lang.reflect.Constructor.newInstance(Constructor.java:527)
	at org.openqa.selenium.remote.ErrorHandler.createThrowable(ErrorHandler.java:204)
	at org.openqa.selenium.remote.ErrorHandler.throwIfResponseFailed(ErrorHandler.java:156)
	at org.openqa.selenium.remote.RemoteWebDriver.execute(RemoteWebDriver.java:600)
	at org.openqa.selenium.remote.RemoteWebDriver.execute(RemoteWebDriver.java:615)
	at org.openqa.selenium.remote.RemoteWebDriver.quit(RemoteWebDriver.java:469)
	at webUI.LoadBrowser.closeBrowser(LoadBrowser.java:266)
	at sun.reflect.GeneratedMethodAccessor21.invoke(Unknown Source)
	at sun.reflect.DelegatingMethodAccessorImpl.invoke(DelegatingMethodAccessorImpl.java:37)
	at java.lang.reflect.Method.invoke(Method.java:611)
	at org.testng.internal.MethodInvocationHelper.invokeMethod(MethodInvocationHelper.java:84)
	at org.testng.internal.Invoker.invokeConfigurationMethod(Invoker.java:564)
	at org.testng.internal.Invoker.invokeConfigurations(Invoker.java:213)
	at org.testng.internal.Invoker.invokeMethod(Invoker.java:786)
	at org.testng.internal.Invoker.invokeTestMethod(Invoker.java:901)
	at org.testng.internal.Invoker.invokeTestMethods(Invoker.java:1231)
	at org.testng.internal.TestMethodWorker.invokeTestMethods(TestMethodWorker.java:127)
	at org.testng.internal.TestMethodWorker.run(TestMethodWorker.java:111)
	at org.testng.TestRunner.privateRun(TestRunner.java:767)
	at org.testng.TestRunner.run(TestRunner.java:617)
	at org.testng.SuiteRunner.runTest(SuiteRunner.java:334)
	at org.testng.SuiteRunner.runSequentially(SuiteRunner.java:329)
	at org.testng.SuiteRunner.privateRun(SuiteRunner.java:291)
	at org.testng.SuiteRunner.run(SuiteRunner.java:240)
	at org.testng.SuiteRunnerWorker.runSuite(SuiteRunnerWorker.java:52)
	at org.testng.SuiteRunnerWorker.run(SuiteRunnerWorker.java:86)
	at org.testng.TestNG.runSuitesSequentially(TestNG.java:1224)
	at org.testng.TestNG.runSuitesLocally(TestNG.java:1149)
	at org.testng.TestNG.run(TestNG.java:1057)
	at org.testng.remote.RemoteTestNG.run(RemoteTestNG.java:111)
	at org.testng.remote.RemoteTestNG.initAndRun(RemoteTestNG.java:204)
	at org.testng.remote.RemoteTestNG.main(RemoteTestNG.java:175)
Caused by: org.openqa.selenium.remote.UnreachableBrowserException: Error communicating with the remote browser. It may have died.
Build info: version: '2.42.0', revision: '5e82430', time: '2014-05-22 20:18:07'
System info: host: 'dslvm346', ip: '9.162.138.157', os.name: 'Windows 8', os.arch: 'x86', os.version: '6.2', java.version: '1.7.0_55'
Driver info: driver.version: EventFiringWebDriver
Build info: version: '2.42.1', revision: '68b415a', time: '2014-05-29 16:16:49'
System info: host: 'piotrbogdanski', ip: '9.161.136.32', os.name: 'Windows 7', os.arch: 'x86', os.version: '6.1 build 7601 Service Pack 1', java.version: '1.6.0'
Driver info: driver.version: unknown
]]>
    </failure>
  </testcase> <!-- AllContentsLoads -->
  <testcase name="AllContentsLoads" time="22.316" classname="tests.webUI.nonFunctional.LibraryTestsContents"/>
  <testcase name="AllContentsLoads" time="0.001" classname="tests.webUI.nonFunctional.LibraryTestsContents">
    <failure type="org.openqa.selenium.WebDriverException" message="Error communicating with the remote browser. It may have died.
Build info: version: &#039;2.42.0&#039;, revision: &#039;5e82430&#039;, time: &#039;2014-05-22 20:18:07&#039;
System info: host: &#039;dslvm346&#039;, ip: &#039;9.162.138.157&#039;, os.name: &#039;Windows 8&#039;, os.arch: &#039;x86&#039;, os.version: &#039;6.2&#039;, java.version: &#039;1.7.0_55&#039;
Driver info: driver.version: EventFiringWebDriver
Command duration or timeout: 3.27 seconds
Build info: version: &#039;2.42.1&#039;, revision: &#039;68b415a&#039;, time: &#039;2014-05-29 16:16:49&#039;
System info: host: &#039;piotrbogdanski&#039;, ip: &#039;9.161.136.32&#039;, os.name: &#039;Windows 7&#039;, os.arch: &#039;x86&#039;, os.version: &#039;6.1 build 7601 Service Pack 1&#039;, java.version: &#039;1.6.0&#039;
Session ID: b26bcd25-156a-405a-a953-e989a5b1f5be
Capabilities [{handlesAlerts=true, rotatable=false, databaseEnabled=false, locationContextEnabled=true, acceptSslCerts=true, applicationCacheEnabled=false, nativeEvents=true, cssSelectorsEnabled=true, takesScreenshot=true, platform=WIN8, browserName=chrome, javascriptEnabled=true, version=35.0.1916.153, chrome={userDataDir=C:\Users\ADMINI~1\AppData\Local\Temp\scoped_dir4076_31844}, webStorageEnabled=true, webdriver.remote.sessionid=b26bcd25-156a-405a-a953-e989a5b1f5be, browserConnectionEnabled=false, takesHeapSnapshot=true}]
Driver info: org.openqa.selenium.remote.RemoteWebDriver">
      <![CDATA[org.openqa.selenium.WebDriverException: Error communicating with the remote browser. It may have died.
Build info: version: '2.42.0', revision: '5e82430', time: '2014-05-22 20:18:07'
System info: host: 'dslvm346', ip: '9.162.138.157', os.name: 'Windows 8', os.arch: 'x86', os.version: '6.2', java.version: '1.7.0_55'
Driver info: driver.version: EventFiringWebDriver
Command duration or timeout: 3.27 seconds
Build info: version: '2.42.1', revision: '68b415a', time: '2014-05-29 16:16:49'
System info: host: 'piotrbogdanski', ip: '9.161.136.32', os.name: 'Windows 7', os.arch: 'x86', os.version: '6.1 build 7601 Service Pack 1', java.version: '1.6.0'
Session ID: b26bcd25-156a-405a-a953-e989a5b1f5be
Capabilities [{handlesAlerts=true, rotatable=false, databaseEnabled=false, locationContextEnabled=true, acceptSslCerts=true, applicationCacheEnabled=false, nativeEvents=true, cssSelectorsEnabled=true, takesScreenshot=true, platform=WIN8, browserName=chrome, javascriptEnabled=true, version=35.0.1916.153, chrome={userDataDir=C:\Users\ADMINI~1\AppData\Local\Temp\scoped_dir4076_31844}, webStorageEnabled=true, webdriver.remote.sessionid=b26bcd25-156a-405a-a953-e989a5b1f5be, browserConnectionEnabled=false, takesHeapSnapshot=true}]
Driver info: org.openqa.selenium.remote.RemoteWebDriver
	at sun.reflect.NativeConstructorAccessorImpl.newInstance0(Native Method)
	at sun.reflect.NativeConstructorAccessorImpl.newInstance(NativeConstructorAccessorImpl.java:56)
	at sun.reflect.DelegatingConstructorAccessorImpl.newInstance(DelegatingConstructorAccessorImpl.java:39)
	at java.lang.reflect.Constructor.newInstance(Constructor.java:527)
	at org.openqa.selenium.remote.ErrorHandler.createThrowable(ErrorHandler.java:204)
	at org.openqa.selenium.remote.ErrorHandler.throwIfResponseFailed(ErrorHandler.java:156)
	at org.openqa.selenium.remote.RemoteWebDriver.execute(RemoteWebDriver.java:600)
	at org.openqa.selenium.remote.RemoteWebDriver.execute(RemoteWebDriver.java:615)
	at org.openqa.selenium.remote.RemoteWebDriver.quit(RemoteWebDriver.java:469)
	at webUI.LoadBrowser.closeBrowser(LoadBrowser.java:266)
	at sun.reflect.GeneratedMethodAccessor21.invoke(Unknown Source)
	at sun.reflect.DelegatingMethodAccessorImpl.invoke(DelegatingMethodAccessorImpl.java:37)
	at java.lang.reflect.Method.invoke(Method.java:611)
	at org.testng.internal.MethodInvocationHelper.invokeMethod(MethodInvocationHelper.java:84)
	at org.testng.internal.Invoker.invokeConfigurationMethod(Invoker.java:564)
	at org.testng.internal.Invoker.invokeConfigurations(Invoker.java:213)
	at org.testng.internal.Invoker.invokeMethod(Invoker.java:786)
	at org.testng.internal.Invoker.invokeTestMethod(Invoker.java:901)
	at org.testng.internal.Invoker.invokeTestMethods(Invoker.java:1231)
	at org.testng.internal.TestMethodWorker.invokeTestMethods(TestMethodWorker.java:127)
	at org.testng.internal.TestMethodWorker.run(TestMethodWorker.java:111)
	at org.testng.TestRunner.privateRun(TestRunner.java:767)
	at org.testng.TestRunner.run(TestRunner.java:617)
	at org.testng.SuiteRunner.runTest(SuiteRunner.java:334)
	at org.testng.SuiteRunner.runSequentially(SuiteRunner.java:329)
	at org.testng.SuiteRunner.privateRun(SuiteRunner.java:291)
	at org.testng.SuiteRunner.run(SuiteRunner.java:240)
	at org.testng.SuiteRunnerWorker.runSuite(SuiteRunnerWorker.java:52)
	at org.testng.SuiteRunnerWorker.run(SuiteRunnerWorker.java:86)
	at org.testng.TestNG.runSuitesSequentially(TestNG.java:1224)
	at org.testng.TestNG.runSuitesLocally(TestNG.java:1149)
	at org.testng.TestNG.run(TestNG.java:1057)
	at org.testng.remote.RemoteTestNG.run(RemoteTestNG.java:111)
	at org.testng.remote.RemoteTestNG.initAndRun(RemoteTestNG.java:204)
	at org.testng.remote.RemoteTestNG.main(RemoteTestNG.java:175)
Caused by: org.openqa.selenium.remote.UnreachableBrowserException: Error communicating with the remote browser. It may have died.
Build info: version: '2.42.0', revision: '5e82430', time: '2014-05-22 20:18:07'
System info: host: 'dslvm346', ip: '9.162.138.157', os.name: 'Windows 8', os.arch: 'x86', os.version: '6.2', java.version: '1.7.0_55'
Driver info: driver.version: EventFiringWebDriver
Build info: version: '2.42.1', revision: '68b415a', time: '2014-05-29 16:16:49'
System info: host: 'piotrbogdanski', ip: '9.161.136.32', os.name: 'Windows 7', os.arch: 'x86', os.version: '6.1 build 7601 Service Pack 1', java.version: '1.6.0'
Driver info: driver.version: unknown
]]>
    </failure>
  </testcase> <!-- AllContentsLoads -->
  <testcase name="AllContentsLoads" time="0.012" classname="tests.webUI.nonFunctional.LibraryTestsContents">
    <failure type="org.openqa.selenium.WebDriverException" message="Error communicating with the remote browser. It may have died.
Build info: version: &#039;2.42.0&#039;, revision: &#039;5e82430&#039;, time: &#039;2014-05-22 20:18:07&#039;
System info: host: &#039;dslvm346&#039;, ip: &#039;9.162.138.157&#039;, os.name: &#039;Windows 8&#039;, os.arch: &#039;x86&#039;, os.version: &#039;6.2&#039;, java.version: &#039;1.7.0_55&#039;
Driver info: driver.version: EventFiringWebDriver
Command duration or timeout: 3.27 seconds
Build info: version: &#039;2.42.1&#039;, revision: &#039;68b415a&#039;, time: &#039;2014-05-29 16:16:49&#039;
System info: host: &#039;piotrbogdanski&#039;, ip: &#039;9.161.136.32&#039;, os.name: &#039;Windows 7&#039;, os.arch: &#039;x86&#039;, os.version: &#039;6.1 build 7601 Service Pack 1&#039;, java.version: &#039;1.6.0&#039;
Session ID: b26bcd25-156a-405a-a953-e989a5b1f5be
Capabilities [{handlesAlerts=true, rotatable=false, databaseEnabled=false, locationContextEnabled=true, acceptSslCerts=true, applicationCacheEnabled=false, nativeEvents=true, cssSelectorsEnabled=true, takesScreenshot=true, platform=WIN8, browserName=chrome, javascriptEnabled=true, version=35.0.1916.153, chrome={userDataDir=C:\Users\ADMINI~1\AppData\Local\Temp\scoped_dir4076_31844}, webStorageEnabled=true, webdriver.remote.sessionid=b26bcd25-156a-405a-a953-e989a5b1f5be, browserConnectionEnabled=false, takesHeapSnapshot=true}]
Driver info: org.openqa.selenium.remote.RemoteWebDriver">
      <![CDATA[org.openqa.selenium.WebDriverException: Error communicating with the remote browser. It may have died.
Build info: version: '2.42.0', revision: '5e82430', time: '2014-05-22 20:18:07'
System info: host: 'dslvm346', ip: '9.162.138.157', os.name: 'Windows 8', os.arch: 'x86', os.version: '6.2', java.version: '1.7.0_55'
Driver info: driver.version: EventFiringWebDriver
Command duration or timeout: 3.27 seconds
Build info: version: '2.42.1', revision: '68b415a', time: '2014-05-29 16:16:49'
System info: host: 'piotrbogdanski', ip: '9.161.136.32', os.name: 'Windows 7', os.arch: 'x86', os.version: '6.1 build 7601 Service Pack 1', java.version: '1.6.0'
Session ID: b26bcd25-156a-405a-a953-e989a5b1f5be
Capabilities [{handlesAlerts=true, rotatable=false, databaseEnabled=false, locationContextEnabled=true, acceptSslCerts=true, applicationCacheEnabled=false, nativeEvents=true, cssSelectorsEnabled=true, takesScreenshot=true, platform=WIN8, browserName=chrome, javascriptEnabled=true, version=35.0.1916.153, chrome={userDataDir=C:\Users\ADMINI~1\AppData\Local\Temp\scoped_dir4076_31844}, webStorageEnabled=true, webdriver.remote.sessionid=b26bcd25-156a-405a-a953-e989a5b1f5be, browserConnectionEnabled=false, takesHeapSnapshot=true}]
Driver info: org.openqa.selenium.remote.RemoteWebDriver
	at sun.reflect.NativeConstructorAccessorImpl.newInstance0(Native Method)
	at sun.reflect.NativeConstructorAccessorImpl.newInstance(NativeConstructorAccessorImpl.java:56)
	at sun.reflect.DelegatingConstructorAccessorImpl.newInstance(DelegatingConstructorAccessorImpl.java:39)
	at java.lang.reflect.Constructor.newInstance(Constructor.java:527)
	at org.openqa.selenium.remote.ErrorHandler.createThrowable(ErrorHandler.java:204)
	at org.openqa.selenium.remote.ErrorHandler.throwIfResponseFailed(ErrorHandler.java:156)
	at org.openqa.selenium.remote.RemoteWebDriver.execute(RemoteWebDriver.java:600)
	at org.openqa.selenium.remote.RemoteWebDriver.execute(RemoteWebDriver.java:615)
	at org.openqa.selenium.remote.RemoteWebDriver.quit(RemoteWebDriver.java:469)
	at webUI.LoadBrowser.closeBrowser(LoadBrowser.java:266)
	at sun.reflect.GeneratedMethodAccessor21.invoke(Unknown Source)
	at sun.reflect.DelegatingMethodAccessorImpl.invoke(DelegatingMethodAccessorImpl.java:37)
	at java.lang.reflect.Method.invoke(Method.java:611)
	at org.testng.internal.MethodInvocationHelper.invokeMethod(MethodInvocationHelper.java:84)
	at org.testng.internal.Invoker.invokeConfigurationMethod(Invoker.java:564)
	at org.testng.internal.Invoker.invokeConfigurations(Invoker.java:213)
	at org.testng.internal.Invoker.invokeMethod(Invoker.java:786)
	at org.testng.internal.Invoker.invokeTestMethod(Invoker.java:901)
	at org.testng.internal.Invoker.invokeTestMethods(Invoker.java:1231)
	at org.testng.internal.TestMethodWorker.invokeTestMethods(TestMethodWorker.java:127)
	at org.testng.internal.TestMethodWorker.run(TestMethodWorker.java:111)
	at org.testng.TestRunner.privateRun(TestRunner.java:767)
	at org.testng.TestRunner.run(TestRunner.java:617)
	at org.testng.SuiteRunner.runTest(SuiteRunner.java:334)
	at org.testng.SuiteRunner.runSequentially(SuiteRunner.java:329)
	at org.testng.SuiteRunner.privateRun(SuiteRunner.java:291)
	at org.testng.SuiteRunner.run(SuiteRunner.java:240)
	at org.testng.SuiteRunnerWorker.runSuite(SuiteRunnerWorker.java:52)
	at org.testng.SuiteRunnerWorker.run(SuiteRunnerWorker.java:86)
	at org.testng.TestNG.runSuitesSequentially(TestNG.java:1224)
	at org.testng.TestNG.runSuitesLocally(TestNG.java:1149)
	at org.testng.TestNG.run(TestNG.java:1057)
	at org.testng.remote.RemoteTestNG.run(RemoteTestNG.java:111)
	at org.testng.remote.RemoteTestNG.initAndRun(RemoteTestNG.java:204)
	at org.testng.remote.RemoteTestNG.main(RemoteTestNG.java:175)
Caused by: org.openqa.selenium.remote.UnreachableBrowserException: Error communicating with the remote browser. It may have died.
Build info: version: '2.42.0', revision: '5e82430', time: '2014-05-22 20:18:07'
System info: host: 'dslvm346', ip: '9.162.138.157', os.name: 'Windows 8', os.arch: 'x86', os.version: '6.2', java.version: '1.7.0_55'
Driver info: driver.version: EventFiringWebDriver
Build info: version: '2.42.1', revision: '68b415a', time: '2014-05-29 16:16:49'
System info: host: 'piotrbogdanski', ip: '9.161.136.32', os.name: 'Windows 7', os.arch: 'x86', os.version: '6.1 build 7601 Service Pack 1', java.version: '1.6.0'
Driver info: driver.version: unknown
]]>
    </failure>
  </testcase> <!-- AllContentsLoads -->
  <testcase name="AllContentsLoads" time="20.958" classname="tests.webUI.nonFunctional.LibraryTestsContents"/>
  <testcase name="AllContentsLoads" time="0.013" classname="tests.webUI.nonFunctional.LibraryTestsContents">
    <failure type="org.openqa.selenium.WebDriverException" message="Error communicating with the remote browser. It may have died.
Build info: version: &#039;2.42.0&#039;, revision: &#039;5e82430&#039;, time: &#039;2014-05-22 20:18:07&#039;
System info: host: &#039;dslvm346&#039;, ip: &#039;9.162.138.157&#039;, os.name: &#039;Windows 8&#039;, os.arch: &#039;x86&#039;, os.version: &#039;6.2&#039;, java.version: &#039;1.7.0_55&#039;
Driver info: driver.version: EventFiringWebDriver
Command duration or timeout: 3.27 seconds
Build info: version: &#039;2.42.1&#039;, revision: &#039;68b415a&#039;, time: &#039;2014-05-29 16:16:49&#039;
System info: host: &#039;piotrbogdanski&#039;, ip: &#039;9.161.136.32&#039;, os.name: &#039;Windows 7&#039;, os.arch: &#039;x86&#039;, os.version: &#039;6.1 build 7601 Service Pack 1&#039;, java.version: &#039;1.6.0&#039;
Session ID: b26bcd25-156a-405a-a953-e989a5b1f5be
Capabilities [{handlesAlerts=true, rotatable=false, databaseEnabled=false, locationContextEnabled=true, acceptSslCerts=true, applicationCacheEnabled=false, nativeEvents=true, cssSelectorsEnabled=true, takesScreenshot=true, platform=WIN8, browserName=chrome, javascriptEnabled=true, version=35.0.1916.153, chrome={userDataDir=C:\Users\ADMINI~1\AppData\Local\Temp\scoped_dir4076_31844}, webStorageEnabled=true, webdriver.remote.sessionid=b26bcd25-156a-405a-a953-e989a5b1f5be, browserConnectionEnabled=false, takesHeapSnapshot=true}]
Driver info: org.openqa.selenium.remote.RemoteWebDriver">
      <![CDATA[org.openqa.selenium.WebDriverException: Error communicating with the remote browser. It may have died.
Build info: version: '2.42.0', revision: '5e82430', time: '2014-05-22 20:18:07'
System info: host: 'dslvm346', ip: '9.162.138.157', os.name: 'Windows 8', os.arch: 'x86', os.version: '6.2', java.version: '1.7.0_55'
Driver info: driver.version: EventFiringWebDriver
Command duration or timeout: 3.27 seconds
Build info: version: '2.42.1', revision: '68b415a', time: '2014-05-29 16:16:49'
System info: host: 'piotrbogdanski', ip: '9.161.136.32', os.name: 'Windows 7', os.arch: 'x86', os.version: '6.1 build 7601 Service Pack 1', java.version: '1.6.0'
Session ID: b26bcd25-156a-405a-a953-e989a5b1f5be
Capabilities [{handlesAlerts=true, rotatable=false, databaseEnabled=false, locationContextEnabled=true, acceptSslCerts=true, applicationCacheEnabled=false, nativeEvents=true, cssSelectorsEnabled=true, takesScreenshot=true, platform=WIN8, browserName=chrome, javascriptEnabled=true, version=35.0.1916.153, chrome={userDataDir=C:\Users\ADMINI~1\AppData\Local\Temp\scoped_dir4076_31844}, webStorageEnabled=true, webdriver.remote.sessionid=b26bcd25-156a-405a-a953-e989a5b1f5be, browserConnectionEnabled=false, takesHeapSnapshot=true}]
Driver info: org.openqa.selenium.remote.RemoteWebDriver
	at sun.reflect.NativeConstructorAccessorImpl.newInstance0(Native Method)
	at sun.reflect.NativeConstructorAccessorImpl.newInstance(NativeConstructorAccessorImpl.java:56)
	at sun.reflect.DelegatingConstructorAccessorImpl.newInstance(DelegatingConstructorAccessorImpl.java:39)
	at java.lang.reflect.Constructor.newInstance(Constructor.java:527)
	at org.openqa.selenium.remote.ErrorHandler.createThrowable(ErrorHandler.java:204)
	at org.openqa.selenium.remote.ErrorHandler.throwIfResponseFailed(ErrorHandler.java:156)
	at org.openqa.selenium.remote.RemoteWebDriver.execute(RemoteWebDriver.java:600)
	at org.openqa.selenium.remote.RemoteWebDriver.execute(RemoteWebDriver.java:615)
	at org.openqa.selenium.remote.RemoteWebDriver.quit(RemoteWebDriver.java:469)
	at webUI.LoadBrowser.closeBrowser(LoadBrowser.java:266)
	at sun.reflect.GeneratedMethodAccessor21.invoke(Unknown Source)
	at sun.reflect.DelegatingMethodAccessorImpl.invoke(DelegatingMethodAccessorImpl.java:37)
	at java.lang.reflect.Method.invoke(Method.java:611)
	at org.testng.internal.MethodInvocationHelper.invokeMethod(MethodInvocationHelper.java:84)
	at org.testng.internal.Invoker.invokeConfigurationMethod(Invoker.java:564)
	at org.testng.internal.Invoker.invokeConfigurations(Invoker.java:213)
	at org.testng.internal.Invoker.invokeMethod(Invoker.java:786)
	at org.testng.internal.Invoker.invokeTestMethod(Invoker.java:901)
	at org.testng.internal.Invoker.invokeTestMethods(Invoker.java:1231)
	at org.testng.internal.TestMethodWorker.invokeTestMethods(TestMethodWorker.java:127)
	at org.testng.internal.TestMethodWorker.run(TestMethodWorker.java:111)
	at org.testng.TestRunner.privateRun(TestRunner.java:767)
	at org.testng.TestRunner.run(TestRunner.java:617)
	at org.testng.SuiteRunner.runTest(SuiteRunner.java:334)
	at org.testng.SuiteRunner.runSequentially(SuiteRunner.java:329)
	at org.testng.SuiteRunner.privateRun(SuiteRunner.java:291)
	at org.testng.SuiteRunner.run(SuiteRunner.java:240)
	at org.testng.SuiteRunnerWorker.runSuite(SuiteRunnerWorker.java:52)
	at org.testng.SuiteRunnerWorker.run(SuiteRunnerWorker.java:86)
	at org.testng.TestNG.runSuitesSequentially(TestNG.java:1224)
	at org.testng.TestNG.runSuitesLocally(TestNG.java:1149)
	at org.testng.TestNG.run(TestNG.java:1057)
	at org.testng.remote.RemoteTestNG.run(RemoteTestNG.java:111)
	at org.testng.remote.RemoteTestNG.initAndRun(RemoteTestNG.java:204)
	at org.testng.remote.RemoteTestNG.main(RemoteTestNG.java:175)
Caused by: org.openqa.selenium.remote.UnreachableBrowserException: Error communicating with the remote browser. It may have died.
Build info: version: '2.42.0', revision: '5e82430', time: '2014-05-22 20:18:07'
System info: host: 'dslvm346', ip: '9.162.138.157', os.name: 'Windows 8', os.arch: 'x86', os.version: '6.2', java.version: '1.7.0_55'
Driver info: driver.version: EventFiringWebDriver
Build info: version: '2.42.1', revision: '68b415a', time: '2014-05-29 16:16:49'
System info: host: 'piotrbogdanski', ip: '9.161.136.32', os.name: 'Windows 7', os.arch: 'x86', os.version: '6.1 build 7601 Service Pack 1', java.version: '1.6.0'
Driver info: driver.version: unknown
]]>
    </failure>
  </testcase> <!-- AllContentsLoads -->
  <testcase name="AllContentsLoads" time="0.000" classname="tests.webUI.nonFunctional.LibraryTestsContents">
    <failure type="org.openqa.selenium.WebDriverException" message="Error communicating with the remote browser. It may have died.
Build info: version: &#039;2.42.0&#039;, revision: &#039;5e82430&#039;, time: &#039;2014-05-22 20:18:07&#039;
System info: host: &#039;dslvm346&#039;, ip: &#039;9.162.138.157&#039;, os.name: &#039;Windows 8&#039;, os.arch: &#039;x86&#039;, os.version: &#039;6.2&#039;, java.version: &#039;1.7.0_55&#039;
Driver info: driver.version: EventFiringWebDriver
Command duration or timeout: 3.27 seconds
Build info: version: &#039;2.42.1&#039;, revision: &#039;68b415a&#039;, time: &#039;2014-05-29 16:16:49&#039;
System info: host: &#039;piotrbogdanski&#039;, ip: &#039;9.161.136.32&#039;, os.name: &#039;Windows 7&#039;, os.arch: &#039;x86&#039;, os.version: &#039;6.1 build 7601 Service Pack 1&#039;, java.version: &#039;1.6.0&#039;
Session ID: b26bcd25-156a-405a-a953-e989a5b1f5be
Capabilities [{handlesAlerts=true, rotatable=false, databaseEnabled=false, locationContextEnabled=true, acceptSslCerts=true, applicationCacheEnabled=false, nativeEvents=true, cssSelectorsEnabled=true, takesScreenshot=true, platform=WIN8, browserName=chrome, javascriptEnabled=true, version=35.0.1916.153, chrome={userDataDir=C:\Users\ADMINI~1\AppData\Local\Temp\scoped_dir4076_31844}, webStorageEnabled=true, webdriver.remote.sessionid=b26bcd25-156a-405a-a953-e989a5b1f5be, browserConnectionEnabled=false, takesHeapSnapshot=true}]
Driver info: org.openqa.selenium.remote.RemoteWebDriver">
      <![CDATA[org.openqa.selenium.WebDriverException: Error communicating with the remote browser. It may have died.
Build info: version: '2.42.0', revision: '5e82430', time: '2014-05-22 20:18:07'
System info: host: 'dslvm346', ip: '9.162.138.157', os.name: 'Windows 8', os.arch: 'x86', os.version: '6.2', java.version: '1.7.0_55'
Driver info: driver.version: EventFiringWebDriver
Command duration or timeout: 3.27 seconds
Build info: version: '2.42.1', revision: '68b415a', time: '2014-05-29 16:16:49'
System info: host: 'piotrbogdanski', ip: '9.161.136.32', os.name: 'Windows 7', os.arch: 'x86', os.version: '6.1 build 7601 Service Pack 1', java.version: '1.6.0'
Session ID: b26bcd25-156a-405a-a953-e989a5b1f5be
Capabilities [{handlesAlerts=true, rotatable=false, databaseEnabled=false, locationContextEnabled=true, acceptSslCerts=true, applicationCacheEnabled=false, nativeEvents=true, cssSelectorsEnabled=true, takesScreenshot=true, platform=WIN8, browserName=chrome, javascriptEnabled=true, version=35.0.1916.153, chrome={userDataDir=C:\Users\ADMINI~1\AppData\Local\Temp\scoped_dir4076_31844}, webStorageEnabled=true, webdriver.remote.sessionid=b26bcd25-156a-405a-a953-e989a5b1f5be, browserConnectionEnabled=false, takesHeapSnapshot=true}]
Driver info: org.openqa.selenium.remote.RemoteWebDriver
	at sun.reflect.NativeConstructorAccessorImpl.newInstance0(Native Method)
	at sun.reflect.NativeConstructorAccessorImpl.newInstance(NativeConstructorAccessorImpl.java:56)
	at sun.reflect.DelegatingConstructorAccessorImpl.newInstance(DelegatingConstructorAccessorImpl.java:39)
	at java.lang.reflect.Constructor.newInstance(Constructor.java:527)
	at org.openqa.selenium.remote.ErrorHandler.createThrowable(ErrorHandler.java:204)
	at org.openqa.selenium.remote.ErrorHandler.throwIfResponseFailed(ErrorHandler.java:156)
	at org.openqa.selenium.remote.RemoteWebDriver.execute(RemoteWebDriver.java:600)
	at org.openqa.selenium.remote.RemoteWebDriver.execute(RemoteWebDriver.java:615)
	at org.openqa.selenium.remote.RemoteWebDriver.quit(RemoteWebDriver.java:469)
	at webUI.LoadBrowser.closeBrowser(LoadBrowser.java:266)
	at sun.reflect.GeneratedMethodAccessor21.invoke(Unknown Source)
	at sun.reflect.DelegatingMethodAccessorImpl.invoke(DelegatingMethodAccessorImpl.java:37)
	at java.lang.reflect.Method.invoke(Method.java:611)
	at org.testng.internal.MethodInvocationHelper.invokeMethod(MethodInvocationHelper.java:84)
	at org.testng.internal.Invoker.invokeConfigurationMethod(Invoker.java:564)
	at org.testng.internal.Invoker.invokeConfigurations(Invoker.java:213)
	at org.testng.internal.Invoker.invokeMethod(Invoker.java:786)
	at org.testng.internal.Invoker.invokeTestMethod(Invoker.java:901)
	at org.testng.internal.Invoker.invokeTestMethods(Invoker.java:1231)
	at org.testng.internal.TestMethodWorker.invokeTestMethods(TestMethodWorker.java:127)
	at org.testng.internal.TestMethodWorker.run(TestMethodWorker.java:111)
	at org.testng.TestRunner.privateRun(TestRunner.java:767)
	at org.testng.TestRunner.run(TestRunner.java:617)
	at org.testng.SuiteRunner.runTest(SuiteRunner.java:334)
	at org.testng.SuiteRunner.runSequentially(SuiteRunner.java:329)
	at org.testng.SuiteRunner.privateRun(SuiteRunner.java:291)
	at org.testng.SuiteRunner.run(SuiteRunner.java:240)
	at org.testng.SuiteRunnerWorker.runSuite(SuiteRunnerWorker.java:52)
	at org.testng.SuiteRunnerWorker.run(SuiteRunnerWorker.java:86)
	at org.testng.TestNG.runSuitesSequentially(TestNG.java:1224)
	at org.testng.TestNG.runSuitesLocally(TestNG.java:1149)
	at org.testng.TestNG.run(TestNG.java:1057)
	at org.testng.remote.RemoteTestNG.run(RemoteTestNG.java:111)
	at org.testng.remote.RemoteTestNG.initAndRun(RemoteTestNG.java:204)
	at org.testng.remote.RemoteTestNG.main(RemoteTestNG.java:175)
Caused by: org.openqa.selenium.remote.UnreachableBrowserException: Error communicating with the remote browser. It may have died.
Build info: version: '2.42.0', revision: '5e82430', time: '2014-05-22 20:18:07'
System info: host: 'dslvm346', ip: '9.162.138.157', os.name: 'Windows 8', os.arch: 'x86', os.version: '6.2', java.version: '1.7.0_55'
Driver info: driver.version: EventFiringWebDriver
Build info: version: '2.42.1', revision: '68b415a', time: '2014-05-29 16:16:49'
System info: host: 'piotrbogdanski', ip: '9.161.136.32', os.name: 'Windows 7', os.arch: 'x86', os.version: '6.1 build 7601 Service Pack 1', java.version: '1.6.0'
Driver info: driver.version: unknown
]]>
    </failure>
  </testcase> <!-- AllContentsLoads -->
  <testcase name="AllContentsLoads" time="0.001" classname="tests.webUI.nonFunctional.LibraryTestsContents">
    <failure type="org.openqa.selenium.WebDriverException" message="Error communicating with the remote browser. It may have died.
Build info: version: &#039;2.42.0&#039;, revision: &#039;5e82430&#039;, time: &#039;2014-05-22 20:18:07&#039;
System info: host: &#039;dslvm346&#039;, ip: &#039;9.162.138.157&#039;, os.name: &#039;Windows 8&#039;, os.arch: &#039;x86&#039;, os.version: &#039;6.2&#039;, java.version: &#039;1.7.0_55&#039;
Driver info: driver.version: EventFiringWebDriver
Command duration or timeout: 3.27 seconds
Build info: version: &#039;2.42.1&#039;, revision: &#039;68b415a&#039;, time: &#039;2014-05-29 16:16:49&#039;
System info: host: &#039;piotrbogdanski&#039;, ip: &#039;9.161.136.32&#039;, os.name: &#039;Windows 7&#039;, os.arch: &#039;x86&#039;, os.version: &#039;6.1 build 7601 Service Pack 1&#039;, java.version: &#039;1.6.0&#039;
Session ID: b26bcd25-156a-405a-a953-e989a5b1f5be
Capabilities [{handlesAlerts=true, rotatable=false, databaseEnabled=false, locationContextEnabled=true, acceptSslCerts=true, applicationCacheEnabled=false, nativeEvents=true, cssSelectorsEnabled=true, takesScreenshot=true, platform=WIN8, browserName=chrome, javascriptEnabled=true, version=35.0.1916.153, chrome={userDataDir=C:\Users\ADMINI~1\AppData\Local\Temp\scoped_dir4076_31844}, webStorageEnabled=true, webdriver.remote.sessionid=b26bcd25-156a-405a-a953-e989a5b1f5be, browserConnectionEnabled=false, takesHeapSnapshot=true}]
Driver info: org.openqa.selenium.remote.RemoteWebDriver">
      <![CDATA[org.openqa.selenium.WebDriverException: Error communicating with the remote browser. It may have died.
Build info: version: '2.42.0', revision: '5e82430', time: '2014-05-22 20:18:07'
System info: host: 'dslvm346', ip: '9.162.138.157', os.name: 'Windows 8', os.arch: 'x86', os.version: '6.2', java.version: '1.7.0_55'
Driver info: driver.version: EventFiringWebDriver
Command duration or timeout: 3.27 seconds
Build info: version: '2.42.1', revision: '68b415a', time: '2014-05-29 16:16:49'
System info: host: 'piotrbogdanski', ip: '9.161.136.32', os.name: 'Windows 7', os.arch: 'x86', os.version: '6.1 build 7601 Service Pack 1', java.version: '1.6.0'
Session ID: b26bcd25-156a-405a-a953-e989a5b1f5be
Capabilities [{handlesAlerts=true, rotatable=false, databaseEnabled=false, locationContextEnabled=true, acceptSslCerts=true, applicationCacheEnabled=false, nativeEvents=true, cssSelectorsEnabled=true, takesScreenshot=true, platform=WIN8, browserName=chrome, javascriptEnabled=true, version=35.0.1916.153, chrome={userDataDir=C:\Users\ADMINI~1\AppData\Local\Temp\scoped_dir4076_31844}, webStorageEnabled=true, webdriver.remote.sessionid=b26bcd25-156a-405a-a953-e989a5b1f5be, browserConnectionEnabled=false, takesHeapSnapshot=true}]
Driver info: org.openqa.selenium.remote.RemoteWebDriver
	at sun.reflect.NativeConstructorAccessorImpl.newInstance0(Native Method)
	at sun.reflect.NativeConstructorAccessorImpl.newInstance(NativeConstructorAccessorImpl.java:56)
	at sun.reflect.DelegatingConstructorAccessorImpl.newInstance(DelegatingConstructorAccessorImpl.java:39)
	at java.lang.reflect.Constructor.newInstance(Constructor.java:527)
	at org.openqa.selenium.remote.ErrorHandler.createThrowable(ErrorHandler.java:204)
	at org.openqa.selenium.remote.ErrorHandler.throwIfResponseFailed(ErrorHandler.java:156)
	at org.openqa.selenium.remote.RemoteWebDriver.execute(RemoteWebDriver.java:600)
	at org.openqa.selenium.remote.RemoteWebDriver.execute(RemoteWebDriver.java:615)
	at org.openqa.selenium.remote.RemoteWebDriver.quit(RemoteWebDriver.java:469)
	at webUI.LoadBrowser.closeBrowser(LoadBrowser.java:266)
	at sun.reflect.GeneratedMethodAccessor21.invoke(Unknown Source)
	at sun.reflect.DelegatingMethodAccessorImpl.invoke(DelegatingMethodAccessorImpl.java:37)
	at java.lang.reflect.Method.invoke(Method.java:611)
	at org.testng.internal.MethodInvocationHelper.invokeMethod(MethodInvocationHelper.java:84)
	at org.testng.internal.Invoker.invokeConfigurationMethod(Invoker.java:564)
	at org.testng.internal.Invoker.invokeConfigurations(Invoker.java:213)
	at org.testng.internal.Invoker.invokeMethod(Invoker.java:786)
	at org.testng.internal.Invoker.invokeTestMethod(Invoker.java:901)
	at org.testng.internal.Invoker.invokeTestMethods(Invoker.java:1231)
	at org.testng.internal.TestMethodWorker.invokeTestMethods(TestMethodWorker.java:127)
	at org.testng.internal.TestMethodWorker.run(TestMethodWorker.java:111)
	at org.testng.TestRunner.privateRun(TestRunner.java:767)
	at org.testng.TestRunner.run(TestRunner.java:617)
	at org.testng.SuiteRunner.runTest(SuiteRunner.java:334)
	at org.testng.SuiteRunner.runSequentially(SuiteRunner.java:329)
	at org.testng.SuiteRunner.privateRun(SuiteRunner.java:291)
	at org.testng.SuiteRunner.run(SuiteRunner.java:240)
	at org.testng.SuiteRunnerWorker.runSuite(SuiteRunnerWorker.java:52)
	at org.testng.SuiteRunnerWorker.run(SuiteRunnerWorker.java:86)
	at org.testng.TestNG.runSuitesSequentially(TestNG.java:1224)
	at org.testng.TestNG.runSuitesLocally(TestNG.java:1149)
	at org.testng.TestNG.run(TestNG.java:1057)
	at org.testng.remote.RemoteTestNG.run(RemoteTestNG.java:111)
	at org.testng.remote.RemoteTestNG.initAndRun(RemoteTestNG.java:204)
	at org.testng.remote.RemoteTestNG.main(RemoteTestNG.java:175)
Caused by: org.openqa.selenium.remote.UnreachableBrowserException: Error communicating with the remote browser. It may have died.
Build info: version: '2.42.0', revision: '5e82430', time: '2014-05-22 20:18:07'
System info: host: 'dslvm346', ip: '9.162.138.157', os.name: 'Windows 8', os.arch: 'x86', os.version: '6.2', java.version: '1.7.0_55'
Driver info: driver.version: EventFiringWebDriver
Build info: version: '2.42.1', revision: '68b415a', time: '2014-05-29 16:16:49'
System info: host: 'piotrbogdanski', ip: '9.161.136.32', os.name: 'Windows 7', os.arch: 'x86', os.version: '6.1 build 7601 Service Pack 1', java.version: '1.6.0'
Driver info: driver.version: unknown
]]>
    </failure>
  </testcase> <!-- AllContentsLoads -->
  <testcase name="AllContentsLoads" time="0.000" classname="tests.webUI.nonFunctional.LibraryTestsContents">
    <failure type="org.openqa.selenium.WebDriverException" message="Error communicating with the remote browser. It may have died.
Build info: version: &#039;2.42.0&#039;, revision: &#039;5e82430&#039;, time: &#039;2014-05-22 20:18:07&#039;
System info: host: &#039;dslvm346&#039;, ip: &#039;9.162.138.157&#039;, os.name: &#039;Windows 8&#039;, os.arch: &#039;x86&#039;, os.version: &#039;6.2&#039;, java.version: &#039;1.7.0_55&#039;
Driver info: driver.version: EventFiringWebDriver
Command duration or timeout: 3.27 seconds
Build info: version: &#039;2.42.1&#039;, revision: &#039;68b415a&#039;, time: &#039;2014-05-29 16:16:49&#039;
System info: host: &#039;piotrbogdanski&#039;, ip: &#039;9.161.136.32&#039;, os.name: &#039;Windows 7&#039;, os.arch: &#039;x86&#039;, os.version: &#039;6.1 build 7601 Service Pack 1&#039;, java.version: &#039;1.6.0&#039;
Session ID: b26bcd25-156a-405a-a953-e989a5b1f5be
Capabilities [{handlesAlerts=true, rotatable=false, databaseEnabled=false, locationContextEnabled=true, acceptSslCerts=true, applicationCacheEnabled=false, nativeEvents=true, cssSelectorsEnabled=true, takesScreenshot=true, platform=WIN8, browserName=chrome, javascriptEnabled=true, version=35.0.1916.153, chrome={userDataDir=C:\Users\ADMINI~1\AppData\Local\Temp\scoped_dir4076_31844}, webStorageEnabled=true, webdriver.remote.sessionid=b26bcd25-156a-405a-a953-e989a5b1f5be, browserConnectionEnabled=false, takesHeapSnapshot=true}]
Driver info: org.openqa.selenium.remote.RemoteWebDriver">
      <![CDATA[org.openqa.selenium.WebDriverException: Error communicating with the remote browser. It may have died.
Build info: version: '2.42.0', revision: '5e82430', time: '2014-05-22 20:18:07'
System info: host: 'dslvm346', ip: '9.162.138.157', os.name: 'Windows 8', os.arch: 'x86', os.version: '6.2', java.version: '1.7.0_55'
Driver info: driver.version: EventFiringWebDriver
Command duration or timeout: 3.27 seconds
Build info: version: '2.42.1', revision: '68b415a', time: '2014-05-29 16:16:49'
System info: host: 'piotrbogdanski', ip: '9.161.136.32', os.name: 'Windows 7', os.arch: 'x86', os.version: '6.1 build 7601 Service Pack 1', java.version: '1.6.0'
Session ID: b26bcd25-156a-405a-a953-e989a5b1f5be
Capabilities [{handlesAlerts=true, rotatable=false, databaseEnabled=false, locationContextEnabled=true, acceptSslCerts=true, applicationCacheEnabled=false, nativeEvents=true, cssSelectorsEnabled=true, takesScreenshot=true, platform=WIN8, browserName=chrome, javascriptEnabled=true, version=35.0.1916.153, chrome={userDataDir=C:\Users\ADMINI~1\AppData\Local\Temp\scoped_dir4076_31844}, webStorageEnabled=true, webdriver.remote.sessionid=b26bcd25-156a-405a-a953-e989a5b1f5be, browserConnectionEnabled=false, takesHeapSnapshot=true}]
Driver info: org.openqa.selenium.remote.RemoteWebDriver
	at sun.reflect.NativeConstructorAccessorImpl.newInstance0(Native Method)
	at sun.reflect.NativeConstructorAccessorImpl.newInstance(NativeConstructorAccessorImpl.java:56)
	at sun.reflect.DelegatingConstructorAccessorImpl.newInstance(DelegatingConstructorAccessorImpl.java:39)
	at java.lang.reflect.Constructor.newInstance(Constructor.java:527)
	at org.openqa.selenium.remote.ErrorHandler.createThrowable(ErrorHandler.java:204)
	at org.openqa.selenium.remote.ErrorHandler.throwIfResponseFailed(ErrorHandler.java:156)
	at org.openqa.selenium.remote.RemoteWebDriver.execute(RemoteWebDriver.java:600)
	at org.openqa.selenium.remote.RemoteWebDriver.execute(RemoteWebDriver.java:615)
	at org.openqa.selenium.remote.RemoteWebDriver.quit(RemoteWebDriver.java:469)
	at webUI.LoadBrowser.closeBrowser(LoadBrowser.java:266)
	at sun.reflect.GeneratedMethodAccessor21.invoke(Unknown Source)
	at sun.reflect.DelegatingMethodAccessorImpl.invoke(DelegatingMethodAccessorImpl.java:37)
	at java.lang.reflect.Method.invoke(Method.java:611)
	at org.testng.internal.MethodInvocationHelper.invokeMethod(MethodInvocationHelper.java:84)
	at org.testng.internal.Invoker.invokeConfigurationMethod(Invoker.java:564)
	at org.testng.internal.Invoker.invokeConfigurations(Invoker.java:213)
	at org.testng.internal.Invoker.invokeMethod(Invoker.java:786)
	at org.testng.internal.Invoker.invokeTestMethod(Invoker.java:901)
	at org.testng.internal.Invoker.invokeTestMethods(Invoker.java:1231)
	at org.testng.internal.TestMethodWorker.invokeTestMethods(TestMethodWorker.java:127)
	at org.testng.internal.TestMethodWorker.run(TestMethodWorker.java:111)
	at org.testng.TestRunner.privateRun(TestRunner.java:767)
	at org.testng.TestRunner.run(TestRunner.java:617)
	at org.testng.SuiteRunner.runTest(SuiteRunner.java:334)
	at org.testng.SuiteRunner.runSequentially(SuiteRunner.java:329)
	at org.testng.SuiteRunner.privateRun(SuiteRunner.java:291)
	at org.testng.SuiteRunner.run(SuiteRunner.java:240)
	at org.testng.SuiteRunnerWorker.runSuite(SuiteRunnerWorker.java:52)
	at org.testng.SuiteRunnerWorker.run(SuiteRunnerWorker.java:86)
	at org.testng.TestNG.runSuitesSequentially(TestNG.java:1224)
	at org.testng.TestNG.runSuitesLocally(TestNG.java:1149)
	at org.testng.TestNG.run(TestNG.java:1057)
	at org.testng.remote.RemoteTestNG.run(RemoteTestNG.java:111)
	at org.testng.remote.RemoteTestNG.initAndRun(RemoteTestNG.java:204)
	at org.testng.remote.RemoteTestNG.main(RemoteTestNG.java:175)
Caused by: org.openqa.selenium.remote.UnreachableBrowserException: Error communicating with the remote browser. It may have died.
Build info: version: '2.42.0', revision: '5e82430', time: '2014-05-22 20:18:07'
System info: host: 'dslvm346', ip: '9.162.138.157', os.name: 'Windows 8', os.arch: 'x86', os.version: '6.2', java.version: '1.7.0_55'
Driver info: driver.version: EventFiringWebDriver
Build info: version: '2.42.1', revision: '68b415a', time: '2014-05-29 16:16:49'
System info: host: 'piotrbogdanski', ip: '9.161.136.32', os.name: 'Windows 7', os.arch: 'x86', os.version: '6.1 build 7601 Service Pack 1', java.version: '1.6.0'
Driver info: driver.version: unknown
]]>
    </failure>
  </testcase> <!-- AllContentsLoads -->
  <testcase name="AllContentsLoads" time="0.002" classname="tests.webUI.nonFunctional.LibraryTestsContents">
    <failure type="org.openqa.selenium.WebDriverException" message="Error communicating with the remote browser. It may have died.
Build info: version: &#039;2.42.0&#039;, revision: &#039;5e82430&#039;, time: &#039;2014-05-22 20:18:07&#039;
System info: host: &#039;dslvm346&#039;, ip: &#039;9.162.138.157&#039;, os.name: &#039;Windows 8&#039;, os.arch: &#039;x86&#039;, os.version: &#039;6.2&#039;, java.version: &#039;1.7.0_55&#039;
Driver info: driver.version: EventFiringWebDriver
Command duration or timeout: 3.27 seconds
Build info: version: &#039;2.42.1&#039;, revision: &#039;68b415a&#039;, time: &#039;2014-05-29 16:16:49&#039;
System info: host: &#039;piotrbogdanski&#039;, ip: &#039;9.161.136.32&#039;, os.name: &#039;Windows 7&#039;, os.arch: &#039;x86&#039;, os.version: &#039;6.1 build 7601 Service Pack 1&#039;, java.version: &#039;1.6.0&#039;
Session ID: b26bcd25-156a-405a-a953-e989a5b1f5be
Capabilities [{handlesAlerts=true, rotatable=false, databaseEnabled=false, locationContextEnabled=true, acceptSslCerts=true, applicationCacheEnabled=false, nativeEvents=true, cssSelectorsEnabled=true, takesScreenshot=true, platform=WIN8, browserName=chrome, javascriptEnabled=true, version=35.0.1916.153, chrome={userDataDir=C:\Users\ADMINI~1\AppData\Local\Temp\scoped_dir4076_31844}, webStorageEnabled=true, webdriver.remote.sessionid=b26bcd25-156a-405a-a953-e989a5b1f5be, browserConnectionEnabled=false, takesHeapSnapshot=true}]
Driver info: org.openqa.selenium.remote.RemoteWebDriver">
      <![CDATA[org.openqa.selenium.WebDriverException: Error communicating with the remote browser. It may have died.
Build info: version: '2.42.0', revision: '5e82430', time: '2014-05-22 20:18:07'
System info: host: 'dslvm346', ip: '9.162.138.157', os.name: 'Windows 8', os.arch: 'x86', os.version: '6.2', java.version: '1.7.0_55'
Driver info: driver.version: EventFiringWebDriver
Command duration or timeout: 3.27 seconds
Build info: version: '2.42.1', revision: '68b415a', time: '2014-05-29 16:16:49'
System info: host: 'piotrbogdanski', ip: '9.161.136.32', os.name: 'Windows 7', os.arch: 'x86', os.version: '6.1 build 7601 Service Pack 1', java.version: '1.6.0'
Session ID: b26bcd25-156a-405a-a953-e989a5b1f5be
Capabilities [{handlesAlerts=true, rotatable=false, databaseEnabled=false, locationContextEnabled=true, acceptSslCerts=true, applicationCacheEnabled=false, nativeEvents=true, cssSelectorsEnabled=true, takesScreenshot=true, platform=WIN8, browserName=chrome, javascriptEnabled=true, version=35.0.1916.153, chrome={userDataDir=C:\Users\ADMINI~1\AppData\Local\Temp\scoped_dir4076_31844}, webStorageEnabled=true, webdriver.remote.sessionid=b26bcd25-156a-405a-a953-e989a5b1f5be, browserConnectionEnabled=false, takesHeapSnapshot=true}]
Driver info: org.openqa.selenium.remote.RemoteWebDriver
	at sun.reflect.NativeConstructorAccessorImpl.newInstance0(Native Method)
	at sun.reflect.NativeConstructorAccessorImpl.newInstance(NativeConstructorAccessorImpl.java:56)
	at sun.reflect.DelegatingConstructorAccessorImpl.newInstance(DelegatingConstructorAccessorImpl.java:39)
	at java.lang.reflect.Constructor.newInstance(Constructor.java:527)
	at org.openqa.selenium.remote.ErrorHandler.createThrowable(ErrorHandler.java:204)
	at org.openqa.selenium.remote.ErrorHandler.throwIfResponseFailed(ErrorHandler.java:156)
	at org.openqa.selenium.remote.RemoteWebDriver.execute(RemoteWebDriver.java:600)
	at org.openqa.selenium.remote.RemoteWebDriver.execute(RemoteWebDriver.java:615)
	at org.openqa.selenium.remote.RemoteWebDriver.quit(RemoteWebDriver.java:469)
	at webUI.LoadBrowser.closeBrowser(LoadBrowser.java:266)
	at sun.reflect.GeneratedMethodAccessor21.invoke(Unknown Source)
	at sun.reflect.DelegatingMethodAccessorImpl.invoke(DelegatingMethodAccessorImpl.java:37)
	at java.lang.reflect.Method.invoke(Method.java:611)
	at org.testng.internal.MethodInvocationHelper.invokeMethod(MethodInvocationHelper.java:84)
	at org.testng.internal.Invoker.invokeConfigurationMethod(Invoker.java:564)
	at org.testng.internal.Invoker.invokeConfigurations(Invoker.java:213)
	at org.testng.internal.Invoker.invokeMethod(Invoker.java:786)
	at org.testng.internal.Invoker.invokeTestMethod(Invoker.java:901)
	at org.testng.internal.Invoker.invokeTestMethods(Invoker.java:1231)
	at org.testng.internal.TestMethodWorker.invokeTestMethods(TestMethodWorker.java:127)
	at org.testng.internal.TestMethodWorker.run(TestMethodWorker.java:111)
	at org.testng.TestRunner.privateRun(TestRunner.java:767)
	at org.testng.TestRunner.run(TestRunner.java:617)
	at org.testng.SuiteRunner.runTest(SuiteRunner.java:334)
	at org.testng.SuiteRunner.runSequentially(SuiteRunner.java:329)
	at org.testng.SuiteRunner.privateRun(SuiteRunner.java:291)
	at org.testng.SuiteRunner.run(SuiteRunner.java:240)
	at org.testng.SuiteRunnerWorker.runSuite(SuiteRunnerWorker.java:52)
	at org.testng.SuiteRunnerWorker.run(SuiteRunnerWorker.java:86)
	at org.testng.TestNG.runSuitesSequentially(TestNG.java:1224)
	at org.testng.TestNG.runSuitesLocally(TestNG.java:1149)
	at org.testng.TestNG.run(TestNG.java:1057)
	at org.testng.remote.RemoteTestNG.run(RemoteTestNG.java:111)
	at org.testng.remote.RemoteTestNG.initAndRun(RemoteTestNG.java:204)
	at org.testng.remote.RemoteTestNG.main(RemoteTestNG.java:175)
Caused by: org.openqa.selenium.remote.UnreachableBrowserException: Error communicating with the remote browser. It may have died.
Build info: version: '2.42.0', revision: '5e82430', time: '2014-05-22 20:18:07'
System info: host: 'dslvm346', ip: '9.162.138.157', os.name: 'Windows 8', os.arch: 'x86', os.version: '6.2', java.version: '1.7.0_55'
Driver info: driver.version: EventFiringWebDriver
Build info: version: '2.42.1', revision: '68b415a', time: '2014-05-29 16:16:49'
System info: host: 'piotrbogdanski', ip: '9.161.136.32', os.name: 'Windows 7', os.arch: 'x86', os.version: '6.1 build 7601 Service Pack 1', java.version: '1.6.0'
Driver info: driver.version: unknown
]]>
    </failure>
  </testcase> <!-- AllContentsLoads -->
  <testcase name="AllContentsLoads" time="0.000" classname="tests.webUI.nonFunctional.LibraryTestsContents">
    <failure type="org.openqa.selenium.WebDriverException" message="Error communicating with the remote browser. It may have died.
Build info: version: &#039;2.42.0&#039;, revision: &#039;5e82430&#039;, time: &#039;2014-05-22 20:18:07&#039;
System info: host: &#039;dslvm346&#039;, ip: &#039;9.162.138.157&#039;, os.name: &#039;Windows 8&#039;, os.arch: &#039;x86&#039;, os.version: &#039;6.2&#039;, java.version: &#039;1.7.0_55&#039;
Driver info: driver.version: EventFiringWebDriver
Command duration or timeout: 3.27 seconds
Build info: version: &#039;2.42.1&#039;, revision: &#039;68b415a&#039;, time: &#039;2014-05-29 16:16:49&#039;
System info: host: &#039;piotrbogdanski&#039;, ip: &#039;9.161.136.32&#039;, os.name: &#039;Windows 7&#039;, os.arch: &#039;x86&#039;, os.version: &#039;6.1 build 7601 Service Pack 1&#039;, java.version: &#039;1.6.0&#039;
Session ID: b26bcd25-156a-405a-a953-e989a5b1f5be
Capabilities [{handlesAlerts=true, rotatable=false, databaseEnabled=false, locationContextEnabled=true, acceptSslCerts=true, applicationCacheEnabled=false, nativeEvents=true, cssSelectorsEnabled=true, takesScreenshot=true, platform=WIN8, browserName=chrome, javascriptEnabled=true, version=35.0.1916.153, chrome={userDataDir=C:\Users\ADMINI~1\AppData\Local\Temp\scoped_dir4076_31844}, webStorageEnabled=true, webdriver.remote.sessionid=b26bcd25-156a-405a-a953-e989a5b1f5be, browserConnectionEnabled=false, takesHeapSnapshot=true}]
Driver info: org.openqa.selenium.remote.RemoteWebDriver">
      <![CDATA[org.openqa.selenium.WebDriverException: Error communicating with the remote browser. It may have died.
Build info: version: '2.42.0', revision: '5e82430', time: '2014-05-22 20:18:07'
System info: host: 'dslvm346', ip: '9.162.138.157', os.name: 'Windows 8', os.arch: 'x86', os.version: '6.2', java.version: '1.7.0_55'
Driver info: driver.version: EventFiringWebDriver
Command duration or timeout: 3.27 seconds
Build info: version: '2.42.1', revision: '68b415a', time: '2014-05-29 16:16:49'
System info: host: 'piotrbogdanski', ip: '9.161.136.32', os.name: 'Windows 7', os.arch: 'x86', os.version: '6.1 build 7601 Service Pack 1', java.version: '1.6.0'
Session ID: b26bcd25-156a-405a-a953-e989a5b1f5be
Capabilities [{handlesAlerts=true, rotatable=false, databaseEnabled=false, locationContextEnabled=true, acceptSslCerts=true, applicationCacheEnabled=false, nativeEvents=true, cssSelectorsEnabled=true, takesScreenshot=true, platform=WIN8, browserName=chrome, javascriptEnabled=true, version=35.0.1916.153, chrome={userDataDir=C:\Users\ADMINI~1\AppData\Local\Temp\scoped_dir4076_31844}, webStorageEnabled=true, webdriver.remote.sessionid=b26bcd25-156a-405a-a953-e989a5b1f5be, browserConnectionEnabled=false, takesHeapSnapshot=true}]
Driver info: org.openqa.selenium.remote.RemoteWebDriver
	at sun.reflect.NativeConstructorAccessorImpl.newInstance0(Native Method)
	at sun.reflect.NativeConstructorAccessorImpl.newInstance(NativeConstructorAccessorImpl.java:56)
	at sun.reflect.DelegatingConstructorAccessorImpl.newInstance(DelegatingConstructorAccessorImpl.java:39)
	at java.lang.reflect.Constructor.newInstance(Constructor.java:527)
	at org.openqa.selenium.remote.ErrorHandler.createThrowable(ErrorHandler.java:204)
	at org.openqa.selenium.remote.ErrorHandler.throwIfResponseFailed(ErrorHandler.java:156)
	at org.openqa.selenium.remote.RemoteWebDriver.execute(RemoteWebDriver.java:600)
	at org.openqa.selenium.remote.RemoteWebDriver.execute(RemoteWebDriver.java:615)
	at org.openqa.selenium.remote.RemoteWebDriver.quit(RemoteWebDriver.java:469)
	at webUI.LoadBrowser.closeBrowser(LoadBrowser.java:266)
	at sun.reflect.GeneratedMethodAccessor21.invoke(Unknown Source)
	at sun.reflect.DelegatingMethodAccessorImpl.invoke(DelegatingMethodAccessorImpl.java:37)
	at java.lang.reflect.Method.invoke(Method.java:611)
	at org.testng.internal.MethodInvocationHelper.invokeMethod(MethodInvocationHelper.java:84)
	at org.testng.internal.Invoker.invokeConfigurationMethod(Invoker.java:564)
	at org.testng.internal.Invoker.invokeConfigurations(Invoker.java:213)
	at org.testng.internal.Invoker.invokeMethod(Invoker.java:786)
	at org.testng.internal.Invoker.invokeTestMethod(Invoker.java:901)
	at org.testng.internal.Invoker.invokeTestMethods(Invoker.java:1231)
	at org.testng.internal.TestMethodWorker.invokeTestMethods(TestMethodWorker.java:127)
	at org.testng.internal.TestMethodWorker.run(TestMethodWorker.java:111)
	at org.testng.TestRunner.privateRun(TestRunner.java:767)
	at org.testng.TestRunner.run(TestRunner.java:617)
	at org.testng.SuiteRunner.runTest(SuiteRunner.java:334)
	at org.testng.SuiteRunner.runSequentially(SuiteRunner.java:329)
	at org.testng.SuiteRunner.privateRun(SuiteRunner.java:291)
	at org.testng.SuiteRunner.run(SuiteRunner.java:240)
	at org.testng.SuiteRunnerWorker.runSuite(SuiteRunnerWorker.java:52)
	at org.testng.SuiteRunnerWorker.run(SuiteRunnerWorker.java:86)
	at org.testng.TestNG.runSuitesSequentially(TestNG.java:1224)
	at org.testng.TestNG.runSuitesLocally(TestNG.java:1149)
	at org.testng.TestNG.run(TestNG.java:1057)
	at org.testng.remote.RemoteTestNG.run(RemoteTestNG.java:111)
	at org.testng.remote.RemoteTestNG.initAndRun(RemoteTestNG.java:204)
	at org.testng.remote.RemoteTestNG.main(RemoteTestNG.java:175)
Caused by: org.openqa.selenium.remote.UnreachableBrowserException: Error communicating with the remote browser. It may have died.
Build info: version: '2.42.0', revision: '5e82430', time: '2014-05-22 20:18:07'
System info: host: 'dslvm346', ip: '9.162.138.157', os.name: 'Windows 8', os.arch: 'x86', os.version: '6.2', java.version: '1.7.0_55'
Driver info: driver.version: EventFiringWebDriver
Build info: version: '2.42.1', revision: '68b415a', time: '2014-05-29 16:16:49'
System info: host: 'piotrbogdanski', ip: '9.161.136.32', os.name: 'Windows 7', os.arch: 'x86', os.version: '6.1 build 7601 Service Pack 1', java.version: '1.6.0'
Driver info: driver.version: unknown
]]>
    </failure>
  </testcase> <!-- AllContentsLoads -->
  <testcase name="AllContentsLoads" time="0.000" classname="tests.webUI.nonFunctional.LibraryTestsContents">
    <failure type="org.openqa.selenium.WebDriverException" message="Error communicating with the remote browser. It may have died.
Build info: version: &#039;2.42.0&#039;, revision: &#039;5e82430&#039;, time: &#039;2014-05-22 20:18:07&#039;
System info: host: &#039;dslvm346&#039;, ip: &#039;9.162.138.157&#039;, os.name: &#039;Windows 8&#039;, os.arch: &#039;x86&#039;, os.version: &#039;6.2&#039;, java.version: &#039;1.7.0_55&#039;
Driver info: driver.version: EventFiringWebDriver
Command duration or timeout: 3.27 seconds
Build info: version: &#039;2.42.1&#039;, revision: &#039;68b415a&#039;, time: &#039;2014-05-29 16:16:49&#039;
System info: host: &#039;piotrbogdanski&#039;, ip: &#039;9.161.136.32&#039;, os.name: &#039;Windows 7&#039;, os.arch: &#039;x86&#039;, os.version: &#039;6.1 build 7601 Service Pack 1&#039;, java.version: &#039;1.6.0&#039;
Session ID: b26bcd25-156a-405a-a953-e989a5b1f5be
Capabilities [{handlesAlerts=true, rotatable=false, databaseEnabled=false, locationContextEnabled=true, acceptSslCerts=true, applicationCacheEnabled=false, nativeEvents=true, cssSelectorsEnabled=true, takesScreenshot=true, platform=WIN8, browserName=chrome, javascriptEnabled=true, version=35.0.1916.153, chrome={userDataDir=C:\Users\ADMINI~1\AppData\Local\Temp\scoped_dir4076_31844}, webStorageEnabled=true, webdriver.remote.sessionid=b26bcd25-156a-405a-a953-e989a5b1f5be, browserConnectionEnabled=false, takesHeapSnapshot=true}]
Driver info: org.openqa.selenium.remote.RemoteWebDriver">
      <![CDATA[org.openqa.selenium.WebDriverException: Error communicating with the remote browser. It may have died.
Build info: version: '2.42.0', revision: '5e82430', time: '2014-05-22 20:18:07'
System info: host: 'dslvm346', ip: '9.162.138.157', os.name: 'Windows 8', os.arch: 'x86', os.version: '6.2', java.version: '1.7.0_55'
Driver info: driver.version: EventFiringWebDriver
Command duration or timeout: 3.27 seconds
Build info: version: '2.42.1', revision: '68b415a', time: '2014-05-29 16:16:49'
System info: host: 'piotrbogdanski', ip: '9.161.136.32', os.name: 'Windows 7', os.arch: 'x86', os.version: '6.1 build 7601 Service Pack 1', java.version: '1.6.0'
Session ID: b26bcd25-156a-405a-a953-e989a5b1f5be
Capabilities [{handlesAlerts=true, rotatable=false, databaseEnabled=false, locationContextEnabled=true, acceptSslCerts=true, applicationCacheEnabled=false, nativeEvents=true, cssSelectorsEnabled=true, takesScreenshot=true, platform=WIN8, browserName=chrome, javascriptEnabled=true, version=35.0.1916.153, chrome={userDataDir=C:\Users\ADMINI~1\AppData\Local\Temp\scoped_dir4076_31844}, webStorageEnabled=true, webdriver.remote.sessionid=b26bcd25-156a-405a-a953-e989a5b1f5be, browserConnectionEnabled=false, takesHeapSnapshot=true}]
Driver info: org.openqa.selenium.remote.RemoteWebDriver
	at sun.reflect.NativeConstructorAccessorImpl.newInstance0(Native Method)
	at sun.reflect.NativeConstructorAccessorImpl.newInstance(NativeConstructorAccessorImpl.java:56)
	at sun.reflect.DelegatingConstructorAccessorImpl.newInstance(DelegatingConstructorAccessorImpl.java:39)
	at java.lang.reflect.Constructor.newInstance(Constructor.java:527)
	at org.openqa.selenium.remote.ErrorHandler.createThrowable(ErrorHandler.java:204)
	at org.openqa.selenium.remote.ErrorHandler.throwIfResponseFailed(ErrorHandler.java:156)
	at org.openqa.selenium.remote.RemoteWebDriver.execute(RemoteWebDriver.java:600)
	at org.openqa.selenium.remote.RemoteWebDriver.execute(RemoteWebDriver.java:615)
	at org.openqa.selenium.remote.RemoteWebDriver.quit(RemoteWebDriver.java:469)
	at webUI.LoadBrowser.closeBrowser(LoadBrowser.java:266)
	at sun.reflect.GeneratedMethodAccessor21.invoke(Unknown Source)
	at sun.reflect.DelegatingMethodAccessorImpl.invoke(DelegatingMethodAccessorImpl.java:37)
	at java.lang.reflect.Method.invoke(Method.java:611)
	at org.testng.internal.MethodInvocationHelper.invokeMethod(MethodInvocationHelper.java:84)
	at org.testng.internal.Invoker.invokeConfigurationMethod(Invoker.java:564)
	at org.testng.internal.Invoker.invokeConfigurations(Invoker.java:213)
	at org.testng.internal.Invoker.invokeMethod(Invoker.java:786)
	at org.testng.internal.Invoker.invokeTestMethod(Invoker.java:901)
	at org.testng.internal.Invoker.invokeTestMethods(Invoker.java:1231)
	at org.testng.internal.TestMethodWorker.invokeTestMethods(TestMethodWorker.java:127)
	at org.testng.internal.TestMethodWorker.run(TestMethodWorker.java:111)
	at org.testng.TestRunner.privateRun(TestRunner.java:767)
	at org.testng.TestRunner.run(TestRunner.java:617)
	at org.testng.SuiteRunner.runTest(SuiteRunner.java:334)
	at org.testng.SuiteRunner.runSequentially(SuiteRunner.java:329)
	at org.testng.SuiteRunner.privateRun(SuiteRunner.java:291)
	at org.testng.SuiteRunner.run(SuiteRunner.java:240)
	at org.testng.SuiteRunnerWorker.runSuite(SuiteRunnerWorker.java:52)
	at org.testng.SuiteRunnerWorker.run(SuiteRunnerWorker.java:86)
	at org.testng.TestNG.runSuitesSequentially(TestNG.java:1224)
	at org.testng.TestNG.runSuitesLocally(TestNG.java:1149)
	at org.testng.TestNG.run(TestNG.java:1057)
	at org.testng.remote.RemoteTestNG.run(RemoteTestNG.java:111)
	at org.testng.remote.RemoteTestNG.initAndRun(RemoteTestNG.java:204)
	at org.testng.remote.RemoteTestNG.main(RemoteTestNG.java:175)
Caused by: org.openqa.selenium.remote.UnreachableBrowserException: Error communicating with the remote browser. It may have died.
Build info: version: '2.42.0', revision: '5e82430', time: '2014-05-22 20:18:07'
System info: host: 'dslvm346', ip: '9.162.138.157', os.name: 'Windows 8', os.arch: 'x86', os.version: '6.2', java.version: '1.7.0_55'
Driver info: driver.version: EventFiringWebDriver
Build info: version: '2.42.1', revision: '68b415a', time: '2014-05-29 16:16:49'
System info: host: 'piotrbogdanski', ip: '9.161.136.32', os.name: 'Windows 7', os.arch: 'x86', os.version: '6.1 build 7601 Service Pack 1', java.version: '1.6.0'
Driver info: driver.version: unknown
]]>
    </failure>
  </testcase> <!-- AllContentsLoads -->
  <testcase name="AllContentsLoads" time="40.076" classname="tests.webUI.nonFunctional.LibraryTestsContents"/>
  <testcase name="AllContentsLoads" time="0.000" classname="tests.webUI.nonFunctional.LibraryTestsContents">
    <failure type="org.openqa.selenium.WebDriverException" message="Error communicating with the remote browser. It may have died.
Build info: version: &#039;2.42.0&#039;, revision: &#039;5e82430&#039;, time: &#039;2014-05-22 20:18:07&#039;
System info: host: &#039;dslvm346&#039;, ip: &#039;9.162.138.157&#039;, os.name: &#039;Windows 8&#039;, os.arch: &#039;x86&#039;, os.version: &#039;6.2&#039;, java.version: &#039;1.7.0_55&#039;
Driver info: driver.version: EventFiringWebDriver
Command duration or timeout: 3.27 seconds
Build info: version: &#039;2.42.1&#039;, revision: &#039;68b415a&#039;, time: &#039;2014-05-29 16:16:49&#039;
System info: host: &#039;piotrbogdanski&#039;, ip: &#039;9.161.136.32&#039;, os.name: &#039;Windows 7&#039;, os.arch: &#039;x86&#039;, os.version: &#039;6.1 build 7601 Service Pack 1&#039;, java.version: &#039;1.6.0&#039;
Session ID: b26bcd25-156a-405a-a953-e989a5b1f5be
Capabilities [{handlesAlerts=true, rotatable=false, databaseEnabled=false, locationContextEnabled=true, acceptSslCerts=true, applicationCacheEnabled=false, nativeEvents=true, cssSelectorsEnabled=true, takesScreenshot=true, platform=WIN8, browserName=chrome, javascriptEnabled=true, version=35.0.1916.153, chrome={userDataDir=C:\Users\ADMINI~1\AppData\Local\Temp\scoped_dir4076_31844}, webStorageEnabled=true, webdriver.remote.sessionid=b26bcd25-156a-405a-a953-e989a5b1f5be, browserConnectionEnabled=false, takesHeapSnapshot=true}]
Driver info: org.openqa.selenium.remote.RemoteWebDriver">
      <![CDATA[org.openqa.selenium.WebDriverException: Error communicating with the remote browser. It may have died.
Build info: version: '2.42.0', revision: '5e82430', time: '2014-05-22 20:18:07'
System info: host: 'dslvm346', ip: '9.162.138.157', os.name: 'Windows 8', os.arch: 'x86', os.version: '6.2', java.version: '1.7.0_55'
Driver info: driver.version: EventFiringWebDriver
Command duration or timeout: 3.27 seconds
Build info: version: '2.42.1', revision: '68b415a', time: '2014-05-29 16:16:49'
System info: host: 'piotrbogdanski', ip: '9.161.136.32', os.name: 'Windows 7', os.arch: 'x86', os.version: '6.1 build 7601 Service Pack 1', java.version: '1.6.0'
Session ID: b26bcd25-156a-405a-a953-e989a5b1f5be
Capabilities [{handlesAlerts=true, rotatable=false, databaseEnabled=false, locationContextEnabled=true, acceptSslCerts=true, applicationCacheEnabled=false, nativeEvents=true, cssSelectorsEnabled=true, takesScreenshot=true, platform=WIN8, browserName=chrome, javascriptEnabled=true, version=35.0.1916.153, chrome={userDataDir=C:\Users\ADMINI~1\AppData\Local\Temp\scoped_dir4076_31844}, webStorageEnabled=true, webdriver.remote.sessionid=b26bcd25-156a-405a-a953-e989a5b1f5be, browserConnectionEnabled=false, takesHeapSnapshot=true}]
Driver info: org.openqa.selenium.remote.RemoteWebDriver
	at sun.reflect.NativeConstructorAccessorImpl.newInstance0(Native Method)
	at sun.reflect.NativeConstructorAccessorImpl.newInstance(NativeConstructorAccessorImpl.java:56)
	at sun.reflect.DelegatingConstructorAccessorImpl.newInstance(DelegatingConstructorAccessorImpl.java:39)
	at java.lang.reflect.Constructor.newInstance(Constructor.java:527)
	at org.openqa.selenium.remote.ErrorHandler.createThrowable(ErrorHandler.java:204)
	at org.openqa.selenium.remote.ErrorHandler.throwIfResponseFailed(ErrorHandler.java:156)
	at org.openqa.selenium.remote.RemoteWebDriver.execute(RemoteWebDriver.java:600)
	at org.openqa.selenium.remote.RemoteWebDriver.execute(RemoteWebDriver.java:615)
	at org.openqa.selenium.remote.RemoteWebDriver.quit(RemoteWebDriver.java:469)
	at webUI.LoadBrowser.closeBrowser(LoadBrowser.java:266)
	at sun.reflect.GeneratedMethodAccessor21.invoke(Unknown Source)
	at sun.reflect.DelegatingMethodAccessorImpl.invoke(DelegatingMethodAccessorImpl.java:37)
	at java.lang.reflect.Method.invoke(Method.java:611)
	at org.testng.internal.MethodInvocationHelper.invokeMethod(MethodInvocationHelper.java:84)
	at org.testng.internal.Invoker.invokeConfigurationMethod(Invoker.java:564)
	at org.testng.internal.Invoker.invokeConfigurations(Invoker.java:213)
	at org.testng.internal.Invoker.invokeMethod(Invoker.java:786)
	at org.testng.internal.Invoker.invokeTestMethod(Invoker.java:901)
	at org.testng.internal.Invoker.invokeTestMethods(Invoker.java:1231)
	at org.testng.internal.TestMethodWorker.invokeTestMethods(TestMethodWorker.java:127)
	at org.testng.internal.TestMethodWorker.run(TestMethodWorker.java:111)
	at org.testng.TestRunner.privateRun(TestRunner.java:767)
	at org.testng.TestRunner.run(TestRunner.java:617)
	at org.testng.SuiteRunner.runTest(SuiteRunner.java:334)
	at org.testng.SuiteRunner.runSequentially(SuiteRunner.java:329)
	at org.testng.SuiteRunner.privateRun(SuiteRunner.java:291)
	at org.testng.SuiteRunner.run(SuiteRunner.java:240)
	at org.testng.SuiteRunnerWorker.runSuite(SuiteRunnerWorker.java:52)
	at org.testng.SuiteRunnerWorker.run(SuiteRunnerWorker.java:86)
	at org.testng.TestNG.runSuitesSequentially(TestNG.java:1224)
	at org.testng.TestNG.runSuitesLocally(TestNG.java:1149)
	at org.testng.TestNG.run(TestNG.java:1057)
	at org.testng.remote.RemoteTestNG.run(RemoteTestNG.java:111)
	at org.testng.remote.RemoteTestNG.initAndRun(RemoteTestNG.java:204)
	at org.testng.remote.RemoteTestNG.main(RemoteTestNG.java:175)
Caused by: org.openqa.selenium.remote.UnreachableBrowserException: Error communicating with the remote browser. It may have died.
Build info: version: '2.42.0', revision: '5e82430', time: '2014-05-22 20:18:07'
System info: host: 'dslvm346', ip: '9.162.138.157', os.name: 'Windows 8', os.arch: 'x86', os.version: '6.2', java.version: '1.7.0_55'
Driver info: driver.version: EventFiringWebDriver
Build info: version: '2.42.1', revision: '68b415a', time: '2014-05-29 16:16:49'
System info: host: 'piotrbogdanski', ip: '9.161.136.32', os.name: 'Windows 7', os.arch: 'x86', os.version: '6.1 build 7601 Service Pack 1', java.version: '1.6.0'
Driver info: driver.version: unknown
]]>
    </failure>
  </testcase> <!-- AllContentsLoads -->
  <testcase name="AllContentsLoads" time="0.000" classname="tests.webUI.nonFunctional.LibraryTestsContents">
    <failure type="org.openqa.selenium.WebDriverException" message="Error communicating with the remote browser. It may have died.
Build info: version: &#039;2.42.0&#039;, revision: &#039;5e82430&#039;, time: &#039;2014-05-22 20:18:07&#039;
System info: host: &#039;dslvm346&#039;, ip: &#039;9.162.138.157&#039;, os.name: &#039;Windows 8&#039;, os.arch: &#039;x86&#039;, os.version: &#039;6.2&#039;, java.version: &#039;1.7.0_55&#039;
Driver info: driver.version: EventFiringWebDriver
Command duration or timeout: 3.27 seconds
Build info: version: &#039;2.42.1&#039;, revision: &#039;68b415a&#039;, time: &#039;2014-05-29 16:16:49&#039;
System info: host: &#039;piotrbogdanski&#039;, ip: &#039;9.161.136.32&#039;, os.name: &#039;Windows 7&#039;, os.arch: &#039;x86&#039;, os.version: &#039;6.1 build 7601 Service Pack 1&#039;, java.version: &#039;1.6.0&#039;
Session ID: b26bcd25-156a-405a-a953-e989a5b1f5be
Capabilities [{handlesAlerts=true, rotatable=false, databaseEnabled=false, locationContextEnabled=true, acceptSslCerts=true, applicationCacheEnabled=false, nativeEvents=true, cssSelectorsEnabled=true, takesScreenshot=true, platform=WIN8, browserName=chrome, javascriptEnabled=true, version=35.0.1916.153, chrome={userDataDir=C:\Users\ADMINI~1\AppData\Local\Temp\scoped_dir4076_31844}, webStorageEnabled=true, webdriver.remote.sessionid=b26bcd25-156a-405a-a953-e989a5b1f5be, browserConnectionEnabled=false, takesHeapSnapshot=true}]
Driver info: org.openqa.selenium.remote.RemoteWebDriver">
      <![CDATA[org.openqa.selenium.WebDriverException: Error communicating with the remote browser. It may have died.
Build info: version: '2.42.0', revision: '5e82430', time: '2014-05-22 20:18:07'
System info: host: 'dslvm346', ip: '9.162.138.157', os.name: 'Windows 8', os.arch: 'x86', os.version: '6.2', java.version: '1.7.0_55'
Driver info: driver.version: EventFiringWebDriver
Command duration or timeout: 3.27 seconds
Build info: version: '2.42.1', revision: '68b415a', time: '2014-05-29 16:16:49'
System info: host: 'piotrbogdanski', ip: '9.161.136.32', os.name: 'Windows 7', os.arch: 'x86', os.version: '6.1 build 7601 Service Pack 1', java.version: '1.6.0'
Session ID: b26bcd25-156a-405a-a953-e989a5b1f5be
Capabilities [{handlesAlerts=true, rotatable=false, databaseEnabled=false, locationContextEnabled=true, acceptSslCerts=true, applicationCacheEnabled=false, nativeEvents=true, cssSelectorsEnabled=true, takesScreenshot=true, platform=WIN8, browserName=chrome, javascriptEnabled=true, version=35.0.1916.153, chrome={userDataDir=C:\Users\ADMINI~1\AppData\Local\Temp\scoped_dir4076_31844}, webStorageEnabled=true, webdriver.remote.sessionid=b26bcd25-156a-405a-a953-e989a5b1f5be, browserConnectionEnabled=false, takesHeapSnapshot=true}]
Driver info: org.openqa.selenium.remote.RemoteWebDriver
	at sun.reflect.NativeConstructorAccessorImpl.newInstance0(Native Method)
	at sun.reflect.NativeConstructorAccessorImpl.newInstance(NativeConstructorAccessorImpl.java:56)
	at sun.reflect.DelegatingConstructorAccessorImpl.newInstance(DelegatingConstructorAccessorImpl.java:39)
	at java.lang.reflect.Constructor.newInstance(Constructor.java:527)
	at org.openqa.selenium.remote.ErrorHandler.createThrowable(ErrorHandler.java:204)
	at org.openqa.selenium.remote.ErrorHandler.throwIfResponseFailed(ErrorHandler.java:156)
	at org.openqa.selenium.remote.RemoteWebDriver.execute(RemoteWebDriver.java:600)
	at org.openqa.selenium.remote.RemoteWebDriver.execute(RemoteWebDriver.java:615)
	at org.openqa.selenium.remote.RemoteWebDriver.quit(RemoteWebDriver.java:469)
	at webUI.LoadBrowser.closeBrowser(LoadBrowser.java:266)
	at sun.reflect.GeneratedMethodAccessor21.invoke(Unknown Source)
	at sun.reflect.DelegatingMethodAccessorImpl.invoke(DelegatingMethodAccessorImpl.java:37)
	at java.lang.reflect.Method.invoke(Method.java:611)
	at org.testng.internal.MethodInvocationHelper.invokeMethod(MethodInvocationHelper.java:84)
	at org.testng.internal.Invoker.invokeConfigurationMethod(Invoker.java:564)
	at org.testng.internal.Invoker.invokeConfigurations(Invoker.java:213)
	at org.testng.internal.Invoker.invokeMethod(Invoker.java:786)
	at org.testng.internal.Invoker.invokeTestMethod(Invoker.java:901)
	at org.testng.internal.Invoker.invokeTestMethods(Invoker.java:1231)
	at org.testng.internal.TestMethodWorker.invokeTestMethods(TestMethodWorker.java:127)
	at org.testng.internal.TestMethodWorker.run(TestMethodWorker.java:111)
	at org.testng.TestRunner.privateRun(TestRunner.java:767)
	at org.testng.TestRunner.run(TestRunner.java:617)
	at org.testng.SuiteRunner.runTest(SuiteRunner.java:334)
	at org.testng.SuiteRunner.runSequentially(SuiteRunner.java:329)
	at org.testng.SuiteRunner.privateRun(SuiteRunner.java:291)
	at org.testng.SuiteRunner.run(SuiteRunner.java:240)
	at org.testng.SuiteRunnerWorker.runSuite(SuiteRunnerWorker.java:52)
	at org.testng.SuiteRunnerWorker.run(SuiteRunnerWorker.java:86)
	at org.testng.TestNG.runSuitesSequentially(TestNG.java:1224)
	at org.testng.TestNG.runSuitesLocally(TestNG.java:1149)
	at org.testng.TestNG.run(TestNG.java:1057)
	at org.testng.remote.RemoteTestNG.run(RemoteTestNG.java:111)
	at org.testng.remote.RemoteTestNG.initAndRun(RemoteTestNG.java:204)
	at org.testng.remote.RemoteTestNG.main(RemoteTestNG.java:175)
Caused by: org.openqa.selenium.remote.UnreachableBrowserException: Error communicating with the remote browser. It may have died.
Build info: version: '2.42.0', revision: '5e82430', time: '2014-05-22 20:18:07'
System info: host: 'dslvm346', ip: '9.162.138.157', os.name: 'Windows 8', os.arch: 'x86', os.version: '6.2', java.version: '1.7.0_55'
Driver info: driver.version: EventFiringWebDriver
Build info: version: '2.42.1', revision: '68b415a', time: '2014-05-29 16:16:49'
System info: host: 'piotrbogdanski', ip: '9.161.136.32', os.name: 'Windows 7', os.arch: 'x86', os.version: '6.1 build 7601 Service Pack 1', java.version: '1.6.0'
Driver info: driver.version: unknown
]]>
    </failure>
  </testcase> <!-- AllContentsLoads -->
  <testcase name="AllContentsLoads" time="0.001" classname="tests.webUI.nonFunctional.LibraryTestsContents">
    <failure type="org.openqa.selenium.WebDriverException" message="Error communicating with the remote browser. It may have died.
Build info: version: &#039;2.42.0&#039;, revision: &#039;5e82430&#039;, time: &#039;2014-05-22 20:18:07&#039;
System info: host: &#039;dslvm346&#039;, ip: &#039;9.162.138.157&#039;, os.name: &#039;Windows 8&#039;, os.arch: &#039;x86&#039;, os.version: &#039;6.2&#039;, java.version: &#039;1.7.0_55&#039;
Driver info: driver.version: EventFiringWebDriver
Command duration or timeout: 3.27 seconds
Build info: version: &#039;2.42.1&#039;, revision: &#039;68b415a&#039;, time: &#039;2014-05-29 16:16:49&#039;
System info: host: &#039;piotrbogdanski&#039;, ip: &#039;9.161.136.32&#039;, os.name: &#039;Windows 7&#039;, os.arch: &#039;x86&#039;, os.version: &#039;6.1 build 7601 Service Pack 1&#039;, java.version: &#039;1.6.0&#039;
Session ID: b26bcd25-156a-405a-a953-e989a5b1f5be
Capabilities [{handlesAlerts=true, rotatable=false, databaseEnabled=false, locationContextEnabled=true, acceptSslCerts=true, applicationCacheEnabled=false, nativeEvents=true, cssSelectorsEnabled=true, takesScreenshot=true, platform=WIN8, browserName=chrome, javascriptEnabled=true, version=35.0.1916.153, chrome={userDataDir=C:\Users\ADMINI~1\AppData\Local\Temp\scoped_dir4076_31844}, webStorageEnabled=true, webdriver.remote.sessionid=b26bcd25-156a-405a-a953-e989a5b1f5be, browserConnectionEnabled=false, takesHeapSnapshot=true}]
Driver info: org.openqa.selenium.remote.RemoteWebDriver">
      <![CDATA[org.openqa.selenium.WebDriverException: Error communicating with the remote browser. It may have died.
Build info: version: '2.42.0', revision: '5e82430', time: '2014-05-22 20:18:07'
System info: host: 'dslvm346', ip: '9.162.138.157', os.name: 'Windows 8', os.arch: 'x86', os.version: '6.2', java.version: '1.7.0_55'
Driver info: driver.version: EventFiringWebDriver
Command duration or timeout: 3.27 seconds
Build info: version: '2.42.1', revision: '68b415a', time: '2014-05-29 16:16:49'
System info: host: 'piotrbogdanski', ip: '9.161.136.32', os.name: 'Windows 7', os.arch: 'x86', os.version: '6.1 build 7601 Service Pack 1', java.version: '1.6.0'
Session ID: b26bcd25-156a-405a-a953-e989a5b1f5be
Capabilities [{handlesAlerts=true, rotatable=false, databaseEnabled=false, locationContextEnabled=true, acceptSslCerts=true, applicationCacheEnabled=false, nativeEvents=true, cssSelectorsEnabled=true, takesScreenshot=true, platform=WIN8, browserName=chrome, javascriptEnabled=true, version=35.0.1916.153, chrome={userDataDir=C:\Users\ADMINI~1\AppData\Local\Temp\scoped_dir4076_31844}, webStorageEnabled=true, webdriver.remote.sessionid=b26bcd25-156a-405a-a953-e989a5b1f5be, browserConnectionEnabled=false, takesHeapSnapshot=true}]
Driver info: org.openqa.selenium.remote.RemoteWebDriver
	at sun.reflect.NativeConstructorAccessorImpl.newInstance0(Native Method)
	at sun.reflect.NativeConstructorAccessorImpl.newInstance(NativeConstructorAccessorImpl.java:56)
	at sun.reflect.DelegatingConstructorAccessorImpl.newInstance(DelegatingConstructorAccessorImpl.java:39)
	at java.lang.reflect.Constructor.newInstance(Constructor.java:527)
	at org.openqa.selenium.remote.ErrorHandler.createThrowable(ErrorHandler.java:204)
	at org.openqa.selenium.remote.ErrorHandler.throwIfResponseFailed(ErrorHandler.java:156)
	at org.openqa.selenium.remote.RemoteWebDriver.execute(RemoteWebDriver.java:600)
	at org.openqa.selenium.remote.RemoteWebDriver.execute(RemoteWebDriver.java:615)
	at org.openqa.selenium.remote.RemoteWebDriver.quit(RemoteWebDriver.java:469)
	at webUI.LoadBrowser.closeBrowser(LoadBrowser.java:266)
	at sun.reflect.GeneratedMethodAccessor21.invoke(Unknown Source)
	at sun.reflect.DelegatingMethodAccessorImpl.invoke(DelegatingMethodAccessorImpl.java:37)
	at java.lang.reflect.Method.invoke(Method.java:611)
	at org.testng.internal.MethodInvocationHelper.invokeMethod(MethodInvocationHelper.java:84)
	at org.testng.internal.Invoker.invokeConfigurationMethod(Invoker.java:564)
	at org.testng.internal.Invoker.invokeConfigurations(Invoker.java:213)
	at org.testng.internal.Invoker.invokeMethod(Invoker.java:786)
	at org.testng.internal.Invoker.invokeTestMethod(Invoker.java:901)
	at org.testng.internal.Invoker.invokeTestMethods(Invoker.java:1231)
	at org.testng.internal.TestMethodWorker.invokeTestMethods(TestMethodWorker.java:127)
	at org.testng.internal.TestMethodWorker.run(TestMethodWorker.java:111)
	at org.testng.TestRunner.privateRun(TestRunner.java:767)
	at org.testng.TestRunner.run(TestRunner.java:617)
	at org.testng.SuiteRunner.runTest(SuiteRunner.java:334)
	at org.testng.SuiteRunner.runSequentially(SuiteRunner.java:329)
	at org.testng.SuiteRunner.privateRun(SuiteRunner.java:291)
	at org.testng.SuiteRunner.run(SuiteRunner.java:240)
	at org.testng.SuiteRunnerWorker.runSuite(SuiteRunnerWorker.java:52)
	at org.testng.SuiteRunnerWorker.run(SuiteRunnerWorker.java:86)
	at org.testng.TestNG.runSuitesSequentially(TestNG.java:1224)
	at org.testng.TestNG.runSuitesLocally(TestNG.java:1149)
	at org.testng.TestNG.run(TestNG.java:1057)
	at org.testng.remote.RemoteTestNG.run(RemoteTestNG.java:111)
	at org.testng.remote.RemoteTestNG.initAndRun(RemoteTestNG.java:204)
	at org.testng.remote.RemoteTestNG.main(RemoteTestNG.java:175)
Caused by: org.openqa.selenium.remote.UnreachableBrowserException: Error communicating with the remote browser. It may have died.
Build info: version: '2.42.0', revision: '5e82430', time: '2014-05-22 20:18:07'
System info: host: 'dslvm346', ip: '9.162.138.157', os.name: 'Windows 8', os.arch: 'x86', os.version: '6.2', java.version: '1.7.0_55'
Driver info: driver.version: EventFiringWebDriver
Build info: version: '2.42.1', revision: '68b415a', time: '2014-05-29 16:16:49'
System info: host: 'piotrbogdanski', ip: '9.161.136.32', os.name: 'Windows 7', os.arch: 'x86', os.version: '6.1 build 7601 Service Pack 1', java.version: '1.6.0'
Driver info: driver.version: unknown
]]>
    </failure>
  </testcase> <!-- AllContentsLoads -->
  <testcase name="AllContentsLoads" time="22.726" classname="tests.webUI.nonFunctional.LibraryTestsContents"/>
  <testcase name="AllContentsLoads" time="0.000" classname="tests.webUI.nonFunctional.LibraryTestsContents">
    <failure type="org.openqa.selenium.WebDriverException" message="Error communicating with the remote browser. It may have died.
Build info: version: &#039;2.42.0&#039;, revision: &#039;5e82430&#039;, time: &#039;2014-05-22 20:18:07&#039;
System info: host: &#039;dslvm346&#039;, ip: &#039;9.162.138.157&#039;, os.name: &#039;Windows 8&#039;, os.arch: &#039;x86&#039;, os.version: &#039;6.2&#039;, java.version: &#039;1.7.0_55&#039;
Driver info: driver.version: EventFiringWebDriver
Command duration or timeout: 3.27 seconds
Build info: version: &#039;2.42.1&#039;, revision: &#039;68b415a&#039;, time: &#039;2014-05-29 16:16:49&#039;
System info: host: &#039;piotrbogdanski&#039;, ip: &#039;9.161.136.32&#039;, os.name: &#039;Windows 7&#039;, os.arch: &#039;x86&#039;, os.version: &#039;6.1 build 7601 Service Pack 1&#039;, java.version: &#039;1.6.0&#039;
Session ID: b26bcd25-156a-405a-a953-e989a5b1f5be
Capabilities [{handlesAlerts=true, rotatable=false, databaseEnabled=false, locationContextEnabled=true, acceptSslCerts=true, applicationCacheEnabled=false, nativeEvents=true, cssSelectorsEnabled=true, takesScreenshot=true, platform=WIN8, browserName=chrome, javascriptEnabled=true, version=35.0.1916.153, chrome={userDataDir=C:\Users\ADMINI~1\AppData\Local\Temp\scoped_dir4076_31844}, webStorageEnabled=true, webdriver.remote.sessionid=b26bcd25-156a-405a-a953-e989a5b1f5be, browserConnectionEnabled=false, takesHeapSnapshot=true}]
Driver info: org.openqa.selenium.remote.RemoteWebDriver">
      <![CDATA[org.openqa.selenium.WebDriverException: Error communicating with the remote browser. It may have died.
Build info: version: '2.42.0', revision: '5e82430', time: '2014-05-22 20:18:07'
System info: host: 'dslvm346', ip: '9.162.138.157', os.name: 'Windows 8', os.arch: 'x86', os.version: '6.2', java.version: '1.7.0_55'
Driver info: driver.version: EventFiringWebDriver
Command duration or timeout: 3.27 seconds
Build info: version: '2.42.1', revision: '68b415a', time: '2014-05-29 16:16:49'
System info: host: 'piotrbogdanski', ip: '9.161.136.32', os.name: 'Windows 7', os.arch: 'x86', os.version: '6.1 build 7601 Service Pack 1', java.version: '1.6.0'
Session ID: b26bcd25-156a-405a-a953-e989a5b1f5be
Capabilities [{handlesAlerts=true, rotatable=false, databaseEnabled=false, locationContextEnabled=true, acceptSslCerts=true, applicationCacheEnabled=false, nativeEvents=true, cssSelectorsEnabled=true, takesScreenshot=true, platform=WIN8, browserName=chrome, javascriptEnabled=true, version=35.0.1916.153, chrome={userDataDir=C:\Users\ADMINI~1\AppData\Local\Temp\scoped_dir4076_31844}, webStorageEnabled=true, webdriver.remote.sessionid=b26bcd25-156a-405a-a953-e989a5b1f5be, browserConnectionEnabled=false, takesHeapSnapshot=true}]
Driver info: org.openqa.selenium.remote.RemoteWebDriver
	at sun.reflect.NativeConstructorAccessorImpl.newInstance0(Native Method)
	at sun.reflect.NativeConstructorAccessorImpl.newInstance(NativeConstructorAccessorImpl.java:56)
	at sun.reflect.DelegatingConstructorAccessorImpl.newInstance(DelegatingConstructorAccessorImpl.java:39)
	at java.lang.reflect.Constructor.newInstance(Constructor.java:527)
	at org.openqa.selenium.remote.ErrorHandler.createThrowable(ErrorHandler.java:204)
	at org.openqa.selenium.remote.ErrorHandler.throwIfResponseFailed(ErrorHandler.java:156)
	at org.openqa.selenium.remote.RemoteWebDriver.execute(RemoteWebDriver.java:600)
	at org.openqa.selenium.remote.RemoteWebDriver.execute(RemoteWebDriver.java:615)
	at org.openqa.selenium.remote.RemoteWebDriver.quit(RemoteWebDriver.java:469)
	at webUI.LoadBrowser.closeBrowser(LoadBrowser.java:266)
	at sun.reflect.GeneratedMethodAccessor21.invoke(Unknown Source)
	at sun.reflect.DelegatingMethodAccessorImpl.invoke(DelegatingMethodAccessorImpl.java:37)
	at java.lang.reflect.Method.invoke(Method.java:611)
	at org.testng.internal.MethodInvocationHelper.invokeMethod(MethodInvocationHelper.java:84)
	at org.testng.internal.Invoker.invokeConfigurationMethod(Invoker.java:564)
	at org.testng.internal.Invoker.invokeConfigurations(Invoker.java:213)
	at org.testng.internal.Invoker.invokeMethod(Invoker.java:786)
	at org.testng.internal.Invoker.invokeTestMethod(Invoker.java:901)
	at org.testng.internal.Invoker.invokeTestMethods(Invoker.java:1231)
	at org.testng.internal.TestMethodWorker.invokeTestMethods(TestMethodWorker.java:127)
	at org.testng.internal.TestMethodWorker.run(TestMethodWorker.java:111)
	at org.testng.TestRunner.privateRun(TestRunner.java:767)
	at org.testng.TestRunner.run(TestRunner.java:617)
	at org.testng.SuiteRunner.runTest(SuiteRunner.java:334)
	at org.testng.SuiteRunner.runSequentially(SuiteRunner.java:329)
	at org.testng.SuiteRunner.privateRun(SuiteRunner.java:291)
	at org.testng.SuiteRunner.run(SuiteRunner.java:240)
	at org.testng.SuiteRunnerWorker.runSuite(SuiteRunnerWorker.java:52)
	at org.testng.SuiteRunnerWorker.run(SuiteRunnerWorker.java:86)
	at org.testng.TestNG.runSuitesSequentially(TestNG.java:1224)
	at org.testng.TestNG.runSuitesLocally(TestNG.java:1149)
	at org.testng.TestNG.run(TestNG.java:1057)
	at org.testng.remote.RemoteTestNG.run(RemoteTestNG.java:111)
	at org.testng.remote.RemoteTestNG.initAndRun(RemoteTestNG.java:204)
	at org.testng.remote.RemoteTestNG.main(RemoteTestNG.java:175)
Caused by: org.openqa.selenium.remote.UnreachableBrowserException: Error communicating with the remote browser. It may have died.
Build info: version: '2.42.0', revision: '5e82430', time: '2014-05-22 20:18:07'
System info: host: 'dslvm346', ip: '9.162.138.157', os.name: 'Windows 8', os.arch: 'x86', os.version: '6.2', java.version: '1.7.0_55'
Driver info: driver.version: EventFiringWebDriver
Build info: version: '2.42.1', revision: '68b415a', time: '2014-05-29 16:16:49'
System info: host: 'piotrbogdanski', ip: '9.161.136.32', os.name: 'Windows 7', os.arch: 'x86', os.version: '6.1 build 7601 Service Pack 1', java.version: '1.6.0'
Driver info: driver.version: unknown
]]>
    </failure>
  </testcase> <!-- AllContentsLoads -->
  <testcase name="AllContentsLoads" time="23.324" classname="tests.webUI.nonFunctional.LibraryTestsContents"/>
  <testcase name="AllContentsLoads" time="0.000" classname="tests.webUI.nonFunctional.LibraryTestsContents">
    <failure type="org.openqa.selenium.WebDriverException" message="Error communicating with the remote browser. It may have died.
Build info: version: &#039;2.42.0&#039;, revision: &#039;5e82430&#039;, time: &#039;2014-05-22 20:18:07&#039;
System info: host: &#039;dslvm346&#039;, ip: &#039;9.162.138.157&#039;, os.name: &#039;Windows 8&#039;, os.arch: &#039;x86&#039;, os.version: &#039;6.2&#039;, java.version: &#039;1.7.0_55&#039;
Driver info: driver.version: EventFiringWebDriver
Command duration or timeout: 3.27 seconds
Build info: version: &#039;2.42.1&#039;, revision: &#039;68b415a&#039;, time: &#039;2014-05-29 16:16:49&#039;
System info: host: &#039;piotrbogdanski&#039;, ip: &#039;9.161.136.32&#039;, os.name: &#039;Windows 7&#039;, os.arch: &#039;x86&#039;, os.version: &#039;6.1 build 7601 Service Pack 1&#039;, java.version: &#039;1.6.0&#039;
Session ID: b26bcd25-156a-405a-a953-e989a5b1f5be
Capabilities [{handlesAlerts=true, rotatable=false, databaseEnabled=false, locationContextEnabled=true, acceptSslCerts=true, applicationCacheEnabled=false, nativeEvents=true, cssSelectorsEnabled=true, takesScreenshot=true, platform=WIN8, browserName=chrome, javascriptEnabled=true, version=35.0.1916.153, chrome={userDataDir=C:\Users\ADMINI~1\AppData\Local\Temp\scoped_dir4076_31844}, webStorageEnabled=true, webdriver.remote.sessionid=b26bcd25-156a-405a-a953-e989a5b1f5be, browserConnectionEnabled=false, takesHeapSnapshot=true}]
Driver info: org.openqa.selenium.remote.RemoteWebDriver">
      <![CDATA[org.openqa.selenium.WebDriverException: Error communicating with the remote browser. It may have died.
Build info: version: '2.42.0', revision: '5e82430', time: '2014-05-22 20:18:07'
System info: host: 'dslvm346', ip: '9.162.138.157', os.name: 'Windows 8', os.arch: 'x86', os.version: '6.2', java.version: '1.7.0_55'
Driver info: driver.version: EventFiringWebDriver
Command duration or timeout: 3.27 seconds
Build info: version: '2.42.1', revision: '68b415a', time: '2014-05-29 16:16:49'
System info: host: 'piotrbogdanski', ip: '9.161.136.32', os.name: 'Windows 7', os.arch: 'x86', os.version: '6.1 build 7601 Service Pack 1', java.version: '1.6.0'
Session ID: b26bcd25-156a-405a-a953-e989a5b1f5be
Capabilities [{handlesAlerts=true, rotatable=false, databaseEnabled=false, locationContextEnabled=true, acceptSslCerts=true, applicationCacheEnabled=false, nativeEvents=true, cssSelectorsEnabled=true, takesScreenshot=true, platform=WIN8, browserName=chrome, javascriptEnabled=true, version=35.0.1916.153, chrome={userDataDir=C:\Users\ADMINI~1\AppData\Local\Temp\scoped_dir4076_31844}, webStorageEnabled=true, webdriver.remote.sessionid=b26bcd25-156a-405a-a953-e989a5b1f5be, browserConnectionEnabled=false, takesHeapSnapshot=true}]
Driver info: org.openqa.selenium.remote.RemoteWebDriver
	at sun.reflect.NativeConstructorAccessorImpl.newInstance0(Native Method)
	at sun.reflect.NativeConstructorAccessorImpl.newInstance(NativeConstructorAccessorImpl.java:56)
	at sun.reflect.DelegatingConstructorAccessorImpl.newInstance(DelegatingConstructorAccessorImpl.java:39)
	at java.lang.reflect.Constructor.newInstance(Constructor.java:527)
	at org.openqa.selenium.remote.ErrorHandler.createThrowable(ErrorHandler.java:204)
	at org.openqa.selenium.remote.ErrorHandler.throwIfResponseFailed(ErrorHandler.java:156)
	at org.openqa.selenium.remote.RemoteWebDriver.execute(RemoteWebDriver.java:600)
	at org.openqa.selenium.remote.RemoteWebDriver.execute(RemoteWebDriver.java:615)
	at org.openqa.selenium.remote.RemoteWebDriver.quit(RemoteWebDriver.java:469)
	at webUI.LoadBrowser.closeBrowser(LoadBrowser.java:266)
	at sun.reflect.GeneratedMethodAccessor21.invoke(Unknown Source)
	at sun.reflect.DelegatingMethodAccessorImpl.invoke(DelegatingMethodAccessorImpl.java:37)
	at java.lang.reflect.Method.invoke(Method.java:611)
	at org.testng.internal.MethodInvocationHelper.invokeMethod(MethodInvocationHelper.java:84)
	at org.testng.internal.Invoker.invokeConfigurationMethod(Invoker.java:564)
	at org.testng.internal.Invoker.invokeConfigurations(Invoker.java:213)
	at org.testng.internal.Invoker.invokeMethod(Invoker.java:786)
	at org.testng.internal.Invoker.invokeTestMethod(Invoker.java:901)
	at org.testng.internal.Invoker.invokeTestMethods(Invoker.java:1231)
	at org.testng.internal.TestMethodWorker.invokeTestMethods(TestMethodWorker.java:127)
	at org.testng.internal.TestMethodWorker.run(TestMethodWorker.java:111)
	at org.testng.TestRunner.privateRun(TestRunner.java:767)
	at org.testng.TestRunner.run(TestRunner.java:617)
	at org.testng.SuiteRunner.runTest(SuiteRunner.java:334)
	at org.testng.SuiteRunner.runSequentially(SuiteRunner.java:329)
	at org.testng.SuiteRunner.privateRun(SuiteRunner.java:291)
	at org.testng.SuiteRunner.run(SuiteRunner.java:240)
	at org.testng.SuiteRunnerWorker.runSuite(SuiteRunnerWorker.java:52)
	at org.testng.SuiteRunnerWorker.run(SuiteRunnerWorker.java:86)
	at org.testng.TestNG.runSuitesSequentially(TestNG.java:1224)
	at org.testng.TestNG.runSuitesLocally(TestNG.java:1149)
	at org.testng.TestNG.run(TestNG.java:1057)
	at org.testng.remote.RemoteTestNG.run(RemoteTestNG.java:111)
	at org.testng.remote.RemoteTestNG.initAndRun(RemoteTestNG.java:204)
	at org.testng.remote.RemoteTestNG.main(RemoteTestNG.java:175)
Caused by: org.openqa.selenium.remote.UnreachableBrowserException: Error communicating with the remote browser. It may have died.
Build info: version: '2.42.0', revision: '5e82430', time: '2014-05-22 20:18:07'
System info: host: 'dslvm346', ip: '9.162.138.157', os.name: 'Windows 8', os.arch: 'x86', os.version: '6.2', java.version: '1.7.0_55'
Driver info: driver.version: EventFiringWebDriver
Build info: version: '2.42.1', revision: '68b415a', time: '2014-05-29 16:16:49'
System info: host: 'piotrbogdanski', ip: '9.161.136.32', os.name: 'Windows 7', os.arch: 'x86', os.version: '6.1 build 7601 Service Pack 1', java.version: '1.6.0'
Driver info: driver.version: unknown
]]>
    </failure>
  </testcase> <!-- AllContentsLoads -->
  <testcase name="AllContentsLoads" time="0.000" classname="tests.webUI.nonFunctional.LibraryTestsContents">
    <failure type="org.openqa.selenium.WebDriverException" message="Error communicating with the remote browser. It may have died.
Build info: version: &#039;2.42.0&#039;, revision: &#039;5e82430&#039;, time: &#039;2014-05-22 20:18:07&#039;
System info: host: &#039;dslvm346&#039;, ip: &#039;9.162.138.157&#039;, os.name: &#039;Windows 8&#039;, os.arch: &#039;x86&#039;, os.version: &#039;6.2&#039;, java.version: &#039;1.7.0_55&#039;
Driver info: driver.version: EventFiringWebDriver
Command duration or timeout: 3.27 seconds
Build info: version: &#039;2.42.1&#039;, revision: &#039;68b415a&#039;, time: &#039;2014-05-29 16:16:49&#039;
System info: host: &#039;piotrbogdanski&#039;, ip: &#039;9.161.136.32&#039;, os.name: &#039;Windows 7&#039;, os.arch: &#039;x86&#039;, os.version: &#039;6.1 build 7601 Service Pack 1&#039;, java.version: &#039;1.6.0&#039;
Session ID: b26bcd25-156a-405a-a953-e989a5b1f5be
Capabilities [{handlesAlerts=true, rotatable=false, databaseEnabled=false, locationContextEnabled=true, acceptSslCerts=true, applicationCacheEnabled=false, nativeEvents=true, cssSelectorsEnabled=true, takesScreenshot=true, platform=WIN8, browserName=chrome, javascriptEnabled=true, version=35.0.1916.153, chrome={userDataDir=C:\Users\ADMINI~1\AppData\Local\Temp\scoped_dir4076_31844}, webStorageEnabled=true, webdriver.remote.sessionid=b26bcd25-156a-405a-a953-e989a5b1f5be, browserConnectionEnabled=false, takesHeapSnapshot=true}]
Driver info: org.openqa.selenium.remote.RemoteWebDriver">
      <![CDATA[org.openqa.selenium.WebDriverException: Error communicating with the remote browser. It may have died.
Build info: version: '2.42.0', revision: '5e82430', time: '2014-05-22 20:18:07'
System info: host: 'dslvm346', ip: '9.162.138.157', os.name: 'Windows 8', os.arch: 'x86', os.version: '6.2', java.version: '1.7.0_55'
Driver info: driver.version: EventFiringWebDriver
Command duration or timeout: 3.27 seconds
Build info: version: '2.42.1', revision: '68b415a', time: '2014-05-29 16:16:49'
System info: host: 'piotrbogdanski', ip: '9.161.136.32', os.name: 'Windows 7', os.arch: 'x86', os.version: '6.1 build 7601 Service Pack 1', java.version: '1.6.0'
Session ID: b26bcd25-156a-405a-a953-e989a5b1f5be
Capabilities [{handlesAlerts=true, rotatable=false, databaseEnabled=false, locationContextEnabled=true, acceptSslCerts=true, applicationCacheEnabled=false, nativeEvents=true, cssSelectorsEnabled=true, takesScreenshot=true, platform=WIN8, browserName=chrome, javascriptEnabled=true, version=35.0.1916.153, chrome={userDataDir=C:\Users\ADMINI~1\AppData\Local\Temp\scoped_dir4076_31844}, webStorageEnabled=true, webdriver.remote.sessionid=b26bcd25-156a-405a-a953-e989a5b1f5be, browserConnectionEnabled=false, takesHeapSnapshot=true}]
Driver info: org.openqa.selenium.remote.RemoteWebDriver
	at sun.reflect.NativeConstructorAccessorImpl.newInstance0(Native Method)
	at sun.reflect.NativeConstructorAccessorImpl.newInstance(NativeConstructorAccessorImpl.java:56)
	at sun.reflect.DelegatingConstructorAccessorImpl.newInstance(DelegatingConstructorAccessorImpl.java:39)
	at java.lang.reflect.Constructor.newInstance(Constructor.java:527)
	at org.openqa.selenium.remote.ErrorHandler.createThrowable(ErrorHandler.java:204)
	at org.openqa.selenium.remote.ErrorHandler.throwIfResponseFailed(ErrorHandler.java:156)
	at org.openqa.selenium.remote.RemoteWebDriver.execute(RemoteWebDriver.java:600)
	at org.openqa.selenium.remote.RemoteWebDriver.execute(RemoteWebDriver.java:615)
	at org.openqa.selenium.remote.RemoteWebDriver.quit(RemoteWebDriver.java:469)
	at webUI.LoadBrowser.closeBrowser(LoadBrowser.java:266)
	at sun.reflect.GeneratedMethodAccessor21.invoke(Unknown Source)
	at sun.reflect.DelegatingMethodAccessorImpl.invoke(DelegatingMethodAccessorImpl.java:37)
	at java.lang.reflect.Method.invoke(Method.java:611)
	at org.testng.internal.MethodInvocationHelper.invokeMethod(MethodInvocationHelper.java:84)
	at org.testng.internal.Invoker.invokeConfigurationMethod(Invoker.java:564)
	at org.testng.internal.Invoker.invokeConfigurations(Invoker.java:213)
	at org.testng.internal.Invoker.invokeMethod(Invoker.java:786)
	at org.testng.internal.Invoker.invokeTestMethod(Invoker.java:901)
	at org.testng.internal.Invoker.invokeTestMethods(Invoker.java:1231)
	at org.testng.internal.TestMethodWorker.invokeTestMethods(TestMethodWorker.java:127)
	at org.testng.internal.TestMethodWorker.run(TestMethodWorker.java:111)
	at org.testng.TestRunner.privateRun(TestRunner.java:767)
	at org.testng.TestRunner.run(TestRunner.java:617)
	at org.testng.SuiteRunner.runTest(SuiteRunner.java:334)
	at org.testng.SuiteRunner.runSequentially(SuiteRunner.java:329)
	at org.testng.SuiteRunner.privateRun(SuiteRunner.java:291)
	at org.testng.SuiteRunner.run(SuiteRunner.java:240)
	at org.testng.SuiteRunnerWorker.runSuite(SuiteRunnerWorker.java:52)
	at org.testng.SuiteRunnerWorker.run(SuiteRunnerWorker.java:86)
	at org.testng.TestNG.runSuitesSequentially(TestNG.java:1224)
	at org.testng.TestNG.runSuitesLocally(TestNG.java:1149)
	at org.testng.TestNG.run(TestNG.java:1057)
	at org.testng.remote.RemoteTestNG.run(RemoteTestNG.java:111)
	at org.testng.remote.RemoteTestNG.initAndRun(RemoteTestNG.java:204)
	at org.testng.remote.RemoteTestNG.main(RemoteTestNG.java:175)
Caused by: org.openqa.selenium.remote.UnreachableBrowserException: Error communicating with the remote browser. It may have died.
Build info: version: '2.42.0', revision: '5e82430', time: '2014-05-22 20:18:07'
System info: host: 'dslvm346', ip: '9.162.138.157', os.name: 'Windows 8', os.arch: 'x86', os.version: '6.2', java.version: '1.7.0_55'
Driver info: driver.version: EventFiringWebDriver
Build info: version: '2.42.1', revision: '68b415a', time: '2014-05-29 16:16:49'
System info: host: 'piotrbogdanski', ip: '9.161.136.32', os.name: 'Windows 7', os.arch: 'x86', os.version: '6.1 build 7601 Service Pack 1', java.version: '1.6.0'
Driver info: driver.version: unknown
]]>
    </failure>
  </testcase> <!-- AllContentsLoads -->
  <testcase name="printFailedContents" time="0.000" classname="tests.webUI.nonFunctional.LibraryTestsContents">
    <failure type="org.openqa.selenium.WebDriverException" message="Error communicating with the remote browser. It may have died.
Build info: version: &#039;2.42.0&#039;, revision: &#039;5e82430&#039;, time: &#039;2014-05-22 20:18:07&#039;
System info: host: &#039;dslvm346&#039;, ip: &#039;9.162.138.157&#039;, os.name: &#039;Windows 8&#039;, os.arch: &#039;x86&#039;, os.version: &#039;6.2&#039;, java.version: &#039;1.7.0_55&#039;
Driver info: driver.version: EventFiringWebDriver
Command duration or timeout: 3.27 seconds
Build info: version: &#039;2.42.1&#039;, revision: &#039;68b415a&#039;, time: &#039;2014-05-29 16:16:49&#039;
System info: host: &#039;piotrbogdanski&#039;, ip: &#039;9.161.136.32&#039;, os.name: &#039;Windows 7&#039;, os.arch: &#039;x86&#039;, os.version: &#039;6.1 build 7601 Service Pack 1&#039;, java.version: &#039;1.6.0&#039;
Session ID: b26bcd25-156a-405a-a953-e989a5b1f5be
Capabilities [{handlesAlerts=true, rotatable=false, databaseEnabled=false, locationContextEnabled=true, acceptSslCerts=true, applicationCacheEnabled=false, nativeEvents=true, cssSelectorsEnabled=true, takesScreenshot=true, platform=WIN8, browserName=chrome, javascriptEnabled=true, version=35.0.1916.153, chrome={userDataDir=C:\Users\ADMINI~1\AppData\Local\Temp\scoped_dir4076_31844}, webStorageEnabled=true, webdriver.remote.sessionid=b26bcd25-156a-405a-a953-e989a5b1f5be, browserConnectionEnabled=false, takesHeapSnapshot=true}]
Driver info: org.openqa.selenium.remote.RemoteWebDriver">
      <![CDATA[org.openqa.selenium.WebDriverException: Error communicating with the remote browser. It may have died.
Build info: version: '2.42.0', revision: '5e82430', time: '2014-05-22 20:18:07'
System info: host: 'dslvm346', ip: '9.162.138.157', os.name: 'Windows 8', os.arch: 'x86', os.version: '6.2', java.version: '1.7.0_55'
Driver info: driver.version: EventFiringWebDriver
Command duration or timeout: 3.27 seconds
Build info: version: '2.42.1', revision: '68b415a', time: '2014-05-29 16:16:49'
System info: host: 'piotrbogdanski', ip: '9.161.136.32', os.name: 'Windows 7', os.arch: 'x86', os.version: '6.1 build 7601 Service Pack 1', java.version: '1.6.0'
Session ID: b26bcd25-156a-405a-a953-e989a5b1f5be
Capabilities [{handlesAlerts=true, rotatable=false, databaseEnabled=false, locationContextEnabled=true, acceptSslCerts=true, applicationCacheEnabled=false, nativeEvents=true, cssSelectorsEnabled=true, takesScreenshot=true, platform=WIN8, browserName=chrome, javascriptEnabled=true, version=35.0.1916.153, chrome={userDataDir=C:\Users\ADMINI~1\AppData\Local\Temp\scoped_dir4076_31844}, webStorageEnabled=true, webdriver.remote.sessionid=b26bcd25-156a-405a-a953-e989a5b1f5be, browserConnectionEnabled=false, takesHeapSnapshot=true}]
Driver info: org.openqa.selenium.remote.RemoteWebDriver
	at sun.reflect.NativeConstructorAccessorImpl.newInstance0(Native Method)
	at sun.reflect.NativeConstructorAccessorImpl.newInstance(NativeConstructorAccessorImpl.java:56)
	at sun.reflect.DelegatingConstructorAccessorImpl.newInstance(DelegatingConstructorAccessorImpl.java:39)
	at java.lang.reflect.Constructor.newInstance(Constructor.java:527)
	at org.openqa.selenium.remote.ErrorHandler.createThrowable(ErrorHandler.java:204)
	at org.openqa.selenium.remote.ErrorHandler.throwIfResponseFailed(ErrorHandler.java:156)
	at org.openqa.selenium.remote.RemoteWebDriver.execute(RemoteWebDriver.java:600)
	at org.openqa.selenium.remote.RemoteWebDriver.execute(RemoteWebDriver.java:615)
	at org.openqa.selenium.remote.RemoteWebDriver.quit(RemoteWebDriver.java:469)
	at webUI.LoadBrowser.closeBrowser(LoadBrowser.java:266)
	at sun.reflect.GeneratedMethodAccessor21.invoke(Unknown Source)
	at sun.reflect.DelegatingMethodAccessorImpl.invoke(DelegatingMethodAccessorImpl.java:37)
	at java.lang.reflect.Method.invoke(Method.java:611)
	at org.testng.internal.MethodInvocationHelper.invokeMethod(MethodInvocationHelper.java:84)
	at org.testng.internal.Invoker.invokeConfigurationMethod(Invoker.java:564)
	at org.testng.internal.Invoker.invokeConfigurations(Invoker.java:213)
	at org.testng.internal.Invoker.invokeMethod(Invoker.java:786)
	at org.testng.internal.Invoker.invokeTestMethod(Invoker.java:901)
	at org.testng.internal.Invoker.invokeTestMethods(Invoker.java:1231)
	at org.testng.internal.TestMethodWorker.invokeTestMethods(TestMethodWorker.java:127)
	at org.testng.internal.TestMethodWorker.run(TestMethodWorker.java:111)
	at org.testng.TestRunner.privateRun(TestRunner.java:767)
	at org.testng.TestRunner.run(TestRunner.java:617)
	at org.testng.SuiteRunner.runTest(SuiteRunner.java:334)
	at org.testng.SuiteRunner.runSequentially(SuiteRunner.java:329)
	at org.testng.SuiteRunner.privateRun(SuiteRunner.java:291)
	at org.testng.SuiteRunner.run(SuiteRunner.java:240)
	at org.testng.SuiteRunnerWorker.runSuite(SuiteRunnerWorker.java:52)
	at org.testng.SuiteRunnerWorker.run(SuiteRunnerWorker.java:86)
	at org.testng.TestNG.runSuitesSequentially(TestNG.java:1224)
	at org.testng.TestNG.runSuitesLocally(TestNG.java:1149)
	at org.testng.TestNG.run(TestNG.java:1057)
	at org.testng.remote.RemoteTestNG.run(RemoteTestNG.java:111)
	at org.testng.remote.RemoteTestNG.initAndRun(RemoteTestNG.java:204)
	at org.testng.remote.RemoteTestNG.main(RemoteTestNG.java:175)
Caused by: org.openqa.selenium.remote.UnreachableBrowserException: Error communicating with the remote browser. It may have died.
Build info: version: '2.42.0', revision: '5e82430', time: '2014-05-22 20:18:07'
System info: host: 'dslvm346', ip: '9.162.138.157', os.name: 'Windows 8', os.arch: 'x86', os.version: '6.2', java.version: '1.7.0_55'
Driver info: driver.version: EventFiringWebDriver
Build info: version: '2.42.1', revision: '68b415a', time: '2014-05-29 16:16:49'
System info: host: 'piotrbogdanski', ip: '9.161.136.32', os.name: 'Windows 7', os.arch: 'x86', os.version: '6.1 build 7601 Service Pack 1', java.version: '1.6.0'
Driver info: driver.version: unknown
]]>
    </failure>
  </testcase> <!-- printFailedContents -->
  <testcase name="AllContentsLoads" time="0.000" classname="tests.webUI.nonFunctional.LibraryTestsContents">
    <failure type="org.openqa.selenium.WebDriverException" message="Error communicating with the remote browser. It may have died.
Build info: version: &#039;2.42.0&#039;, revision: &#039;5e82430&#039;, time: &#039;2014-05-22 20:18:07&#039;
System info: host: &#039;dslvm346&#039;, ip: &#039;9.162.138.157&#039;, os.name: &#039;Windows 8&#039;, os.arch: &#039;x86&#039;, os.version: &#039;6.2&#039;, java.version: &#039;1.7.0_55&#039;
Driver info: driver.version: EventFiringWebDriver
Command duration or timeout: 3.27 seconds
Build info: version: &#039;2.42.1&#039;, revision: &#039;68b415a&#039;, time: &#039;2014-05-29 16:16:49&#039;
System info: host: &#039;piotrbogdanski&#039;, ip: &#039;9.161.136.32&#039;, os.name: &#039;Windows 7&#039;, os.arch: &#039;x86&#039;, os.version: &#039;6.1 build 7601 Service Pack 1&#039;, java.version: &#039;1.6.0&#039;
Session ID: b26bcd25-156a-405a-a953-e989a5b1f5be
Capabilities [{handlesAlerts=true, rotatable=false, databaseEnabled=false, locationContextEnabled=true, acceptSslCerts=true, applicationCacheEnabled=false, nativeEvents=true, cssSelectorsEnabled=true, takesScreenshot=true, platform=WIN8, browserName=chrome, javascriptEnabled=true, version=35.0.1916.153, chrome={userDataDir=C:\Users\ADMINI~1\AppData\Local\Temp\scoped_dir4076_31844}, webStorageEnabled=true, webdriver.remote.sessionid=b26bcd25-156a-405a-a953-e989a5b1f5be, browserConnectionEnabled=false, takesHeapSnapshot=true}]
Driver info: org.openqa.selenium.remote.RemoteWebDriver">
      <![CDATA[org.openqa.selenium.WebDriverException: Error communicating with the remote browser. It may have died.
Build info: version: '2.42.0', revision: '5e82430', time: '2014-05-22 20:18:07'
System info: host: 'dslvm346', ip: '9.162.138.157', os.name: 'Windows 8', os.arch: 'x86', os.version: '6.2', java.version: '1.7.0_55'
Driver info: driver.version: EventFiringWebDriver
Command duration or timeout: 3.27 seconds
Build info: version: '2.42.1', revision: '68b415a', time: '2014-05-29 16:16:49'
System info: host: 'piotrbogdanski', ip: '9.161.136.32', os.name: 'Windows 7', os.arch: 'x86', os.version: '6.1 build 7601 Service Pack 1', java.version: '1.6.0'
Session ID: b26bcd25-156a-405a-a953-e989a5b1f5be
Capabilities [{handlesAlerts=true, rotatable=false, databaseEnabled=false, locationContextEnabled=true, acceptSslCerts=true, applicationCacheEnabled=false, nativeEvents=true, cssSelectorsEnabled=true, takesScreenshot=true, platform=WIN8, browserName=chrome, javascriptEnabled=true, version=35.0.1916.153, chrome={userDataDir=C:\Users\ADMINI~1\AppData\Local\Temp\scoped_dir4076_31844}, webStorageEnabled=true, webdriver.remote.sessionid=b26bcd25-156a-405a-a953-e989a5b1f5be, browserConnectionEnabled=false, takesHeapSnapshot=true}]
Driver info: org.openqa.selenium.remote.RemoteWebDriver
	at sun.reflect.NativeConstructorAccessorImpl.newInstance0(Native Method)
	at sun.reflect.NativeConstructorAccessorImpl.newInstance(NativeConstructorAccessorImpl.java:56)
	at sun.reflect.DelegatingConstructorAccessorImpl.newInstance(DelegatingConstructorAccessorImpl.java:39)
	at java.lang.reflect.Constructor.newInstance(Constructor.java:527)
	at org.openqa.selenium.remote.ErrorHandler.createThrowable(ErrorHandler.java:204)
	at org.openqa.selenium.remote.ErrorHandler.throwIfResponseFailed(ErrorHandler.java:156)
	at org.openqa.selenium.remote.RemoteWebDriver.execute(RemoteWebDriver.java:600)
	at org.openqa.selenium.remote.RemoteWebDriver.execute(RemoteWebDriver.java:615)
	at org.openqa.selenium.remote.RemoteWebDriver.quit(RemoteWebDriver.java:469)
	at webUI.LoadBrowser.closeBrowser(LoadBrowser.java:266)
	at sun.reflect.GeneratedMethodAccessor21.invoke(Unknown Source)
	at sun.reflect.DelegatingMethodAccessorImpl.invoke(DelegatingMethodAccessorImpl.java:37)
	at java.lang.reflect.Method.invoke(Method.java:611)
	at org.testng.internal.MethodInvocationHelper.invokeMethod(MethodInvocationHelper.java:84)
	at org.testng.internal.Invoker.invokeConfigurationMethod(Invoker.java:564)
	at org.testng.internal.Invoker.invokeConfigurations(Invoker.java:213)
	at org.testng.internal.Invoker.invokeMethod(Invoker.java:786)
	at org.testng.internal.Invoker.invokeTestMethod(Invoker.java:901)
	at org.testng.internal.Invoker.invokeTestMethods(Invoker.java:1231)
	at org.testng.internal.TestMethodWorker.invokeTestMethods(TestMethodWorker.java:127)
	at org.testng.internal.TestMethodWorker.run(TestMethodWorker.java:111)
	at org.testng.TestRunner.privateRun(TestRunner.java:767)
	at org.testng.TestRunner.run(TestRunner.java:617)
	at org.testng.SuiteRunner.runTest(SuiteRunner.java:334)
	at org.testng.SuiteRunner.runSequentially(SuiteRunner.java:329)
	at org.testng.SuiteRunner.privateRun(SuiteRunner.java:291)
	at org.testng.SuiteRunner.run(SuiteRunner.java:240)
	at org.testng.SuiteRunnerWorker.runSuite(SuiteRunnerWorker.java:52)
	at org.testng.SuiteRunnerWorker.run(SuiteRunnerWorker.java:86)
	at org.testng.TestNG.runSuitesSequentially(TestNG.java:1224)
	at org.testng.TestNG.runSuitesLocally(TestNG.java:1149)
	at org.testng.TestNG.run(TestNG.java:1057)
	at org.testng.remote.RemoteTestNG.run(RemoteTestNG.java:111)
	at org.testng.remote.RemoteTestNG.initAndRun(RemoteTestNG.java:204)
	at org.testng.remote.RemoteTestNG.main(RemoteTestNG.java:175)
Caused by: org.openqa.selenium.remote.UnreachableBrowserException: Error communicating with the remote browser. It may have died.
Build info: version: '2.42.0', revision: '5e82430', time: '2014-05-22 20:18:07'
System info: host: 'dslvm346', ip: '9.162.138.157', os.name: 'Windows 8', os.arch: 'x86', os.version: '6.2', java.version: '1.7.0_55'
Driver info: driver.version: EventFiringWebDriver
Build info: version: '2.42.1', revision: '68b415a', time: '2014-05-29 16:16:49'
System info: host: 'piotrbogdanski', ip: '9.161.136.32', os.name: 'Windows 7', os.arch: 'x86', os.version: '6.1 build 7601 Service Pack 1', java.version: '1.6.0'
Driver info: driver.version: unknown
]]>
    </failure>
  </testcase> <!-- AllContentsLoads -->
  <testcase name="AllContentsLoads" time="0.000" classname="tests.webUI.nonFunctional.LibraryTestsContents">
    <failure type="org.openqa.selenium.WebDriverException" message="Error communicating with the remote browser. It may have died.
Build info: version: &#039;2.42.0&#039;, revision: &#039;5e82430&#039;, time: &#039;2014-05-22 20:18:07&#039;
System info: host: &#039;dslvm346&#039;, ip: &#039;9.162.138.157&#039;, os.name: &#039;Windows 8&#039;, os.arch: &#039;x86&#039;, os.version: &#039;6.2&#039;, java.version: &#039;1.7.0_55&#039;
Driver info: driver.version: EventFiringWebDriver
Command duration or timeout: 3.27 seconds
Build info: version: &#039;2.42.1&#039;, revision: &#039;68b415a&#039;, time: &#039;2014-05-29 16:16:49&#039;
System info: host: &#039;piotrbogdanski&#039;, ip: &#039;9.161.136.32&#039;, os.name: &#039;Windows 7&#039;, os.arch: &#039;x86&#039;, os.version: &#039;6.1 build 7601 Service Pack 1&#039;, java.version: &#039;1.6.0&#039;
Session ID: b26bcd25-156a-405a-a953-e989a5b1f5be
Capabilities [{handlesAlerts=true, rotatable=false, databaseEnabled=false, locationContextEnabled=true, acceptSslCerts=true, applicationCacheEnabled=false, nativeEvents=true, cssSelectorsEnabled=true, takesScreenshot=true, platform=WIN8, browserName=chrome, javascriptEnabled=true, version=35.0.1916.153, chrome={userDataDir=C:\Users\ADMINI~1\AppData\Local\Temp\scoped_dir4076_31844}, webStorageEnabled=true, webdriver.remote.sessionid=b26bcd25-156a-405a-a953-e989a5b1f5be, browserConnectionEnabled=false, takesHeapSnapshot=true}]
Driver info: org.openqa.selenium.remote.RemoteWebDriver">
      <![CDATA[org.openqa.selenium.WebDriverException: Error communicating with the remote browser. It may have died.
Build info: version: '2.42.0', revision: '5e82430', time: '2014-05-22 20:18:07'
System info: host: 'dslvm346', ip: '9.162.138.157', os.name: 'Windows 8', os.arch: 'x86', os.version: '6.2', java.version: '1.7.0_55'
Driver info: driver.version: EventFiringWebDriver
Command duration or timeout: 3.27 seconds
Build info: version: '2.42.1', revision: '68b415a', time: '2014-05-29 16:16:49'
System info: host: 'piotrbogdanski', ip: '9.161.136.32', os.name: 'Windows 7', os.arch: 'x86', os.version: '6.1 build 7601 Service Pack 1', java.version: '1.6.0'
Session ID: b26bcd25-156a-405a-a953-e989a5b1f5be
Capabilities [{handlesAlerts=true, rotatable=false, databaseEnabled=false, locationContextEnabled=true, acceptSslCerts=true, applicationCacheEnabled=false, nativeEvents=true, cssSelectorsEnabled=true, takesScreenshot=true, platform=WIN8, browserName=chrome, javascriptEnabled=true, version=35.0.1916.153, chrome={userDataDir=C:\Users\ADMINI~1\AppData\Local\Temp\scoped_dir4076_31844}, webStorageEnabled=true, webdriver.remote.sessionid=b26bcd25-156a-405a-a953-e989a5b1f5be, browserConnectionEnabled=false, takesHeapSnapshot=true}]
Driver info: org.openqa.selenium.remote.RemoteWebDriver
	at sun.reflect.NativeConstructorAccessorImpl.newInstance0(Native Method)
	at sun.reflect.NativeConstructorAccessorImpl.newInstance(NativeConstructorAccessorImpl.java:56)
	at sun.reflect.DelegatingConstructorAccessorImpl.newInstance(DelegatingConstructorAccessorImpl.java:39)
	at java.lang.reflect.Constructor.newInstance(Constructor.java:527)
	at org.openqa.selenium.remote.ErrorHandler.createThrowable(ErrorHandler.java:204)
	at org.openqa.selenium.remote.ErrorHandler.throwIfResponseFailed(ErrorHandler.java:156)
	at org.openqa.selenium.remote.RemoteWebDriver.execute(RemoteWebDriver.java:600)
	at org.openqa.selenium.remote.RemoteWebDriver.execute(RemoteWebDriver.java:615)
	at org.openqa.selenium.remote.RemoteWebDriver.quit(RemoteWebDriver.java:469)
	at webUI.LoadBrowser.closeBrowser(LoadBrowser.java:266)
	at sun.reflect.GeneratedMethodAccessor21.invoke(Unknown Source)
	at sun.reflect.DelegatingMethodAccessorImpl.invoke(DelegatingMethodAccessorImpl.java:37)
	at java.lang.reflect.Method.invoke(Method.java:611)
	at org.testng.internal.MethodInvocationHelper.invokeMethod(MethodInvocationHelper.java:84)
	at org.testng.internal.Invoker.invokeConfigurationMethod(Invoker.java:564)
	at org.testng.internal.Invoker.invokeConfigurations(Invoker.java:213)
	at org.testng.internal.Invoker.invokeMethod(Invoker.java:786)
	at org.testng.internal.Invoker.invokeTestMethod(Invoker.java:901)
	at org.testng.internal.Invoker.invokeTestMethods(Invoker.java:1231)
	at org.testng.internal.TestMethodWorker.invokeTestMethods(TestMethodWorker.java:127)
	at org.testng.internal.TestMethodWorker.run(TestMethodWorker.java:111)
	at org.testng.TestRunner.privateRun(TestRunner.java:767)
	at org.testng.TestRunner.run(TestRunner.java:617)
	at org.testng.SuiteRunner.runTest(SuiteRunner.java:334)
	at org.testng.SuiteRunner.runSequentially(SuiteRunner.java:329)
	at org.testng.SuiteRunner.privateRun(SuiteRunner.java:291)
	at org.testng.SuiteRunner.run(SuiteRunner.java:240)
	at org.testng.SuiteRunnerWorker.runSuite(SuiteRunnerWorker.java:52)
	at org.testng.SuiteRunnerWorker.run(SuiteRunnerWorker.java:86)
	at org.testng.TestNG.runSuitesSequentially(TestNG.java:1224)
	at org.testng.TestNG.runSuitesLocally(TestNG.java:1149)
	at org.testng.TestNG.run(TestNG.java:1057)
	at org.testng.remote.RemoteTestNG.run(RemoteTestNG.java:111)
	at org.testng.remote.RemoteTestNG.initAndRun(RemoteTestNG.java:204)
	at org.testng.remote.RemoteTestNG.main(RemoteTestNG.java:175)
Caused by: org.openqa.selenium.remote.UnreachableBrowserException: Error communicating with the remote browser. It may have died.
Build info: version: '2.42.0', revision: '5e82430', time: '2014-05-22 20:18:07'
System info: host: 'dslvm346', ip: '9.162.138.157', os.name: 'Windows 8', os.arch: 'x86', os.version: '6.2', java.version: '1.7.0_55'
Driver info: driver.version: EventFiringWebDriver
Build info: version: '2.42.1', revision: '68b415a', time: '2014-05-29 16:16:49'
System info: host: 'piotrbogdanski', ip: '9.161.136.32', os.name: 'Windows 7', os.arch: 'x86', os.version: '6.1 build 7601 Service Pack 1', java.version: '1.6.0'
Driver info: driver.version: unknown
]]>
    </failure>
  </testcase> <!-- AllContentsLoads -->
  <testcase name="AllContentsLoads" time="0.000" classname="tests.webUI.nonFunctional.LibraryTestsContents">
    <failure type="org.openqa.selenium.WebDriverException" message="Error communicating with the remote browser. It may have died.
Build info: version: &#039;2.42.0&#039;, revision: &#039;5e82430&#039;, time: &#039;2014-05-22 20:18:07&#039;
System info: host: &#039;dslvm346&#039;, ip: &#039;9.162.138.157&#039;, os.name: &#039;Windows 8&#039;, os.arch: &#039;x86&#039;, os.version: &#039;6.2&#039;, java.version: &#039;1.7.0_55&#039;
Driver info: driver.version: EventFiringWebDriver
Command duration or timeout: 3.27 seconds
Build info: version: &#039;2.42.1&#039;, revision: &#039;68b415a&#039;, time: &#039;2014-05-29 16:16:49&#039;
System info: host: &#039;piotrbogdanski&#039;, ip: &#039;9.161.136.32&#039;, os.name: &#039;Windows 7&#039;, os.arch: &#039;x86&#039;, os.version: &#039;6.1 build 7601 Service Pack 1&#039;, java.version: &#039;1.6.0&#039;
Session ID: b26bcd25-156a-405a-a953-e989a5b1f5be
Capabilities [{handlesAlerts=true, rotatable=false, databaseEnabled=false, locationContextEnabled=true, acceptSslCerts=true, applicationCacheEnabled=false, nativeEvents=true, cssSelectorsEnabled=true, takesScreenshot=true, platform=WIN8, browserName=chrome, javascriptEnabled=true, version=35.0.1916.153, chrome={userDataDir=C:\Users\ADMINI~1\AppData\Local\Temp\scoped_dir4076_31844}, webStorageEnabled=true, webdriver.remote.sessionid=b26bcd25-156a-405a-a953-e989a5b1f5be, browserConnectionEnabled=false, takesHeapSnapshot=true}]
Driver info: org.openqa.selenium.remote.RemoteWebDriver">
      <![CDATA[org.openqa.selenium.WebDriverException: Error communicating with the remote browser. It may have died.
Build info: version: '2.42.0', revision: '5e82430', time: '2014-05-22 20:18:07'
System info: host: 'dslvm346', ip: '9.162.138.157', os.name: 'Windows 8', os.arch: 'x86', os.version: '6.2', java.version: '1.7.0_55'
Driver info: driver.version: EventFiringWebDriver
Command duration or timeout: 3.27 seconds
Build info: version: '2.42.1', revision: '68b415a', time: '2014-05-29 16:16:49'
System info: host: 'piotrbogdanski', ip: '9.161.136.32', os.name: 'Windows 7', os.arch: 'x86', os.version: '6.1 build 7601 Service Pack 1', java.version: '1.6.0'
Session ID: b26bcd25-156a-405a-a953-e989a5b1f5be
Capabilities [{handlesAlerts=true, rotatable=false, databaseEnabled=false, locationContextEnabled=true, acceptSslCerts=true, applicationCacheEnabled=false, nativeEvents=true, cssSelectorsEnabled=true, takesScreenshot=true, platform=WIN8, browserName=chrome, javascriptEnabled=true, version=35.0.1916.153, chrome={userDataDir=C:\Users\ADMINI~1\AppData\Local\Temp\scoped_dir4076_31844}, webStorageEnabled=true, webdriver.remote.sessionid=b26bcd25-156a-405a-a953-e989a5b1f5be, browserConnectionEnabled=false, takesHeapSnapshot=true}]
Driver info: org.openqa.selenium.remote.RemoteWebDriver
	at sun.reflect.NativeConstructorAccessorImpl.newInstance0(Native Method)
	at sun.reflect.NativeConstructorAccessorImpl.newInstance(NativeConstructorAccessorImpl.java:56)
	at sun.reflect.DelegatingConstructorAccessorImpl.newInstance(DelegatingConstructorAccessorImpl.java:39)
	at java.lang.reflect.Constructor.newInstance(Constructor.java:527)
	at org.openqa.selenium.remote.ErrorHandler.createThrowable(ErrorHandler.java:204)
	at org.openqa.selenium.remote.ErrorHandler.throwIfResponseFailed(ErrorHandler.java:156)
	at org.openqa.selenium.remote.RemoteWebDriver.execute(RemoteWebDriver.java:600)
	at org.openqa.selenium.remote.RemoteWebDriver.execute(RemoteWebDriver.java:615)
	at org.openqa.selenium.remote.RemoteWebDriver.quit(RemoteWebDriver.java:469)
	at webUI.LoadBrowser.closeBrowser(LoadBrowser.java:266)
	at sun.reflect.GeneratedMethodAccessor21.invoke(Unknown Source)
	at sun.reflect.DelegatingMethodAccessorImpl.invoke(DelegatingMethodAccessorImpl.java:37)
	at java.lang.reflect.Method.invoke(Method.java:611)
	at org.testng.internal.MethodInvocationHelper.invokeMethod(MethodInvocationHelper.java:84)
	at org.testng.internal.Invoker.invokeConfigurationMethod(Invoker.java:564)
	at org.testng.internal.Invoker.invokeConfigurations(Invoker.java:213)
	at org.testng.internal.Invoker.invokeMethod(Invoker.java:786)
	at org.testng.internal.Invoker.invokeTestMethod(Invoker.java:901)
	at org.testng.internal.Invoker.invokeTestMethods(Invoker.java:1231)
	at org.testng.internal.TestMethodWorker.invokeTestMethods(TestMethodWorker.java:127)
	at org.testng.internal.TestMethodWorker.run(TestMethodWorker.java:111)
	at org.testng.TestRunner.privateRun(TestRunner.java:767)
	at org.testng.TestRunner.run(TestRunner.java:617)
	at org.testng.SuiteRunner.runTest(SuiteRunner.java:334)
	at org.testng.SuiteRunner.runSequentially(SuiteRunner.java:329)
	at org.testng.SuiteRunner.privateRun(SuiteRunner.java:291)
	at org.testng.SuiteRunner.run(SuiteRunner.java:240)
	at org.testng.SuiteRunnerWorker.runSuite(SuiteRunnerWorker.java:52)
	at org.testng.SuiteRunnerWorker.run(SuiteRunnerWorker.java:86)
	at org.testng.TestNG.runSuitesSequentially(TestNG.java:1224)
	at org.testng.TestNG.runSuitesLocally(TestNG.java:1149)
	at org.testng.TestNG.run(TestNG.java:1057)
	at org.testng.remote.RemoteTestNG.run(RemoteTestNG.java:111)
	at org.testng.remote.RemoteTestNG.initAndRun(RemoteTestNG.java:204)
	at org.testng.remote.RemoteTestNG.main(RemoteTestNG.java:175)
Caused by: org.openqa.selenium.remote.UnreachableBrowserException: Error communicating with the remote browser. It may have died.
Build info: version: '2.42.0', revision: '5e82430', time: '2014-05-22 20:18:07'
System info: host: 'dslvm346', ip: '9.162.138.157', os.name: 'Windows 8', os.arch: 'x86', os.version: '6.2', java.version: '1.7.0_55'
Driver info: driver.version: EventFiringWebDriver
Build info: version: '2.42.1', revision: '68b415a', time: '2014-05-29 16:16:49'
System info: host: 'piotrbogdanski', ip: '9.161.136.32', os.name: 'Windows 7', os.arch: 'x86', os.version: '6.1 build 7601 Service Pack 1', java.version: '1.6.0'
Driver info: driver.version: unknown
]]>
    </failure>
  </testcase> <!-- AllContentsLoads -->
  <testcase name="AllContentsLoads" time="0.001" classname="tests.webUI.nonFunctional.LibraryTestsContents">
    <failure type="org.openqa.selenium.WebDriverException" message="Error communicating with the remote browser. It may have died.
Build info: version: &#039;2.42.0&#039;, revision: &#039;5e82430&#039;, time: &#039;2014-05-22 20:18:07&#039;
System info: host: &#039;dslvm346&#039;, ip: &#039;9.162.138.157&#039;, os.name: &#039;Windows 8&#039;, os.arch: &#039;x86&#039;, os.version: &#039;6.2&#039;, java.version: &#039;1.7.0_55&#039;
Driver info: driver.version: EventFiringWebDriver
Command duration or timeout: 3.27 seconds
Build info: version: &#039;2.42.1&#039;, revision: &#039;68b415a&#039;, time: &#039;2014-05-29 16:16:49&#039;
System info: host: &#039;piotrbogdanski&#039;, ip: &#039;9.161.136.32&#039;, os.name: &#039;Windows 7&#039;, os.arch: &#039;x86&#039;, os.version: &#039;6.1 build 7601 Service Pack 1&#039;, java.version: &#039;1.6.0&#039;
Session ID: b26bcd25-156a-405a-a953-e989a5b1f5be
Capabilities [{handlesAlerts=true, rotatable=false, databaseEnabled=false, locationContextEnabled=true, acceptSslCerts=true, applicationCacheEnabled=false, nativeEvents=true, cssSelectorsEnabled=true, takesScreenshot=true, platform=WIN8, browserName=chrome, javascriptEnabled=true, version=35.0.1916.153, chrome={userDataDir=C:\Users\ADMINI~1\AppData\Local\Temp\scoped_dir4076_31844}, webStorageEnabled=true, webdriver.remote.sessionid=b26bcd25-156a-405a-a953-e989a5b1f5be, browserConnectionEnabled=false, takesHeapSnapshot=true}]
Driver info: org.openqa.selenium.remote.RemoteWebDriver">
      <![CDATA[org.openqa.selenium.WebDriverException: Error communicating with the remote browser. It may have died.
Build info: version: '2.42.0', revision: '5e82430', time: '2014-05-22 20:18:07'
System info: host: 'dslvm346', ip: '9.162.138.157', os.name: 'Windows 8', os.arch: 'x86', os.version: '6.2', java.version: '1.7.0_55'
Driver info: driver.version: EventFiringWebDriver
Command duration or timeout: 3.27 seconds
Build info: version: '2.42.1', revision: '68b415a', time: '2014-05-29 16:16:49'
System info: host: 'piotrbogdanski', ip: '9.161.136.32', os.name: 'Windows 7', os.arch: 'x86', os.version: '6.1 build 7601 Service Pack 1', java.version: '1.6.0'
Session ID: b26bcd25-156a-405a-a953-e989a5b1f5be
Capabilities [{handlesAlerts=true, rotatable=false, databaseEnabled=false, locationContextEnabled=true, acceptSslCerts=true, applicationCacheEnabled=false, nativeEvents=true, cssSelectorsEnabled=true, takesScreenshot=true, platform=WIN8, browserName=chrome, javascriptEnabled=true, version=35.0.1916.153, chrome={userDataDir=C:\Users\ADMINI~1\AppData\Local\Temp\scoped_dir4076_31844}, webStorageEnabled=true, webdriver.remote.sessionid=b26bcd25-156a-405a-a953-e989a5b1f5be, browserConnectionEnabled=false, takesHeapSnapshot=true}]
Driver info: org.openqa.selenium.remote.RemoteWebDriver
	at sun.reflect.NativeConstructorAccessorImpl.newInstance0(Native Method)
	at sun.reflect.NativeConstructorAccessorImpl.newInstance(NativeConstructorAccessorImpl.java:56)
	at sun.reflect.DelegatingConstructorAccessorImpl.newInstance(DelegatingConstructorAccessorImpl.java:39)
	at java.lang.reflect.Constructor.newInstance(Constructor.java:527)
	at org.openqa.selenium.remote.ErrorHandler.createThrowable(ErrorHandler.java:204)
	at org.openqa.selenium.remote.ErrorHandler.throwIfResponseFailed(ErrorHandler.java:156)
	at org.openqa.selenium.remote.RemoteWebDriver.execute(RemoteWebDriver.java:600)
	at org.openqa.selenium.remote.RemoteWebDriver.execute(RemoteWebDriver.java:615)
	at org.openqa.selenium.remote.RemoteWebDriver.quit(RemoteWebDriver.java:469)
	at webUI.LoadBrowser.closeBrowser(LoadBrowser.java:266)
	at sun.reflect.GeneratedMethodAccessor21.invoke(Unknown Source)
	at sun.reflect.DelegatingMethodAccessorImpl.invoke(DelegatingMethodAccessorImpl.java:37)
	at java.lang.reflect.Method.invoke(Method.java:611)
	at org.testng.internal.MethodInvocationHelper.invokeMethod(MethodInvocationHelper.java:84)
	at org.testng.internal.Invoker.invokeConfigurationMethod(Invoker.java:564)
	at org.testng.internal.Invoker.invokeConfigurations(Invoker.java:213)
	at org.testng.internal.Invoker.invokeMethod(Invoker.java:786)
	at org.testng.internal.Invoker.invokeTestMethod(Invoker.java:901)
	at org.testng.internal.Invoker.invokeTestMethods(Invoker.java:1231)
	at org.testng.internal.TestMethodWorker.invokeTestMethods(TestMethodWorker.java:127)
	at org.testng.internal.TestMethodWorker.run(TestMethodWorker.java:111)
	at org.testng.TestRunner.privateRun(TestRunner.java:767)
	at org.testng.TestRunner.run(TestRunner.java:617)
	at org.testng.SuiteRunner.runTest(SuiteRunner.java:334)
	at org.testng.SuiteRunner.runSequentially(SuiteRunner.java:329)
	at org.testng.SuiteRunner.privateRun(SuiteRunner.java:291)
	at org.testng.SuiteRunner.run(SuiteRunner.java:240)
	at org.testng.SuiteRunnerWorker.runSuite(SuiteRunnerWorker.java:52)
	at org.testng.SuiteRunnerWorker.run(SuiteRunnerWorker.java:86)
	at org.testng.TestNG.runSuitesSequentially(TestNG.java:1224)
	at org.testng.TestNG.runSuitesLocally(TestNG.java:1149)
	at org.testng.TestNG.run(TestNG.java:1057)
	at org.testng.remote.RemoteTestNG.run(RemoteTestNG.java:111)
	at org.testng.remote.RemoteTestNG.initAndRun(RemoteTestNG.java:204)
	at org.testng.remote.RemoteTestNG.main(RemoteTestNG.java:175)
Caused by: org.openqa.selenium.remote.UnreachableBrowserException: Error communicating with the remote browser. It may have died.
Build info: version: '2.42.0', revision: '5e82430', time: '2014-05-22 20:18:07'
System info: host: 'dslvm346', ip: '9.162.138.157', os.name: 'Windows 8', os.arch: 'x86', os.version: '6.2', java.version: '1.7.0_55'
Driver info: driver.version: EventFiringWebDriver
Build info: version: '2.42.1', revision: '68b415a', time: '2014-05-29 16:16:49'
System info: host: 'piotrbogdanski', ip: '9.161.136.32', os.name: 'Windows 7', os.arch: 'x86', os.version: '6.1 build 7601 Service Pack 1', java.version: '1.6.0'
Driver info: driver.version: unknown
]]>
    </failure>
  </testcase> <!-- AllContentsLoads -->
  <testcase name="AllContentsLoads" time="0.002" classname="tests.webUI.nonFunctional.LibraryTestsContents">
    <failure type="org.openqa.selenium.WebDriverException" message="Error communicating with the remote browser. It may have died.
Build info: version: &#039;2.42.0&#039;, revision: &#039;5e82430&#039;, time: &#039;2014-05-22 20:18:07&#039;
System info: host: &#039;dslvm346&#039;, ip: &#039;9.162.138.157&#039;, os.name: &#039;Windows 8&#039;, os.arch: &#039;x86&#039;, os.version: &#039;6.2&#039;, java.version: &#039;1.7.0_55&#039;
Driver info: driver.version: EventFiringWebDriver
Command duration or timeout: 3.27 seconds
Build info: version: &#039;2.42.1&#039;, revision: &#039;68b415a&#039;, time: &#039;2014-05-29 16:16:49&#039;
System info: host: &#039;piotrbogdanski&#039;, ip: &#039;9.161.136.32&#039;, os.name: &#039;Windows 7&#039;, os.arch: &#039;x86&#039;, os.version: &#039;6.1 build 7601 Service Pack 1&#039;, java.version: &#039;1.6.0&#039;
Session ID: b26bcd25-156a-405a-a953-e989a5b1f5be
Capabilities [{handlesAlerts=true, rotatable=false, databaseEnabled=false, locationContextEnabled=true, acceptSslCerts=true, applicationCacheEnabled=false, nativeEvents=true, cssSelectorsEnabled=true, takesScreenshot=true, platform=WIN8, browserName=chrome, javascriptEnabled=true, version=35.0.1916.153, chrome={userDataDir=C:\Users\ADMINI~1\AppData\Local\Temp\scoped_dir4076_31844}, webStorageEnabled=true, webdriver.remote.sessionid=b26bcd25-156a-405a-a953-e989a5b1f5be, browserConnectionEnabled=false, takesHeapSnapshot=true}]
Driver info: org.openqa.selenium.remote.RemoteWebDriver">
      <![CDATA[org.openqa.selenium.WebDriverException: Error communicating with the remote browser. It may have died.
Build info: version: '2.42.0', revision: '5e82430', time: '2014-05-22 20:18:07'
System info: host: 'dslvm346', ip: '9.162.138.157', os.name: 'Windows 8', os.arch: 'x86', os.version: '6.2', java.version: '1.7.0_55'
Driver info: driver.version: EventFiringWebDriver
Command duration or timeout: 3.27 seconds
Build info: version: '2.42.1', revision: '68b415a', time: '2014-05-29 16:16:49'
System info: host: 'piotrbogdanski', ip: '9.161.136.32', os.name: 'Windows 7', os.arch: 'x86', os.version: '6.1 build 7601 Service Pack 1', java.version: '1.6.0'
Session ID: b26bcd25-156a-405a-a953-e989a5b1f5be
Capabilities [{handlesAlerts=true, rotatable=false, databaseEnabled=false, locationContextEnabled=true, acceptSslCerts=true, applicationCacheEnabled=false, nativeEvents=true, cssSelectorsEnabled=true, takesScreenshot=true, platform=WIN8, browserName=chrome, javascriptEnabled=true, version=35.0.1916.153, chrome={userDataDir=C:\Users\ADMINI~1\AppData\Local\Temp\scoped_dir4076_31844}, webStorageEnabled=true, webdriver.remote.sessionid=b26bcd25-156a-405a-a953-e989a5b1f5be, browserConnectionEnabled=false, takesHeapSnapshot=true}]
Driver info: org.openqa.selenium.remote.RemoteWebDriver
	at sun.reflect.NativeConstructorAccessorImpl.newInstance0(Native Method)
	at sun.reflect.NativeConstructorAccessorImpl.newInstance(NativeConstructorAccessorImpl.java:56)
	at sun.reflect.DelegatingConstructorAccessorImpl.newInstance(DelegatingConstructorAccessorImpl.java:39)
	at java.lang.reflect.Constructor.newInstance(Constructor.java:527)
	at org.openqa.selenium.remote.ErrorHandler.createThrowable(ErrorHandler.java:204)
	at org.openqa.selenium.remote.ErrorHandler.throwIfResponseFailed(ErrorHandler.java:156)
	at org.openqa.selenium.remote.RemoteWebDriver.execute(RemoteWebDriver.java:600)
	at org.openqa.selenium.remote.RemoteWebDriver.execute(RemoteWebDriver.java:615)
	at org.openqa.selenium.remote.RemoteWebDriver.quit(RemoteWebDriver.java:469)
	at webUI.LoadBrowser.closeBrowser(LoadBrowser.java:266)
	at sun.reflect.GeneratedMethodAccessor21.invoke(Unknown Source)
	at sun.reflect.DelegatingMethodAccessorImpl.invoke(DelegatingMethodAccessorImpl.java:37)
	at java.lang.reflect.Method.invoke(Method.java:611)
	at org.testng.internal.MethodInvocationHelper.invokeMethod(MethodInvocationHelper.java:84)
	at org.testng.internal.Invoker.invokeConfigurationMethod(Invoker.java:564)
	at org.testng.internal.Invoker.invokeConfigurations(Invoker.java:213)
	at org.testng.internal.Invoker.invokeMethod(Invoker.java:786)
	at org.testng.internal.Invoker.invokeTestMethod(Invoker.java:901)
	at org.testng.internal.Invoker.invokeTestMethods(Invoker.java:1231)
	at org.testng.internal.TestMethodWorker.invokeTestMethods(TestMethodWorker.java:127)
	at org.testng.internal.TestMethodWorker.run(TestMethodWorker.java:111)
	at org.testng.TestRunner.privateRun(TestRunner.java:767)
	at org.testng.TestRunner.run(TestRunner.java:617)
	at org.testng.SuiteRunner.runTest(SuiteRunner.java:334)
	at org.testng.SuiteRunner.runSequentially(SuiteRunner.java:329)
	at org.testng.SuiteRunner.privateRun(SuiteRunner.java:291)
	at org.testng.SuiteRunner.run(SuiteRunner.java:240)
	at org.testng.SuiteRunnerWorker.runSuite(SuiteRunnerWorker.java:52)
	at org.testng.SuiteRunnerWorker.run(SuiteRunnerWorker.java:86)
	at org.testng.TestNG.runSuitesSequentially(TestNG.java:1224)
	at org.testng.TestNG.runSuitesLocally(TestNG.java:1149)
	at org.testng.TestNG.run(TestNG.java:1057)
	at org.testng.remote.RemoteTestNG.run(RemoteTestNG.java:111)
	at org.testng.remote.RemoteTestNG.initAndRun(RemoteTestNG.java:204)
	at org.testng.remote.RemoteTestNG.main(RemoteTestNG.java:175)
Caused by: org.openqa.selenium.remote.UnreachableBrowserException: Error communicating with the remote browser. It may have died.
Build info: version: '2.42.0', revision: '5e82430', time: '2014-05-22 20:18:07'
System info: host: 'dslvm346', ip: '9.162.138.157', os.name: 'Windows 8', os.arch: 'x86', os.version: '6.2', java.version: '1.7.0_55'
Driver info: driver.version: EventFiringWebDriver
Build info: version: '2.42.1', revision: '68b415a', time: '2014-05-29 16:16:49'
System info: host: 'piotrbogdanski', ip: '9.161.136.32', os.name: 'Windows 7', os.arch: 'x86', os.version: '6.1 build 7601 Service Pack 1', java.version: '1.6.0'
Driver info: driver.version: unknown
]]>
    </failure>
  </testcase> <!-- AllContentsLoads -->
  <testcase name="AllContentsLoads" time="0.000" classname="tests.webUI.nonFunctional.LibraryTestsContents">
    <failure type="org.openqa.selenium.WebDriverException" message="Error communicating with the remote browser. It may have died.
Build info: version: &#039;2.42.0&#039;, revision: &#039;5e82430&#039;, time: &#039;2014-05-22 20:18:07&#039;
System info: host: &#039;dslvm346&#039;, ip: &#039;9.162.138.157&#039;, os.name: &#039;Windows 8&#039;, os.arch: &#039;x86&#039;, os.version: &#039;6.2&#039;, java.version: &#039;1.7.0_55&#039;
Driver info: driver.version: EventFiringWebDriver
Command duration or timeout: 3.27 seconds
Build info: version: &#039;2.42.1&#039;, revision: &#039;68b415a&#039;, time: &#039;2014-05-29 16:16:49&#039;
System info: host: &#039;piotrbogdanski&#039;, ip: &#039;9.161.136.32&#039;, os.name: &#039;Windows 7&#039;, os.arch: &#039;x86&#039;, os.version: &#039;6.1 build 7601 Service Pack 1&#039;, java.version: &#039;1.6.0&#039;
Session ID: b26bcd25-156a-405a-a953-e989a5b1f5be
Capabilities [{handlesAlerts=true, rotatable=false, databaseEnabled=false, locationContextEnabled=true, acceptSslCerts=true, applicationCacheEnabled=false, nativeEvents=true, cssSelectorsEnabled=true, takesScreenshot=true, platform=WIN8, browserName=chrome, javascriptEnabled=true, version=35.0.1916.153, chrome={userDataDir=C:\Users\ADMINI~1\AppData\Local\Temp\scoped_dir4076_31844}, webStorageEnabled=true, webdriver.remote.sessionid=b26bcd25-156a-405a-a953-e989a5b1f5be, browserConnectionEnabled=false, takesHeapSnapshot=true}]
Driver info: org.openqa.selenium.remote.RemoteWebDriver">
      <![CDATA[org.openqa.selenium.WebDriverException: Error communicating with the remote browser. It may have died.
Build info: version: '2.42.0', revision: '5e82430', time: '2014-05-22 20:18:07'
System info: host: 'dslvm346', ip: '9.162.138.157', os.name: 'Windows 8', os.arch: 'x86', os.version: '6.2', java.version: '1.7.0_55'
Driver info: driver.version: EventFiringWebDriver
Command duration or timeout: 3.27 seconds
Build info: version: '2.42.1', revision: '68b415a', time: '2014-05-29 16:16:49'
System info: host: 'piotrbogdanski', ip: '9.161.136.32', os.name: 'Windows 7', os.arch: 'x86', os.version: '6.1 build 7601 Service Pack 1', java.version: '1.6.0'
Session ID: b26bcd25-156a-405a-a953-e989a5b1f5be
Capabilities [{handlesAlerts=true, rotatable=false, databaseEnabled=false, locationContextEnabled=true, acceptSslCerts=true, applicationCacheEnabled=false, nativeEvents=true, cssSelectorsEnabled=true, takesScreenshot=true, platform=WIN8, browserName=chrome, javascriptEnabled=true, version=35.0.1916.153, chrome={userDataDir=C:\Users\ADMINI~1\AppData\Local\Temp\scoped_dir4076_31844}, webStorageEnabled=true, webdriver.remote.sessionid=b26bcd25-156a-405a-a953-e989a5b1f5be, browserConnectionEnabled=false, takesHeapSnapshot=true}]
Driver info: org.openqa.selenium.remote.RemoteWebDriver
	at sun.reflect.NativeConstructorAccessorImpl.newInstance0(Native Method)
	at sun.reflect.NativeConstructorAccessorImpl.newInstance(NativeConstructorAccessorImpl.java:56)
	at sun.reflect.DelegatingConstructorAccessorImpl.newInstance(DelegatingConstructorAccessorImpl.java:39)
	at java.lang.reflect.Constructor.newInstance(Constructor.java:527)
	at org.openqa.selenium.remote.ErrorHandler.createThrowable(ErrorHandler.java:204)
	at org.openqa.selenium.remote.ErrorHandler.throwIfResponseFailed(ErrorHandler.java:156)
	at org.openqa.selenium.remote.RemoteWebDriver.execute(RemoteWebDriver.java:600)
	at org.openqa.selenium.remote.RemoteWebDriver.execute(RemoteWebDriver.java:615)
	at org.openqa.selenium.remote.RemoteWebDriver.quit(RemoteWebDriver.java:469)
	at webUI.LoadBrowser.closeBrowser(LoadBrowser.java:266)
	at sun.reflect.GeneratedMethodAccessor21.invoke(Unknown Source)
	at sun.reflect.DelegatingMethodAccessorImpl.invoke(DelegatingMethodAccessorImpl.java:37)
	at java.lang.reflect.Method.invoke(Method.java:611)
	at org.testng.internal.MethodInvocationHelper.invokeMethod(MethodInvocationHelper.java:84)
	at org.testng.internal.Invoker.invokeConfigurationMethod(Invoker.java:564)
	at org.testng.internal.Invoker.invokeConfigurations(Invoker.java:213)
	at org.testng.internal.Invoker.invokeMethod(Invoker.java:786)
	at org.testng.internal.Invoker.invokeTestMethod(Invoker.java:901)
	at org.testng.internal.Invoker.invokeTestMethods(Invoker.java:1231)
	at org.testng.internal.TestMethodWorker.invokeTestMethods(TestMethodWorker.java:127)
	at org.testng.internal.TestMethodWorker.run(TestMethodWorker.java:111)
	at org.testng.TestRunner.privateRun(TestRunner.java:767)
	at org.testng.TestRunner.run(TestRunner.java:617)
	at org.testng.SuiteRunner.runTest(SuiteRunner.java:334)
	at org.testng.SuiteRunner.runSequentially(SuiteRunner.java:329)
	at org.testng.SuiteRunner.privateRun(SuiteRunner.java:291)
	at org.testng.SuiteRunner.run(SuiteRunner.java:240)
	at org.testng.SuiteRunnerWorker.runSuite(SuiteRunnerWorker.java:52)
	at org.testng.SuiteRunnerWorker.run(SuiteRunnerWorker.java:86)
	at org.testng.TestNG.runSuitesSequentially(TestNG.java:1224)
	at org.testng.TestNG.runSuitesLocally(TestNG.java:1149)
	at org.testng.TestNG.run(TestNG.java:1057)
	at org.testng.remote.RemoteTestNG.run(RemoteTestNG.java:111)
	at org.testng.remote.RemoteTestNG.initAndRun(RemoteTestNG.java:204)
	at org.testng.remote.RemoteTestNG.main(RemoteTestNG.java:175)
Caused by: org.openqa.selenium.remote.UnreachableBrowserException: Error communicating with the remote browser. It may have died.
Build info: version: '2.42.0', revision: '5e82430', time: '2014-05-22 20:18:07'
System info: host: 'dslvm346', ip: '9.162.138.157', os.name: 'Windows 8', os.arch: 'x86', os.version: '6.2', java.version: '1.7.0_55'
Driver info: driver.version: EventFiringWebDriver
Build info: version: '2.42.1', revision: '68b415a', time: '2014-05-29 16:16:49'
System info: host: 'piotrbogdanski', ip: '9.161.136.32', os.name: 'Windows 7', os.arch: 'x86', os.version: '6.1 build 7601 Service Pack 1', java.version: '1.6.0'
Driver info: driver.version: unknown
]]>
    </failure>
  </testcase> <!-- AllContentsLoads -->
  <testcase name="AllContentsLoads" time="0.000" classname="tests.webUI.nonFunctional.LibraryTestsContents">
    <failure type="org.openqa.selenium.WebDriverException" message="Error communicating with the remote browser. It may have died.
Build info: version: &#039;2.42.0&#039;, revision: &#039;5e82430&#039;, time: &#039;2014-05-22 20:18:07&#039;
System info: host: &#039;dslvm346&#039;, ip: &#039;9.162.138.157&#039;, os.name: &#039;Windows 8&#039;, os.arch: &#039;x86&#039;, os.version: &#039;6.2&#039;, java.version: &#039;1.7.0_55&#039;
Driver info: driver.version: EventFiringWebDriver
Command duration or timeout: 3.27 seconds
Build info: version: &#039;2.42.1&#039;, revision: &#039;68b415a&#039;, time: &#039;2014-05-29 16:16:49&#039;
System info: host: &#039;piotrbogdanski&#039;, ip: &#039;9.161.136.32&#039;, os.name: &#039;Windows 7&#039;, os.arch: &#039;x86&#039;, os.version: &#039;6.1 build 7601 Service Pack 1&#039;, java.version: &#039;1.6.0&#039;
Session ID: b26bcd25-156a-405a-a953-e989a5b1f5be
Capabilities [{handlesAlerts=true, rotatable=false, databaseEnabled=false, locationContextEnabled=true, acceptSslCerts=true, applicationCacheEnabled=false, nativeEvents=true, cssSelectorsEnabled=true, takesScreenshot=true, platform=WIN8, browserName=chrome, javascriptEnabled=true, version=35.0.1916.153, chrome={userDataDir=C:\Users\ADMINI~1\AppData\Local\Temp\scoped_dir4076_31844}, webStorageEnabled=true, webdriver.remote.sessionid=b26bcd25-156a-405a-a953-e989a5b1f5be, browserConnectionEnabled=false, takesHeapSnapshot=true}]
Driver info: org.openqa.selenium.remote.RemoteWebDriver">
      <![CDATA[org.openqa.selenium.WebDriverException: Error communicating with the remote browser. It may have died.
Build info: version: '2.42.0', revision: '5e82430', time: '2014-05-22 20:18:07'
System info: host: 'dslvm346', ip: '9.162.138.157', os.name: 'Windows 8', os.arch: 'x86', os.version: '6.2', java.version: '1.7.0_55'
Driver info: driver.version: EventFiringWebDriver
Command duration or timeout: 3.27 seconds
Build info: version: '2.42.1', revision: '68b415a', time: '2014-05-29 16:16:49'
System info: host: 'piotrbogdanski', ip: '9.161.136.32', os.name: 'Windows 7', os.arch: 'x86', os.version: '6.1 build 7601 Service Pack 1', java.version: '1.6.0'
Session ID: b26bcd25-156a-405a-a953-e989a5b1f5be
Capabilities [{handlesAlerts=true, rotatable=false, databaseEnabled=false, locationContextEnabled=true, acceptSslCerts=true, applicationCacheEnabled=false, nativeEvents=true, cssSelectorsEnabled=true, takesScreenshot=true, platform=WIN8, browserName=chrome, javascriptEnabled=true, version=35.0.1916.153, chrome={userDataDir=C:\Users\ADMINI~1\AppData\Local\Temp\scoped_dir4076_31844}, webStorageEnabled=true, webdriver.remote.sessionid=b26bcd25-156a-405a-a953-e989a5b1f5be, browserConnectionEnabled=false, takesHeapSnapshot=true}]
Driver info: org.openqa.selenium.remote.RemoteWebDriver
	at sun.reflect.NativeConstructorAccessorImpl.newInstance0(Native Method)
	at sun.reflect.NativeConstructorAccessorImpl.newInstance(NativeConstructorAccessorImpl.java:56)
	at sun.reflect.DelegatingConstructorAccessorImpl.newInstance(DelegatingConstructorAccessorImpl.java:39)
	at java.lang.reflect.Constructor.newInstance(Constructor.java:527)
	at org.openqa.selenium.remote.ErrorHandler.createThrowable(ErrorHandler.java:204)
	at org.openqa.selenium.remote.ErrorHandler.throwIfResponseFailed(ErrorHandler.java:156)
	at org.openqa.selenium.remote.RemoteWebDriver.execute(RemoteWebDriver.java:600)
	at org.openqa.selenium.remote.RemoteWebDriver.execute(RemoteWebDriver.java:615)
	at org.openqa.selenium.remote.RemoteWebDriver.quit(RemoteWebDriver.java:469)
	at webUI.LoadBrowser.closeBrowser(LoadBrowser.java:266)
	at sun.reflect.GeneratedMethodAccessor21.invoke(Unknown Source)
	at sun.reflect.DelegatingMethodAccessorImpl.invoke(DelegatingMethodAccessorImpl.java:37)
	at java.lang.reflect.Method.invoke(Method.java:611)
	at org.testng.internal.MethodInvocationHelper.invokeMethod(MethodInvocationHelper.java:84)
	at org.testng.internal.Invoker.invokeConfigurationMethod(Invoker.java:564)
	at org.testng.internal.Invoker.invokeConfigurations(Invoker.java:213)
	at org.testng.internal.Invoker.invokeMethod(Invoker.java:786)
	at org.testng.internal.Invoker.invokeTestMethod(Invoker.java:901)
	at org.testng.internal.Invoker.invokeTestMethods(Invoker.java:1231)
	at org.testng.internal.TestMethodWorker.invokeTestMethods(TestMethodWorker.java:127)
	at org.testng.internal.TestMethodWorker.run(TestMethodWorker.java:111)
	at org.testng.TestRunner.privateRun(TestRunner.java:767)
	at org.testng.TestRunner.run(TestRunner.java:617)
	at org.testng.SuiteRunner.runTest(SuiteRunner.java:334)
	at org.testng.SuiteRunner.runSequentially(SuiteRunner.java:329)
	at org.testng.SuiteRunner.privateRun(SuiteRunner.java:291)
	at org.testng.SuiteRunner.run(SuiteRunner.java:240)
	at org.testng.SuiteRunnerWorker.runSuite(SuiteRunnerWorker.java:52)
	at org.testng.SuiteRunnerWorker.run(SuiteRunnerWorker.java:86)
	at org.testng.TestNG.runSuitesSequentially(TestNG.java:1224)
	at org.testng.TestNG.runSuitesLocally(TestNG.java:1149)
	at org.testng.TestNG.run(TestNG.java:1057)
	at org.testng.remote.RemoteTestNG.run(RemoteTestNG.java:111)
	at org.testng.remote.RemoteTestNG.initAndRun(RemoteTestNG.java:204)
	at org.testng.remote.RemoteTestNG.main(RemoteTestNG.java:175)
Caused by: org.openqa.selenium.remote.UnreachableBrowserException: Error communicating with the remote browser. It may have died.
Build info: version: '2.42.0', revision: '5e82430', time: '2014-05-22 20:18:07'
System info: host: 'dslvm346', ip: '9.162.138.157', os.name: 'Windows 8', os.arch: 'x86', os.version: '6.2', java.version: '1.7.0_55'
Driver info: driver.version: EventFiringWebDriver
Build info: version: '2.42.1', revision: '68b415a', time: '2014-05-29 16:16:49'
System info: host: 'piotrbogdanski', ip: '9.161.136.32', os.name: 'Windows 7', os.arch: 'x86', os.version: '6.1 build 7601 Service Pack 1', java.version: '1.6.0'
Driver info: driver.version: unknown
]]>
    </failure>
  </testcase> <!-- AllContentsLoads -->
  <testcase name="AllContentsLoads" time="0.001" classname="tests.webUI.nonFunctional.LibraryTestsContents">
    <failure type="org.openqa.selenium.WebDriverException" message="Error communicating with the remote browser. It may have died.
Build info: version: &#039;2.42.0&#039;, revision: &#039;5e82430&#039;, time: &#039;2014-05-22 20:18:07&#039;
System info: host: &#039;dslvm346&#039;, ip: &#039;9.162.138.157&#039;, os.name: &#039;Windows 8&#039;, os.arch: &#039;x86&#039;, os.version: &#039;6.2&#039;, java.version: &#039;1.7.0_55&#039;
Driver info: driver.version: EventFiringWebDriver
Command duration or timeout: 3.27 seconds
Build info: version: &#039;2.42.1&#039;, revision: &#039;68b415a&#039;, time: &#039;2014-05-29 16:16:49&#039;
System info: host: &#039;piotrbogdanski&#039;, ip: &#039;9.161.136.32&#039;, os.name: &#039;Windows 7&#039;, os.arch: &#039;x86&#039;, os.version: &#039;6.1 build 7601 Service Pack 1&#039;, java.version: &#039;1.6.0&#039;
Session ID: b26bcd25-156a-405a-a953-e989a5b1f5be
Capabilities [{handlesAlerts=true, rotatable=false, databaseEnabled=false, locationContextEnabled=true, acceptSslCerts=true, applicationCacheEnabled=false, nativeEvents=true, cssSelectorsEnabled=true, takesScreenshot=true, platform=WIN8, browserName=chrome, javascriptEnabled=true, version=35.0.1916.153, chrome={userDataDir=C:\Users\ADMINI~1\AppData\Local\Temp\scoped_dir4076_31844}, webStorageEnabled=true, webdriver.remote.sessionid=b26bcd25-156a-405a-a953-e989a5b1f5be, browserConnectionEnabled=false, takesHeapSnapshot=true}]
Driver info: org.openqa.selenium.remote.RemoteWebDriver">
      <![CDATA[org.openqa.selenium.WebDriverException: Error communicating with the remote browser. It may have died.
Build info: version: '2.42.0', revision: '5e82430', time: '2014-05-22 20:18:07'
System info: host: 'dslvm346', ip: '9.162.138.157', os.name: 'Windows 8', os.arch: 'x86', os.version: '6.2', java.version: '1.7.0_55'
Driver info: driver.version: EventFiringWebDriver
Command duration or timeout: 3.27 seconds
Build info: version: '2.42.1', revision: '68b415a', time: '2014-05-29 16:16:49'
System info: host: 'piotrbogdanski', ip: '9.161.136.32', os.name: 'Windows 7', os.arch: 'x86', os.version: '6.1 build 7601 Service Pack 1', java.version: '1.6.0'
Session ID: b26bcd25-156a-405a-a953-e989a5b1f5be
Capabilities [{handlesAlerts=true, rotatable=false, databaseEnabled=false, locationContextEnabled=true, acceptSslCerts=true, applicationCacheEnabled=false, nativeEvents=true, cssSelectorsEnabled=true, takesScreenshot=true, platform=WIN8, browserName=chrome, javascriptEnabled=true, version=35.0.1916.153, chrome={userDataDir=C:\Users\ADMINI~1\AppData\Local\Temp\scoped_dir4076_31844}, webStorageEnabled=true, webdriver.remote.sessionid=b26bcd25-156a-405a-a953-e989a5b1f5be, browserConnectionEnabled=false, takesHeapSnapshot=true}]
Driver info: org.openqa.selenium.remote.RemoteWebDriver
	at sun.reflect.NativeConstructorAccessorImpl.newInstance0(Native Method)
	at sun.reflect.NativeConstructorAccessorImpl.newInstance(NativeConstructorAccessorImpl.java:56)
	at sun.reflect.DelegatingConstructorAccessorImpl.newInstance(DelegatingConstructorAccessorImpl.java:39)
	at java.lang.reflect.Constructor.newInstance(Constructor.java:527)
	at org.openqa.selenium.remote.ErrorHandler.createThrowable(ErrorHandler.java:204)
	at org.openqa.selenium.remote.ErrorHandler.throwIfResponseFailed(ErrorHandler.java:156)
	at org.openqa.selenium.remote.RemoteWebDriver.execute(RemoteWebDriver.java:600)
	at org.openqa.selenium.remote.RemoteWebDriver.execute(RemoteWebDriver.java:615)
	at org.openqa.selenium.remote.RemoteWebDriver.quit(RemoteWebDriver.java:469)
	at webUI.LoadBrowser.closeBrowser(LoadBrowser.java:266)
	at sun.reflect.GeneratedMethodAccessor21.invoke(Unknown Source)
	at sun.reflect.DelegatingMethodAccessorImpl.invoke(DelegatingMethodAccessorImpl.java:37)
	at java.lang.reflect.Method.invoke(Method.java:611)
	at org.testng.internal.MethodInvocationHelper.invokeMethod(MethodInvocationHelper.java:84)
	at org.testng.internal.Invoker.invokeConfigurationMethod(Invoker.java:564)
	at org.testng.internal.Invoker.invokeConfigurations(Invoker.java:213)
	at org.testng.internal.Invoker.invokeMethod(Invoker.java:786)
	at org.testng.internal.Invoker.invokeTestMethod(Invoker.java:901)
	at org.testng.internal.Invoker.invokeTestMethods(Invoker.java:1231)
	at org.testng.internal.TestMethodWorker.invokeTestMethods(TestMethodWorker.java:127)
	at org.testng.internal.TestMethodWorker.run(TestMethodWorker.java:111)
	at org.testng.TestRunner.privateRun(TestRunner.java:767)
	at org.testng.TestRunner.run(TestRunner.java:617)
	at org.testng.SuiteRunner.runTest(SuiteRunner.java:334)
	at org.testng.SuiteRunner.runSequentially(SuiteRunner.java:329)
	at org.testng.SuiteRunner.privateRun(SuiteRunner.java:291)
	at org.testng.SuiteRunner.run(SuiteRunner.java:240)
	at org.testng.SuiteRunnerWorker.runSuite(SuiteRunnerWorker.java:52)
	at org.testng.SuiteRunnerWorker.run(SuiteRunnerWorker.java:86)
	at org.testng.TestNG.runSuitesSequentially(TestNG.java:1224)
	at org.testng.TestNG.runSuitesLocally(TestNG.java:1149)
	at org.testng.TestNG.run(TestNG.java:1057)
	at org.testng.remote.RemoteTestNG.run(RemoteTestNG.java:111)
	at org.testng.remote.RemoteTestNG.initAndRun(RemoteTestNG.java:204)
	at org.testng.remote.RemoteTestNG.main(RemoteTestNG.java:175)
Caused by: org.openqa.selenium.remote.UnreachableBrowserException: Error communicating with the remote browser. It may have died.
Build info: version: '2.42.0', revision: '5e82430', time: '2014-05-22 20:18:07'
System info: host: 'dslvm346', ip: '9.162.138.157', os.name: 'Windows 8', os.arch: 'x86', os.version: '6.2', java.version: '1.7.0_55'
Driver info: driver.version: EventFiringWebDriver
Build info: version: '2.42.1', revision: '68b415a', time: '2014-05-29 16:16:49'
System info: host: 'piotrbogdanski', ip: '9.161.136.32', os.name: 'Windows 7', os.arch: 'x86', os.version: '6.1 build 7601 Service Pack 1', java.version: '1.6.0'
Driver info: driver.version: unknown
]]>
    </failure>
  </testcase> <!-- AllContentsLoads -->
  <testcase name="AllContentsLoads" time="0.014" classname="tests.webUI.nonFunctional.LibraryTestsContents">
    <failure type="org.openqa.selenium.WebDriverException" message="Error communicating with the remote browser. It may have died.
Build info: version: &#039;2.42.0&#039;, revision: &#039;5e82430&#039;, time: &#039;2014-05-22 20:18:07&#039;
System info: host: &#039;dslvm346&#039;, ip: &#039;9.162.138.157&#039;, os.name: &#039;Windows 8&#039;, os.arch: &#039;x86&#039;, os.version: &#039;6.2&#039;, java.version: &#039;1.7.0_55&#039;
Driver info: driver.version: EventFiringWebDriver
Command duration or timeout: 3.27 seconds
Build info: version: &#039;2.42.1&#039;, revision: &#039;68b415a&#039;, time: &#039;2014-05-29 16:16:49&#039;
System info: host: &#039;piotrbogdanski&#039;, ip: &#039;9.161.136.32&#039;, os.name: &#039;Windows 7&#039;, os.arch: &#039;x86&#039;, os.version: &#039;6.1 build 7601 Service Pack 1&#039;, java.version: &#039;1.6.0&#039;
Session ID: b26bcd25-156a-405a-a953-e989a5b1f5be
Capabilities [{handlesAlerts=true, rotatable=false, databaseEnabled=false, locationContextEnabled=true, acceptSslCerts=true, applicationCacheEnabled=false, nativeEvents=true, cssSelectorsEnabled=true, takesScreenshot=true, platform=WIN8, browserName=chrome, javascriptEnabled=true, version=35.0.1916.153, chrome={userDataDir=C:\Users\ADMINI~1\AppData\Local\Temp\scoped_dir4076_31844}, webStorageEnabled=true, webdriver.remote.sessionid=b26bcd25-156a-405a-a953-e989a5b1f5be, browserConnectionEnabled=false, takesHeapSnapshot=true}]
Driver info: org.openqa.selenium.remote.RemoteWebDriver">
      <![CDATA[org.openqa.selenium.WebDriverException: Error communicating with the remote browser. It may have died.
Build info: version: '2.42.0', revision: '5e82430', time: '2014-05-22 20:18:07'
System info: host: 'dslvm346', ip: '9.162.138.157', os.name: 'Windows 8', os.arch: 'x86', os.version: '6.2', java.version: '1.7.0_55'
Driver info: driver.version: EventFiringWebDriver
Command duration or timeout: 3.27 seconds
Build info: version: '2.42.1', revision: '68b415a', time: '2014-05-29 16:16:49'
System info: host: 'piotrbogdanski', ip: '9.161.136.32', os.name: 'Windows 7', os.arch: 'x86', os.version: '6.1 build 7601 Service Pack 1', java.version: '1.6.0'
Session ID: b26bcd25-156a-405a-a953-e989a5b1f5be
Capabilities [{handlesAlerts=true, rotatable=false, databaseEnabled=false, locationContextEnabled=true, acceptSslCerts=true, applicationCacheEnabled=false, nativeEvents=true, cssSelectorsEnabled=true, takesScreenshot=true, platform=WIN8, browserName=chrome, javascriptEnabled=true, version=35.0.1916.153, chrome={userDataDir=C:\Users\ADMINI~1\AppData\Local\Temp\scoped_dir4076_31844}, webStorageEnabled=true, webdriver.remote.sessionid=b26bcd25-156a-405a-a953-e989a5b1f5be, browserConnectionEnabled=false, takesHeapSnapshot=true}]
Driver info: org.openqa.selenium.remote.RemoteWebDriver
	at sun.reflect.NativeConstructorAccessorImpl.newInstance0(Native Method)
	at sun.reflect.NativeConstructorAccessorImpl.newInstance(NativeConstructorAccessorImpl.java:56)
	at sun.reflect.DelegatingConstructorAccessorImpl.newInstance(DelegatingConstructorAccessorImpl.java:39)
	at java.lang.reflect.Constructor.newInstance(Constructor.java:527)
	at org.openqa.selenium.remote.ErrorHandler.createThrowable(ErrorHandler.java:204)
	at org.openqa.selenium.remote.ErrorHandler.throwIfResponseFailed(ErrorHandler.java:156)
	at org.openqa.selenium.remote.RemoteWebDriver.execute(RemoteWebDriver.java:600)
	at org.openqa.selenium.remote.RemoteWebDriver.execute(RemoteWebDriver.java:615)
	at org.openqa.selenium.remote.RemoteWebDriver.quit(RemoteWebDriver.java:469)
	at webUI.LoadBrowser.closeBrowser(LoadBrowser.java:266)
	at sun.reflect.GeneratedMethodAccessor21.invoke(Unknown Source)
	at sun.reflect.DelegatingMethodAccessorImpl.invoke(DelegatingMethodAccessorImpl.java:37)
	at java.lang.reflect.Method.invoke(Method.java:611)
	at org.testng.internal.MethodInvocationHelper.invokeMethod(MethodInvocationHelper.java:84)
	at org.testng.internal.Invoker.invokeConfigurationMethod(Invoker.java:564)
	at org.testng.internal.Invoker.invokeConfigurations(Invoker.java:213)
	at org.testng.internal.Invoker.invokeMethod(Invoker.java:786)
	at org.testng.internal.Invoker.invokeTestMethod(Invoker.java:901)
	at org.testng.internal.Invoker.invokeTestMethods(Invoker.java:1231)
	at org.testng.internal.TestMethodWorker.invokeTestMethods(TestMethodWorker.java:127)
	at org.testng.internal.TestMethodWorker.run(TestMethodWorker.java:111)
	at org.testng.TestRunner.privateRun(TestRunner.java:767)
	at org.testng.TestRunner.run(TestRunner.java:617)
	at org.testng.SuiteRunner.runTest(SuiteRunner.java:334)
	at org.testng.SuiteRunner.runSequentially(SuiteRunner.java:329)
	at org.testng.SuiteRunner.privateRun(SuiteRunner.java:291)
	at org.testng.SuiteRunner.run(SuiteRunner.java:240)
	at org.testng.SuiteRunnerWorker.runSuite(SuiteRunnerWorker.java:52)
	at org.testng.SuiteRunnerWorker.run(SuiteRunnerWorker.java:86)
	at org.testng.TestNG.runSuitesSequentially(TestNG.java:1224)
	at org.testng.TestNG.runSuitesLocally(TestNG.java:1149)
	at org.testng.TestNG.run(TestNG.java:1057)
	at org.testng.remote.RemoteTestNG.run(RemoteTestNG.java:111)
	at org.testng.remote.RemoteTestNG.initAndRun(RemoteTestNG.java:204)
	at org.testng.remote.RemoteTestNG.main(RemoteTestNG.java:175)
Caused by: org.openqa.selenium.remote.UnreachableBrowserException: Error communicating with the remote browser. It may have died.
Build info: version: '2.42.0', revision: '5e82430', time: '2014-05-22 20:18:07'
System info: host: 'dslvm346', ip: '9.162.138.157', os.name: 'Windows 8', os.arch: 'x86', os.version: '6.2', java.version: '1.7.0_55'
Driver info: driver.version: EventFiringWebDriver
Build info: version: '2.42.1', revision: '68b415a', time: '2014-05-29 16:16:49'
System info: host: 'piotrbogdanski', ip: '9.161.136.32', os.name: 'Windows 7', os.arch: 'x86', os.version: '6.1 build 7601 Service Pack 1', java.version: '1.6.0'
Driver info: driver.version: unknown
]]>
    </failure>
  </testcase> <!-- AllContentsLoads -->
  <testcase name="AllContentsLoads" time="0.000" classname="tests.webUI.nonFunctional.LibraryTestsContents">
    <failure type="org.openqa.selenium.WebDriverException" message="Error communicating with the remote browser. It may have died.
Build info: version: &#039;2.42.0&#039;, revision: &#039;5e82430&#039;, time: &#039;2014-05-22 20:18:07&#039;
System info: host: &#039;dslvm346&#039;, ip: &#039;9.162.138.157&#039;, os.name: &#039;Windows 8&#039;, os.arch: &#039;x86&#039;, os.version: &#039;6.2&#039;, java.version: &#039;1.7.0_55&#039;
Driver info: driver.version: EventFiringWebDriver
Command duration or timeout: 3.27 seconds
Build info: version: &#039;2.42.1&#039;, revision: &#039;68b415a&#039;, time: &#039;2014-05-29 16:16:49&#039;
System info: host: &#039;piotrbogdanski&#039;, ip: &#039;9.161.136.32&#039;, os.name: &#039;Windows 7&#039;, os.arch: &#039;x86&#039;, os.version: &#039;6.1 build 7601 Service Pack 1&#039;, java.version: &#039;1.6.0&#039;
Session ID: b26bcd25-156a-405a-a953-e989a5b1f5be
Capabilities [{handlesAlerts=true, rotatable=false, databaseEnabled=false, locationContextEnabled=true, acceptSslCerts=true, applicationCacheEnabled=false, nativeEvents=true, cssSelectorsEnabled=true, takesScreenshot=true, platform=WIN8, browserName=chrome, javascriptEnabled=true, version=35.0.1916.153, chrome={userDataDir=C:\Users\ADMINI~1\AppData\Local\Temp\scoped_dir4076_31844}, webStorageEnabled=true, webdriver.remote.sessionid=b26bcd25-156a-405a-a953-e989a5b1f5be, browserConnectionEnabled=false, takesHeapSnapshot=true}]
Driver info: org.openqa.selenium.remote.RemoteWebDriver">
      <![CDATA[org.openqa.selenium.WebDriverException: Error communicating with the remote browser. It may have died.
Build info: version: '2.42.0', revision: '5e82430', time: '2014-05-22 20:18:07'
System info: host: 'dslvm346', ip: '9.162.138.157', os.name: 'Windows 8', os.arch: 'x86', os.version: '6.2', java.version: '1.7.0_55'
Driver info: driver.version: EventFiringWebDriver
Command duration or timeout: 3.27 seconds
Build info: version: '2.42.1', revision: '68b415a', time: '2014-05-29 16:16:49'
System info: host: 'piotrbogdanski', ip: '9.161.136.32', os.name: 'Windows 7', os.arch: 'x86', os.version: '6.1 build 7601 Service Pack 1', java.version: '1.6.0'
Session ID: b26bcd25-156a-405a-a953-e989a5b1f5be
Capabilities [{handlesAlerts=true, rotatable=false, databaseEnabled=false, locationContextEnabled=true, acceptSslCerts=true, applicationCacheEnabled=false, nativeEvents=true, cssSelectorsEnabled=true, takesScreenshot=true, platform=WIN8, browserName=chrome, javascriptEnabled=true, version=35.0.1916.153, chrome={userDataDir=C:\Users\ADMINI~1\AppData\Local\Temp\scoped_dir4076_31844}, webStorageEnabled=true, webdriver.remote.sessionid=b26bcd25-156a-405a-a953-e989a5b1f5be, browserConnectionEnabled=false, takesHeapSnapshot=true}]
Driver info: org.openqa.selenium.remote.RemoteWebDriver
	at sun.reflect.NativeConstructorAccessorImpl.newInstance0(Native Method)
	at sun.reflect.NativeConstructorAccessorImpl.newInstance(NativeConstructorAccessorImpl.java:56)
	at sun.reflect.DelegatingConstructorAccessorImpl.newInstance(DelegatingConstructorAccessorImpl.java:39)
	at java.lang.reflect.Constructor.newInstance(Constructor.java:527)
	at org.openqa.selenium.remote.ErrorHandler.createThrowable(ErrorHandler.java:204)
	at org.openqa.selenium.remote.ErrorHandler.throwIfResponseFailed(ErrorHandler.java:156)
	at org.openqa.selenium.remote.RemoteWebDriver.execute(RemoteWebDriver.java:600)
	at org.openqa.selenium.remote.RemoteWebDriver.execute(RemoteWebDriver.java:615)
	at org.openqa.selenium.remote.RemoteWebDriver.quit(RemoteWebDriver.java:469)
	at webUI.LoadBrowser.closeBrowser(LoadBrowser.java:266)
	at sun.reflect.GeneratedMethodAccessor21.invoke(Unknown Source)
	at sun.reflect.DelegatingMethodAccessorImpl.invoke(DelegatingMethodAccessorImpl.java:37)
	at java.lang.reflect.Method.invoke(Method.java:611)
	at org.testng.internal.MethodInvocationHelper.invokeMethod(MethodInvocationHelper.java:84)
	at org.testng.internal.Invoker.invokeConfigurationMethod(Invoker.java:564)
	at org.testng.internal.Invoker.invokeConfigurations(Invoker.java:213)
	at org.testng.internal.Invoker.invokeMethod(Invoker.java:786)
	at org.testng.internal.Invoker.invokeTestMethod(Invoker.java:901)
	at org.testng.internal.Invoker.invokeTestMethods(Invoker.java:1231)
	at org.testng.internal.TestMethodWorker.invokeTestMethods(TestMethodWorker.java:127)
	at org.testng.internal.TestMethodWorker.run(TestMethodWorker.java:111)
	at org.testng.TestRunner.privateRun(TestRunner.java:767)
	at org.testng.TestRunner.run(TestRunner.java:617)
	at org.testng.SuiteRunner.runTest(SuiteRunner.java:334)
	at org.testng.SuiteRunner.runSequentially(SuiteRunner.java:329)
	at org.testng.SuiteRunner.privateRun(SuiteRunner.java:291)
	at org.testng.SuiteRunner.run(SuiteRunner.java:240)
	at org.testng.SuiteRunnerWorker.runSuite(SuiteRunnerWorker.java:52)
	at org.testng.SuiteRunnerWorker.run(SuiteRunnerWorker.java:86)
	at org.testng.TestNG.runSuitesSequentially(TestNG.java:1224)
	at org.testng.TestNG.runSuitesLocally(TestNG.java:1149)
	at org.testng.TestNG.run(TestNG.java:1057)
	at org.testng.remote.RemoteTestNG.run(RemoteTestNG.java:111)
	at org.testng.remote.RemoteTestNG.initAndRun(RemoteTestNG.java:204)
	at org.testng.remote.RemoteTestNG.main(RemoteTestNG.java:175)
Caused by: org.openqa.selenium.remote.UnreachableBrowserException: Error communicating with the remote browser. It may have died.
Build info: version: '2.42.0', revision: '5e82430', time: '2014-05-22 20:18:07'
System info: host: 'dslvm346', ip: '9.162.138.157', os.name: 'Windows 8', os.arch: 'x86', os.version: '6.2', java.version: '1.7.0_55'
Driver info: driver.version: EventFiringWebDriver
Build info: version: '2.42.1', revision: '68b415a', time: '2014-05-29 16:16:49'
System info: host: 'piotrbogdanski', ip: '9.161.136.32', os.name: 'Windows 7', os.arch: 'x86', os.version: '6.1 build 7601 Service Pack 1', java.version: '1.6.0'
Driver info: driver.version: unknown
]]>
    </failure>
  </testcase> <!-- AllContentsLoads -->
  <testcase name="AllContentsLoads" time="0.001" classname="tests.webUI.nonFunctional.LibraryTestsContents">
    <failure type="org.openqa.selenium.WebDriverException" message="Error communicating with the remote browser. It may have died.
Build info: version: &#039;2.42.0&#039;, revision: &#039;5e82430&#039;, time: &#039;2014-05-22 20:18:07&#039;
System info: host: &#039;dslvm346&#039;, ip: &#039;9.162.138.157&#039;, os.name: &#039;Windows 8&#039;, os.arch: &#039;x86&#039;, os.version: &#039;6.2&#039;, java.version: &#039;1.7.0_55&#039;
Driver info: driver.version: EventFiringWebDriver
Command duration or timeout: 3.27 seconds
Build info: version: &#039;2.42.1&#039;, revision: &#039;68b415a&#039;, time: &#039;2014-05-29 16:16:49&#039;
System info: host: &#039;piotrbogdanski&#039;, ip: &#039;9.161.136.32&#039;, os.name: &#039;Windows 7&#039;, os.arch: &#039;x86&#039;, os.version: &#039;6.1 build 7601 Service Pack 1&#039;, java.version: &#039;1.6.0&#039;
Session ID: b26bcd25-156a-405a-a953-e989a5b1f5be
Capabilities [{handlesAlerts=true, rotatable=false, databaseEnabled=false, locationContextEnabled=true, acceptSslCerts=true, applicationCacheEnabled=false, nativeEvents=true, cssSelectorsEnabled=true, takesScreenshot=true, platform=WIN8, browserName=chrome, javascriptEnabled=true, version=35.0.1916.153, chrome={userDataDir=C:\Users\ADMINI~1\AppData\Local\Temp\scoped_dir4076_31844}, webStorageEnabled=true, webdriver.remote.sessionid=b26bcd25-156a-405a-a953-e989a5b1f5be, browserConnectionEnabled=false, takesHeapSnapshot=true}]
Driver info: org.openqa.selenium.remote.RemoteWebDriver">
      <![CDATA[org.openqa.selenium.WebDriverException: Error communicating with the remote browser. It may have died.
Build info: version: '2.42.0', revision: '5e82430', time: '2014-05-22 20:18:07'
System info: host: 'dslvm346', ip: '9.162.138.157', os.name: 'Windows 8', os.arch: 'x86', os.version: '6.2', java.version: '1.7.0_55'
Driver info: driver.version: EventFiringWebDriver
Command duration or timeout: 3.27 seconds
Build info: version: '2.42.1', revision: '68b415a', time: '2014-05-29 16:16:49'
System info: host: 'piotrbogdanski', ip: '9.161.136.32', os.name: 'Windows 7', os.arch: 'x86', os.version: '6.1 build 7601 Service Pack 1', java.version: '1.6.0'
Session ID: b26bcd25-156a-405a-a953-e989a5b1f5be
Capabilities [{handlesAlerts=true, rotatable=false, databaseEnabled=false, locationContextEnabled=true, acceptSslCerts=true, applicationCacheEnabled=false, nativeEvents=true, cssSelectorsEnabled=true, takesScreenshot=true, platform=WIN8, browserName=chrome, javascriptEnabled=true, version=35.0.1916.153, chrome={userDataDir=C:\Users\ADMINI~1\AppData\Local\Temp\scoped_dir4076_31844}, webStorageEnabled=true, webdriver.remote.sessionid=b26bcd25-156a-405a-a953-e989a5b1f5be, browserConnectionEnabled=false, takesHeapSnapshot=true}]
Driver info: org.openqa.selenium.remote.RemoteWebDriver
	at sun.reflect.NativeConstructorAccessorImpl.newInstance0(Native Method)
	at sun.reflect.NativeConstructorAccessorImpl.newInstance(NativeConstructorAccessorImpl.java:56)
	at sun.reflect.DelegatingConstructorAccessorImpl.newInstance(DelegatingConstructorAccessorImpl.java:39)
	at java.lang.reflect.Constructor.newInstance(Constructor.java:527)
	at org.openqa.selenium.remote.ErrorHandler.createThrowable(ErrorHandler.java:204)
	at org.openqa.selenium.remote.ErrorHandler.throwIfResponseFailed(ErrorHandler.java:156)
	at org.openqa.selenium.remote.RemoteWebDriver.execute(RemoteWebDriver.java:600)
	at org.openqa.selenium.remote.RemoteWebDriver.execute(RemoteWebDriver.java:615)
	at org.openqa.selenium.remote.RemoteWebDriver.quit(RemoteWebDriver.java:469)
	at webUI.LoadBrowser.closeBrowser(LoadBrowser.java:266)
	at sun.reflect.GeneratedMethodAccessor21.invoke(Unknown Source)
	at sun.reflect.DelegatingMethodAccessorImpl.invoke(DelegatingMethodAccessorImpl.java:37)
	at java.lang.reflect.Method.invoke(Method.java:611)
	at org.testng.internal.MethodInvocationHelper.invokeMethod(MethodInvocationHelper.java:84)
	at org.testng.internal.Invoker.invokeConfigurationMethod(Invoker.java:564)
	at org.testng.internal.Invoker.invokeConfigurations(Invoker.java:213)
	at org.testng.internal.Invoker.invokeMethod(Invoker.java:786)
	at org.testng.internal.Invoker.invokeTestMethod(Invoker.java:901)
	at org.testng.internal.Invoker.invokeTestMethods(Invoker.java:1231)
	at org.testng.internal.TestMethodWorker.invokeTestMethods(TestMethodWorker.java:127)
	at org.testng.internal.TestMethodWorker.run(TestMethodWorker.java:111)
	at org.testng.TestRunner.privateRun(TestRunner.java:767)
	at org.testng.TestRunner.run(TestRunner.java:617)
	at org.testng.SuiteRunner.runTest(SuiteRunner.java:334)
	at org.testng.SuiteRunner.runSequentially(SuiteRunner.java:329)
	at org.testng.SuiteRunner.privateRun(SuiteRunner.java:291)
	at org.testng.SuiteRunner.run(SuiteRunner.java:240)
	at org.testng.SuiteRunnerWorker.runSuite(SuiteRunnerWorker.java:52)
	at org.testng.SuiteRunnerWorker.run(SuiteRunnerWorker.java:86)
	at org.testng.TestNG.runSuitesSequentially(TestNG.java:1224)
	at org.testng.TestNG.runSuitesLocally(TestNG.java:1149)
	at org.testng.TestNG.run(TestNG.java:1057)
	at org.testng.remote.RemoteTestNG.run(RemoteTestNG.java:111)
	at org.testng.remote.RemoteTestNG.initAndRun(RemoteTestNG.java:204)
	at org.testng.remote.RemoteTestNG.main(RemoteTestNG.java:175)
Caused by: org.openqa.selenium.remote.UnreachableBrowserException: Error communicating with the remote browser. It may have died.
Build info: version: '2.42.0', revision: '5e82430', time: '2014-05-22 20:18:07'
System info: host: 'dslvm346', ip: '9.162.138.157', os.name: 'Windows 8', os.arch: 'x86', os.version: '6.2', java.version: '1.7.0_55'
Driver info: driver.version: EventFiringWebDriver
Build info: version: '2.42.1', revision: '68b415a', time: '2014-05-29 16:16:49'
System info: host: 'piotrbogdanski', ip: '9.161.136.32', os.name: 'Windows 7', os.arch: 'x86', os.version: '6.1 build 7601 Service Pack 1', java.version: '1.6.0'
Driver info: driver.version: unknown
]]>
    </failure>
  </testcase> <!-- AllContentsLoads -->
  <testcase name="AllContentsLoads" time="0.000" classname="tests.webUI.nonFunctional.LibraryTestsContents">
    <failure type="org.openqa.selenium.WebDriverException" message="Error communicating with the remote browser. It may have died.
Build info: version: &#039;2.42.0&#039;, revision: &#039;5e82430&#039;, time: &#039;2014-05-22 20:18:07&#039;
System info: host: &#039;dslvm346&#039;, ip: &#039;9.162.138.157&#039;, os.name: &#039;Windows 8&#039;, os.arch: &#039;x86&#039;, os.version: &#039;6.2&#039;, java.version: &#039;1.7.0_55&#039;
Driver info: driver.version: EventFiringWebDriver
Command duration or timeout: 3.27 seconds
Build info: version: &#039;2.42.1&#039;, revision: &#039;68b415a&#039;, time: &#039;2014-05-29 16:16:49&#039;
System info: host: &#039;piotrbogdanski&#039;, ip: &#039;9.161.136.32&#039;, os.name: &#039;Windows 7&#039;, os.arch: &#039;x86&#039;, os.version: &#039;6.1 build 7601 Service Pack 1&#039;, java.version: &#039;1.6.0&#039;
Session ID: b26bcd25-156a-405a-a953-e989a5b1f5be
Capabilities [{handlesAlerts=true, rotatable=false, databaseEnabled=false, locationContextEnabled=true, acceptSslCerts=true, applicationCacheEnabled=false, nativeEvents=true, cssSelectorsEnabled=true, takesScreenshot=true, platform=WIN8, browserName=chrome, javascriptEnabled=true, version=35.0.1916.153, chrome={userDataDir=C:\Users\ADMINI~1\AppData\Local\Temp\scoped_dir4076_31844}, webStorageEnabled=true, webdriver.remote.sessionid=b26bcd25-156a-405a-a953-e989a5b1f5be, browserConnectionEnabled=false, takesHeapSnapshot=true}]
Driver info: org.openqa.selenium.remote.RemoteWebDriver">
      <![CDATA[org.openqa.selenium.WebDriverException: Error communicating with the remote browser. It may have died.
Build info: version: '2.42.0', revision: '5e82430', time: '2014-05-22 20:18:07'
System info: host: 'dslvm346', ip: '9.162.138.157', os.name: 'Windows 8', os.arch: 'x86', os.version: '6.2', java.version: '1.7.0_55'
Driver info: driver.version: EventFiringWebDriver
Command duration or timeout: 3.27 seconds
Build info: version: '2.42.1', revision: '68b415a', time: '2014-05-29 16:16:49'
System info: host: 'piotrbogdanski', ip: '9.161.136.32', os.name: 'Windows 7', os.arch: 'x86', os.version: '6.1 build 7601 Service Pack 1', java.version: '1.6.0'
Session ID: b26bcd25-156a-405a-a953-e989a5b1f5be
Capabilities [{handlesAlerts=true, rotatable=false, databaseEnabled=false, locationContextEnabled=true, acceptSslCerts=true, applicationCacheEnabled=false, nativeEvents=true, cssSelectorsEnabled=true, takesScreenshot=true, platform=WIN8, browserName=chrome, javascriptEnabled=true, version=35.0.1916.153, chrome={userDataDir=C:\Users\ADMINI~1\AppData\Local\Temp\scoped_dir4076_31844}, webStorageEnabled=true, webdriver.remote.sessionid=b26bcd25-156a-405a-a953-e989a5b1f5be, browserConnectionEnabled=false, takesHeapSnapshot=true}]
Driver info: org.openqa.selenium.remote.RemoteWebDriver
	at sun.reflect.NativeConstructorAccessorImpl.newInstance0(Native Method)
	at sun.reflect.NativeConstructorAccessorImpl.newInstance(NativeConstructorAccessorImpl.java:56)
	at sun.reflect.DelegatingConstructorAccessorImpl.newInstance(DelegatingConstructorAccessorImpl.java:39)
	at java.lang.reflect.Constructor.newInstance(Constructor.java:527)
	at org.openqa.selenium.remote.ErrorHandler.createThrowable(ErrorHandler.java:204)
	at org.openqa.selenium.remote.ErrorHandler.throwIfResponseFailed(ErrorHandler.java:156)
	at org.openqa.selenium.remote.RemoteWebDriver.execute(RemoteWebDriver.java:600)
	at org.openqa.selenium.remote.RemoteWebDriver.execute(RemoteWebDriver.java:615)
	at org.openqa.selenium.remote.RemoteWebDriver.quit(RemoteWebDriver.java:469)
	at webUI.LoadBrowser.closeBrowser(LoadBrowser.java:266)
	at sun.reflect.GeneratedMethodAccessor21.invoke(Unknown Source)
	at sun.reflect.DelegatingMethodAccessorImpl.invoke(DelegatingMethodAccessorImpl.java:37)
	at java.lang.reflect.Method.invoke(Method.java:611)
	at org.testng.internal.MethodInvocationHelper.invokeMethod(MethodInvocationHelper.java:84)
	at org.testng.internal.Invoker.invokeConfigurationMethod(Invoker.java:564)
	at org.testng.internal.Invoker.invokeConfigurations(Invoker.java:213)
	at org.testng.internal.Invoker.invokeMethod(Invoker.java:786)
	at org.testng.internal.Invoker.invokeTestMethod(Invoker.java:901)
	at org.testng.internal.Invoker.invokeTestMethods(Invoker.java:1231)
	at org.testng.internal.TestMethodWorker.invokeTestMethods(TestMethodWorker.java:127)
	at org.testng.internal.TestMethodWorker.run(TestMethodWorker.java:111)
	at org.testng.TestRunner.privateRun(TestRunner.java:767)
	at org.testng.TestRunner.run(TestRunner.java:617)
	at org.testng.SuiteRunner.runTest(SuiteRunner.java:334)
	at org.testng.SuiteRunner.runSequentially(SuiteRunner.java:329)
	at org.testng.SuiteRunner.privateRun(SuiteRunner.java:291)
	at org.testng.SuiteRunner.run(SuiteRunner.java:240)
	at org.testng.SuiteRunnerWorker.runSuite(SuiteRunnerWorker.java:52)
	at org.testng.SuiteRunnerWorker.run(SuiteRunnerWorker.java:86)
	at org.testng.TestNG.runSuitesSequentially(TestNG.java:1224)
	at org.testng.TestNG.runSuitesLocally(TestNG.java:1149)
	at org.testng.TestNG.run(TestNG.java:1057)
	at org.testng.remote.RemoteTestNG.run(RemoteTestNG.java:111)
	at org.testng.remote.RemoteTestNG.initAndRun(RemoteTestNG.java:204)
	at org.testng.remote.RemoteTestNG.main(RemoteTestNG.java:175)
Caused by: org.openqa.selenium.remote.UnreachableBrowserException: Error communicating with the remote browser. It may have died.
Build info: version: '2.42.0', revision: '5e82430', time: '2014-05-22 20:18:07'
System info: host: 'dslvm346', ip: '9.162.138.157', os.name: 'Windows 8', os.arch: 'x86', os.version: '6.2', java.version: '1.7.0_55'
Driver info: driver.version: EventFiringWebDriver
Build info: version: '2.42.1', revision: '68b415a', time: '2014-05-29 16:16:49'
System info: host: 'piotrbogdanski', ip: '9.161.136.32', os.name: 'Windows 7', os.arch: 'x86', os.version: '6.1 build 7601 Service Pack 1', java.version: '1.6.0'
Driver info: driver.version: unknown
]]>
    </failure>
  </testcase> <!-- AllContentsLoads -->
  <testcase name="AllContentsLoads" time="1.341" classname="tests.webUI.nonFunctional.LibraryTestsContents">
    <failure type="org.openqa.selenium.WebDriverException" message="Error communicating with the remote browser. It may have died.
Build info: version: &#039;2.42.0&#039;, revision: &#039;5e82430&#039;, time: &#039;2014-05-22 20:18:07&#039;
System info: host: &#039;dslvm346&#039;, ip: &#039;9.162.138.157&#039;, os.name: &#039;Windows 8&#039;, os.arch: &#039;x86&#039;, os.version: &#039;6.2&#039;, java.version: &#039;1.7.0_55&#039;
Driver info: driver.version: EventFiringWebDriver
Command duration or timeout: 3.27 seconds
Build info: version: &#039;2.42.1&#039;, revision: &#039;68b415a&#039;, time: &#039;2014-05-29 16:16:49&#039;
System info: host: &#039;piotrbogdanski&#039;, ip: &#039;9.161.136.32&#039;, os.name: &#039;Windows 7&#039;, os.arch: &#039;x86&#039;, os.version: &#039;6.1 build 7601 Service Pack 1&#039;, java.version: &#039;1.6.0&#039;
Session ID: b26bcd25-156a-405a-a953-e989a5b1f5be
Capabilities [{handlesAlerts=true, rotatable=false, databaseEnabled=false, locationContextEnabled=true, acceptSslCerts=true, applicationCacheEnabled=false, nativeEvents=true, cssSelectorsEnabled=true, takesScreenshot=true, platform=WIN8, browserName=chrome, javascriptEnabled=true, version=35.0.1916.153, chrome={userDataDir=C:\Users\ADMINI~1\AppData\Local\Temp\scoped_dir4076_31844}, webStorageEnabled=true, webdriver.remote.sessionid=b26bcd25-156a-405a-a953-e989a5b1f5be, browserConnectionEnabled=false, takesHeapSnapshot=true}]
Driver info: org.openqa.selenium.remote.RemoteWebDriver">
      <![CDATA[org.openqa.selenium.WebDriverException: Error communicating with the remote browser. It may have died.
Build info: version: '2.42.0', revision: '5e82430', time: '2014-05-22 20:18:07'
System info: host: 'dslvm346', ip: '9.162.138.157', os.name: 'Windows 8', os.arch: 'x86', os.version: '6.2', java.version: '1.7.0_55'
Driver info: driver.version: EventFiringWebDriver
Command duration or timeout: 3.27 seconds
Build info: version: '2.42.1', revision: '68b415a', time: '2014-05-29 16:16:49'
System info: host: 'piotrbogdanski', ip: '9.161.136.32', os.name: 'Windows 7', os.arch: 'x86', os.version: '6.1 build 7601 Service Pack 1', java.version: '1.6.0'
Session ID: b26bcd25-156a-405a-a953-e989a5b1f5be
Capabilities [{handlesAlerts=true, rotatable=false, databaseEnabled=false, locationContextEnabled=true, acceptSslCerts=true, applicationCacheEnabled=false, nativeEvents=true, cssSelectorsEnabled=true, takesScreenshot=true, platform=WIN8, browserName=chrome, javascriptEnabled=true, version=35.0.1916.153, chrome={userDataDir=C:\Users\ADMINI~1\AppData\Local\Temp\scoped_dir4076_31844}, webStorageEnabled=true, webdriver.remote.sessionid=b26bcd25-156a-405a-a953-e989a5b1f5be, browserConnectionEnabled=false, takesHeapSnapshot=true}]
Driver info: org.openqa.selenium.remote.RemoteWebDriver
	at sun.reflect.NativeConstructorAccessorImpl.newInstance0(Native Method)
	at sun.reflect.NativeConstructorAccessorImpl.newInstance(NativeConstructorAccessorImpl.java:56)
	at sun.reflect.DelegatingConstructorAccessorImpl.newInstance(DelegatingConstructorAccessorImpl.java:39)
	at java.lang.reflect.Constructor.newInstance(Constructor.java:527)
	at org.openqa.selenium.remote.ErrorHandler.createThrowable(ErrorHandler.java:204)
	at org.openqa.selenium.remote.ErrorHandler.throwIfResponseFailed(ErrorHandler.java:156)
	at org.openqa.selenium.remote.RemoteWebDriver.execute(RemoteWebDriver.java:600)
	at org.openqa.selenium.remote.RemoteWebDriver.execute(RemoteWebDriver.java:615)
	at org.openqa.selenium.remote.RemoteWebDriver.quit(RemoteWebDriver.java:469)
	at webUI.LoadBrowser.closeBrowser(LoadBrowser.java:266)
	at sun.reflect.GeneratedMethodAccessor21.invoke(Unknown Source)
	at sun.reflect.DelegatingMethodAccessorImpl.invoke(DelegatingMethodAccessorImpl.java:37)
	at java.lang.reflect.Method.invoke(Method.java:611)
	at org.testng.internal.MethodInvocationHelper.invokeMethod(MethodInvocationHelper.java:84)
	at org.testng.internal.Invoker.invokeConfigurationMethod(Invoker.java:564)
	at org.testng.internal.Invoker.invokeConfigurations(Invoker.java:213)
	at org.testng.internal.Invoker.invokeMethod(Invoker.java:786)
	at org.testng.internal.Invoker.invokeTestMethod(Invoker.java:901)
	at org.testng.internal.Invoker.invokeTestMethods(Invoker.java:1231)
	at org.testng.internal.TestMethodWorker.invokeTestMethods(TestMethodWorker.java:127)
	at org.testng.internal.TestMethodWorker.run(TestMethodWorker.java:111)
	at org.testng.TestRunner.privateRun(TestRunner.java:767)
	at org.testng.TestRunner.run(TestRunner.java:617)
	at org.testng.SuiteRunner.runTest(SuiteRunner.java:334)
	at org.testng.SuiteRunner.runSequentially(SuiteRunner.java:329)
	at org.testng.SuiteRunner.privateRun(SuiteRunner.java:291)
	at org.testng.SuiteRunner.run(SuiteRunner.java:240)
	at org.testng.SuiteRunnerWorker.runSuite(SuiteRunnerWorker.java:52)
	at org.testng.SuiteRunnerWorker.run(SuiteRunnerWorker.java:86)
	at org.testng.TestNG.runSuitesSequentially(TestNG.java:1224)
	at org.testng.TestNG.runSuitesLocally(TestNG.java:1149)
	at org.testng.TestNG.run(TestNG.java:1057)
	at org.testng.remote.RemoteTestNG.run(RemoteTestNG.java:111)
	at org.testng.remote.RemoteTestNG.initAndRun(RemoteTestNG.java:204)
	at org.testng.remote.RemoteTestNG.main(RemoteTestNG.java:175)
Caused by: org.openqa.selenium.remote.UnreachableBrowserException: Error communicating with the remote browser. It may have died.
Build info: version: '2.42.0', revision: '5e82430', time: '2014-05-22 20:18:07'
System info: host: 'dslvm346', ip: '9.162.138.157', os.name: 'Windows 8', os.arch: 'x86', os.version: '6.2', java.version: '1.7.0_55'
Driver info: driver.version: EventFiringWebDriver
Build info: version: '2.42.1', revision: '68b415a', time: '2014-05-29 16:16:49'
System info: host: 'piotrbogdanski', ip: '9.161.136.32', os.name: 'Windows 7', os.arch: 'x86', os.version: '6.1 build 7601 Service Pack 1', java.version: '1.6.0'
Driver info: driver.version: unknown
]]>
    </failure>
  </testcase> <!-- AllContentsLoads -->
  <testcase name="AllContentsLoads" time="0.001" classname="tests.webUI.nonFunctional.LibraryTestsContents">
    <failure type="org.openqa.selenium.WebDriverException" message="Error communicating with the remote browser. It may have died.
Build info: version: &#039;2.42.0&#039;, revision: &#039;5e82430&#039;, time: &#039;2014-05-22 20:18:07&#039;
System info: host: &#039;dslvm346&#039;, ip: &#039;9.162.138.157&#039;, os.name: &#039;Windows 8&#039;, os.arch: &#039;x86&#039;, os.version: &#039;6.2&#039;, java.version: &#039;1.7.0_55&#039;
Driver info: driver.version: EventFiringWebDriver
Command duration or timeout: 3.27 seconds
Build info: version: &#039;2.42.1&#039;, revision: &#039;68b415a&#039;, time: &#039;2014-05-29 16:16:49&#039;
System info: host: &#039;piotrbogdanski&#039;, ip: &#039;9.161.136.32&#039;, os.name: &#039;Windows 7&#039;, os.arch: &#039;x86&#039;, os.version: &#039;6.1 build 7601 Service Pack 1&#039;, java.version: &#039;1.6.0&#039;
Session ID: b26bcd25-156a-405a-a953-e989a5b1f5be
Capabilities [{handlesAlerts=true, rotatable=false, databaseEnabled=false, locationContextEnabled=true, acceptSslCerts=true, applicationCacheEnabled=false, nativeEvents=true, cssSelectorsEnabled=true, takesScreenshot=true, platform=WIN8, browserName=chrome, javascriptEnabled=true, version=35.0.1916.153, chrome={userDataDir=C:\Users\ADMINI~1\AppData\Local\Temp\scoped_dir4076_31844}, webStorageEnabled=true, webdriver.remote.sessionid=b26bcd25-156a-405a-a953-e989a5b1f5be, browserConnectionEnabled=false, takesHeapSnapshot=true}]
Driver info: org.openqa.selenium.remote.RemoteWebDriver">
      <![CDATA[org.openqa.selenium.WebDriverException: Error communicating with the remote browser. It may have died.
Build info: version: '2.42.0', revision: '5e82430', time: '2014-05-22 20:18:07'
System info: host: 'dslvm346', ip: '9.162.138.157', os.name: 'Windows 8', os.arch: 'x86', os.version: '6.2', java.version: '1.7.0_55'
Driver info: driver.version: EventFiringWebDriver
Command duration or timeout: 3.27 seconds
Build info: version: '2.42.1', revision: '68b415a', time: '2014-05-29 16:16:49'
System info: host: 'piotrbogdanski', ip: '9.161.136.32', os.name: 'Windows 7', os.arch: 'x86', os.version: '6.1 build 7601 Service Pack 1', java.version: '1.6.0'
Session ID: b26bcd25-156a-405a-a953-e989a5b1f5be
Capabilities [{handlesAlerts=true, rotatable=false, databaseEnabled=false, locationContextEnabled=true, acceptSslCerts=true, applicationCacheEnabled=false, nativeEvents=true, cssSelectorsEnabled=true, takesScreenshot=true, platform=WIN8, browserName=chrome, javascriptEnabled=true, version=35.0.1916.153, chrome={userDataDir=C:\Users\ADMINI~1\AppData\Local\Temp\scoped_dir4076_31844}, webStorageEnabled=true, webdriver.remote.sessionid=b26bcd25-156a-405a-a953-e989a5b1f5be, browserConnectionEnabled=false, takesHeapSnapshot=true}]
Driver info: org.openqa.selenium.remote.RemoteWebDriver
	at sun.reflect.NativeConstructorAccessorImpl.newInstance0(Native Method)
	at sun.reflect.NativeConstructorAccessorImpl.newInstance(NativeConstructorAccessorImpl.java:56)
	at sun.reflect.DelegatingConstructorAccessorImpl.newInstance(DelegatingConstructorAccessorImpl.java:39)
	at java.lang.reflect.Constructor.newInstance(Constructor.java:527)
	at org.openqa.selenium.remote.ErrorHandler.createThrowable(ErrorHandler.java:204)
	at org.openqa.selenium.remote.ErrorHandler.throwIfResponseFailed(ErrorHandler.java:156)
	at org.openqa.selenium.remote.RemoteWebDriver.execute(RemoteWebDriver.java:600)
	at org.openqa.selenium.remote.RemoteWebDriver.execute(RemoteWebDriver.java:615)
	at org.openqa.selenium.remote.RemoteWebDriver.quit(RemoteWebDriver.java:469)
	at webUI.LoadBrowser.closeBrowser(LoadBrowser.java:266)
	at sun.reflect.GeneratedMethodAccessor21.invoke(Unknown Source)
	at sun.reflect.DelegatingMethodAccessorImpl.invoke(DelegatingMethodAccessorImpl.java:37)
	at java.lang.reflect.Method.invoke(Method.java:611)
	at org.testng.internal.MethodInvocationHelper.invokeMethod(MethodInvocationHelper.java:84)
	at org.testng.internal.Invoker.invokeConfigurationMethod(Invoker.java:564)
	at org.testng.internal.Invoker.invokeConfigurations(Invoker.java:213)
	at org.testng.internal.Invoker.invokeMethod(Invoker.java:786)
	at org.testng.internal.Invoker.invokeTestMethod(Invoker.java:901)
	at org.testng.internal.Invoker.invokeTestMethods(Invoker.java:1231)
	at org.testng.internal.TestMethodWorker.invokeTestMethods(TestMethodWorker.java:127)
	at org.testng.internal.TestMethodWorker.run(TestMethodWorker.java:111)
	at org.testng.TestRunner.privateRun(TestRunner.java:767)
	at org.testng.TestRunner.run(TestRunner.java:617)
	at org.testng.SuiteRunner.runTest(SuiteRunner.java:334)
	at org.testng.SuiteRunner.runSequentially(SuiteRunner.java:329)
	at org.testng.SuiteRunner.privateRun(SuiteRunner.java:291)
	at org.testng.SuiteRunner.run(SuiteRunner.java:240)
	at org.testng.SuiteRunnerWorker.runSuite(SuiteRunnerWorker.java:52)
	at org.testng.SuiteRunnerWorker.run(SuiteRunnerWorker.java:86)
	at org.testng.TestNG.runSuitesSequentially(TestNG.java:1224)
	at org.testng.TestNG.runSuitesLocally(TestNG.java:1149)
	at org.testng.TestNG.run(TestNG.java:1057)
	at org.testng.remote.RemoteTestNG.run(RemoteTestNG.java:111)
	at org.testng.remote.RemoteTestNG.initAndRun(RemoteTestNG.java:204)
	at org.testng.remote.RemoteTestNG.main(RemoteTestNG.java:175)
Caused by: org.openqa.selenium.remote.UnreachableBrowserException: Error communicating with the remote browser. It may have died.
Build info: version: '2.42.0', revision: '5e82430', time: '2014-05-22 20:18:07'
System info: host: 'dslvm346', ip: '9.162.138.157', os.name: 'Windows 8', os.arch: 'x86', os.version: '6.2', java.version: '1.7.0_55'
Driver info: driver.version: EventFiringWebDriver
Build info: version: '2.42.1', revision: '68b415a', time: '2014-05-29 16:16:49'
System info: host: 'piotrbogdanski', ip: '9.161.136.32', os.name: 'Windows 7', os.arch: 'x86', os.version: '6.1 build 7601 Service Pack 1', java.version: '1.6.0'
Driver info: driver.version: unknown
]]>
    </failure>
  </testcase> <!-- AllContentsLoads -->
  <testcase name="GetContents" time="62.154" classname="tests.webUI.nonFunctional.LibraryTestsContents"/>
  <testcase name="AllContentsLoads" time="0.000" classname="tests.webUI.nonFunctional.LibraryTestsContents">
    <failure type="org.openqa.selenium.WebDriverException" message="Error communicating with the remote browser. It may have died.
Build info: version: &#039;2.42.0&#039;, revision: &#039;5e82430&#039;, time: &#039;2014-05-22 20:18:07&#039;
System info: host: &#039;dslvm346&#039;, ip: &#039;9.162.138.157&#039;, os.name: &#039;Windows 8&#039;, os.arch: &#039;x86&#039;, os.version: &#039;6.2&#039;, java.version: &#039;1.7.0_55&#039;
Driver info: driver.version: EventFiringWebDriver
Command duration or timeout: 3.27 seconds
Build info: version: &#039;2.42.1&#039;, revision: &#039;68b415a&#039;, time: &#039;2014-05-29 16:16:49&#039;
System info: host: &#039;piotrbogdanski&#039;, ip: &#039;9.161.136.32&#039;, os.name: &#039;Windows 7&#039;, os.arch: &#039;x86&#039;, os.version: &#039;6.1 build 7601 Service Pack 1&#039;, java.version: &#039;1.6.0&#039;
Session ID: b26bcd25-156a-405a-a953-e989a5b1f5be
Capabilities [{handlesAlerts=true, rotatable=false, databaseEnabled=false, locationContextEnabled=true, acceptSslCerts=true, applicationCacheEnabled=false, nativeEvents=true, cssSelectorsEnabled=true, takesScreenshot=true, platform=WIN8, browserName=chrome, javascriptEnabled=true, version=35.0.1916.153, chrome={userDataDir=C:\Users\ADMINI~1\AppData\Local\Temp\scoped_dir4076_31844}, webStorageEnabled=true, webdriver.remote.sessionid=b26bcd25-156a-405a-a953-e989a5b1f5be, browserConnectionEnabled=false, takesHeapSnapshot=true}]
Driver info: org.openqa.selenium.remote.RemoteWebDriver">
      <![CDATA[org.openqa.selenium.WebDriverException: Error communicating with the remote browser. It may have died.
Build info: version: '2.42.0', revision: '5e82430', time: '2014-05-22 20:18:07'
System info: host: 'dslvm346', ip: '9.162.138.157', os.name: 'Windows 8', os.arch: 'x86', os.version: '6.2', java.version: '1.7.0_55'
Driver info: driver.version: EventFiringWebDriver
Command duration or timeout: 3.27 seconds
Build info: version: '2.42.1', revision: '68b415a', time: '2014-05-29 16:16:49'
System info: host: 'piotrbogdanski', ip: '9.161.136.32', os.name: 'Windows 7', os.arch: 'x86', os.version: '6.1 build 7601 Service Pack 1', java.version: '1.6.0'
Session ID: b26bcd25-156a-405a-a953-e989a5b1f5be
Capabilities [{handlesAlerts=true, rotatable=false, databaseEnabled=false, locationContextEnabled=true, acceptSslCerts=true, applicationCacheEnabled=false, nativeEvents=true, cssSelectorsEnabled=true, takesScreenshot=true, platform=WIN8, browserName=chrome, javascriptEnabled=true, version=35.0.1916.153, chrome={userDataDir=C:\Users\ADMINI~1\AppData\Local\Temp\scoped_dir4076_31844}, webStorageEnabled=true, webdriver.remote.sessionid=b26bcd25-156a-405a-a953-e989a5b1f5be, browserConnectionEnabled=false, takesHeapSnapshot=true}]
Driver info: org.openqa.selenium.remote.RemoteWebDriver
	at sun.reflect.NativeConstructorAccessorImpl.newInstance0(Native Method)
	at sun.reflect.NativeConstructorAccessorImpl.newInstance(NativeConstructorAccessorImpl.java:56)
	at sun.reflect.DelegatingConstructorAccessorImpl.newInstance(DelegatingConstructorAccessorImpl.java:39)
	at java.lang.reflect.Constructor.newInstance(Constructor.java:527)
	at org.openqa.selenium.remote.ErrorHandler.createThrowable(ErrorHandler.java:204)
	at org.openqa.selenium.remote.ErrorHandler.throwIfResponseFailed(ErrorHandler.java:156)
	at org.openqa.selenium.remote.RemoteWebDriver.execute(RemoteWebDriver.java:600)
	at org.openqa.selenium.remote.RemoteWebDriver.execute(RemoteWebDriver.java:615)
	at org.openqa.selenium.remote.RemoteWebDriver.quit(RemoteWebDriver.java:469)
	at webUI.LoadBrowser.closeBrowser(LoadBrowser.java:266)
	at sun.reflect.GeneratedMethodAccessor21.invoke(Unknown Source)
	at sun.reflect.DelegatingMethodAccessorImpl.invoke(DelegatingMethodAccessorImpl.java:37)
	at java.lang.reflect.Method.invoke(Method.java:611)
	at org.testng.internal.MethodInvocationHelper.invokeMethod(MethodInvocationHelper.java:84)
	at org.testng.internal.Invoker.invokeConfigurationMethod(Invoker.java:564)
	at org.testng.internal.Invoker.invokeConfigurations(Invoker.java:213)
	at org.testng.internal.Invoker.invokeMethod(Invoker.java:786)
	at org.testng.internal.Invoker.invokeTestMethod(Invoker.java:901)
	at org.testng.internal.Invoker.invokeTestMethods(Invoker.java:1231)
	at org.testng.internal.TestMethodWorker.invokeTestMethods(TestMethodWorker.java:127)
	at org.testng.internal.TestMethodWorker.run(TestMethodWorker.java:111)
	at org.testng.TestRunner.privateRun(TestRunner.java:767)
	at org.testng.TestRunner.run(TestRunner.java:617)
	at org.testng.SuiteRunner.runTest(SuiteRunner.java:334)
	at org.testng.SuiteRunner.runSequentially(SuiteRunner.java:329)
	at org.testng.SuiteRunner.privateRun(SuiteRunner.java:291)
	at org.testng.SuiteRunner.run(SuiteRunner.java:240)
	at org.testng.SuiteRunnerWorker.runSuite(SuiteRunnerWorker.java:52)
	at org.testng.SuiteRunnerWorker.run(SuiteRunnerWorker.java:86)
	at org.testng.TestNG.runSuitesSequentially(TestNG.java:1224)
	at org.testng.TestNG.runSuitesLocally(TestNG.java:1149)
	at org.testng.TestNG.run(TestNG.java:1057)
	at org.testng.remote.RemoteTestNG.run(RemoteTestNG.java:111)
	at org.testng.remote.RemoteTestNG.initAndRun(RemoteTestNG.java:204)
	at org.testng.remote.RemoteTestNG.main(RemoteTestNG.java:175)
Caused by: org.openqa.selenium.remote.UnreachableBrowserException: Error communicating with the remote browser. It may have died.
Build info: version: '2.42.0', revision: '5e82430', time: '2014-05-22 20:18:07'
System info: host: 'dslvm346', ip: '9.162.138.157', os.name: 'Windows 8', os.arch: 'x86', os.version: '6.2', java.version: '1.7.0_55'
Driver info: driver.version: EventFiringWebDriver
Build info: version: '2.42.1', revision: '68b415a', time: '2014-05-29 16:16:49'
System info: host: 'piotrbogdanski', ip: '9.161.136.32', os.name: 'Windows 7', os.arch: 'x86', os.version: '6.1 build 7601 Service Pack 1', java.version: '1.6.0'
Driver info: driver.version: unknown
]]>
    </failure>
  </testcase> <!-- AllContentsLoads -->
  <testcase name="AllContentsLoads" time="0.009" classname="tests.webUI.nonFunctional.LibraryTestsContents">
    <failure type="org.openqa.selenium.WebDriverException" message="Error communicating with the remote browser. It may have died.
Build info: version: &#039;2.42.0&#039;, revision: &#039;5e82430&#039;, time: &#039;2014-05-22 20:18:07&#039;
System info: host: &#039;dslvm346&#039;, ip: &#039;9.162.138.157&#039;, os.name: &#039;Windows 8&#039;, os.arch: &#039;x86&#039;, os.version: &#039;6.2&#039;, java.version: &#039;1.7.0_55&#039;
Driver info: driver.version: EventFiringWebDriver
Command duration or timeout: 3.27 seconds
Build info: version: &#039;2.42.1&#039;, revision: &#039;68b415a&#039;, time: &#039;2014-05-29 16:16:49&#039;
System info: host: &#039;piotrbogdanski&#039;, ip: &#039;9.161.136.32&#039;, os.name: &#039;Windows 7&#039;, os.arch: &#039;x86&#039;, os.version: &#039;6.1 build 7601 Service Pack 1&#039;, java.version: &#039;1.6.0&#039;
Session ID: b26bcd25-156a-405a-a953-e989a5b1f5be
Capabilities [{handlesAlerts=true, rotatable=false, databaseEnabled=false, locationContextEnabled=true, acceptSslCerts=true, applicationCacheEnabled=false, nativeEvents=true, cssSelectorsEnabled=true, takesScreenshot=true, platform=WIN8, browserName=chrome, javascriptEnabled=true, version=35.0.1916.153, chrome={userDataDir=C:\Users\ADMINI~1\AppData\Local\Temp\scoped_dir4076_31844}, webStorageEnabled=true, webdriver.remote.sessionid=b26bcd25-156a-405a-a953-e989a5b1f5be, browserConnectionEnabled=false, takesHeapSnapshot=true}]
Driver info: org.openqa.selenium.remote.RemoteWebDriver">
      <![CDATA[org.openqa.selenium.WebDriverException: Error communicating with the remote browser. It may have died.
Build info: version: '2.42.0', revision: '5e82430', time: '2014-05-22 20:18:07'
System info: host: 'dslvm346', ip: '9.162.138.157', os.name: 'Windows 8', os.arch: 'x86', os.version: '6.2', java.version: '1.7.0_55'
Driver info: driver.version: EventFiringWebDriver
Command duration or timeout: 3.27 seconds
Build info: version: '2.42.1', revision: '68b415a', time: '2014-05-29 16:16:49'
System info: host: 'piotrbogdanski', ip: '9.161.136.32', os.name: 'Windows 7', os.arch: 'x86', os.version: '6.1 build 7601 Service Pack 1', java.version: '1.6.0'
Session ID: b26bcd25-156a-405a-a953-e989a5b1f5be
Capabilities [{handlesAlerts=true, rotatable=false, databaseEnabled=false, locationContextEnabled=true, acceptSslCerts=true, applicationCacheEnabled=false, nativeEvents=true, cssSelectorsEnabled=true, takesScreenshot=true, platform=WIN8, browserName=chrome, javascriptEnabled=true, version=35.0.1916.153, chrome={userDataDir=C:\Users\ADMINI~1\AppData\Local\Temp\scoped_dir4076_31844}, webStorageEnabled=true, webdriver.remote.sessionid=b26bcd25-156a-405a-a953-e989a5b1f5be, browserConnectionEnabled=false, takesHeapSnapshot=true}]
Driver info: org.openqa.selenium.remote.RemoteWebDriver
	at sun.reflect.NativeConstructorAccessorImpl.newInstance0(Native Method)
	at sun.reflect.NativeConstructorAccessorImpl.newInstance(NativeConstructorAccessorImpl.java:56)
	at sun.reflect.DelegatingConstructorAccessorImpl.newInstance(DelegatingConstructorAccessorImpl.java:39)
	at java.lang.reflect.Constructor.newInstance(Constructor.java:527)
	at org.openqa.selenium.remote.ErrorHandler.createThrowable(ErrorHandler.java:204)
	at org.openqa.selenium.remote.ErrorHandler.throwIfResponseFailed(ErrorHandler.java:156)
	at org.openqa.selenium.remote.RemoteWebDriver.execute(RemoteWebDriver.java:600)
	at org.openqa.selenium.remote.RemoteWebDriver.execute(RemoteWebDriver.java:615)
	at org.openqa.selenium.remote.RemoteWebDriver.quit(RemoteWebDriver.java:469)
	at webUI.LoadBrowser.closeBrowser(LoadBrowser.java:266)
	at sun.reflect.GeneratedMethodAccessor21.invoke(Unknown Source)
	at sun.reflect.DelegatingMethodAccessorImpl.invoke(DelegatingMethodAccessorImpl.java:37)
	at java.lang.reflect.Method.invoke(Method.java:611)
	at org.testng.internal.MethodInvocationHelper.invokeMethod(MethodInvocationHelper.java:84)
	at org.testng.internal.Invoker.invokeConfigurationMethod(Invoker.java:564)
	at org.testng.internal.Invoker.invokeConfigurations(Invoker.java:213)
	at org.testng.internal.Invoker.invokeMethod(Invoker.java:786)
	at org.testng.internal.Invoker.invokeTestMethod(Invoker.java:901)
	at org.testng.internal.Invoker.invokeTestMethods(Invoker.java:1231)
	at org.testng.internal.TestMethodWorker.invokeTestMethods(TestMethodWorker.java:127)
	at org.testng.internal.TestMethodWorker.run(TestMethodWorker.java:111)
	at org.testng.TestRunner.privateRun(TestRunner.java:767)
	at org.testng.TestRunner.run(TestRunner.java:617)
	at org.testng.SuiteRunner.runTest(SuiteRunner.java:334)
	at org.testng.SuiteRunner.runSequentially(SuiteRunner.java:329)
	at org.testng.SuiteRunner.privateRun(SuiteRunner.java:291)
	at org.testng.SuiteRunner.run(SuiteRunner.java:240)
	at org.testng.SuiteRunnerWorker.runSuite(SuiteRunnerWorker.java:52)
	at org.testng.SuiteRunnerWorker.run(SuiteRunnerWorker.java:86)
	at org.testng.TestNG.runSuitesSequentially(TestNG.java:1224)
	at org.testng.TestNG.runSuitesLocally(TestNG.java:1149)
	at org.testng.TestNG.run(TestNG.java:1057)
	at org.testng.remote.RemoteTestNG.run(RemoteTestNG.java:111)
	at org.testng.remote.RemoteTestNG.initAndRun(RemoteTestNG.java:204)
	at org.testng.remote.RemoteTestNG.main(RemoteTestNG.java:175)
Caused by: org.openqa.selenium.remote.UnreachableBrowserException: Error communicating with the remote browser. It may have died.
Build info: version: '2.42.0', revision: '5e82430', time: '2014-05-22 20:18:07'
System info: host: 'dslvm346', ip: '9.162.138.157', os.name: 'Windows 8', os.arch: 'x86', os.version: '6.2', java.version: '1.7.0_55'
Driver info: driver.version: EventFiringWebDriver
Build info: version: '2.42.1', revision: '68b415a', time: '2014-05-29 16:16:49'
System info: host: 'piotrbogdanski', ip: '9.161.136.32', os.name: 'Windows 7', os.arch: 'x86', os.version: '6.1 build 7601 Service Pack 1', java.version: '1.6.0'
Driver info: driver.version: unknown
]]>
    </failure>
  </testcase> <!-- AllContentsLoads -->
  <testcase name="AllContentsLoads" time="23.643" classname="tests.webUI.nonFunctional.LibraryTestsContents"/>
  <testcase name="AllContentsLoads" time="1.354" classname="tests.webUI.nonFunctional.LibraryTestsContents">
    <failure type="org.openqa.selenium.WebDriverException" message="Error communicating with the remote browser. It may have died.
Build info: version: &#039;2.42.0&#039;, revision: &#039;5e82430&#039;, time: &#039;2014-05-22 20:18:07&#039;
System info: host: &#039;dslvm346&#039;, ip: &#039;9.162.138.157&#039;, os.name: &#039;Windows 8&#039;, os.arch: &#039;x86&#039;, os.version: &#039;6.2&#039;, java.version: &#039;1.7.0_55&#039;
Driver info: driver.version: EventFiringWebDriver
Command duration or timeout: 3.27 seconds
Build info: version: &#039;2.42.1&#039;, revision: &#039;68b415a&#039;, time: &#039;2014-05-29 16:16:49&#039;
System info: host: &#039;piotrbogdanski&#039;, ip: &#039;9.161.136.32&#039;, os.name: &#039;Windows 7&#039;, os.arch: &#039;x86&#039;, os.version: &#039;6.1 build 7601 Service Pack 1&#039;, java.version: &#039;1.6.0&#039;
Session ID: b26bcd25-156a-405a-a953-e989a5b1f5be
Capabilities [{handlesAlerts=true, rotatable=false, databaseEnabled=false, locationContextEnabled=true, acceptSslCerts=true, applicationCacheEnabled=false, nativeEvents=true, cssSelectorsEnabled=true, takesScreenshot=true, platform=WIN8, browserName=chrome, javascriptEnabled=true, version=35.0.1916.153, chrome={userDataDir=C:\Users\ADMINI~1\AppData\Local\Temp\scoped_dir4076_31844}, webStorageEnabled=true, webdriver.remote.sessionid=b26bcd25-156a-405a-a953-e989a5b1f5be, browserConnectionEnabled=false, takesHeapSnapshot=true}]
Driver info: org.openqa.selenium.remote.RemoteWebDriver">
      <![CDATA[org.openqa.selenium.WebDriverException: Error communicating with the remote browser. It may have died.
Build info: version: '2.42.0', revision: '5e82430', time: '2014-05-22 20:18:07'
System info: host: 'dslvm346', ip: '9.162.138.157', os.name: 'Windows 8', os.arch: 'x86', os.version: '6.2', java.version: '1.7.0_55'
Driver info: driver.version: EventFiringWebDriver
Command duration or timeout: 3.27 seconds
Build info: version: '2.42.1', revision: '68b415a', time: '2014-05-29 16:16:49'
System info: host: 'piotrbogdanski', ip: '9.161.136.32', os.name: 'Windows 7', os.arch: 'x86', os.version: '6.1 build 7601 Service Pack 1', java.version: '1.6.0'
Session ID: b26bcd25-156a-405a-a953-e989a5b1f5be
Capabilities [{handlesAlerts=true, rotatable=false, databaseEnabled=false, locationContextEnabled=true, acceptSslCerts=true, applicationCacheEnabled=false, nativeEvents=true, cssSelectorsEnabled=true, takesScreenshot=true, platform=WIN8, browserName=chrome, javascriptEnabled=true, version=35.0.1916.153, chrome={userDataDir=C:\Users\ADMINI~1\AppData\Local\Temp\scoped_dir4076_31844}, webStorageEnabled=true, webdriver.remote.sessionid=b26bcd25-156a-405a-a953-e989a5b1f5be, browserConnectionEnabled=false, takesHeapSnapshot=true}]
Driver info: org.openqa.selenium.remote.RemoteWebDriver
	at sun.reflect.NativeConstructorAccessorImpl.newInstance0(Native Method)
	at sun.reflect.NativeConstructorAccessorImpl.newInstance(NativeConstructorAccessorImpl.java:56)
	at sun.reflect.DelegatingConstructorAccessorImpl.newInstance(DelegatingConstructorAccessorImpl.java:39)
	at java.lang.reflect.Constructor.newInstance(Constructor.java:527)
	at org.openqa.selenium.remote.ErrorHandler.createThrowable(ErrorHandler.java:204)
	at org.openqa.selenium.remote.ErrorHandler.throwIfResponseFailed(ErrorHandler.java:156)
	at org.openqa.selenium.remote.RemoteWebDriver.execute(RemoteWebDriver.java:600)
	at org.openqa.selenium.remote.RemoteWebDriver.execute(RemoteWebDriver.java:615)
	at org.openqa.selenium.remote.RemoteWebDriver.quit(RemoteWebDriver.java:469)
	at webUI.LoadBrowser.closeBrowser(LoadBrowser.java:266)
	at sun.reflect.GeneratedMethodAccessor21.invoke(Unknown Source)
	at sun.reflect.DelegatingMethodAccessorImpl.invoke(DelegatingMethodAccessorImpl.java:37)
	at java.lang.reflect.Method.invoke(Method.java:611)
	at org.testng.internal.MethodInvocationHelper.invokeMethod(MethodInvocationHelper.java:84)
	at org.testng.internal.Invoker.invokeConfigurationMethod(Invoker.java:564)
	at org.testng.internal.Invoker.invokeConfigurations(Invoker.java:213)
	at org.testng.internal.Invoker.invokeMethod(Invoker.java:786)
	at org.testng.internal.Invoker.invokeTestMethod(Invoker.java:901)
	at org.testng.internal.Invoker.invokeTestMethods(Invoker.java:1231)
	at org.testng.internal.TestMethodWorker.invokeTestMethods(TestMethodWorker.java:127)
	at org.testng.internal.TestMethodWorker.run(TestMethodWorker.java:111)
	at org.testng.TestRunner.privateRun(TestRunner.java:767)
	at org.testng.TestRunner.run(TestRunner.java:617)
	at org.testng.SuiteRunner.runTest(SuiteRunner.java:334)
	at org.testng.SuiteRunner.runSequentially(SuiteRunner.java:329)
	at org.testng.SuiteRunner.privateRun(SuiteRunner.java:291)
	at org.testng.SuiteRunner.run(SuiteRunner.java:240)
	at org.testng.SuiteRunnerWorker.runSuite(SuiteRunnerWorker.java:52)
	at org.testng.SuiteRunnerWorker.run(SuiteRunnerWorker.java:86)
	at org.testng.TestNG.runSuitesSequentially(TestNG.java:1224)
	at org.testng.TestNG.runSuitesLocally(TestNG.java:1149)
	at org.testng.TestNG.run(TestNG.java:1057)
	at org.testng.remote.RemoteTestNG.run(RemoteTestNG.java:111)
	at org.testng.remote.RemoteTestNG.initAndRun(RemoteTestNG.java:204)
	at org.testng.remote.RemoteTestNG.main(RemoteTestNG.java:175)
Caused by: org.openqa.selenium.remote.UnreachableBrowserException: Error communicating with the remote browser. It may have died.
Build info: version: '2.42.0', revision: '5e82430', time: '2014-05-22 20:18:07'
System info: host: 'dslvm346', ip: '9.162.138.157', os.name: 'Windows 8', os.arch: 'x86', os.version: '6.2', java.version: '1.7.0_55'
Driver info: driver.version: EventFiringWebDriver
Build info: version: '2.42.1', revision: '68b415a', time: '2014-05-29 16:16:49'
System info: host: 'piotrbogdanski', ip: '9.161.136.32', os.name: 'Windows 7', os.arch: 'x86', os.version: '6.1 build 7601 Service Pack 1', java.version: '1.6.0'
Driver info: driver.version: unknown
]]>
    </failure>
  </testcase> <!-- AllContentsLoads -->
  <testcase name="AllContentsLoads" time="21.256" classname="tests.webUI.nonFunctional.LibraryTestsContents"/>
  <testcase name="AllContentsLoads" time="0.001" classname="tests.webUI.nonFunctional.LibraryTestsContents">
    <failure type="org.openqa.selenium.WebDriverException" message="Error communicating with the remote browser. It may have died.
Build info: version: &#039;2.42.0&#039;, revision: &#039;5e82430&#039;, time: &#039;2014-05-22 20:18:07&#039;
System info: host: &#039;dslvm346&#039;, ip: &#039;9.162.138.157&#039;, os.name: &#039;Windows 8&#039;, os.arch: &#039;x86&#039;, os.version: &#039;6.2&#039;, java.version: &#039;1.7.0_55&#039;
Driver info: driver.version: EventFiringWebDriver
Command duration or timeout: 3.27 seconds
Build info: version: &#039;2.42.1&#039;, revision: &#039;68b415a&#039;, time: &#039;2014-05-29 16:16:49&#039;
System info: host: &#039;piotrbogdanski&#039;, ip: &#039;9.161.136.32&#039;, os.name: &#039;Windows 7&#039;, os.arch: &#039;x86&#039;, os.version: &#039;6.1 build 7601 Service Pack 1&#039;, java.version: &#039;1.6.0&#039;
Session ID: b26bcd25-156a-405a-a953-e989a5b1f5be
Capabilities [{handlesAlerts=true, rotatable=false, databaseEnabled=false, locationContextEnabled=true, acceptSslCerts=true, applicationCacheEnabled=false, nativeEvents=true, cssSelectorsEnabled=true, takesScreenshot=true, platform=WIN8, browserName=chrome, javascriptEnabled=true, version=35.0.1916.153, chrome={userDataDir=C:\Users\ADMINI~1\AppData\Local\Temp\scoped_dir4076_31844}, webStorageEnabled=true, webdriver.remote.sessionid=b26bcd25-156a-405a-a953-e989a5b1f5be, browserConnectionEnabled=false, takesHeapSnapshot=true}]
Driver info: org.openqa.selenium.remote.RemoteWebDriver">
      <![CDATA[org.openqa.selenium.WebDriverException: Error communicating with the remote browser. It may have died.
Build info: version: '2.42.0', revision: '5e82430', time: '2014-05-22 20:18:07'
System info: host: 'dslvm346', ip: '9.162.138.157', os.name: 'Windows 8', os.arch: 'x86', os.version: '6.2', java.version: '1.7.0_55'
Driver info: driver.version: EventFiringWebDriver
Command duration or timeout: 3.27 seconds
Build info: version: '2.42.1', revision: '68b415a', time: '2014-05-29 16:16:49'
System info: host: 'piotrbogdanski', ip: '9.161.136.32', os.name: 'Windows 7', os.arch: 'x86', os.version: '6.1 build 7601 Service Pack 1', java.version: '1.6.0'
Session ID: b26bcd25-156a-405a-a953-e989a5b1f5be
Capabilities [{handlesAlerts=true, rotatable=false, databaseEnabled=false, locationContextEnabled=true, acceptSslCerts=true, applicationCacheEnabled=false, nativeEvents=true, cssSelectorsEnabled=true, takesScreenshot=true, platform=WIN8, browserName=chrome, javascriptEnabled=true, version=35.0.1916.153, chrome={userDataDir=C:\Users\ADMINI~1\AppData\Local\Temp\scoped_dir4076_31844}, webStorageEnabled=true, webdriver.remote.sessionid=b26bcd25-156a-405a-a953-e989a5b1f5be, browserConnectionEnabled=false, takesHeapSnapshot=true}]
Driver info: org.openqa.selenium.remote.RemoteWebDriver
	at sun.reflect.NativeConstructorAccessorImpl.newInstance0(Native Method)
	at sun.reflect.NativeConstructorAccessorImpl.newInstance(NativeConstructorAccessorImpl.java:56)
	at sun.reflect.DelegatingConstructorAccessorImpl.newInstance(DelegatingConstructorAccessorImpl.java:39)
	at java.lang.reflect.Constructor.newInstance(Constructor.java:527)
	at org.openqa.selenium.remote.ErrorHandler.createThrowable(ErrorHandler.java:204)
	at org.openqa.selenium.remote.ErrorHandler.throwIfResponseFailed(ErrorHandler.java:156)
	at org.openqa.selenium.remote.RemoteWebDriver.execute(RemoteWebDriver.java:600)
	at org.openqa.selenium.remote.RemoteWebDriver.execute(RemoteWebDriver.java:615)
	at org.openqa.selenium.remote.RemoteWebDriver.quit(RemoteWebDriver.java:469)
	at webUI.LoadBrowser.closeBrowser(LoadBrowser.java:266)
	at sun.reflect.GeneratedMethodAccessor21.invoke(Unknown Source)
	at sun.reflect.DelegatingMethodAccessorImpl.invoke(DelegatingMethodAccessorImpl.java:37)
	at java.lang.reflect.Method.invoke(Method.java:611)
	at org.testng.internal.MethodInvocationHelper.invokeMethod(MethodInvocationHelper.java:84)
	at org.testng.internal.Invoker.invokeConfigurationMethod(Invoker.java:564)
	at org.testng.internal.Invoker.invokeConfigurations(Invoker.java:213)
	at org.testng.internal.Invoker.invokeMethod(Invoker.java:786)
	at org.testng.internal.Invoker.invokeTestMethod(Invoker.java:901)
	at org.testng.internal.Invoker.invokeTestMethods(Invoker.java:1231)
	at org.testng.internal.TestMethodWorker.invokeTestMethods(TestMethodWorker.java:127)
	at org.testng.internal.TestMethodWorker.run(TestMethodWorker.java:111)
	at org.testng.TestRunner.privateRun(TestRunner.java:767)
	at org.testng.TestRunner.run(TestRunner.java:617)
	at org.testng.SuiteRunner.runTest(SuiteRunner.java:334)
	at org.testng.SuiteRunner.runSequentially(SuiteRunner.java:329)
	at org.testng.SuiteRunner.privateRun(SuiteRunner.java:291)
	at org.testng.SuiteRunner.run(SuiteRunner.java:240)
	at org.testng.SuiteRunnerWorker.runSuite(SuiteRunnerWorker.java:52)
	at org.testng.SuiteRunnerWorker.run(SuiteRunnerWorker.java:86)
	at org.testng.TestNG.runSuitesSequentially(TestNG.java:1224)
	at org.testng.TestNG.runSuitesLocally(TestNG.java:1149)
	at org.testng.TestNG.run(TestNG.java:1057)
	at org.testng.remote.RemoteTestNG.run(RemoteTestNG.java:111)
	at org.testng.remote.RemoteTestNG.initAndRun(RemoteTestNG.java:204)
	at org.testng.remote.RemoteTestNG.main(RemoteTestNG.java:175)
Caused by: org.openqa.selenium.remote.UnreachableBrowserException: Error communicating with the remote browser. It may have died.
Build info: version: '2.42.0', revision: '5e82430', time: '2014-05-22 20:18:07'
System info: host: 'dslvm346', ip: '9.162.138.157', os.name: 'Windows 8', os.arch: 'x86', os.version: '6.2', java.version: '1.7.0_55'
Driver info: driver.version: EventFiringWebDriver
Build info: version: '2.42.1', revision: '68b415a', time: '2014-05-29 16:16:49'
System info: host: 'piotrbogdanski', ip: '9.161.136.32', os.name: 'Windows 7', os.arch: 'x86', os.version: '6.1 build 7601 Service Pack 1', java.version: '1.6.0'
Driver info: driver.version: unknown
]]>
    </failure>
  </testcase> <!-- AllContentsLoads -->
  <testcase name="AllContentsLoads" time="0.000" classname="tests.webUI.nonFunctional.LibraryTestsContents">
    <failure type="org.openqa.selenium.WebDriverException" message="Error communicating with the remote browser. It may have died.
Build info: version: &#039;2.42.0&#039;, revision: &#039;5e82430&#039;, time: &#039;2014-05-22 20:18:07&#039;
System info: host: &#039;dslvm346&#039;, ip: &#039;9.162.138.157&#039;, os.name: &#039;Windows 8&#039;, os.arch: &#039;x86&#039;, os.version: &#039;6.2&#039;, java.version: &#039;1.7.0_55&#039;
Driver info: driver.version: EventFiringWebDriver
Command duration or timeout: 3.27 seconds
Build info: version: &#039;2.42.1&#039;, revision: &#039;68b415a&#039;, time: &#039;2014-05-29 16:16:49&#039;
System info: host: &#039;piotrbogdanski&#039;, ip: &#039;9.161.136.32&#039;, os.name: &#039;Windows 7&#039;, os.arch: &#039;x86&#039;, os.version: &#039;6.1 build 7601 Service Pack 1&#039;, java.version: &#039;1.6.0&#039;
Session ID: b26bcd25-156a-405a-a953-e989a5b1f5be
Capabilities [{handlesAlerts=true, rotatable=false, databaseEnabled=false, locationContextEnabled=true, acceptSslCerts=true, applicationCacheEnabled=false, nativeEvents=true, cssSelectorsEnabled=true, takesScreenshot=true, platform=WIN8, browserName=chrome, javascriptEnabled=true, version=35.0.1916.153, chrome={userDataDir=C:\Users\ADMINI~1\AppData\Local\Temp\scoped_dir4076_31844}, webStorageEnabled=true, webdriver.remote.sessionid=b26bcd25-156a-405a-a953-e989a5b1f5be, browserConnectionEnabled=false, takesHeapSnapshot=true}]
Driver info: org.openqa.selenium.remote.RemoteWebDriver">
      <![CDATA[org.openqa.selenium.WebDriverException: Error communicating with the remote browser. It may have died.
Build info: version: '2.42.0', revision: '5e82430', time: '2014-05-22 20:18:07'
System info: host: 'dslvm346', ip: '9.162.138.157', os.name: 'Windows 8', os.arch: 'x86', os.version: '6.2', java.version: '1.7.0_55'
Driver info: driver.version: EventFiringWebDriver
Command duration or timeout: 3.27 seconds
Build info: version: '2.42.1', revision: '68b415a', time: '2014-05-29 16:16:49'
System info: host: 'piotrbogdanski', ip: '9.161.136.32', os.name: 'Windows 7', os.arch: 'x86', os.version: '6.1 build 7601 Service Pack 1', java.version: '1.6.0'
Session ID: b26bcd25-156a-405a-a953-e989a5b1f5be
Capabilities [{handlesAlerts=true, rotatable=false, databaseEnabled=false, locationContextEnabled=true, acceptSslCerts=true, applicationCacheEnabled=false, nativeEvents=true, cssSelectorsEnabled=true, takesScreenshot=true, platform=WIN8, browserName=chrome, javascriptEnabled=true, version=35.0.1916.153, chrome={userDataDir=C:\Users\ADMINI~1\AppData\Local\Temp\scoped_dir4076_31844}, webStorageEnabled=true, webdriver.remote.sessionid=b26bcd25-156a-405a-a953-e989a5b1f5be, browserConnectionEnabled=false, takesHeapSnapshot=true}]
Driver info: org.openqa.selenium.remote.RemoteWebDriver
	at sun.reflect.NativeConstructorAccessorImpl.newInstance0(Native Method)
	at sun.reflect.NativeConstructorAccessorImpl.newInstance(NativeConstructorAccessorImpl.java:56)
	at sun.reflect.DelegatingConstructorAccessorImpl.newInstance(DelegatingConstructorAccessorImpl.java:39)
	at java.lang.reflect.Constructor.newInstance(Constructor.java:527)
	at org.openqa.selenium.remote.ErrorHandler.createThrowable(ErrorHandler.java:204)
	at org.openqa.selenium.remote.ErrorHandler.throwIfResponseFailed(ErrorHandler.java:156)
	at org.openqa.selenium.remote.RemoteWebDriver.execute(RemoteWebDriver.java:600)
	at org.openqa.selenium.remote.RemoteWebDriver.execute(RemoteWebDriver.java:615)
	at org.openqa.selenium.remote.RemoteWebDriver.quit(RemoteWebDriver.java:469)
	at webUI.LoadBrowser.closeBrowser(LoadBrowser.java:266)
	at sun.reflect.GeneratedMethodAccessor21.invoke(Unknown Source)
	at sun.reflect.DelegatingMethodAccessorImpl.invoke(DelegatingMethodAccessorImpl.java:37)
	at java.lang.reflect.Method.invoke(Method.java:611)
	at org.testng.internal.MethodInvocationHelper.invokeMethod(MethodInvocationHelper.java:84)
	at org.testng.internal.Invoker.invokeConfigurationMethod(Invoker.java:564)
	at org.testng.internal.Invoker.invokeConfigurations(Invoker.java:213)
	at org.testng.internal.Invoker.invokeMethod(Invoker.java:786)
	at org.testng.internal.Invoker.invokeTestMethod(Invoker.java:901)
	at org.testng.internal.Invoker.invokeTestMethods(Invoker.java:1231)
	at org.testng.internal.TestMethodWorker.invokeTestMethods(TestMethodWorker.java:127)
	at org.testng.internal.TestMethodWorker.run(TestMethodWorker.java:111)
	at org.testng.TestRunner.privateRun(TestRunner.java:767)
	at org.testng.TestRunner.run(TestRunner.java:617)
	at org.testng.SuiteRunner.runTest(SuiteRunner.java:334)
	at org.testng.SuiteRunner.runSequentially(SuiteRunner.java:329)
	at org.testng.SuiteRunner.privateRun(SuiteRunner.java:291)
	at org.testng.SuiteRunner.run(SuiteRunner.java:240)
	at org.testng.SuiteRunnerWorker.runSuite(SuiteRunnerWorker.java:52)
	at org.testng.SuiteRunnerWorker.run(SuiteRunnerWorker.java:86)
	at org.testng.TestNG.runSuitesSequentially(TestNG.java:1224)
	at org.testng.TestNG.runSuitesLocally(TestNG.java:1149)
	at org.testng.TestNG.run(TestNG.java:1057)
	at org.testng.remote.RemoteTestNG.run(RemoteTestNG.java:111)
	at org.testng.remote.RemoteTestNG.initAndRun(RemoteTestNG.java:204)
	at org.testng.remote.RemoteTestNG.main(RemoteTestNG.java:175)
Caused by: org.openqa.selenium.remote.UnreachableBrowserException: Error communicating with the remote browser. It may have died.
Build info: version: '2.42.0', revision: '5e82430', time: '2014-05-22 20:18:07'
System info: host: 'dslvm346', ip: '9.162.138.157', os.name: 'Windows 8', os.arch: 'x86', os.version: '6.2', java.version: '1.7.0_55'
Driver info: driver.version: EventFiringWebDriver
Build info: version: '2.42.1', revision: '68b415a', time: '2014-05-29 16:16:49'
System info: host: 'piotrbogdanski', ip: '9.161.136.32', os.name: 'Windows 7', os.arch: 'x86', os.version: '6.1 build 7601 Service Pack 1', java.version: '1.6.0'
Driver info: driver.version: unknown
]]>
    </failure>
  </testcase> <!-- AllContentsLoads -->
  <testcase name="AllContentsLoads" time="0.000" classname="tests.webUI.nonFunctional.LibraryTestsContents">
    <failure type="org.openqa.selenium.WebDriverException" message="Error communicating with the remote browser. It may have died.
Build info: version: &#039;2.42.0&#039;, revision: &#039;5e82430&#039;, time: &#039;2014-05-22 20:18:07&#039;
System info: host: &#039;dslvm346&#039;, ip: &#039;9.162.138.157&#039;, os.name: &#039;Windows 8&#039;, os.arch: &#039;x86&#039;, os.version: &#039;6.2&#039;, java.version: &#039;1.7.0_55&#039;
Driver info: driver.version: EventFiringWebDriver
Command duration or timeout: 3.27 seconds
Build info: version: &#039;2.42.1&#039;, revision: &#039;68b415a&#039;, time: &#039;2014-05-29 16:16:49&#039;
System info: host: &#039;piotrbogdanski&#039;, ip: &#039;9.161.136.32&#039;, os.name: &#039;Windows 7&#039;, os.arch: &#039;x86&#039;, os.version: &#039;6.1 build 7601 Service Pack 1&#039;, java.version: &#039;1.6.0&#039;
Session ID: b26bcd25-156a-405a-a953-e989a5b1f5be
Capabilities [{handlesAlerts=true, rotatable=false, databaseEnabled=false, locationContextEnabled=true, acceptSslCerts=true, applicationCacheEnabled=false, nativeEvents=true, cssSelectorsEnabled=true, takesScreenshot=true, platform=WIN8, browserName=chrome, javascriptEnabled=true, version=35.0.1916.153, chrome={userDataDir=C:\Users\ADMINI~1\AppData\Local\Temp\scoped_dir4076_31844}, webStorageEnabled=true, webdriver.remote.sessionid=b26bcd25-156a-405a-a953-e989a5b1f5be, browserConnectionEnabled=false, takesHeapSnapshot=true}]
Driver info: org.openqa.selenium.remote.RemoteWebDriver">
      <![CDATA[org.openqa.selenium.WebDriverException: Error communicating with the remote browser. It may have died.
Build info: version: '2.42.0', revision: '5e82430', time: '2014-05-22 20:18:07'
System info: host: 'dslvm346', ip: '9.162.138.157', os.name: 'Windows 8', os.arch: 'x86', os.version: '6.2', java.version: '1.7.0_55'
Driver info: driver.version: EventFiringWebDriver
Command duration or timeout: 3.27 seconds
Build info: version: '2.42.1', revision: '68b415a', time: '2014-05-29 16:16:49'
System info: host: 'piotrbogdanski', ip: '9.161.136.32', os.name: 'Windows 7', os.arch: 'x86', os.version: '6.1 build 7601 Service Pack 1', java.version: '1.6.0'
Session ID: b26bcd25-156a-405a-a953-e989a5b1f5be
Capabilities [{handlesAlerts=true, rotatable=false, databaseEnabled=false, locationContextEnabled=true, acceptSslCerts=true, applicationCacheEnabled=false, nativeEvents=true, cssSelectorsEnabled=true, takesScreenshot=true, platform=WIN8, browserName=chrome, javascriptEnabled=true, version=35.0.1916.153, chrome={userDataDir=C:\Users\ADMINI~1\AppData\Local\Temp\scoped_dir4076_31844}, webStorageEnabled=true, webdriver.remote.sessionid=b26bcd25-156a-405a-a953-e989a5b1f5be, browserConnectionEnabled=false, takesHeapSnapshot=true}]
Driver info: org.openqa.selenium.remote.RemoteWebDriver
	at sun.reflect.NativeConstructorAccessorImpl.newInstance0(Native Method)
	at sun.reflect.NativeConstructorAccessorImpl.newInstance(NativeConstructorAccessorImpl.java:56)
	at sun.reflect.DelegatingConstructorAccessorImpl.newInstance(DelegatingConstructorAccessorImpl.java:39)
	at java.lang.reflect.Constructor.newInstance(Constructor.java:527)
	at org.openqa.selenium.remote.ErrorHandler.createThrowable(ErrorHandler.java:204)
	at org.openqa.selenium.remote.ErrorHandler.throwIfResponseFailed(ErrorHandler.java:156)
	at org.openqa.selenium.remote.RemoteWebDriver.execute(RemoteWebDriver.java:600)
	at org.openqa.selenium.remote.RemoteWebDriver.execute(RemoteWebDriver.java:615)
	at org.openqa.selenium.remote.RemoteWebDriver.quit(RemoteWebDriver.java:469)
	at webUI.LoadBrowser.closeBrowser(LoadBrowser.java:266)
	at sun.reflect.GeneratedMethodAccessor21.invoke(Unknown Source)
	at sun.reflect.DelegatingMethodAccessorImpl.invoke(DelegatingMethodAccessorImpl.java:37)
	at java.lang.reflect.Method.invoke(Method.java:611)
	at org.testng.internal.MethodInvocationHelper.invokeMethod(MethodInvocationHelper.java:84)
	at org.testng.internal.Invoker.invokeConfigurationMethod(Invoker.java:564)
	at org.testng.internal.Invoker.invokeConfigurations(Invoker.java:213)
	at org.testng.internal.Invoker.invokeMethod(Invoker.java:786)
	at org.testng.internal.Invoker.invokeTestMethod(Invoker.java:901)
	at org.testng.internal.Invoker.invokeTestMethods(Invoker.java:1231)
	at org.testng.internal.TestMethodWorker.invokeTestMethods(TestMethodWorker.java:127)
	at org.testng.internal.TestMethodWorker.run(TestMethodWorker.java:111)
	at org.testng.TestRunner.privateRun(TestRunner.java:767)
	at org.testng.TestRunner.run(TestRunner.java:617)
	at org.testng.SuiteRunner.runTest(SuiteRunner.java:334)
	at org.testng.SuiteRunner.runSequentially(SuiteRunner.java:329)
	at org.testng.SuiteRunner.privateRun(SuiteRunner.java:291)
	at org.testng.SuiteRunner.run(SuiteRunner.java:240)
	at org.testng.SuiteRunnerWorker.runSuite(SuiteRunnerWorker.java:52)
	at org.testng.SuiteRunnerWorker.run(SuiteRunnerWorker.java:86)
	at org.testng.TestNG.runSuitesSequentially(TestNG.java:1224)
	at org.testng.TestNG.runSuitesLocally(TestNG.java:1149)
	at org.testng.TestNG.run(TestNG.java:1057)
	at org.testng.remote.RemoteTestNG.run(RemoteTestNG.java:111)
	at org.testng.remote.RemoteTestNG.initAndRun(RemoteTestNG.java:204)
	at org.testng.remote.RemoteTestNG.main(RemoteTestNG.java:175)
Caused by: org.openqa.selenium.remote.UnreachableBrowserException: Error communicating with the remote browser. It may have died.
Build info: version: '2.42.0', revision: '5e82430', time: '2014-05-22 20:18:07'
System info: host: 'dslvm346', ip: '9.162.138.157', os.name: 'Windows 8', os.arch: 'x86', os.version: '6.2', java.version: '1.7.0_55'
Driver info: driver.version: EventFiringWebDriver
Build info: version: '2.42.1', revision: '68b415a', time: '2014-05-29 16:16:49'
System info: host: 'piotrbogdanski', ip: '9.161.136.32', os.name: 'Windows 7', os.arch: 'x86', os.version: '6.1 build 7601 Service Pack 1', java.version: '1.6.0'
Driver info: driver.version: unknown
]]>
    </failure>
  </testcase> <!-- AllContentsLoads -->
  <testcase name="AllContentsLoads" time="41.841" classname="tests.webUI.nonFunctional.LibraryTestsContents"/>
  <testcase name="AllContentsLoads" time="0.001" classname="tests.webUI.nonFunctional.LibraryTestsContents">
    <failure type="org.openqa.selenium.WebDriverException" message="Error communicating with the remote browser. It may have died.
Build info: version: &#039;2.42.0&#039;, revision: &#039;5e82430&#039;, time: &#039;2014-05-22 20:18:07&#039;
System info: host: &#039;dslvm346&#039;, ip: &#039;9.162.138.157&#039;, os.name: &#039;Windows 8&#039;, os.arch: &#039;x86&#039;, os.version: &#039;6.2&#039;, java.version: &#039;1.7.0_55&#039;
Driver info: driver.version: EventFiringWebDriver
Command duration or timeout: 3.27 seconds
Build info: version: &#039;2.42.1&#039;, revision: &#039;68b415a&#039;, time: &#039;2014-05-29 16:16:49&#039;
System info: host: &#039;piotrbogdanski&#039;, ip: &#039;9.161.136.32&#039;, os.name: &#039;Windows 7&#039;, os.arch: &#039;x86&#039;, os.version: &#039;6.1 build 7601 Service Pack 1&#039;, java.version: &#039;1.6.0&#039;
Session ID: b26bcd25-156a-405a-a953-e989a5b1f5be
Capabilities [{handlesAlerts=true, rotatable=false, databaseEnabled=false, locationContextEnabled=true, acceptSslCerts=true, applicationCacheEnabled=false, nativeEvents=true, cssSelectorsEnabled=true, takesScreenshot=true, platform=WIN8, browserName=chrome, javascriptEnabled=true, version=35.0.1916.153, chrome={userDataDir=C:\Users\ADMINI~1\AppData\Local\Temp\scoped_dir4076_31844}, webStorageEnabled=true, webdriver.remote.sessionid=b26bcd25-156a-405a-a953-e989a5b1f5be, browserConnectionEnabled=false, takesHeapSnapshot=true}]
Driver info: org.openqa.selenium.remote.RemoteWebDriver">
      <![CDATA[org.openqa.selenium.WebDriverException: Error communicating with the remote browser. It may have died.
Build info: version: '2.42.0', revision: '5e82430', time: '2014-05-22 20:18:07'
System info: host: 'dslvm346', ip: '9.162.138.157', os.name: 'Windows 8', os.arch: 'x86', os.version: '6.2', java.version: '1.7.0_55'
Driver info: driver.version: EventFiringWebDriver
Command duration or timeout: 3.27 seconds
Build info: version: '2.42.1', revision: '68b415a', time: '2014-05-29 16:16:49'
System info: host: 'piotrbogdanski', ip: '9.161.136.32', os.name: 'Windows 7', os.arch: 'x86', os.version: '6.1 build 7601 Service Pack 1', java.version: '1.6.0'
Session ID: b26bcd25-156a-405a-a953-e989a5b1f5be
Capabilities [{handlesAlerts=true, rotatable=false, databaseEnabled=false, locationContextEnabled=true, acceptSslCerts=true, applicationCacheEnabled=false, nativeEvents=true, cssSelectorsEnabled=true, takesScreenshot=true, platform=WIN8, browserName=chrome, javascriptEnabled=true, version=35.0.1916.153, chrome={userDataDir=C:\Users\ADMINI~1\AppData\Local\Temp\scoped_dir4076_31844}, webStorageEnabled=true, webdriver.remote.sessionid=b26bcd25-156a-405a-a953-e989a5b1f5be, browserConnectionEnabled=false, takesHeapSnapshot=true}]
Driver info: org.openqa.selenium.remote.RemoteWebDriver
	at sun.reflect.NativeConstructorAccessorImpl.newInstance0(Native Method)
	at sun.reflect.NativeConstructorAccessorImpl.newInstance(NativeConstructorAccessorImpl.java:56)
	at sun.reflect.DelegatingConstructorAccessorImpl.newInstance(DelegatingConstructorAccessorImpl.java:39)
	at java.lang.reflect.Constructor.newInstance(Constructor.java:527)
	at org.openqa.selenium.remote.ErrorHandler.createThrowable(ErrorHandler.java:204)
	at org.openqa.selenium.remote.ErrorHandler.throwIfResponseFailed(ErrorHandler.java:156)
	at org.openqa.selenium.remote.RemoteWebDriver.execute(RemoteWebDriver.java:600)
	at org.openqa.selenium.remote.RemoteWebDriver.execute(RemoteWebDriver.java:615)
	at org.openqa.selenium.remote.RemoteWebDriver.quit(RemoteWebDriver.java:469)
	at webUI.LoadBrowser.closeBrowser(LoadBrowser.java:266)
	at sun.reflect.GeneratedMethodAccessor21.invoke(Unknown Source)
	at sun.reflect.DelegatingMethodAccessorImpl.invoke(DelegatingMethodAccessorImpl.java:37)
	at java.lang.reflect.Method.invoke(Method.java:611)
	at org.testng.internal.MethodInvocationHelper.invokeMethod(MethodInvocationHelper.java:84)
	at org.testng.internal.Invoker.invokeConfigurationMethod(Invoker.java:564)
	at org.testng.internal.Invoker.invokeConfigurations(Invoker.java:213)
	at org.testng.internal.Invoker.invokeMethod(Invoker.java:786)
	at org.testng.internal.Invoker.invokeTestMethod(Invoker.java:901)
	at org.testng.internal.Invoker.invokeTestMethods(Invoker.java:1231)
	at org.testng.internal.TestMethodWorker.invokeTestMethods(TestMethodWorker.java:127)
	at org.testng.internal.TestMethodWorker.run(TestMethodWorker.java:111)
	at org.testng.TestRunner.privateRun(TestRunner.java:767)
	at org.testng.TestRunner.run(TestRunner.java:617)
	at org.testng.SuiteRunner.runTest(SuiteRunner.java:334)
	at org.testng.SuiteRunner.runSequentially(SuiteRunner.java:329)
	at org.testng.SuiteRunner.privateRun(SuiteRunner.java:291)
	at org.testng.SuiteRunner.run(SuiteRunner.java:240)
	at org.testng.SuiteRunnerWorker.runSuite(SuiteRunnerWorker.java:52)
	at org.testng.SuiteRunnerWorker.run(SuiteRunnerWorker.java:86)
	at org.testng.TestNG.runSuitesSequentially(TestNG.java:1224)
	at org.testng.TestNG.runSuitesLocally(TestNG.java:1149)
	at org.testng.TestNG.run(TestNG.java:1057)
	at org.testng.remote.RemoteTestNG.run(RemoteTestNG.java:111)
	at org.testng.remote.RemoteTestNG.initAndRun(RemoteTestNG.java:204)
	at org.testng.remote.RemoteTestNG.main(RemoteTestNG.java:175)
Caused by: org.openqa.selenium.remote.UnreachableBrowserException: Error communicating with the remote browser. It may have died.
Build info: version: '2.42.0', revision: '5e82430', time: '2014-05-22 20:18:07'
System info: host: 'dslvm346', ip: '9.162.138.157', os.name: 'Windows 8', os.arch: 'x86', os.version: '6.2', java.version: '1.7.0_55'
Driver info: driver.version: EventFiringWebDriver
Build info: version: '2.42.1', revision: '68b415a', time: '2014-05-29 16:16:49'
System info: host: 'piotrbogdanski', ip: '9.161.136.32', os.name: 'Windows 7', os.arch: 'x86', os.version: '6.1 build 7601 Service Pack 1', java.version: '1.6.0'
Driver info: driver.version: unknown
]]>
    </failure>
  </testcase> <!-- AllContentsLoads -->
  <testcase name="AllContentsLoads" time="0.000" classname="tests.webUI.nonFunctional.LibraryTestsContents">
    <failure type="org.openqa.selenium.WebDriverException" message="Error communicating with the remote browser. It may have died.
Build info: version: &#039;2.42.0&#039;, revision: &#039;5e82430&#039;, time: &#039;2014-05-22 20:18:07&#039;
System info: host: &#039;dslvm346&#039;, ip: &#039;9.162.138.157&#039;, os.name: &#039;Windows 8&#039;, os.arch: &#039;x86&#039;, os.version: &#039;6.2&#039;, java.version: &#039;1.7.0_55&#039;
Driver info: driver.version: EventFiringWebDriver
Command duration or timeout: 3.27 seconds
Build info: version: &#039;2.42.1&#039;, revision: &#039;68b415a&#039;, time: &#039;2014-05-29 16:16:49&#039;
System info: host: &#039;piotrbogdanski&#039;, ip: &#039;9.161.136.32&#039;, os.name: &#039;Windows 7&#039;, os.arch: &#039;x86&#039;, os.version: &#039;6.1 build 7601 Service Pack 1&#039;, java.version: &#039;1.6.0&#039;
Session ID: b26bcd25-156a-405a-a953-e989a5b1f5be
Capabilities [{handlesAlerts=true, rotatable=false, databaseEnabled=false, locationContextEnabled=true, acceptSslCerts=true, applicationCacheEnabled=false, nativeEvents=true, cssSelectorsEnabled=true, takesScreenshot=true, platform=WIN8, browserName=chrome, javascriptEnabled=true, version=35.0.1916.153, chrome={userDataDir=C:\Users\ADMINI~1\AppData\Local\Temp\scoped_dir4076_31844}, webStorageEnabled=true, webdriver.remote.sessionid=b26bcd25-156a-405a-a953-e989a5b1f5be, browserConnectionEnabled=false, takesHeapSnapshot=true}]
Driver info: org.openqa.selenium.remote.RemoteWebDriver">
      <![CDATA[org.openqa.selenium.WebDriverException: Error communicating with the remote browser. It may have died.
Build info: version: '2.42.0', revision: '5e82430', time: '2014-05-22 20:18:07'
System info: host: 'dslvm346', ip: '9.162.138.157', os.name: 'Windows 8', os.arch: 'x86', os.version: '6.2', java.version: '1.7.0_55'
Driver info: driver.version: EventFiringWebDriver
Command duration or timeout: 3.27 seconds
Build info: version: '2.42.1', revision: '68b415a', time: '2014-05-29 16:16:49'
System info: host: 'piotrbogdanski', ip: '9.161.136.32', os.name: 'Windows 7', os.arch: 'x86', os.version: '6.1 build 7601 Service Pack 1', java.version: '1.6.0'
Session ID: b26bcd25-156a-405a-a953-e989a5b1f5be
Capabilities [{handlesAlerts=true, rotatable=false, databaseEnabled=false, locationContextEnabled=true, acceptSslCerts=true, applicationCacheEnabled=false, nativeEvents=true, cssSelectorsEnabled=true, takesScreenshot=true, platform=WIN8, browserName=chrome, javascriptEnabled=true, version=35.0.1916.153, chrome={userDataDir=C:\Users\ADMINI~1\AppData\Local\Temp\scoped_dir4076_31844}, webStorageEnabled=true, webdriver.remote.sessionid=b26bcd25-156a-405a-a953-e989a5b1f5be, browserConnectionEnabled=false, takesHeapSnapshot=true}]
Driver info: org.openqa.selenium.remote.RemoteWebDriver
	at sun.reflect.NativeConstructorAccessorImpl.newInstance0(Native Method)
	at sun.reflect.NativeConstructorAccessorImpl.newInstance(NativeConstructorAccessorImpl.java:56)
	at sun.reflect.DelegatingConstructorAccessorImpl.newInstance(DelegatingConstructorAccessorImpl.java:39)
	at java.lang.reflect.Constructor.newInstance(Constructor.java:527)
	at org.openqa.selenium.remote.ErrorHandler.createThrowable(ErrorHandler.java:204)
	at org.openqa.selenium.remote.ErrorHandler.throwIfResponseFailed(ErrorHandler.java:156)
	at org.openqa.selenium.remote.RemoteWebDriver.execute(RemoteWebDriver.java:600)
	at org.openqa.selenium.remote.RemoteWebDriver.execute(RemoteWebDriver.java:615)
	at org.openqa.selenium.remote.RemoteWebDriver.quit(RemoteWebDriver.java:469)
	at webUI.LoadBrowser.closeBrowser(LoadBrowser.java:266)
	at sun.reflect.GeneratedMethodAccessor21.invoke(Unknown Source)
	at sun.reflect.DelegatingMethodAccessorImpl.invoke(DelegatingMethodAccessorImpl.java:37)
	at java.lang.reflect.Method.invoke(Method.java:611)
	at org.testng.internal.MethodInvocationHelper.invokeMethod(MethodInvocationHelper.java:84)
	at org.testng.internal.Invoker.invokeConfigurationMethod(Invoker.java:564)
	at org.testng.internal.Invoker.invokeConfigurations(Invoker.java:213)
	at org.testng.internal.Invoker.invokeMethod(Invoker.java:786)
	at org.testng.internal.Invoker.invokeTestMethod(Invoker.java:901)
	at org.testng.internal.Invoker.invokeTestMethods(Invoker.java:1231)
	at org.testng.internal.TestMethodWorker.invokeTestMethods(TestMethodWorker.java:127)
	at org.testng.internal.TestMethodWorker.run(TestMethodWorker.java:111)
	at org.testng.TestRunner.privateRun(TestRunner.java:767)
	at org.testng.TestRunner.run(TestRunner.java:617)
	at org.testng.SuiteRunner.runTest(SuiteRunner.java:334)
	at org.testng.SuiteRunner.runSequentially(SuiteRunner.java:329)
	at org.testng.SuiteRunner.privateRun(SuiteRunner.java:291)
	at org.testng.SuiteRunner.run(SuiteRunner.java:240)
	at org.testng.SuiteRunnerWorker.runSuite(SuiteRunnerWorker.java:52)
	at org.testng.SuiteRunnerWorker.run(SuiteRunnerWorker.java:86)
	at org.testng.TestNG.runSuitesSequentially(TestNG.java:1224)
	at org.testng.TestNG.runSuitesLocally(TestNG.java:1149)
	at org.testng.TestNG.run(TestNG.java:1057)
	at org.testng.remote.RemoteTestNG.run(RemoteTestNG.java:111)
	at org.testng.remote.RemoteTestNG.initAndRun(RemoteTestNG.java:204)
	at org.testng.remote.RemoteTestNG.main(RemoteTestNG.java:175)
Caused by: org.openqa.selenium.remote.UnreachableBrowserException: Error communicating with the remote browser. It may have died.
Build info: version: '2.42.0', revision: '5e82430', time: '2014-05-22 20:18:07'
System info: host: 'dslvm346', ip: '9.162.138.157', os.name: 'Windows 8', os.arch: 'x86', os.version: '6.2', java.version: '1.7.0_55'
Driver info: driver.version: EventFiringWebDriver
Build info: version: '2.42.1', revision: '68b415a', time: '2014-05-29 16:16:49'
System info: host: 'piotrbogdanski', ip: '9.161.136.32', os.name: 'Windows 7', os.arch: 'x86', os.version: '6.1 build 7601 Service Pack 1', java.version: '1.6.0'
Driver info: driver.version: unknown
]]>
    </failure>
  </testcase> <!-- AllContentsLoads -->
  <testcase name="AllContentsLoads" time="0.001" classname="tests.webUI.nonFunctional.LibraryTestsContents">
    <failure type="org.openqa.selenium.WebDriverException" message="Error communicating with the remote browser. It may have died.
Build info: version: &#039;2.42.0&#039;, revision: &#039;5e82430&#039;, time: &#039;2014-05-22 20:18:07&#039;
System info: host: &#039;dslvm346&#039;, ip: &#039;9.162.138.157&#039;, os.name: &#039;Windows 8&#039;, os.arch: &#039;x86&#039;, os.version: &#039;6.2&#039;, java.version: &#039;1.7.0_55&#039;
Driver info: driver.version: EventFiringWebDriver
Command duration or timeout: 3.27 seconds
Build info: version: &#039;2.42.1&#039;, revision: &#039;68b415a&#039;, time: &#039;2014-05-29 16:16:49&#039;
System info: host: &#039;piotrbogdanski&#039;, ip: &#039;9.161.136.32&#039;, os.name: &#039;Windows 7&#039;, os.arch: &#039;x86&#039;, os.version: &#039;6.1 build 7601 Service Pack 1&#039;, java.version: &#039;1.6.0&#039;
Session ID: b26bcd25-156a-405a-a953-e989a5b1f5be
Capabilities [{handlesAlerts=true, rotatable=false, databaseEnabled=false, locationContextEnabled=true, acceptSslCerts=true, applicationCacheEnabled=false, nativeEvents=true, cssSelectorsEnabled=true, takesScreenshot=true, platform=WIN8, browserName=chrome, javascriptEnabled=true, version=35.0.1916.153, chrome={userDataDir=C:\Users\ADMINI~1\AppData\Local\Temp\scoped_dir4076_31844}, webStorageEnabled=true, webdriver.remote.sessionid=b26bcd25-156a-405a-a953-e989a5b1f5be, browserConnectionEnabled=false, takesHeapSnapshot=true}]
Driver info: org.openqa.selenium.remote.RemoteWebDriver">
      <![CDATA[org.openqa.selenium.WebDriverException: Error communicating with the remote browser. It may have died.
Build info: version: '2.42.0', revision: '5e82430', time: '2014-05-22 20:18:07'
System info: host: 'dslvm346', ip: '9.162.138.157', os.name: 'Windows 8', os.arch: 'x86', os.version: '6.2', java.version: '1.7.0_55'
Driver info: driver.version: EventFiringWebDriver
Command duration or timeout: 3.27 seconds
Build info: version: '2.42.1', revision: '68b415a', time: '2014-05-29 16:16:49'
System info: host: 'piotrbogdanski', ip: '9.161.136.32', os.name: 'Windows 7', os.arch: 'x86', os.version: '6.1 build 7601 Service Pack 1', java.version: '1.6.0'
Session ID: b26bcd25-156a-405a-a953-e989a5b1f5be
Capabilities [{handlesAlerts=true, rotatable=false, databaseEnabled=false, locationContextEnabled=true, acceptSslCerts=true, applicationCacheEnabled=false, nativeEvents=true, cssSelectorsEnabled=true, takesScreenshot=true, platform=WIN8, browserName=chrome, javascriptEnabled=true, version=35.0.1916.153, chrome={userDataDir=C:\Users\ADMINI~1\AppData\Local\Temp\scoped_dir4076_31844}, webStorageEnabled=true, webdriver.remote.sessionid=b26bcd25-156a-405a-a953-e989a5b1f5be, browserConnectionEnabled=false, takesHeapSnapshot=true}]
Driver info: org.openqa.selenium.remote.RemoteWebDriver
	at sun.reflect.NativeConstructorAccessorImpl.newInstance0(Native Method)
	at sun.reflect.NativeConstructorAccessorImpl.newInstance(NativeConstructorAccessorImpl.java:56)
	at sun.reflect.DelegatingConstructorAccessorImpl.newInstance(DelegatingConstructorAccessorImpl.java:39)
	at java.lang.reflect.Constructor.newInstance(Constructor.java:527)
	at org.openqa.selenium.remote.ErrorHandler.createThrowable(ErrorHandler.java:204)
	at org.openqa.selenium.remote.ErrorHandler.throwIfResponseFailed(ErrorHandler.java:156)
	at org.openqa.selenium.remote.RemoteWebDriver.execute(RemoteWebDriver.java:600)
	at org.openqa.selenium.remote.RemoteWebDriver.execute(RemoteWebDriver.java:615)
	at org.openqa.selenium.remote.RemoteWebDriver.quit(RemoteWebDriver.java:469)
	at webUI.LoadBrowser.closeBrowser(LoadBrowser.java:266)
	at sun.reflect.GeneratedMethodAccessor21.invoke(Unknown Source)
	at sun.reflect.DelegatingMethodAccessorImpl.invoke(DelegatingMethodAccessorImpl.java:37)
	at java.lang.reflect.Method.invoke(Method.java:611)
	at org.testng.internal.MethodInvocationHelper.invokeMethod(MethodInvocationHelper.java:84)
	at org.testng.internal.Invoker.invokeConfigurationMethod(Invoker.java:564)
	at org.testng.internal.Invoker.invokeConfigurations(Invoker.java:213)
	at org.testng.internal.Invoker.invokeMethod(Invoker.java:786)
	at org.testng.internal.Invoker.invokeTestMethod(Invoker.java:901)
	at org.testng.internal.Invoker.invokeTestMethods(Invoker.java:1231)
	at org.testng.internal.TestMethodWorker.invokeTestMethods(TestMethodWorker.java:127)
	at org.testng.internal.TestMethodWorker.run(TestMethodWorker.java:111)
	at org.testng.TestRunner.privateRun(TestRunner.java:767)
	at org.testng.TestRunner.run(TestRunner.java:617)
	at org.testng.SuiteRunner.runTest(SuiteRunner.java:334)
	at org.testng.SuiteRunner.runSequentially(SuiteRunner.java:329)
	at org.testng.SuiteRunner.privateRun(SuiteRunner.java:291)
	at org.testng.SuiteRunner.run(SuiteRunner.java:240)
	at org.testng.SuiteRunnerWorker.runSuite(SuiteRunnerWorker.java:52)
	at org.testng.SuiteRunnerWorker.run(SuiteRunnerWorker.java:86)
	at org.testng.TestNG.runSuitesSequentially(TestNG.java:1224)
	at org.testng.TestNG.runSuitesLocally(TestNG.java:1149)
	at org.testng.TestNG.run(TestNG.java:1057)
	at org.testng.remote.RemoteTestNG.run(RemoteTestNG.java:111)
	at org.testng.remote.RemoteTestNG.initAndRun(RemoteTestNG.java:204)
	at org.testng.remote.RemoteTestNG.main(RemoteTestNG.java:175)
Caused by: org.openqa.selenium.remote.UnreachableBrowserException: Error communicating with the remote browser. It may have died.
Build info: version: '2.42.0', revision: '5e82430', time: '2014-05-22 20:18:07'
System info: host: 'dslvm346', ip: '9.162.138.157', os.name: 'Windows 8', os.arch: 'x86', os.version: '6.2', java.version: '1.7.0_55'
Driver info: driver.version: EventFiringWebDriver
Build info: version: '2.42.1', revision: '68b415a', time: '2014-05-29 16:16:49'
System info: host: 'piotrbogdanski', ip: '9.161.136.32', os.name: 'Windows 7', os.arch: 'x86', os.version: '6.1 build 7601 Service Pack 1', java.version: '1.6.0'
Driver info: driver.version: unknown
]]>
    </failure>
  </testcase> <!-- AllContentsLoads -->
  <testcase name="AllContentsLoads" time="0.001" classname="tests.webUI.nonFunctional.LibraryTestsContents">
    <failure type="org.openqa.selenium.WebDriverException" message="Error communicating with the remote browser. It may have died.
Build info: version: &#039;2.42.0&#039;, revision: &#039;5e82430&#039;, time: &#039;2014-05-22 20:18:07&#039;
System info: host: &#039;dslvm346&#039;, ip: &#039;9.162.138.157&#039;, os.name: &#039;Windows 8&#039;, os.arch: &#039;x86&#039;, os.version: &#039;6.2&#039;, java.version: &#039;1.7.0_55&#039;
Driver info: driver.version: EventFiringWebDriver
Command duration or timeout: 3.27 seconds
Build info: version: &#039;2.42.1&#039;, revision: &#039;68b415a&#039;, time: &#039;2014-05-29 16:16:49&#039;
System info: host: &#039;piotrbogdanski&#039;, ip: &#039;9.161.136.32&#039;, os.name: &#039;Windows 7&#039;, os.arch: &#039;x86&#039;, os.version: &#039;6.1 build 7601 Service Pack 1&#039;, java.version: &#039;1.6.0&#039;
Session ID: b26bcd25-156a-405a-a953-e989a5b1f5be
Capabilities [{handlesAlerts=true, rotatable=false, databaseEnabled=false, locationContextEnabled=true, acceptSslCerts=true, applicationCacheEnabled=false, nativeEvents=true, cssSelectorsEnabled=true, takesScreenshot=true, platform=WIN8, browserName=chrome, javascriptEnabled=true, version=35.0.1916.153, chrome={userDataDir=C:\Users\ADMINI~1\AppData\Local\Temp\scoped_dir4076_31844}, webStorageEnabled=true, webdriver.remote.sessionid=b26bcd25-156a-405a-a953-e989a5b1f5be, browserConnectionEnabled=false, takesHeapSnapshot=true}]
Driver info: org.openqa.selenium.remote.RemoteWebDriver">
      <![CDATA[org.openqa.selenium.WebDriverException: Error communicating with the remote browser. It may have died.
Build info: version: '2.42.0', revision: '5e82430', time: '2014-05-22 20:18:07'
System info: host: 'dslvm346', ip: '9.162.138.157', os.name: 'Windows 8', os.arch: 'x86', os.version: '6.2', java.version: '1.7.0_55'
Driver info: driver.version: EventFiringWebDriver
Command duration or timeout: 3.27 seconds
Build info: version: '2.42.1', revision: '68b415a', time: '2014-05-29 16:16:49'
System info: host: 'piotrbogdanski', ip: '9.161.136.32', os.name: 'Windows 7', os.arch: 'x86', os.version: '6.1 build 7601 Service Pack 1', java.version: '1.6.0'
Session ID: b26bcd25-156a-405a-a953-e989a5b1f5be
Capabilities [{handlesAlerts=true, rotatable=false, databaseEnabled=false, locationContextEnabled=true, acceptSslCerts=true, applicationCacheEnabled=false, nativeEvents=true, cssSelectorsEnabled=true, takesScreenshot=true, platform=WIN8, browserName=chrome, javascriptEnabled=true, version=35.0.1916.153, chrome={userDataDir=C:\Users\ADMINI~1\AppData\Local\Temp\scoped_dir4076_31844}, webStorageEnabled=true, webdriver.remote.sessionid=b26bcd25-156a-405a-a953-e989a5b1f5be, browserConnectionEnabled=false, takesHeapSnapshot=true}]
Driver info: org.openqa.selenium.remote.RemoteWebDriver
	at sun.reflect.NativeConstructorAccessorImpl.newInstance0(Native Method)
	at sun.reflect.NativeConstructorAccessorImpl.newInstance(NativeConstructorAccessorImpl.java:56)
	at sun.reflect.DelegatingConstructorAccessorImpl.newInstance(DelegatingConstructorAccessorImpl.java:39)
	at java.lang.reflect.Constructor.newInstance(Constructor.java:527)
	at org.openqa.selenium.remote.ErrorHandler.createThrowable(ErrorHandler.java:204)
	at org.openqa.selenium.remote.ErrorHandler.throwIfResponseFailed(ErrorHandler.java:156)
	at org.openqa.selenium.remote.RemoteWebDriver.execute(RemoteWebDriver.java:600)
	at org.openqa.selenium.remote.RemoteWebDriver.execute(RemoteWebDriver.java:615)
	at org.openqa.selenium.remote.RemoteWebDriver.quit(RemoteWebDriver.java:469)
	at webUI.LoadBrowser.closeBrowser(LoadBrowser.java:266)
	at sun.reflect.GeneratedMethodAccessor21.invoke(Unknown Source)
	at sun.reflect.DelegatingMethodAccessorImpl.invoke(DelegatingMethodAccessorImpl.java:37)
	at java.lang.reflect.Method.invoke(Method.java:611)
	at org.testng.internal.MethodInvocationHelper.invokeMethod(MethodInvocationHelper.java:84)
	at org.testng.internal.Invoker.invokeConfigurationMethod(Invoker.java:564)
	at org.testng.internal.Invoker.invokeConfigurations(Invoker.java:213)
	at org.testng.internal.Invoker.invokeMethod(Invoker.java:786)
	at org.testng.internal.Invoker.invokeTestMethod(Invoker.java:901)
	at org.testng.internal.Invoker.invokeTestMethods(Invoker.java:1231)
	at org.testng.internal.TestMethodWorker.invokeTestMethods(TestMethodWorker.java:127)
	at org.testng.internal.TestMethodWorker.run(TestMethodWorker.java:111)
	at org.testng.TestRunner.privateRun(TestRunner.java:767)
	at org.testng.TestRunner.run(TestRunner.java:617)
	at org.testng.SuiteRunner.runTest(SuiteRunner.java:334)
	at org.testng.SuiteRunner.runSequentially(SuiteRunner.java:329)
	at org.testng.SuiteRunner.privateRun(SuiteRunner.java:291)
	at org.testng.SuiteRunner.run(SuiteRunner.java:240)
	at org.testng.SuiteRunnerWorker.runSuite(SuiteRunnerWorker.java:52)
	at org.testng.SuiteRunnerWorker.run(SuiteRunnerWorker.java:86)
	at org.testng.TestNG.runSuitesSequentially(TestNG.java:1224)
	at org.testng.TestNG.runSuitesLocally(TestNG.java:1149)
	at org.testng.TestNG.run(TestNG.java:1057)
	at org.testng.remote.RemoteTestNG.run(RemoteTestNG.java:111)
	at org.testng.remote.RemoteTestNG.initAndRun(RemoteTestNG.java:204)
	at org.testng.remote.RemoteTestNG.main(RemoteTestNG.java:175)
Caused by: org.openqa.selenium.remote.UnreachableBrowserException: Error communicating with the remote browser. It may have died.
Build info: version: '2.42.0', revision: '5e82430', time: '2014-05-22 20:18:07'
System info: host: 'dslvm346', ip: '9.162.138.157', os.name: 'Windows 8', os.arch: 'x86', os.version: '6.2', java.version: '1.7.0_55'
Driver info: driver.version: EventFiringWebDriver
Build info: version: '2.42.1', revision: '68b415a', time: '2014-05-29 16:16:49'
System info: host: 'piotrbogdanski', ip: '9.161.136.32', os.name: 'Windows 7', os.arch: 'x86', os.version: '6.1 build 7601 Service Pack 1', java.version: '1.6.0'
Driver info: driver.version: unknown
]]>
    </failure>
  </testcase> <!-- AllContentsLoads -->
  <testcase name="AllContentsLoads" time="40.549" classname="tests.webUI.nonFunctional.LibraryTestsContents">
    <failure type="org.openqa.selenium.TimeoutException" message="Timed out after 20 seconds waiting for element to no longer be visible: By.selector: .warningTextGroup
Build info: version: &#039;2.42.1&#039;, revision: &#039;68b415a&#039;, time: &#039;2014-05-29 16:16:49&#039;
System info: host: &#039;piotrbogdanski&#039;, ip: &#039;9.161.136.32&#039;, os.name: &#039;Windows 7&#039;, os.arch: &#039;x86&#039;, os.version: &#039;6.1 build 7601 Service Pack 1&#039;, java.version: &#039;1.6.0&#039;
Driver info: driver.version: unknown">
      <![CDATA[org.openqa.selenium.TimeoutException: Timed out after 20 seconds waiting for element to no longer be visible: By.selector: .warningTextGroup
Build info: version: '2.42.1', revision: '68b415a', time: '2014-05-29 16:16:49'
System info: host: 'piotrbogdanski', ip: '9.161.136.32', os.name: 'Windows 7', os.arch: 'x86', os.version: '6.1 build 7601 Service Pack 1', java.version: '1.6.0'
Driver info: driver.version: unknown
	at org.openqa.selenium.support.ui.FluentWait.timeoutException(FluentWait.java:259)
	at org.openqa.selenium.support.ui.FluentWait.until(FluentWait.java:228)
	at webUI.home.library.mediaTypes.Summary.waitForPageToLoad(Summary.java:47)
	at webUI.home.library.mediaTypes.Summary.<init>(Summary.java:28)
	at tests.webUI.nonFunctional.LibraryTestsContents.AllContentsLoads(LibraryTestsContents.java:154)
	at sun.reflect.NativeMethodAccessorImpl.invoke0(Native Method)
	at sun.reflect.NativeMethodAccessorImpl.invoke(NativeMethodAccessorImpl.java:60)
	at sun.reflect.DelegatingMethodAccessorImpl.invoke(DelegatingMethodAccessorImpl.java:37)
	at java.lang.reflect.Method.invoke(Method.java:611)
	at org.testng.internal.MethodInvocationHelper.invokeMethod(MethodInvocationHelper.java:84)
	at org.testng.internal.Invoker.invokeMethod(Invoker.java:714)
	at org.testng.internal.Invoker.retryFailed(Invoker.java:1049)
	at org.testng.internal.Invoker.invokeTestMethods(Invoker.java:1254)
	at org.testng.internal.TestMethodWorker.invokeTestMethods(TestMethodWorker.java:127)
	at org.testng.internal.TestMethodWorker.run(TestMethodWorker.java:111)
	at org.testng.TestRunner.privateRun(TestRunner.java:767)
	at org.testng.TestRunner.run(TestRunner.java:617)
	at org.testng.SuiteRunner.runTest(SuiteRunner.java:334)
	at org.testng.SuiteRunner.runSequentially(SuiteRunner.java:329)
	at org.testng.SuiteRunner.privateRun(SuiteRunner.java:291)
	at org.testng.SuiteRunner.run(SuiteRunner.java:240)
	at org.testng.SuiteRunnerWorker.runSuite(SuiteRunnerWorker.java:52)
	at org.testng.SuiteRunnerWorker.run(SuiteRunnerWorker.java:86)
	at org.testng.TestNG.runSuitesSequentially(TestNG.java:1224)
	at org.testng.TestNG.runSuitesLocally(TestNG.java:1149)
	at org.testng.TestNG.run(TestNG.java:1057)
	at org.testng.remote.RemoteTestNG.run(RemoteTestNG.java:111)
	at org.testng.remote.RemoteTestNG.initAndRun(RemoteTestNG.java:204)
	at org.testng.remote.RemoteTestNG.main(RemoteTestNG.java:175)
]]>
    </failure>
  </testcase> <!-- AllContentsLoads -->
  <testcase name="AllContentsLoads" time="0.001" classname="tests.webUI.nonFunctional.LibraryTestsContents">
    <failure type="org.openqa.selenium.WebDriverException" message="Error communicating with the remote browser. It may have died.
Build info: version: &#039;2.42.0&#039;, revision: &#039;5e82430&#039;, time: &#039;2014-05-22 20:18:07&#039;
System info: host: &#039;dslvm346&#039;, ip: &#039;9.162.138.157&#039;, os.name: &#039;Windows 8&#039;, os.arch: &#039;x86&#039;, os.version: &#039;6.2&#039;, java.version: &#039;1.7.0_55&#039;
Driver info: driver.version: EventFiringWebDriver
Command duration or timeout: 3.27 seconds
Build info: version: &#039;2.42.1&#039;, revision: &#039;68b415a&#039;, time: &#039;2014-05-29 16:16:49&#039;
System info: host: &#039;piotrbogdanski&#039;, ip: &#039;9.161.136.32&#039;, os.name: &#039;Windows 7&#039;, os.arch: &#039;x86&#039;, os.version: &#039;6.1 build 7601 Service Pack 1&#039;, java.version: &#039;1.6.0&#039;
Session ID: b26bcd25-156a-405a-a953-e989a5b1f5be
Capabilities [{handlesAlerts=true, rotatable=false, databaseEnabled=false, locationContextEnabled=true, acceptSslCerts=true, applicationCacheEnabled=false, nativeEvents=true, cssSelectorsEnabled=true, takesScreenshot=true, platform=WIN8, browserName=chrome, javascriptEnabled=true, version=35.0.1916.153, chrome={userDataDir=C:\Users\ADMINI~1\AppData\Local\Temp\scoped_dir4076_31844}, webStorageEnabled=true, webdriver.remote.sessionid=b26bcd25-156a-405a-a953-e989a5b1f5be, browserConnectionEnabled=false, takesHeapSnapshot=true}]
Driver info: org.openqa.selenium.remote.RemoteWebDriver">
      <![CDATA[org.openqa.selenium.WebDriverException: Error communicating with the remote browser. It may have died.
Build info: version: '2.42.0', revision: '5e82430', time: '2014-05-22 20:18:07'
System info: host: 'dslvm346', ip: '9.162.138.157', os.name: 'Windows 8', os.arch: 'x86', os.version: '6.2', java.version: '1.7.0_55'
Driver info: driver.version: EventFiringWebDriver
Command duration or timeout: 3.27 seconds
Build info: version: '2.42.1', revision: '68b415a', time: '2014-05-29 16:16:49'
System info: host: 'piotrbogdanski', ip: '9.161.136.32', os.name: 'Windows 7', os.arch: 'x86', os.version: '6.1 build 7601 Service Pack 1', java.version: '1.6.0'
Session ID: b26bcd25-156a-405a-a953-e989a5b1f5be
Capabilities [{handlesAlerts=true, rotatable=false, databaseEnabled=false, locationContextEnabled=true, acceptSslCerts=true, applicationCacheEnabled=false, nativeEvents=true, cssSelectorsEnabled=true, takesScreenshot=true, platform=WIN8, browserName=chrome, javascriptEnabled=true, version=35.0.1916.153, chrome={userDataDir=C:\Users\ADMINI~1\AppData\Local\Temp\scoped_dir4076_31844}, webStorageEnabled=true, webdriver.remote.sessionid=b26bcd25-156a-405a-a953-e989a5b1f5be, browserConnectionEnabled=false, takesHeapSnapshot=true}]
Driver info: org.openqa.selenium.remote.RemoteWebDriver
	at sun.reflect.NativeConstructorAccessorImpl.newInstance0(Native Method)
	at sun.reflect.NativeConstructorAccessorImpl.newInstance(NativeConstructorAccessorImpl.java:56)
	at sun.reflect.DelegatingConstructorAccessorImpl.newInstance(DelegatingConstructorAccessorImpl.java:39)
	at java.lang.reflect.Constructor.newInstance(Constructor.java:527)
	at org.openqa.selenium.remote.ErrorHandler.createThrowable(ErrorHandler.java:204)
	at org.openqa.selenium.remote.ErrorHandler.throwIfResponseFailed(ErrorHandler.java:156)
	at org.openqa.selenium.remote.RemoteWebDriver.execute(RemoteWebDriver.java:600)
	at org.openqa.selenium.remote.RemoteWebDriver.execute(RemoteWebDriver.java:615)
	at org.openqa.selenium.remote.RemoteWebDriver.quit(RemoteWebDriver.java:469)
	at webUI.LoadBrowser.closeBrowser(LoadBrowser.java:266)
	at sun.reflect.GeneratedMethodAccessor21.invoke(Unknown Source)
	at sun.reflect.DelegatingMethodAccessorImpl.invoke(DelegatingMethodAccessorImpl.java:37)
	at java.lang.reflect.Method.invoke(Method.java:611)
	at org.testng.internal.MethodInvocationHelper.invokeMethod(MethodInvocationHelper.java:84)
	at org.testng.internal.Invoker.invokeConfigurationMethod(Invoker.java:564)
	at org.testng.internal.Invoker.invokeConfigurations(Invoker.java:213)
	at org.testng.internal.Invoker.invokeMethod(Invoker.java:786)
	at org.testng.internal.Invoker.invokeTestMethod(Invoker.java:901)
	at org.testng.internal.Invoker.invokeTestMethods(Invoker.java:1231)
	at org.testng.internal.TestMethodWorker.invokeTestMethods(TestMethodWorker.java:127)
	at org.testng.internal.TestMethodWorker.run(TestMethodWorker.java:111)
	at org.testng.TestRunner.privateRun(TestRunner.java:767)
	at org.testng.TestRunner.run(TestRunner.java:617)
	at org.testng.SuiteRunner.runTest(SuiteRunner.java:334)
	at org.testng.SuiteRunner.runSequentially(SuiteRunner.java:329)
	at org.testng.SuiteRunner.privateRun(SuiteRunner.java:291)
	at org.testng.SuiteRunner.run(SuiteRunner.java:240)
	at org.testng.SuiteRunnerWorker.runSuite(SuiteRunnerWorker.java:52)
	at org.testng.SuiteRunnerWorker.run(SuiteRunnerWorker.java:86)
	at org.testng.TestNG.runSuitesSequentially(TestNG.java:1224)
	at org.testng.TestNG.runSuitesLocally(TestNG.java:1149)
	at org.testng.TestNG.run(TestNG.java:1057)
	at org.testng.remote.RemoteTestNG.run(RemoteTestNG.java:111)
	at org.testng.remote.RemoteTestNG.initAndRun(RemoteTestNG.java:204)
	at org.testng.remote.RemoteTestNG.main(RemoteTestNG.java:175)
Caused by: org.openqa.selenium.remote.UnreachableBrowserException: Error communicating with the remote browser. It may have died.
Build info: version: '2.42.0', revision: '5e82430', time: '2014-05-22 20:18:07'
System info: host: 'dslvm346', ip: '9.162.138.157', os.name: 'Windows 8', os.arch: 'x86', os.version: '6.2', java.version: '1.7.0_55'
Driver info: driver.version: EventFiringWebDriver
Build info: version: '2.42.1', revision: '68b415a', time: '2014-05-29 16:16:49'
System info: host: 'piotrbogdanski', ip: '9.161.136.32', os.name: 'Windows 7', os.arch: 'x86', os.version: '6.1 build 7601 Service Pack 1', java.version: '1.6.0'
Driver info: driver.version: unknown
]]>
    </failure>
  </testcase> <!-- AllContentsLoads -->
  <testcase name="AllContentsLoads" time="0.001" classname="tests.webUI.nonFunctional.LibraryTestsContents">
    <failure type="org.openqa.selenium.WebDriverException" message="Error communicating with the remote browser. It may have died.
Build info: version: &#039;2.42.0&#039;, revision: &#039;5e82430&#039;, time: &#039;2014-05-22 20:18:07&#039;
System info: host: &#039;dslvm346&#039;, ip: &#039;9.162.138.157&#039;, os.name: &#039;Windows 8&#039;, os.arch: &#039;x86&#039;, os.version: &#039;6.2&#039;, java.version: &#039;1.7.0_55&#039;
Driver info: driver.version: EventFiringWebDriver
Command duration or timeout: 3.27 seconds
Build info: version: &#039;2.42.1&#039;, revision: &#039;68b415a&#039;, time: &#039;2014-05-29 16:16:49&#039;
System info: host: &#039;piotrbogdanski&#039;, ip: &#039;9.161.136.32&#039;, os.name: &#039;Windows 7&#039;, os.arch: &#039;x86&#039;, os.version: &#039;6.1 build 7601 Service Pack 1&#039;, java.version: &#039;1.6.0&#039;
Session ID: b26bcd25-156a-405a-a953-e989a5b1f5be
Capabilities [{handlesAlerts=true, rotatable=false, databaseEnabled=false, locationContextEnabled=true, acceptSslCerts=true, applicationCacheEnabled=false, nativeEvents=true, cssSelectorsEnabled=true, takesScreenshot=true, platform=WIN8, browserName=chrome, javascriptEnabled=true, version=35.0.1916.153, chrome={userDataDir=C:\Users\ADMINI~1\AppData\Local\Temp\scoped_dir4076_31844}, webStorageEnabled=true, webdriver.remote.sessionid=b26bcd25-156a-405a-a953-e989a5b1f5be, browserConnectionEnabled=false, takesHeapSnapshot=true}]
Driver info: org.openqa.selenium.remote.RemoteWebDriver">
      <![CDATA[org.openqa.selenium.WebDriverException: Error communicating with the remote browser. It may have died.
Build info: version: '2.42.0', revision: '5e82430', time: '2014-05-22 20:18:07'
System info: host: 'dslvm346', ip: '9.162.138.157', os.name: 'Windows 8', os.arch: 'x86', os.version: '6.2', java.version: '1.7.0_55'
Driver info: driver.version: EventFiringWebDriver
Command duration or timeout: 3.27 seconds
Build info: version: '2.42.1', revision: '68b415a', time: '2014-05-29 16:16:49'
System info: host: 'piotrbogdanski', ip: '9.161.136.32', os.name: 'Windows 7', os.arch: 'x86', os.version: '6.1 build 7601 Service Pack 1', java.version: '1.6.0'
Session ID: b26bcd25-156a-405a-a953-e989a5b1f5be
Capabilities [{handlesAlerts=true, rotatable=false, databaseEnabled=false, locationContextEnabled=true, acceptSslCerts=true, applicationCacheEnabled=false, nativeEvents=true, cssSelectorsEnabled=true, takesScreenshot=true, platform=WIN8, browserName=chrome, javascriptEnabled=true, version=35.0.1916.153, chrome={userDataDir=C:\Users\ADMINI~1\AppData\Local\Temp\scoped_dir4076_31844}, webStorageEnabled=true, webdriver.remote.sessionid=b26bcd25-156a-405a-a953-e989a5b1f5be, browserConnectionEnabled=false, takesHeapSnapshot=true}]
Driver info: org.openqa.selenium.remote.RemoteWebDriver
	at sun.reflect.NativeConstructorAccessorImpl.newInstance0(Native Method)
	at sun.reflect.NativeConstructorAccessorImpl.newInstance(NativeConstructorAccessorImpl.java:56)
	at sun.reflect.DelegatingConstructorAccessorImpl.newInstance(DelegatingConstructorAccessorImpl.java:39)
	at java.lang.reflect.Constructor.newInstance(Constructor.java:527)
	at org.openqa.selenium.remote.ErrorHandler.createThrowable(ErrorHandler.java:204)
	at org.openqa.selenium.remote.ErrorHandler.throwIfResponseFailed(ErrorHandler.java:156)
	at org.openqa.selenium.remote.RemoteWebDriver.execute(RemoteWebDriver.java:600)
	at org.openqa.selenium.remote.RemoteWebDriver.execute(RemoteWebDriver.java:615)
	at org.openqa.selenium.remote.RemoteWebDriver.quit(RemoteWebDriver.java:469)
	at webUI.LoadBrowser.closeBrowser(LoadBrowser.java:266)
	at sun.reflect.GeneratedMethodAccessor21.invoke(Unknown Source)
	at sun.reflect.DelegatingMethodAccessorImpl.invoke(DelegatingMethodAccessorImpl.java:37)
	at java.lang.reflect.Method.invoke(Method.java:611)
	at org.testng.internal.MethodInvocationHelper.invokeMethod(MethodInvocationHelper.java:84)
	at org.testng.internal.Invoker.invokeConfigurationMethod(Invoker.java:564)
	at org.testng.internal.Invoker.invokeConfigurations(Invoker.java:213)
	at org.testng.internal.Invoker.invokeMethod(Invoker.java:786)
	at org.testng.internal.Invoker.invokeTestMethod(Invoker.java:901)
	at org.testng.internal.Invoker.invokeTestMethods(Invoker.java:1231)
	at org.testng.internal.TestMethodWorker.invokeTestMethods(TestMethodWorker.java:127)
	at org.testng.internal.TestMethodWorker.run(TestMethodWorker.java:111)
	at org.testng.TestRunner.privateRun(TestRunner.java:767)
	at org.testng.TestRunner.run(TestRunner.java:617)
	at org.testng.SuiteRunner.runTest(SuiteRunner.java:334)
	at org.testng.SuiteRunner.runSequentially(SuiteRunner.java:329)
	at org.testng.SuiteRunner.privateRun(SuiteRunner.java:291)
	at org.testng.SuiteRunner.run(SuiteRunner.java:240)
	at org.testng.SuiteRunnerWorker.runSuite(SuiteRunnerWorker.java:52)
	at org.testng.SuiteRunnerWorker.run(SuiteRunnerWorker.java:86)
	at org.testng.TestNG.runSuitesSequentially(TestNG.java:1224)
	at org.testng.TestNG.runSuitesLocally(TestNG.java:1149)
	at org.testng.TestNG.run(TestNG.java:1057)
	at org.testng.remote.RemoteTestNG.run(RemoteTestNG.java:111)
	at org.testng.remote.RemoteTestNG.initAndRun(RemoteTestNG.java:204)
	at org.testng.remote.RemoteTestNG.main(RemoteTestNG.java:175)
Caused by: org.openqa.selenium.remote.UnreachableBrowserException: Error communicating with the remote browser. It may have died.
Build info: version: '2.42.0', revision: '5e82430', time: '2014-05-22 20:18:07'
System info: host: 'dslvm346', ip: '9.162.138.157', os.name: 'Windows 8', os.arch: 'x86', os.version: '6.2', java.version: '1.7.0_55'
Driver info: driver.version: EventFiringWebDriver
Build info: version: '2.42.1', revision: '68b415a', time: '2014-05-29 16:16:49'
System info: host: 'piotrbogdanski', ip: '9.161.136.32', os.name: 'Windows 7', os.arch: 'x86', os.version: '6.1 build 7601 Service Pack 1', java.version: '1.6.0'
Driver info: driver.version: unknown
]]>
    </failure>
  </testcase> <!-- AllContentsLoads -->
  <testcase name="AllContentsLoads" time="1.389" classname="tests.webUI.nonFunctional.LibraryTestsContents">
    <failure type="org.openqa.selenium.WebDriverException" message="Error communicating with the remote browser. It may have died.
Build info: version: &#039;2.42.0&#039;, revision: &#039;5e82430&#039;, time: &#039;2014-05-22 20:18:07&#039;
System info: host: &#039;dslvm346&#039;, ip: &#039;9.162.138.157&#039;, os.name: &#039;Windows 8&#039;, os.arch: &#039;x86&#039;, os.version: &#039;6.2&#039;, java.version: &#039;1.7.0_55&#039;
Driver info: driver.version: EventFiringWebDriver
Command duration or timeout: 3.27 seconds
Build info: version: &#039;2.42.1&#039;, revision: &#039;68b415a&#039;, time: &#039;2014-05-29 16:16:49&#039;
System info: host: &#039;piotrbogdanski&#039;, ip: &#039;9.161.136.32&#039;, os.name: &#039;Windows 7&#039;, os.arch: &#039;x86&#039;, os.version: &#039;6.1 build 7601 Service Pack 1&#039;, java.version: &#039;1.6.0&#039;
Session ID: b26bcd25-156a-405a-a953-e989a5b1f5be
Capabilities [{handlesAlerts=true, rotatable=false, databaseEnabled=false, locationContextEnabled=true, acceptSslCerts=true, applicationCacheEnabled=false, nativeEvents=true, cssSelectorsEnabled=true, takesScreenshot=true, platform=WIN8, browserName=chrome, javascriptEnabled=true, version=35.0.1916.153, chrome={userDataDir=C:\Users\ADMINI~1\AppData\Local\Temp\scoped_dir4076_31844}, webStorageEnabled=true, webdriver.remote.sessionid=b26bcd25-156a-405a-a953-e989a5b1f5be, browserConnectionEnabled=false, takesHeapSnapshot=true}]
Driver info: org.openqa.selenium.remote.RemoteWebDriver">
      <![CDATA[org.openqa.selenium.WebDriverException: Error communicating with the remote browser. It may have died.
Build info: version: '2.42.0', revision: '5e82430', time: '2014-05-22 20:18:07'
System info: host: 'dslvm346', ip: '9.162.138.157', os.name: 'Windows 8', os.arch: 'x86', os.version: '6.2', java.version: '1.7.0_55'
Driver info: driver.version: EventFiringWebDriver
Command duration or timeout: 3.27 seconds
Build info: version: '2.42.1', revision: '68b415a', time: '2014-05-29 16:16:49'
System info: host: 'piotrbogdanski', ip: '9.161.136.32', os.name: 'Windows 7', os.arch: 'x86', os.version: '6.1 build 7601 Service Pack 1', java.version: '1.6.0'
Session ID: b26bcd25-156a-405a-a953-e989a5b1f5be
Capabilities [{handlesAlerts=true, rotatable=false, databaseEnabled=false, locationContextEnabled=true, acceptSslCerts=true, applicationCacheEnabled=false, nativeEvents=true, cssSelectorsEnabled=true, takesScreenshot=true, platform=WIN8, browserName=chrome, javascriptEnabled=true, version=35.0.1916.153, chrome={userDataDir=C:\Users\ADMINI~1\AppData\Local\Temp\scoped_dir4076_31844}, webStorageEnabled=true, webdriver.remote.sessionid=b26bcd25-156a-405a-a953-e989a5b1f5be, browserConnectionEnabled=false, takesHeapSnapshot=true}]
Driver info: org.openqa.selenium.remote.RemoteWebDriver
	at sun.reflect.NativeConstructorAccessorImpl.newInstance0(Native Method)
	at sun.reflect.NativeConstructorAccessorImpl.newInstance(NativeConstructorAccessorImpl.java:56)
	at sun.reflect.DelegatingConstructorAccessorImpl.newInstance(DelegatingConstructorAccessorImpl.java:39)
	at java.lang.reflect.Constructor.newInstance(Constructor.java:527)
	at org.openqa.selenium.remote.ErrorHandler.createThrowable(ErrorHandler.java:204)
	at org.openqa.selenium.remote.ErrorHandler.throwIfResponseFailed(ErrorHandler.java:156)
	at org.openqa.selenium.remote.RemoteWebDriver.execute(RemoteWebDriver.java:600)
	at org.openqa.selenium.remote.RemoteWebDriver.execute(RemoteWebDriver.java:615)
	at org.openqa.selenium.remote.RemoteWebDriver.quit(RemoteWebDriver.java:469)
	at webUI.LoadBrowser.closeBrowser(LoadBrowser.java:266)
	at sun.reflect.GeneratedMethodAccessor21.invoke(Unknown Source)
	at sun.reflect.DelegatingMethodAccessorImpl.invoke(DelegatingMethodAccessorImpl.java:37)
	at java.lang.reflect.Method.invoke(Method.java:611)
	at org.testng.internal.MethodInvocationHelper.invokeMethod(MethodInvocationHelper.java:84)
	at org.testng.internal.Invoker.invokeConfigurationMethod(Invoker.java:564)
	at org.testng.internal.Invoker.invokeConfigurations(Invoker.java:213)
	at org.testng.internal.Invoker.invokeMethod(Invoker.java:786)
	at org.testng.internal.Invoker.invokeTestMethod(Invoker.java:901)
	at org.testng.internal.Invoker.invokeTestMethods(Invoker.java:1231)
	at org.testng.internal.TestMethodWorker.invokeTestMethods(TestMethodWorker.java:127)
	at org.testng.internal.TestMethodWorker.run(TestMethodWorker.java:111)
	at org.testng.TestRunner.privateRun(TestRunner.java:767)
	at org.testng.TestRunner.run(TestRunner.java:617)
	at org.testng.SuiteRunner.runTest(SuiteRunner.java:334)
	at org.testng.SuiteRunner.runSequentially(SuiteRunner.java:329)
	at org.testng.SuiteRunner.privateRun(SuiteRunner.java:291)
	at org.testng.SuiteRunner.run(SuiteRunner.java:240)
	at org.testng.SuiteRunnerWorker.runSuite(SuiteRunnerWorker.java:52)
	at org.testng.SuiteRunnerWorker.run(SuiteRunnerWorker.java:86)
	at org.testng.TestNG.runSuitesSequentially(TestNG.java:1224)
	at org.testng.TestNG.runSuitesLocally(TestNG.java:1149)
	at org.testng.TestNG.run(TestNG.java:1057)
	at org.testng.remote.RemoteTestNG.run(RemoteTestNG.java:111)
	at org.testng.remote.RemoteTestNG.initAndRun(RemoteTestNG.java:204)
	at org.testng.remote.RemoteTestNG.main(RemoteTestNG.java:175)
Caused by: org.openqa.selenium.remote.UnreachableBrowserException: Error communicating with the remote browser. It may have died.
Build info: version: '2.42.0', revision: '5e82430', time: '2014-05-22 20:18:07'
System info: host: 'dslvm346', ip: '9.162.138.157', os.name: 'Windows 8', os.arch: 'x86', os.version: '6.2', java.version: '1.7.0_55'
Driver info: driver.version: EventFiringWebDriver
Build info: version: '2.42.1', revision: '68b415a', time: '2014-05-29 16:16:49'
System info: host: 'piotrbogdanski', ip: '9.161.136.32', os.name: 'Windows 7', os.arch: 'x86', os.version: '6.1 build 7601 Service Pack 1', java.version: '1.6.0'
Driver info: driver.version: unknown
]]>
    </failure>
  </testcase> <!-- AllContentsLoads -->
  <testcase name="AllContentsLoads" time="0.000" classname="tests.webUI.nonFunctional.LibraryTestsContents">
    <failure type="org.openqa.selenium.WebDriverException" message="Error communicating with the remote browser. It may have died.
Build info: version: &#039;2.42.0&#039;, revision: &#039;5e82430&#039;, time: &#039;2014-05-22 20:18:07&#039;
System info: host: &#039;dslvm346&#039;, ip: &#039;9.162.138.157&#039;, os.name: &#039;Windows 8&#039;, os.arch: &#039;x86&#039;, os.version: &#039;6.2&#039;, java.version: &#039;1.7.0_55&#039;
Driver info: driver.version: EventFiringWebDriver
Command duration or timeout: 3.27 seconds
Build info: version: &#039;2.42.1&#039;, revision: &#039;68b415a&#039;, time: &#039;2014-05-29 16:16:49&#039;
System info: host: &#039;piotrbogdanski&#039;, ip: &#039;9.161.136.32&#039;, os.name: &#039;Windows 7&#039;, os.arch: &#039;x86&#039;, os.version: &#039;6.1 build 7601 Service Pack 1&#039;, java.version: &#039;1.6.0&#039;
Session ID: b26bcd25-156a-405a-a953-e989a5b1f5be
Capabilities [{handlesAlerts=true, rotatable=false, databaseEnabled=false, locationContextEnabled=true, acceptSslCerts=true, applicationCacheEnabled=false, nativeEvents=true, cssSelectorsEnabled=true, takesScreenshot=true, platform=WIN8, browserName=chrome, javascriptEnabled=true, version=35.0.1916.153, chrome={userDataDir=C:\Users\ADMINI~1\AppData\Local\Temp\scoped_dir4076_31844}, webStorageEnabled=true, webdriver.remote.sessionid=b26bcd25-156a-405a-a953-e989a5b1f5be, browserConnectionEnabled=false, takesHeapSnapshot=true}]
Driver info: org.openqa.selenium.remote.RemoteWebDriver">
      <![CDATA[org.openqa.selenium.WebDriverException: Error communicating with the remote browser. It may have died.
Build info: version: '2.42.0', revision: '5e82430', time: '2014-05-22 20:18:07'
System info: host: 'dslvm346', ip: '9.162.138.157', os.name: 'Windows 8', os.arch: 'x86', os.version: '6.2', java.version: '1.7.0_55'
Driver info: driver.version: EventFiringWebDriver
Command duration or timeout: 3.27 seconds
Build info: version: '2.42.1', revision: '68b415a', time: '2014-05-29 16:16:49'
System info: host: 'piotrbogdanski', ip: '9.161.136.32', os.name: 'Windows 7', os.arch: 'x86', os.version: '6.1 build 7601 Service Pack 1', java.version: '1.6.0'
Session ID: b26bcd25-156a-405a-a953-e989a5b1f5be
Capabilities [{handlesAlerts=true, rotatable=false, databaseEnabled=false, locationContextEnabled=true, acceptSslCerts=true, applicationCacheEnabled=false, nativeEvents=true, cssSelectorsEnabled=true, takesScreenshot=true, platform=WIN8, browserName=chrome, javascriptEnabled=true, version=35.0.1916.153, chrome={userDataDir=C:\Users\ADMINI~1\AppData\Local\Temp\scoped_dir4076_31844}, webStorageEnabled=true, webdriver.remote.sessionid=b26bcd25-156a-405a-a953-e989a5b1f5be, browserConnectionEnabled=false, takesHeapSnapshot=true}]
Driver info: org.openqa.selenium.remote.RemoteWebDriver
	at sun.reflect.NativeConstructorAccessorImpl.newInstance0(Native Method)
	at sun.reflect.NativeConstructorAccessorImpl.newInstance(NativeConstructorAccessorImpl.java:56)
	at sun.reflect.DelegatingConstructorAccessorImpl.newInstance(DelegatingConstructorAccessorImpl.java:39)
	at java.lang.reflect.Constructor.newInstance(Constructor.java:527)
	at org.openqa.selenium.remote.ErrorHandler.createThrowable(ErrorHandler.java:204)
	at org.openqa.selenium.remote.ErrorHandler.throwIfResponseFailed(ErrorHandler.java:156)
	at org.openqa.selenium.remote.RemoteWebDriver.execute(RemoteWebDriver.java:600)
	at org.openqa.selenium.remote.RemoteWebDriver.execute(RemoteWebDriver.java:615)
	at org.openqa.selenium.remote.RemoteWebDriver.quit(RemoteWebDriver.java:469)
	at webUI.LoadBrowser.closeBrowser(LoadBrowser.java:266)
	at sun.reflect.GeneratedMethodAccessor21.invoke(Unknown Source)
	at sun.reflect.DelegatingMethodAccessorImpl.invoke(DelegatingMethodAccessorImpl.java:37)
	at java.lang.reflect.Method.invoke(Method.java:611)
	at org.testng.internal.MethodInvocationHelper.invokeMethod(MethodInvocationHelper.java:84)
	at org.testng.internal.Invoker.invokeConfigurationMethod(Invoker.java:564)
	at org.testng.internal.Invoker.invokeConfigurations(Invoker.java:213)
	at org.testng.internal.Invoker.invokeMethod(Invoker.java:786)
	at org.testng.internal.Invoker.invokeTestMethod(Invoker.java:901)
	at org.testng.internal.Invoker.invokeTestMethods(Invoker.java:1231)
	at org.testng.internal.TestMethodWorker.invokeTestMethods(TestMethodWorker.java:127)
	at org.testng.internal.TestMethodWorker.run(TestMethodWorker.java:111)
	at org.testng.TestRunner.privateRun(TestRunner.java:767)
	at org.testng.TestRunner.run(TestRunner.java:617)
	at org.testng.SuiteRunner.runTest(SuiteRunner.java:334)
	at org.testng.SuiteRunner.runSequentially(SuiteRunner.java:329)
	at org.testng.SuiteRunner.privateRun(SuiteRunner.java:291)
	at org.testng.SuiteRunner.run(SuiteRunner.java:240)
	at org.testng.SuiteRunnerWorker.runSuite(SuiteRunnerWorker.java:52)
	at org.testng.SuiteRunnerWorker.run(SuiteRunnerWorker.java:86)
	at org.testng.TestNG.runSuitesSequentially(TestNG.java:1224)
	at org.testng.TestNG.runSuitesLocally(TestNG.java:1149)
	at org.testng.TestNG.run(TestNG.java:1057)
	at org.testng.remote.RemoteTestNG.run(RemoteTestNG.java:111)
	at org.testng.remote.RemoteTestNG.initAndRun(RemoteTestNG.java:204)
	at org.testng.remote.RemoteTestNG.main(RemoteTestNG.java:175)
Caused by: org.openqa.selenium.remote.UnreachableBrowserException: Error communicating with the remote browser. It may have died.
Build info: version: '2.42.0', revision: '5e82430', time: '2014-05-22 20:18:07'
System info: host: 'dslvm346', ip: '9.162.138.157', os.name: 'Windows 8', os.arch: 'x86', os.version: '6.2', java.version: '1.7.0_55'
Driver info: driver.version: EventFiringWebDriver
Build info: version: '2.42.1', revision: '68b415a', time: '2014-05-29 16:16:49'
System info: host: 'piotrbogdanski', ip: '9.161.136.32', os.name: 'Windows 7', os.arch: 'x86', os.version: '6.1 build 7601 Service Pack 1', java.version: '1.6.0'
Driver info: driver.version: unknown
]]>
    </failure>
  </testcase> <!-- AllContentsLoads -->
  <testcase name="AllContentsLoads" time="0.001" classname="tests.webUI.nonFunctional.LibraryTestsContents">
    <failure type="org.openqa.selenium.WebDriverException" message="Error communicating with the remote browser. It may have died.
Build info: version: &#039;2.42.0&#039;, revision: &#039;5e82430&#039;, time: &#039;2014-05-22 20:18:07&#039;
System info: host: &#039;dslvm346&#039;, ip: &#039;9.162.138.157&#039;, os.name: &#039;Windows 8&#039;, os.arch: &#039;x86&#039;, os.version: &#039;6.2&#039;, java.version: &#039;1.7.0_55&#039;
Driver info: driver.version: EventFiringWebDriver
Command duration or timeout: 3.27 seconds
Build info: version: &#039;2.42.1&#039;, revision: &#039;68b415a&#039;, time: &#039;2014-05-29 16:16:49&#039;
System info: host: &#039;piotrbogdanski&#039;, ip: &#039;9.161.136.32&#039;, os.name: &#039;Windows 7&#039;, os.arch: &#039;x86&#039;, os.version: &#039;6.1 build 7601 Service Pack 1&#039;, java.version: &#039;1.6.0&#039;
Session ID: b26bcd25-156a-405a-a953-e989a5b1f5be
Capabilities [{handlesAlerts=true, rotatable=false, databaseEnabled=false, locationContextEnabled=true, acceptSslCerts=true, applicationCacheEnabled=false, nativeEvents=true, cssSelectorsEnabled=true, takesScreenshot=true, platform=WIN8, browserName=chrome, javascriptEnabled=true, version=35.0.1916.153, chrome={userDataDir=C:\Users\ADMINI~1\AppData\Local\Temp\scoped_dir4076_31844}, webStorageEnabled=true, webdriver.remote.sessionid=b26bcd25-156a-405a-a953-e989a5b1f5be, browserConnectionEnabled=false, takesHeapSnapshot=true}]
Driver info: org.openqa.selenium.remote.RemoteWebDriver">
      <![CDATA[org.openqa.selenium.WebDriverException: Error communicating with the remote browser. It may have died.
Build info: version: '2.42.0', revision: '5e82430', time: '2014-05-22 20:18:07'
System info: host: 'dslvm346', ip: '9.162.138.157', os.name: 'Windows 8', os.arch: 'x86', os.version: '6.2', java.version: '1.7.0_55'
Driver info: driver.version: EventFiringWebDriver
Command duration or timeout: 3.27 seconds
Build info: version: '2.42.1', revision: '68b415a', time: '2014-05-29 16:16:49'
System info: host: 'piotrbogdanski', ip: '9.161.136.32', os.name: 'Windows 7', os.arch: 'x86', os.version: '6.1 build 7601 Service Pack 1', java.version: '1.6.0'
Session ID: b26bcd25-156a-405a-a953-e989a5b1f5be
Capabilities [{handlesAlerts=true, rotatable=false, databaseEnabled=false, locationContextEnabled=true, acceptSslCerts=true, applicationCacheEnabled=false, nativeEvents=true, cssSelectorsEnabled=true, takesScreenshot=true, platform=WIN8, browserName=chrome, javascriptEnabled=true, version=35.0.1916.153, chrome={userDataDir=C:\Users\ADMINI~1\AppData\Local\Temp\scoped_dir4076_31844}, webStorageEnabled=true, webdriver.remote.sessionid=b26bcd25-156a-405a-a953-e989a5b1f5be, browserConnectionEnabled=false, takesHeapSnapshot=true}]
Driver info: org.openqa.selenium.remote.RemoteWebDriver
	at sun.reflect.NativeConstructorAccessorImpl.newInstance0(Native Method)
	at sun.reflect.NativeConstructorAccessorImpl.newInstance(NativeConstructorAccessorImpl.java:56)
	at sun.reflect.DelegatingConstructorAccessorImpl.newInstance(DelegatingConstructorAccessorImpl.java:39)
	at java.lang.reflect.Constructor.newInstance(Constructor.java:527)
	at org.openqa.selenium.remote.ErrorHandler.createThrowable(ErrorHandler.java:204)
	at org.openqa.selenium.remote.ErrorHandler.throwIfResponseFailed(ErrorHandler.java:156)
	at org.openqa.selenium.remote.RemoteWebDriver.execute(RemoteWebDriver.java:600)
	at org.openqa.selenium.remote.RemoteWebDriver.execute(RemoteWebDriver.java:615)
	at org.openqa.selenium.remote.RemoteWebDriver.quit(RemoteWebDriver.java:469)
	at webUI.LoadBrowser.closeBrowser(LoadBrowser.java:266)
	at sun.reflect.GeneratedMethodAccessor21.invoke(Unknown Source)
	at sun.reflect.DelegatingMethodAccessorImpl.invoke(DelegatingMethodAccessorImpl.java:37)
	at java.lang.reflect.Method.invoke(Method.java:611)
	at org.testng.internal.MethodInvocationHelper.invokeMethod(MethodInvocationHelper.java:84)
	at org.testng.internal.Invoker.invokeConfigurationMethod(Invoker.java:564)
	at org.testng.internal.Invoker.invokeConfigurations(Invoker.java:213)
	at org.testng.internal.Invoker.invokeMethod(Invoker.java:786)
	at org.testng.internal.Invoker.invokeTestMethod(Invoker.java:901)
	at org.testng.internal.Invoker.invokeTestMethods(Invoker.java:1231)
	at org.testng.internal.TestMethodWorker.invokeTestMethods(TestMethodWorker.java:127)
	at org.testng.internal.TestMethodWorker.run(TestMethodWorker.java:111)
	at org.testng.TestRunner.privateRun(TestRunner.java:767)
	at org.testng.TestRunner.run(TestRunner.java:617)
	at org.testng.SuiteRunner.runTest(SuiteRunner.java:334)
	at org.testng.SuiteRunner.runSequentially(SuiteRunner.java:329)
	at org.testng.SuiteRunner.privateRun(SuiteRunner.java:291)
	at org.testng.SuiteRunner.run(SuiteRunner.java:240)
	at org.testng.SuiteRunnerWorker.runSuite(SuiteRunnerWorker.java:52)
	at org.testng.SuiteRunnerWorker.run(SuiteRunnerWorker.java:86)
	at org.testng.TestNG.runSuitesSequentially(TestNG.java:1224)
	at org.testng.TestNG.runSuitesLocally(TestNG.java:1149)
	at org.testng.TestNG.run(TestNG.java:1057)
	at org.testng.remote.RemoteTestNG.run(RemoteTestNG.java:111)
	at org.testng.remote.RemoteTestNG.initAndRun(RemoteTestNG.java:204)
	at org.testng.remote.RemoteTestNG.main(RemoteTestNG.java:175)
Caused by: org.openqa.selenium.remote.UnreachableBrowserException: Error communicating with the remote browser. It may have died.
Build info: version: '2.42.0', revision: '5e82430', time: '2014-05-22 20:18:07'
System info: host: 'dslvm346', ip: '9.162.138.157', os.name: 'Windows 8', os.arch: 'x86', os.version: '6.2', java.version: '1.7.0_55'
Driver info: driver.version: EventFiringWebDriver
Build info: version: '2.42.1', revision: '68b415a', time: '2014-05-29 16:16:49'
System info: host: 'piotrbogdanski', ip: '9.161.136.32', os.name: 'Windows 7', os.arch: 'x86', os.version: '6.1 build 7601 Service Pack 1', java.version: '1.6.0'
Driver info: driver.version: unknown
]]>
    </failure>
  </testcase> <!-- AllContentsLoads -->
  <testcase name="AllContentsLoads" time="0.001" classname="tests.webUI.nonFunctional.LibraryTestsContents">
    <failure type="org.openqa.selenium.WebDriverException" message="Error communicating with the remote browser. It may have died.
Build info: version: &#039;2.42.0&#039;, revision: &#039;5e82430&#039;, time: &#039;2014-05-22 20:18:07&#039;
System info: host: &#039;dslvm346&#039;, ip: &#039;9.162.138.157&#039;, os.name: &#039;Windows 8&#039;, os.arch: &#039;x86&#039;, os.version: &#039;6.2&#039;, java.version: &#039;1.7.0_55&#039;
Driver info: driver.version: EventFiringWebDriver
Command duration or timeout: 3.27 seconds
Build info: version: &#039;2.42.1&#039;, revision: &#039;68b415a&#039;, time: &#039;2014-05-29 16:16:49&#039;
System info: host: &#039;piotrbogdanski&#039;, ip: &#039;9.161.136.32&#039;, os.name: &#039;Windows 7&#039;, os.arch: &#039;x86&#039;, os.version: &#039;6.1 build 7601 Service Pack 1&#039;, java.version: &#039;1.6.0&#039;
Session ID: b26bcd25-156a-405a-a953-e989a5b1f5be
Capabilities [{handlesAlerts=true, rotatable=false, databaseEnabled=false, locationContextEnabled=true, acceptSslCerts=true, applicationCacheEnabled=false, nativeEvents=true, cssSelectorsEnabled=true, takesScreenshot=true, platform=WIN8, browserName=chrome, javascriptEnabled=true, version=35.0.1916.153, chrome={userDataDir=C:\Users\ADMINI~1\AppData\Local\Temp\scoped_dir4076_31844}, webStorageEnabled=true, webdriver.remote.sessionid=b26bcd25-156a-405a-a953-e989a5b1f5be, browserConnectionEnabled=false, takesHeapSnapshot=true}]
Driver info: org.openqa.selenium.remote.RemoteWebDriver">
      <![CDATA[org.openqa.selenium.WebDriverException: Error communicating with the remote browser. It may have died.
Build info: version: '2.42.0', revision: '5e82430', time: '2014-05-22 20:18:07'
System info: host: 'dslvm346', ip: '9.162.138.157', os.name: 'Windows 8', os.arch: 'x86', os.version: '6.2', java.version: '1.7.0_55'
Driver info: driver.version: EventFiringWebDriver
Command duration or timeout: 3.27 seconds
Build info: version: '2.42.1', revision: '68b415a', time: '2014-05-29 16:16:49'
System info: host: 'piotrbogdanski', ip: '9.161.136.32', os.name: 'Windows 7', os.arch: 'x86', os.version: '6.1 build 7601 Service Pack 1', java.version: '1.6.0'
Session ID: b26bcd25-156a-405a-a953-e989a5b1f5be
Capabilities [{handlesAlerts=true, rotatable=false, databaseEnabled=false, locationContextEnabled=true, acceptSslCerts=true, applicationCacheEnabled=false, nativeEvents=true, cssSelectorsEnabled=true, takesScreenshot=true, platform=WIN8, browserName=chrome, javascriptEnabled=true, version=35.0.1916.153, chrome={userDataDir=C:\Users\ADMINI~1\AppData\Local\Temp\scoped_dir4076_31844}, webStorageEnabled=true, webdriver.remote.sessionid=b26bcd25-156a-405a-a953-e989a5b1f5be, browserConnectionEnabled=false, takesHeapSnapshot=true}]
Driver info: org.openqa.selenium.remote.RemoteWebDriver
	at sun.reflect.NativeConstructorAccessorImpl.newInstance0(Native Method)
	at sun.reflect.NativeConstructorAccessorImpl.newInstance(NativeConstructorAccessorImpl.java:56)
	at sun.reflect.DelegatingConstructorAccessorImpl.newInstance(DelegatingConstructorAccessorImpl.java:39)
	at java.lang.reflect.Constructor.newInstance(Constructor.java:527)
	at org.openqa.selenium.remote.ErrorHandler.createThrowable(ErrorHandler.java:204)
	at org.openqa.selenium.remote.ErrorHandler.throwIfResponseFailed(ErrorHandler.java:156)
	at org.openqa.selenium.remote.RemoteWebDriver.execute(RemoteWebDriver.java:600)
	at org.openqa.selenium.remote.RemoteWebDriver.execute(RemoteWebDriver.java:615)
	at org.openqa.selenium.remote.RemoteWebDriver.quit(RemoteWebDriver.java:469)
	at webUI.LoadBrowser.closeBrowser(LoadBrowser.java:266)
	at sun.reflect.GeneratedMethodAccessor21.invoke(Unknown Source)
	at sun.reflect.DelegatingMethodAccessorImpl.invoke(DelegatingMethodAccessorImpl.java:37)
	at java.lang.reflect.Method.invoke(Method.java:611)
	at org.testng.internal.MethodInvocationHelper.invokeMethod(MethodInvocationHelper.java:84)
	at org.testng.internal.Invoker.invokeConfigurationMethod(Invoker.java:564)
	at org.testng.internal.Invoker.invokeConfigurations(Invoker.java:213)
	at org.testng.internal.Invoker.invokeMethod(Invoker.java:786)
	at org.testng.internal.Invoker.invokeTestMethod(Invoker.java:901)
	at org.testng.internal.Invoker.invokeTestMethods(Invoker.java:1231)
	at org.testng.internal.TestMethodWorker.invokeTestMethods(TestMethodWorker.java:127)
	at org.testng.internal.TestMethodWorker.run(TestMethodWorker.java:111)
	at org.testng.TestRunner.privateRun(TestRunner.java:767)
	at org.testng.TestRunner.run(TestRunner.java:617)
	at org.testng.SuiteRunner.runTest(SuiteRunner.java:334)
	at org.testng.SuiteRunner.runSequentially(SuiteRunner.java:329)
	at org.testng.SuiteRunner.privateRun(SuiteRunner.java:291)
	at org.testng.SuiteRunner.run(SuiteRunner.java:240)
	at org.testng.SuiteRunnerWorker.runSuite(SuiteRunnerWorker.java:52)
	at org.testng.SuiteRunnerWorker.run(SuiteRunnerWorker.java:86)
	at org.testng.TestNG.runSuitesSequentially(TestNG.java:1224)
	at org.testng.TestNG.runSuitesLocally(TestNG.java:1149)
	at org.testng.TestNG.run(TestNG.java:1057)
	at org.testng.remote.RemoteTestNG.run(RemoteTestNG.java:111)
	at org.testng.remote.RemoteTestNG.initAndRun(RemoteTestNG.java:204)
	at org.testng.remote.RemoteTestNG.main(RemoteTestNG.java:175)
Caused by: org.openqa.selenium.remote.UnreachableBrowserException: Error communicating with the remote browser. It may have died.
Build info: version: '2.42.0', revision: '5e82430', time: '2014-05-22 20:18:07'
System info: host: 'dslvm346', ip: '9.162.138.157', os.name: 'Windows 8', os.arch: 'x86', os.version: '6.2', java.version: '1.7.0_55'
Driver info: driver.version: EventFiringWebDriver
Build info: version: '2.42.1', revision: '68b415a', time: '2014-05-29 16:16:49'
System info: host: 'piotrbogdanski', ip: '9.161.136.32', os.name: 'Windows 7', os.arch: 'x86', os.version: '6.1 build 7601 Service Pack 1', java.version: '1.6.0'
Driver info: driver.version: unknown
]]>
    </failure>
  </testcase> <!-- AllContentsLoads -->
  <testcase name="AllContentsLoads" time="0.000" classname="tests.webUI.nonFunctional.LibraryTestsContents">
    <failure type="org.openqa.selenium.WebDriverException" message="Error communicating with the remote browser. It may have died.
Build info: version: &#039;2.42.0&#039;, revision: &#039;5e82430&#039;, time: &#039;2014-05-22 20:18:07&#039;
System info: host: &#039;dslvm346&#039;, ip: &#039;9.162.138.157&#039;, os.name: &#039;Windows 8&#039;, os.arch: &#039;x86&#039;, os.version: &#039;6.2&#039;, java.version: &#039;1.7.0_55&#039;
Driver info: driver.version: EventFiringWebDriver
Command duration or timeout: 3.27 seconds
Build info: version: &#039;2.42.1&#039;, revision: &#039;68b415a&#039;, time: &#039;2014-05-29 16:16:49&#039;
System info: host: &#039;piotrbogdanski&#039;, ip: &#039;9.161.136.32&#039;, os.name: &#039;Windows 7&#039;, os.arch: &#039;x86&#039;, os.version: &#039;6.1 build 7601 Service Pack 1&#039;, java.version: &#039;1.6.0&#039;
Session ID: b26bcd25-156a-405a-a953-e989a5b1f5be
Capabilities [{handlesAlerts=true, rotatable=false, databaseEnabled=false, locationContextEnabled=true, acceptSslCerts=true, applicationCacheEnabled=false, nativeEvents=true, cssSelectorsEnabled=true, takesScreenshot=true, platform=WIN8, browserName=chrome, javascriptEnabled=true, version=35.0.1916.153, chrome={userDataDir=C:\Users\ADMINI~1\AppData\Local\Temp\scoped_dir4076_31844}, webStorageEnabled=true, webdriver.remote.sessionid=b26bcd25-156a-405a-a953-e989a5b1f5be, browserConnectionEnabled=false, takesHeapSnapshot=true}]
Driver info: org.openqa.selenium.remote.RemoteWebDriver">
      <![CDATA[org.openqa.selenium.WebDriverException: Error communicating with the remote browser. It may have died.
Build info: version: '2.42.0', revision: '5e82430', time: '2014-05-22 20:18:07'
System info: host: 'dslvm346', ip: '9.162.138.157', os.name: 'Windows 8', os.arch: 'x86', os.version: '6.2', java.version: '1.7.0_55'
Driver info: driver.version: EventFiringWebDriver
Command duration or timeout: 3.27 seconds
Build info: version: '2.42.1', revision: '68b415a', time: '2014-05-29 16:16:49'
System info: host: 'piotrbogdanski', ip: '9.161.136.32', os.name: 'Windows 7', os.arch: 'x86', os.version: '6.1 build 7601 Service Pack 1', java.version: '1.6.0'
Session ID: b26bcd25-156a-405a-a953-e989a5b1f5be
Capabilities [{handlesAlerts=true, rotatable=false, databaseEnabled=false, locationContextEnabled=true, acceptSslCerts=true, applicationCacheEnabled=false, nativeEvents=true, cssSelectorsEnabled=true, takesScreenshot=true, platform=WIN8, browserName=chrome, javascriptEnabled=true, version=35.0.1916.153, chrome={userDataDir=C:\Users\ADMINI~1\AppData\Local\Temp\scoped_dir4076_31844}, webStorageEnabled=true, webdriver.remote.sessionid=b26bcd25-156a-405a-a953-e989a5b1f5be, browserConnectionEnabled=false, takesHeapSnapshot=true}]
Driver info: org.openqa.selenium.remote.RemoteWebDriver
	at sun.reflect.NativeConstructorAccessorImpl.newInstance0(Native Method)
	at sun.reflect.NativeConstructorAccessorImpl.newInstance(NativeConstructorAccessorImpl.java:56)
	at sun.reflect.DelegatingConstructorAccessorImpl.newInstance(DelegatingConstructorAccessorImpl.java:39)
	at java.lang.reflect.Constructor.newInstance(Constructor.java:527)
	at org.openqa.selenium.remote.ErrorHandler.createThrowable(ErrorHandler.java:204)
	at org.openqa.selenium.remote.ErrorHandler.throwIfResponseFailed(ErrorHandler.java:156)
	at org.openqa.selenium.remote.RemoteWebDriver.execute(RemoteWebDriver.java:600)
	at org.openqa.selenium.remote.RemoteWebDriver.execute(RemoteWebDriver.java:615)
	at org.openqa.selenium.remote.RemoteWebDriver.quit(RemoteWebDriver.java:469)
	at webUI.LoadBrowser.closeBrowser(LoadBrowser.java:266)
	at sun.reflect.GeneratedMethodAccessor21.invoke(Unknown Source)
	at sun.reflect.DelegatingMethodAccessorImpl.invoke(DelegatingMethodAccessorImpl.java:37)
	at java.lang.reflect.Method.invoke(Method.java:611)
	at org.testng.internal.MethodInvocationHelper.invokeMethod(MethodInvocationHelper.java:84)
	at org.testng.internal.Invoker.invokeConfigurationMethod(Invoker.java:564)
	at org.testng.internal.Invoker.invokeConfigurations(Invoker.java:213)
	at org.testng.internal.Invoker.invokeMethod(Invoker.java:786)
	at org.testng.internal.Invoker.invokeTestMethod(Invoker.java:901)
	at org.testng.internal.Invoker.invokeTestMethods(Invoker.java:1231)
	at org.testng.internal.TestMethodWorker.invokeTestMethods(TestMethodWorker.java:127)
	at org.testng.internal.TestMethodWorker.run(TestMethodWorker.java:111)
	at org.testng.TestRunner.privateRun(TestRunner.java:767)
	at org.testng.TestRunner.run(TestRunner.java:617)
	at org.testng.SuiteRunner.runTest(SuiteRunner.java:334)
	at org.testng.SuiteRunner.runSequentially(SuiteRunner.java:329)
	at org.testng.SuiteRunner.privateRun(SuiteRunner.java:291)
	at org.testng.SuiteRunner.run(SuiteRunner.java:240)
	at org.testng.SuiteRunnerWorker.runSuite(SuiteRunnerWorker.java:52)
	at org.testng.SuiteRunnerWorker.run(SuiteRunnerWorker.java:86)
	at org.testng.TestNG.runSuitesSequentially(TestNG.java:1224)
	at org.testng.TestNG.runSuitesLocally(TestNG.java:1149)
	at org.testng.TestNG.run(TestNG.java:1057)
	at org.testng.remote.RemoteTestNG.run(RemoteTestNG.java:111)
	at org.testng.remote.RemoteTestNG.initAndRun(RemoteTestNG.java:204)
	at org.testng.remote.RemoteTestNG.main(RemoteTestNG.java:175)
Caused by: org.openqa.selenium.remote.UnreachableBrowserException: Error communicating with the remote browser. It may have died.
Build info: version: '2.42.0', revision: '5e82430', time: '2014-05-22 20:18:07'
System info: host: 'dslvm346', ip: '9.162.138.157', os.name: 'Windows 8', os.arch: 'x86', os.version: '6.2', java.version: '1.7.0_55'
Driver info: driver.version: EventFiringWebDriver
Build info: version: '2.42.1', revision: '68b415a', time: '2014-05-29 16:16:49'
System info: host: 'piotrbogdanski', ip: '9.161.136.32', os.name: 'Windows 7', os.arch: 'x86', os.version: '6.1 build 7601 Service Pack 1', java.version: '1.6.0'
Driver info: driver.version: unknown
]]>
    </failure>
  </testcase> <!-- AllContentsLoads -->
  <testcase name="AllContentsLoads" time="0.000" classname="tests.webUI.nonFunctional.LibraryTestsContents">
    <failure type="org.openqa.selenium.WebDriverException" message="Error communicating with the remote browser. It may have died.
Build info: version: &#039;2.42.0&#039;, revision: &#039;5e82430&#039;, time: &#039;2014-05-22 20:18:07&#039;
System info: host: &#039;dslvm346&#039;, ip: &#039;9.162.138.157&#039;, os.name: &#039;Windows 8&#039;, os.arch: &#039;x86&#039;, os.version: &#039;6.2&#039;, java.version: &#039;1.7.0_55&#039;
Driver info: driver.version: EventFiringWebDriver
Command duration or timeout: 3.27 seconds
Build info: version: &#039;2.42.1&#039;, revision: &#039;68b415a&#039;, time: &#039;2014-05-29 16:16:49&#039;
System info: host: &#039;piotrbogdanski&#039;, ip: &#039;9.161.136.32&#039;, os.name: &#039;Windows 7&#039;, os.arch: &#039;x86&#039;, os.version: &#039;6.1 build 7601 Service Pack 1&#039;, java.version: &#039;1.6.0&#039;
Session ID: b26bcd25-156a-405a-a953-e989a5b1f5be
Capabilities [{handlesAlerts=true, rotatable=false, databaseEnabled=false, locationContextEnabled=true, acceptSslCerts=true, applicationCacheEnabled=false, nativeEvents=true, cssSelectorsEnabled=true, takesScreenshot=true, platform=WIN8, browserName=chrome, javascriptEnabled=true, version=35.0.1916.153, chrome={userDataDir=C:\Users\ADMINI~1\AppData\Local\Temp\scoped_dir4076_31844}, webStorageEnabled=true, webdriver.remote.sessionid=b26bcd25-156a-405a-a953-e989a5b1f5be, browserConnectionEnabled=false, takesHeapSnapshot=true}]
Driver info: org.openqa.selenium.remote.RemoteWebDriver">
      <![CDATA[org.openqa.selenium.WebDriverException: Error communicating with the remote browser. It may have died.
Build info: version: '2.42.0', revision: '5e82430', time: '2014-05-22 20:18:07'
System info: host: 'dslvm346', ip: '9.162.138.157', os.name: 'Windows 8', os.arch: 'x86', os.version: '6.2', java.version: '1.7.0_55'
Driver info: driver.version: EventFiringWebDriver
Command duration or timeout: 3.27 seconds
Build info: version: '2.42.1', revision: '68b415a', time: '2014-05-29 16:16:49'
System info: host: 'piotrbogdanski', ip: '9.161.136.32', os.name: 'Windows 7', os.arch: 'x86', os.version: '6.1 build 7601 Service Pack 1', java.version: '1.6.0'
Session ID: b26bcd25-156a-405a-a953-e989a5b1f5be
Capabilities [{handlesAlerts=true, rotatable=false, databaseEnabled=false, locationContextEnabled=true, acceptSslCerts=true, applicationCacheEnabled=false, nativeEvents=true, cssSelectorsEnabled=true, takesScreenshot=true, platform=WIN8, browserName=chrome, javascriptEnabled=true, version=35.0.1916.153, chrome={userDataDir=C:\Users\ADMINI~1\AppData\Local\Temp\scoped_dir4076_31844}, webStorageEnabled=true, webdriver.remote.sessionid=b26bcd25-156a-405a-a953-e989a5b1f5be, browserConnectionEnabled=false, takesHeapSnapshot=true}]
Driver info: org.openqa.selenium.remote.RemoteWebDriver
	at sun.reflect.NativeConstructorAccessorImpl.newInstance0(Native Method)
	at sun.reflect.NativeConstructorAccessorImpl.newInstance(NativeConstructorAccessorImpl.java:56)
	at sun.reflect.DelegatingConstructorAccessorImpl.newInstance(DelegatingConstructorAccessorImpl.java:39)
	at java.lang.reflect.Constructor.newInstance(Constructor.java:527)
	at org.openqa.selenium.remote.ErrorHandler.createThrowable(ErrorHandler.java:204)
	at org.openqa.selenium.remote.ErrorHandler.throwIfResponseFailed(ErrorHandler.java:156)
	at org.openqa.selenium.remote.RemoteWebDriver.execute(RemoteWebDriver.java:600)
	at org.openqa.selenium.remote.RemoteWebDriver.execute(RemoteWebDriver.java:615)
	at org.openqa.selenium.remote.RemoteWebDriver.quit(RemoteWebDriver.java:469)
	at webUI.LoadBrowser.closeBrowser(LoadBrowser.java:266)
	at sun.reflect.GeneratedMethodAccessor21.invoke(Unknown Source)
	at sun.reflect.DelegatingMethodAccessorImpl.invoke(DelegatingMethodAccessorImpl.java:37)
	at java.lang.reflect.Method.invoke(Method.java:611)
	at org.testng.internal.MethodInvocationHelper.invokeMethod(MethodInvocationHelper.java:84)
	at org.testng.internal.Invoker.invokeConfigurationMethod(Invoker.java:564)
	at org.testng.internal.Invoker.invokeConfigurations(Invoker.java:213)
	at org.testng.internal.Invoker.invokeMethod(Invoker.java:786)
	at org.testng.internal.Invoker.invokeTestMethod(Invoker.java:901)
	at org.testng.internal.Invoker.invokeTestMethods(Invoker.java:1231)
	at org.testng.internal.TestMethodWorker.invokeTestMethods(TestMethodWorker.java:127)
	at org.testng.internal.TestMethodWorker.run(TestMethodWorker.java:111)
	at org.testng.TestRunner.privateRun(TestRunner.java:767)
	at org.testng.TestRunner.run(TestRunner.java:617)
	at org.testng.SuiteRunner.runTest(SuiteRunner.java:334)
	at org.testng.SuiteRunner.runSequentially(SuiteRunner.java:329)
	at org.testng.SuiteRunner.privateRun(SuiteRunner.java:291)
	at org.testng.SuiteRunner.run(SuiteRunner.java:240)
	at org.testng.SuiteRunnerWorker.runSuite(SuiteRunnerWorker.java:52)
	at org.testng.SuiteRunnerWorker.run(SuiteRunnerWorker.java:86)
	at org.testng.TestNG.runSuitesSequentially(TestNG.java:1224)
	at org.testng.TestNG.runSuitesLocally(TestNG.java:1149)
	at org.testng.TestNG.run(TestNG.java:1057)
	at org.testng.remote.RemoteTestNG.run(RemoteTestNG.java:111)
	at org.testng.remote.RemoteTestNG.initAndRun(RemoteTestNG.java:204)
	at org.testng.remote.RemoteTestNG.main(RemoteTestNG.java:175)
Caused by: org.openqa.selenium.remote.UnreachableBrowserException: Error communicating with the remote browser. It may have died.
Build info: version: '2.42.0', revision: '5e82430', time: '2014-05-22 20:18:07'
System info: host: 'dslvm346', ip: '9.162.138.157', os.name: 'Windows 8', os.arch: 'x86', os.version: '6.2', java.version: '1.7.0_55'
Driver info: driver.version: EventFiringWebDriver
Build info: version: '2.42.1', revision: '68b415a', time: '2014-05-29 16:16:49'
System info: host: 'piotrbogdanski', ip: '9.161.136.32', os.name: 'Windows 7', os.arch: 'x86', os.version: '6.1 build 7601 Service Pack 1', java.version: '1.6.0'
Driver info: driver.version: unknown
]]>
    </failure>
  </testcase> <!-- AllContentsLoads -->
  <testcase name="AllContentsLoads" time="0.000" classname="tests.webUI.nonFunctional.LibraryTestsContents">
    <failure type="org.openqa.selenium.WebDriverException" message="Error communicating with the remote browser. It may have died.
Build info: version: &#039;2.42.0&#039;, revision: &#039;5e82430&#039;, time: &#039;2014-05-22 20:18:07&#039;
System info: host: &#039;dslvm346&#039;, ip: &#039;9.162.138.157&#039;, os.name: &#039;Windows 8&#039;, os.arch: &#039;x86&#039;, os.version: &#039;6.2&#039;, java.version: &#039;1.7.0_55&#039;
Driver info: driver.version: EventFiringWebDriver
Command duration or timeout: 3.27 seconds
Build info: version: &#039;2.42.1&#039;, revision: &#039;68b415a&#039;, time: &#039;2014-05-29 16:16:49&#039;
System info: host: &#039;piotrbogdanski&#039;, ip: &#039;9.161.136.32&#039;, os.name: &#039;Windows 7&#039;, os.arch: &#039;x86&#039;, os.version: &#039;6.1 build 7601 Service Pack 1&#039;, java.version: &#039;1.6.0&#039;
Session ID: b26bcd25-156a-405a-a953-e989a5b1f5be
Capabilities [{handlesAlerts=true, rotatable=false, databaseEnabled=false, locationContextEnabled=true, acceptSslCerts=true, applicationCacheEnabled=false, nativeEvents=true, cssSelectorsEnabled=true, takesScreenshot=true, platform=WIN8, browserName=chrome, javascriptEnabled=true, version=35.0.1916.153, chrome={userDataDir=C:\Users\ADMINI~1\AppData\Local\Temp\scoped_dir4076_31844}, webStorageEnabled=true, webdriver.remote.sessionid=b26bcd25-156a-405a-a953-e989a5b1f5be, browserConnectionEnabled=false, takesHeapSnapshot=true}]
Driver info: org.openqa.selenium.remote.RemoteWebDriver">
      <![CDATA[org.openqa.selenium.WebDriverException: Error communicating with the remote browser. It may have died.
Build info: version: '2.42.0', revision: '5e82430', time: '2014-05-22 20:18:07'
System info: host: 'dslvm346', ip: '9.162.138.157', os.name: 'Windows 8', os.arch: 'x86', os.version: '6.2', java.version: '1.7.0_55'
Driver info: driver.version: EventFiringWebDriver
Command duration or timeout: 3.27 seconds
Build info: version: '2.42.1', revision: '68b415a', time: '2014-05-29 16:16:49'
System info: host: 'piotrbogdanski', ip: '9.161.136.32', os.name: 'Windows 7', os.arch: 'x86', os.version: '6.1 build 7601 Service Pack 1', java.version: '1.6.0'
Session ID: b26bcd25-156a-405a-a953-e989a5b1f5be
Capabilities [{handlesAlerts=true, rotatable=false, databaseEnabled=false, locationContextEnabled=true, acceptSslCerts=true, applicationCacheEnabled=false, nativeEvents=true, cssSelectorsEnabled=true, takesScreenshot=true, platform=WIN8, browserName=chrome, javascriptEnabled=true, version=35.0.1916.153, chrome={userDataDir=C:\Users\ADMINI~1\AppData\Local\Temp\scoped_dir4076_31844}, webStorageEnabled=true, webdriver.remote.sessionid=b26bcd25-156a-405a-a953-e989a5b1f5be, browserConnectionEnabled=false, takesHeapSnapshot=true}]
Driver info: org.openqa.selenium.remote.RemoteWebDriver
	at sun.reflect.NativeConstructorAccessorImpl.newInstance0(Native Method)
	at sun.reflect.NativeConstructorAccessorImpl.newInstance(NativeConstructorAccessorImpl.java:56)
	at sun.reflect.DelegatingConstructorAccessorImpl.newInstance(DelegatingConstructorAccessorImpl.java:39)
	at java.lang.reflect.Constructor.newInstance(Constructor.java:527)
	at org.openqa.selenium.remote.ErrorHandler.createThrowable(ErrorHandler.java:204)
	at org.openqa.selenium.remote.ErrorHandler.throwIfResponseFailed(ErrorHandler.java:156)
	at org.openqa.selenium.remote.RemoteWebDriver.execute(RemoteWebDriver.java:600)
	at org.openqa.selenium.remote.RemoteWebDriver.execute(RemoteWebDriver.java:615)
	at org.openqa.selenium.remote.RemoteWebDriver.quit(RemoteWebDriver.java:469)
	at webUI.LoadBrowser.closeBrowser(LoadBrowser.java:266)
	at sun.reflect.GeneratedMethodAccessor21.invoke(Unknown Source)
	at sun.reflect.DelegatingMethodAccessorImpl.invoke(DelegatingMethodAccessorImpl.java:37)
	at java.lang.reflect.Method.invoke(Method.java:611)
	at org.testng.internal.MethodInvocationHelper.invokeMethod(MethodInvocationHelper.java:84)
	at org.testng.internal.Invoker.invokeConfigurationMethod(Invoker.java:564)
	at org.testng.internal.Invoker.invokeConfigurations(Invoker.java:213)
	at org.testng.internal.Invoker.invokeMethod(Invoker.java:786)
	at org.testng.internal.Invoker.invokeTestMethod(Invoker.java:901)
	at org.testng.internal.Invoker.invokeTestMethods(Invoker.java:1231)
	at org.testng.internal.TestMethodWorker.invokeTestMethods(TestMethodWorker.java:127)
	at org.testng.internal.TestMethodWorker.run(TestMethodWorker.java:111)
	at org.testng.TestRunner.privateRun(TestRunner.java:767)
	at org.testng.TestRunner.run(TestRunner.java:617)
	at org.testng.SuiteRunner.runTest(SuiteRunner.java:334)
	at org.testng.SuiteRunner.runSequentially(SuiteRunner.java:329)
	at org.testng.SuiteRunner.privateRun(SuiteRunner.java:291)
	at org.testng.SuiteRunner.run(SuiteRunner.java:240)
	at org.testng.SuiteRunnerWorker.runSuite(SuiteRunnerWorker.java:52)
	at org.testng.SuiteRunnerWorker.run(SuiteRunnerWorker.java:86)
	at org.testng.TestNG.runSuitesSequentially(TestNG.java:1224)
	at org.testng.TestNG.runSuitesLocally(TestNG.java:1149)
	at org.testng.TestNG.run(TestNG.java:1057)
	at org.testng.remote.RemoteTestNG.run(RemoteTestNG.java:111)
	at org.testng.remote.RemoteTestNG.initAndRun(RemoteTestNG.java:204)
	at org.testng.remote.RemoteTestNG.main(RemoteTestNG.java:175)
Caused by: org.openqa.selenium.remote.UnreachableBrowserException: Error communicating with the remote browser. It may have died.
Build info: version: '2.42.0', revision: '5e82430', time: '2014-05-22 20:18:07'
System info: host: 'dslvm346', ip: '9.162.138.157', os.name: 'Windows 8', os.arch: 'x86', os.version: '6.2', java.version: '1.7.0_55'
Driver info: driver.version: EventFiringWebDriver
Build info: version: '2.42.1', revision: '68b415a', time: '2014-05-29 16:16:49'
System info: host: 'piotrbogdanski', ip: '9.161.136.32', os.name: 'Windows 7', os.arch: 'x86', os.version: '6.1 build 7601 Service Pack 1', java.version: '1.6.0'
Driver info: driver.version: unknown
]]>
    </failure>
  </testcase> <!-- AllContentsLoads -->
  <testcase name="AllContentsLoads" time="1.331" classname="tests.webUI.nonFunctional.LibraryTestsContents">
    <failure type="org.openqa.selenium.WebDriverException" message="Error communicating with the remote browser. It may have died.
Build info: version: &#039;2.42.0&#039;, revision: &#039;5e82430&#039;, time: &#039;2014-05-22 20:18:07&#039;
System info: host: &#039;dslvm346&#039;, ip: &#039;9.162.138.157&#039;, os.name: &#039;Windows 8&#039;, os.arch: &#039;x86&#039;, os.version: &#039;6.2&#039;, java.version: &#039;1.7.0_55&#039;
Driver info: driver.version: EventFiringWebDriver
Command duration or timeout: 3.27 seconds
Build info: version: &#039;2.42.1&#039;, revision: &#039;68b415a&#039;, time: &#039;2014-05-29 16:16:49&#039;
System info: host: &#039;piotrbogdanski&#039;, ip: &#039;9.161.136.32&#039;, os.name: &#039;Windows 7&#039;, os.arch: &#039;x86&#039;, os.version: &#039;6.1 build 7601 Service Pack 1&#039;, java.version: &#039;1.6.0&#039;
Session ID: b26bcd25-156a-405a-a953-e989a5b1f5be
Capabilities [{handlesAlerts=true, rotatable=false, databaseEnabled=false, locationContextEnabled=true, acceptSslCerts=true, applicationCacheEnabled=false, nativeEvents=true, cssSelectorsEnabled=true, takesScreenshot=true, platform=WIN8, browserName=chrome, javascriptEnabled=true, version=35.0.1916.153, chrome={userDataDir=C:\Users\ADMINI~1\AppData\Local\Temp\scoped_dir4076_31844}, webStorageEnabled=true, webdriver.remote.sessionid=b26bcd25-156a-405a-a953-e989a5b1f5be, browserConnectionEnabled=false, takesHeapSnapshot=true}]
Driver info: org.openqa.selenium.remote.RemoteWebDriver">
      <![CDATA[org.openqa.selenium.WebDriverException: Error communicating with the remote browser. It may have died.
Build info: version: '2.42.0', revision: '5e82430', time: '2014-05-22 20:18:07'
System info: host: 'dslvm346', ip: '9.162.138.157', os.name: 'Windows 8', os.arch: 'x86', os.version: '6.2', java.version: '1.7.0_55'
Driver info: driver.version: EventFiringWebDriver
Command duration or timeout: 3.27 seconds
Build info: version: '2.42.1', revision: '68b415a', time: '2014-05-29 16:16:49'
System info: host: 'piotrbogdanski', ip: '9.161.136.32', os.name: 'Windows 7', os.arch: 'x86', os.version: '6.1 build 7601 Service Pack 1', java.version: '1.6.0'
Session ID: b26bcd25-156a-405a-a953-e989a5b1f5be
Capabilities [{handlesAlerts=true, rotatable=false, databaseEnabled=false, locationContextEnabled=true, acceptSslCerts=true, applicationCacheEnabled=false, nativeEvents=true, cssSelectorsEnabled=true, takesScreenshot=true, platform=WIN8, browserName=chrome, javascriptEnabled=true, version=35.0.1916.153, chrome={userDataDir=C:\Users\ADMINI~1\AppData\Local\Temp\scoped_dir4076_31844}, webStorageEnabled=true, webdriver.remote.sessionid=b26bcd25-156a-405a-a953-e989a5b1f5be, browserConnectionEnabled=false, takesHeapSnapshot=true}]
Driver info: org.openqa.selenium.remote.RemoteWebDriver
	at sun.reflect.NativeConstructorAccessorImpl.newInstance0(Native Method)
	at sun.reflect.NativeConstructorAccessorImpl.newInstance(NativeConstructorAccessorImpl.java:56)
	at sun.reflect.DelegatingConstructorAccessorImpl.newInstance(DelegatingConstructorAccessorImpl.java:39)
	at java.lang.reflect.Constructor.newInstance(Constructor.java:527)
	at org.openqa.selenium.remote.ErrorHandler.createThrowable(ErrorHandler.java:204)
	at org.openqa.selenium.remote.ErrorHandler.throwIfResponseFailed(ErrorHandler.java:156)
	at org.openqa.selenium.remote.RemoteWebDriver.execute(RemoteWebDriver.java:600)
	at org.openqa.selenium.remote.RemoteWebDriver.execute(RemoteWebDriver.java:615)
	at org.openqa.selenium.remote.RemoteWebDriver.quit(RemoteWebDriver.java:469)
	at webUI.LoadBrowser.closeBrowser(LoadBrowser.java:266)
	at sun.reflect.GeneratedMethodAccessor21.invoke(Unknown Source)
	at sun.reflect.DelegatingMethodAccessorImpl.invoke(DelegatingMethodAccessorImpl.java:37)
	at java.lang.reflect.Method.invoke(Method.java:611)
	at org.testng.internal.MethodInvocationHelper.invokeMethod(MethodInvocationHelper.java:84)
	at org.testng.internal.Invoker.invokeConfigurationMethod(Invoker.java:564)
	at org.testng.internal.Invoker.invokeConfigurations(Invoker.java:213)
	at org.testng.internal.Invoker.invokeMethod(Invoker.java:786)
	at org.testng.internal.Invoker.invokeTestMethod(Invoker.java:901)
	at org.testng.internal.Invoker.invokeTestMethods(Invoker.java:1231)
	at org.testng.internal.TestMethodWorker.invokeTestMethods(TestMethodWorker.java:127)
	at org.testng.internal.TestMethodWorker.run(TestMethodWorker.java:111)
	at org.testng.TestRunner.privateRun(TestRunner.java:767)
	at org.testng.TestRunner.run(TestRunner.java:617)
	at org.testng.SuiteRunner.runTest(SuiteRunner.java:334)
	at org.testng.SuiteRunner.runSequentially(SuiteRunner.java:329)
	at org.testng.SuiteRunner.privateRun(SuiteRunner.java:291)
	at org.testng.SuiteRunner.run(SuiteRunner.java:240)
	at org.testng.SuiteRunnerWorker.runSuite(SuiteRunnerWorker.java:52)
	at org.testng.SuiteRunnerWorker.run(SuiteRunnerWorker.java:86)
	at org.testng.TestNG.runSuitesSequentially(TestNG.java:1224)
	at org.testng.TestNG.runSuitesLocally(TestNG.java:1149)
	at org.testng.TestNG.run(TestNG.java:1057)
	at org.testng.remote.RemoteTestNG.run(RemoteTestNG.java:111)
	at org.testng.remote.RemoteTestNG.initAndRun(RemoteTestNG.java:204)
	at org.testng.remote.RemoteTestNG.main(RemoteTestNG.java:175)
Caused by: org.openqa.selenium.remote.UnreachableBrowserException: Error communicating with the remote browser. It may have died.
Build info: version: '2.42.0', revision: '5e82430', time: '2014-05-22 20:18:07'
System info: host: 'dslvm346', ip: '9.162.138.157', os.name: 'Windows 8', os.arch: 'x86', os.version: '6.2', java.version: '1.7.0_55'
Driver info: driver.version: EventFiringWebDriver
Build info: version: '2.42.1', revision: '68b415a', time: '2014-05-29 16:16:49'
System info: host: 'piotrbogdanski', ip: '9.161.136.32', os.name: 'Windows 7', os.arch: 'x86', os.version: '6.1 build 7601 Service Pack 1', java.version: '1.6.0'
Driver info: driver.version: unknown
]]>
    </failure>
  </testcase> <!-- AllContentsLoads -->
  <testcase name="AllContentsLoads" time="0.001" classname="tests.webUI.nonFunctional.LibraryTestsContents">
    <failure type="org.openqa.selenium.WebDriverException" message="Error communicating with the remote browser. It may have died.
Build info: version: &#039;2.42.0&#039;, revision: &#039;5e82430&#039;, time: &#039;2014-05-22 20:18:07&#039;
System info: host: &#039;dslvm346&#039;, ip: &#039;9.162.138.157&#039;, os.name: &#039;Windows 8&#039;, os.arch: &#039;x86&#039;, os.version: &#039;6.2&#039;, java.version: &#039;1.7.0_55&#039;
Driver info: driver.version: EventFiringWebDriver
Command duration or timeout: 3.27 seconds
Build info: version: &#039;2.42.1&#039;, revision: &#039;68b415a&#039;, time: &#039;2014-05-29 16:16:49&#039;
System info: host: &#039;piotrbogdanski&#039;, ip: &#039;9.161.136.32&#039;, os.name: &#039;Windows 7&#039;, os.arch: &#039;x86&#039;, os.version: &#039;6.1 build 7601 Service Pack 1&#039;, java.version: &#039;1.6.0&#039;
Session ID: b26bcd25-156a-405a-a953-e989a5b1f5be
Capabilities [{handlesAlerts=true, rotatable=false, databaseEnabled=false, locationContextEnabled=true, acceptSslCerts=true, applicationCacheEnabled=false, nativeEvents=true, cssSelectorsEnabled=true, takesScreenshot=true, platform=WIN8, browserName=chrome, javascriptEnabled=true, version=35.0.1916.153, chrome={userDataDir=C:\Users\ADMINI~1\AppData\Local\Temp\scoped_dir4076_31844}, webStorageEnabled=true, webdriver.remote.sessionid=b26bcd25-156a-405a-a953-e989a5b1f5be, browserConnectionEnabled=false, takesHeapSnapshot=true}]
Driver info: org.openqa.selenium.remote.RemoteWebDriver">
      <![CDATA[org.openqa.selenium.WebDriverException: Error communicating with the remote browser. It may have died.
Build info: version: '2.42.0', revision: '5e82430', time: '2014-05-22 20:18:07'
System info: host: 'dslvm346', ip: '9.162.138.157', os.name: 'Windows 8', os.arch: 'x86', os.version: '6.2', java.version: '1.7.0_55'
Driver info: driver.version: EventFiringWebDriver
Command duration or timeout: 3.27 seconds
Build info: version: '2.42.1', revision: '68b415a', time: '2014-05-29 16:16:49'
System info: host: 'piotrbogdanski', ip: '9.161.136.32', os.name: 'Windows 7', os.arch: 'x86', os.version: '6.1 build 7601 Service Pack 1', java.version: '1.6.0'
Session ID: b26bcd25-156a-405a-a953-e989a5b1f5be
Capabilities [{handlesAlerts=true, rotatable=false, databaseEnabled=false, locationContextEnabled=true, acceptSslCerts=true, applicationCacheEnabled=false, nativeEvents=true, cssSelectorsEnabled=true, takesScreenshot=true, platform=WIN8, browserName=chrome, javascriptEnabled=true, version=35.0.1916.153, chrome={userDataDir=C:\Users\ADMINI~1\AppData\Local\Temp\scoped_dir4076_31844}, webStorageEnabled=true, webdriver.remote.sessionid=b26bcd25-156a-405a-a953-e989a5b1f5be, browserConnectionEnabled=false, takesHeapSnapshot=true}]
Driver info: org.openqa.selenium.remote.RemoteWebDriver
	at sun.reflect.NativeConstructorAccessorImpl.newInstance0(Native Method)
	at sun.reflect.NativeConstructorAccessorImpl.newInstance(NativeConstructorAccessorImpl.java:56)
	at sun.reflect.DelegatingConstructorAccessorImpl.newInstance(DelegatingConstructorAccessorImpl.java:39)
	at java.lang.reflect.Constructor.newInstance(Constructor.java:527)
	at org.openqa.selenium.remote.ErrorHandler.createThrowable(ErrorHandler.java:204)
	at org.openqa.selenium.remote.ErrorHandler.throwIfResponseFailed(ErrorHandler.java:156)
	at org.openqa.selenium.remote.RemoteWebDriver.execute(RemoteWebDriver.java:600)
	at org.openqa.selenium.remote.RemoteWebDriver.execute(RemoteWebDriver.java:615)
	at org.openqa.selenium.remote.RemoteWebDriver.quit(RemoteWebDriver.java:469)
	at webUI.LoadBrowser.closeBrowser(LoadBrowser.java:266)
	at sun.reflect.GeneratedMethodAccessor21.invoke(Unknown Source)
	at sun.reflect.DelegatingMethodAccessorImpl.invoke(DelegatingMethodAccessorImpl.java:37)
	at java.lang.reflect.Method.invoke(Method.java:611)
	at org.testng.internal.MethodInvocationHelper.invokeMethod(MethodInvocationHelper.java:84)
	at org.testng.internal.Invoker.invokeConfigurationMethod(Invoker.java:564)
	at org.testng.internal.Invoker.invokeConfigurations(Invoker.java:213)
	at org.testng.internal.Invoker.invokeMethod(Invoker.java:786)
	at org.testng.internal.Invoker.invokeTestMethod(Invoker.java:901)
	at org.testng.internal.Invoker.invokeTestMethods(Invoker.java:1231)
	at org.testng.internal.TestMethodWorker.invokeTestMethods(TestMethodWorker.java:127)
	at org.testng.internal.TestMethodWorker.run(TestMethodWorker.java:111)
	at org.testng.TestRunner.privateRun(TestRunner.java:767)
	at org.testng.TestRunner.run(TestRunner.java:617)
	at org.testng.SuiteRunner.runTest(SuiteRunner.java:334)
	at org.testng.SuiteRunner.runSequentially(SuiteRunner.java:329)
	at org.testng.SuiteRunner.privateRun(SuiteRunner.java:291)
	at org.testng.SuiteRunner.run(SuiteRunner.java:240)
	at org.testng.SuiteRunnerWorker.runSuite(SuiteRunnerWorker.java:52)
	at org.testng.SuiteRunnerWorker.run(SuiteRunnerWorker.java:86)
	at org.testng.TestNG.runSuitesSequentially(TestNG.java:1224)
	at org.testng.TestNG.runSuitesLocally(TestNG.java:1149)
	at org.testng.TestNG.run(TestNG.java:1057)
	at org.testng.remote.RemoteTestNG.run(RemoteTestNG.java:111)
	at org.testng.remote.RemoteTestNG.initAndRun(RemoteTestNG.java:204)
	at org.testng.remote.RemoteTestNG.main(RemoteTestNG.java:175)
Caused by: org.openqa.selenium.remote.UnreachableBrowserException: Error communicating with the remote browser. It may have died.
Build info: version: '2.42.0', revision: '5e82430', time: '2014-05-22 20:18:07'
System info: host: 'dslvm346', ip: '9.162.138.157', os.name: 'Windows 8', os.arch: 'x86', os.version: '6.2', java.version: '1.7.0_55'
Driver info: driver.version: EventFiringWebDriver
Build info: version: '2.42.1', revision: '68b415a', time: '2014-05-29 16:16:49'
System info: host: 'piotrbogdanski', ip: '9.161.136.32', os.name: 'Windows 7', os.arch: 'x86', os.version: '6.1 build 7601 Service Pack 1', java.version: '1.6.0'
Driver info: driver.version: unknown
]]>
    </failure>
  </testcase> <!-- AllContentsLoads -->
  <testcase name="AllContentsLoads" time="20.961" classname="tests.webUI.nonFunctional.LibraryTestsContents"/>
  <testcase name="AllContentsLoads" time="0.002" classname="tests.webUI.nonFunctional.LibraryTestsContents">
    <failure type="org.openqa.selenium.WebDriverException" message="Error communicating with the remote browser. It may have died.
Build info: version: &#039;2.42.0&#039;, revision: &#039;5e82430&#039;, time: &#039;2014-05-22 20:18:07&#039;
System info: host: &#039;dslvm346&#039;, ip: &#039;9.162.138.157&#039;, os.name: &#039;Windows 8&#039;, os.arch: &#039;x86&#039;, os.version: &#039;6.2&#039;, java.version: &#039;1.7.0_55&#039;
Driver info: driver.version: EventFiringWebDriver
Command duration or timeout: 3.27 seconds
Build info: version: &#039;2.42.1&#039;, revision: &#039;68b415a&#039;, time: &#039;2014-05-29 16:16:49&#039;
System info: host: &#039;piotrbogdanski&#039;, ip: &#039;9.161.136.32&#039;, os.name: &#039;Windows 7&#039;, os.arch: &#039;x86&#039;, os.version: &#039;6.1 build 7601 Service Pack 1&#039;, java.version: &#039;1.6.0&#039;
Session ID: b26bcd25-156a-405a-a953-e989a5b1f5be
Capabilities [{handlesAlerts=true, rotatable=false, databaseEnabled=false, locationContextEnabled=true, acceptSslCerts=true, applicationCacheEnabled=false, nativeEvents=true, cssSelectorsEnabled=true, takesScreenshot=true, platform=WIN8, browserName=chrome, javascriptEnabled=true, version=35.0.1916.153, chrome={userDataDir=C:\Users\ADMINI~1\AppData\Local\Temp\scoped_dir4076_31844}, webStorageEnabled=true, webdriver.remote.sessionid=b26bcd25-156a-405a-a953-e989a5b1f5be, browserConnectionEnabled=false, takesHeapSnapshot=true}]
Driver info: org.openqa.selenium.remote.RemoteWebDriver">
      <![CDATA[org.openqa.selenium.WebDriverException: Error communicating with the remote browser. It may have died.
Build info: version: '2.42.0', revision: '5e82430', time: '2014-05-22 20:18:07'
System info: host: 'dslvm346', ip: '9.162.138.157', os.name: 'Windows 8', os.arch: 'x86', os.version: '6.2', java.version: '1.7.0_55'
Driver info: driver.version: EventFiringWebDriver
Command duration or timeout: 3.27 seconds
Build info: version: '2.42.1', revision: '68b415a', time: '2014-05-29 16:16:49'
System info: host: 'piotrbogdanski', ip: '9.161.136.32', os.name: 'Windows 7', os.arch: 'x86', os.version: '6.1 build 7601 Service Pack 1', java.version: '1.6.0'
Session ID: b26bcd25-156a-405a-a953-e989a5b1f5be
Capabilities [{handlesAlerts=true, rotatable=false, databaseEnabled=false, locationContextEnabled=true, acceptSslCerts=true, applicationCacheEnabled=false, nativeEvents=true, cssSelectorsEnabled=true, takesScreenshot=true, platform=WIN8, browserName=chrome, javascriptEnabled=true, version=35.0.1916.153, chrome={userDataDir=C:\Users\ADMINI~1\AppData\Local\Temp\scoped_dir4076_31844}, webStorageEnabled=true, webdriver.remote.sessionid=b26bcd25-156a-405a-a953-e989a5b1f5be, browserConnectionEnabled=false, takesHeapSnapshot=true}]
Driver info: org.openqa.selenium.remote.RemoteWebDriver
	at sun.reflect.NativeConstructorAccessorImpl.newInstance0(Native Method)
	at sun.reflect.NativeConstructorAccessorImpl.newInstance(NativeConstructorAccessorImpl.java:56)
	at sun.reflect.DelegatingConstructorAccessorImpl.newInstance(DelegatingConstructorAccessorImpl.java:39)
	at java.lang.reflect.Constructor.newInstance(Constructor.java:527)
	at org.openqa.selenium.remote.ErrorHandler.createThrowable(ErrorHandler.java:204)
	at org.openqa.selenium.remote.ErrorHandler.throwIfResponseFailed(ErrorHandler.java:156)
	at org.openqa.selenium.remote.RemoteWebDriver.execute(RemoteWebDriver.java:600)
	at org.openqa.selenium.remote.RemoteWebDriver.execute(RemoteWebDriver.java:615)
	at org.openqa.selenium.remote.RemoteWebDriver.quit(RemoteWebDriver.java:469)
	at webUI.LoadBrowser.closeBrowser(LoadBrowser.java:266)
	at sun.reflect.GeneratedMethodAccessor21.invoke(Unknown Source)
	at sun.reflect.DelegatingMethodAccessorImpl.invoke(DelegatingMethodAccessorImpl.java:37)
	at java.lang.reflect.Method.invoke(Method.java:611)
	at org.testng.internal.MethodInvocationHelper.invokeMethod(MethodInvocationHelper.java:84)
	at org.testng.internal.Invoker.invokeConfigurationMethod(Invoker.java:564)
	at org.testng.internal.Invoker.invokeConfigurations(Invoker.java:213)
	at org.testng.internal.Invoker.invokeMethod(Invoker.java:786)
	at org.testng.internal.Invoker.invokeTestMethod(Invoker.java:901)
	at org.testng.internal.Invoker.invokeTestMethods(Invoker.java:1231)
	at org.testng.internal.TestMethodWorker.invokeTestMethods(TestMethodWorker.java:127)
	at org.testng.internal.TestMethodWorker.run(TestMethodWorker.java:111)
	at org.testng.TestRunner.privateRun(TestRunner.java:767)
	at org.testng.TestRunner.run(TestRunner.java:617)
	at org.testng.SuiteRunner.runTest(SuiteRunner.java:334)
	at org.testng.SuiteRunner.runSequentially(SuiteRunner.java:329)
	at org.testng.SuiteRunner.privateRun(SuiteRunner.java:291)
	at org.testng.SuiteRunner.run(SuiteRunner.java:240)
	at org.testng.SuiteRunnerWorker.runSuite(SuiteRunnerWorker.java:52)
	at org.testng.SuiteRunnerWorker.run(SuiteRunnerWorker.java:86)
	at org.testng.TestNG.runSuitesSequentially(TestNG.java:1224)
	at org.testng.TestNG.runSuitesLocally(TestNG.java:1149)
	at org.testng.TestNG.run(TestNG.java:1057)
	at org.testng.remote.RemoteTestNG.run(RemoteTestNG.java:111)
	at org.testng.remote.RemoteTestNG.initAndRun(RemoteTestNG.java:204)
	at org.testng.remote.RemoteTestNG.main(RemoteTestNG.java:175)
Caused by: org.openqa.selenium.remote.UnreachableBrowserException: Error communicating with the remote browser. It may have died.
Build info: version: '2.42.0', revision: '5e82430', time: '2014-05-22 20:18:07'
System info: host: 'dslvm346', ip: '9.162.138.157', os.name: 'Windows 8', os.arch: 'x86', os.version: '6.2', java.version: '1.7.0_55'
Driver info: driver.version: EventFiringWebDriver
Build info: version: '2.42.1', revision: '68b415a', time: '2014-05-29 16:16:49'
System info: host: 'piotrbogdanski', ip: '9.161.136.32', os.name: 'Windows 7', os.arch: 'x86', os.version: '6.1 build 7601 Service Pack 1', java.version: '1.6.0'
Driver info: driver.version: unknown
]]>
    </failure>
  </testcase> <!-- AllContentsLoads -->
  <testcase name="AllContentsLoads" time="1.354" classname="tests.webUI.nonFunctional.LibraryTestsContents">
    <failure type="org.openqa.selenium.WebDriverException" message="Error communicating with the remote browser. It may have died.
Build info: version: &#039;2.42.0&#039;, revision: &#039;5e82430&#039;, time: &#039;2014-05-22 20:18:07&#039;
System info: host: &#039;dslvm346&#039;, ip: &#039;9.162.138.157&#039;, os.name: &#039;Windows 8&#039;, os.arch: &#039;x86&#039;, os.version: &#039;6.2&#039;, java.version: &#039;1.7.0_55&#039;
Driver info: driver.version: EventFiringWebDriver
Command duration or timeout: 3.27 seconds
Build info: version: &#039;2.42.1&#039;, revision: &#039;68b415a&#039;, time: &#039;2014-05-29 16:16:49&#039;
System info: host: &#039;piotrbogdanski&#039;, ip: &#039;9.161.136.32&#039;, os.name: &#039;Windows 7&#039;, os.arch: &#039;x86&#039;, os.version: &#039;6.1 build 7601 Service Pack 1&#039;, java.version: &#039;1.6.0&#039;
Session ID: b26bcd25-156a-405a-a953-e989a5b1f5be
Capabilities [{handlesAlerts=true, rotatable=false, databaseEnabled=false, locationContextEnabled=true, acceptSslCerts=true, applicationCacheEnabled=false, nativeEvents=true, cssSelectorsEnabled=true, takesScreenshot=true, platform=WIN8, browserName=chrome, javascriptEnabled=true, version=35.0.1916.153, chrome={userDataDir=C:\Users\ADMINI~1\AppData\Local\Temp\scoped_dir4076_31844}, webStorageEnabled=true, webdriver.remote.sessionid=b26bcd25-156a-405a-a953-e989a5b1f5be, browserConnectionEnabled=false, takesHeapSnapshot=true}]
Driver info: org.openqa.selenium.remote.RemoteWebDriver">
      <![CDATA[org.openqa.selenium.WebDriverException: Error communicating with the remote browser. It may have died.
Build info: version: '2.42.0', revision: '5e82430', time: '2014-05-22 20:18:07'
System info: host: 'dslvm346', ip: '9.162.138.157', os.name: 'Windows 8', os.arch: 'x86', os.version: '6.2', java.version: '1.7.0_55'
Driver info: driver.version: EventFiringWebDriver
Command duration or timeout: 3.27 seconds
Build info: version: '2.42.1', revision: '68b415a', time: '2014-05-29 16:16:49'
System info: host: 'piotrbogdanski', ip: '9.161.136.32', os.name: 'Windows 7', os.arch: 'x86', os.version: '6.1 build 7601 Service Pack 1', java.version: '1.6.0'
Session ID: b26bcd25-156a-405a-a953-e989a5b1f5be
Capabilities [{handlesAlerts=true, rotatable=false, databaseEnabled=false, locationContextEnabled=true, acceptSslCerts=true, applicationCacheEnabled=false, nativeEvents=true, cssSelectorsEnabled=true, takesScreenshot=true, platform=WIN8, browserName=chrome, javascriptEnabled=true, version=35.0.1916.153, chrome={userDataDir=C:\Users\ADMINI~1\AppData\Local\Temp\scoped_dir4076_31844}, webStorageEnabled=true, webdriver.remote.sessionid=b26bcd25-156a-405a-a953-e989a5b1f5be, browserConnectionEnabled=false, takesHeapSnapshot=true}]
Driver info: org.openqa.selenium.remote.RemoteWebDriver
	at sun.reflect.NativeConstructorAccessorImpl.newInstance0(Native Method)
	at sun.reflect.NativeConstructorAccessorImpl.newInstance(NativeConstructorAccessorImpl.java:56)
	at sun.reflect.DelegatingConstructorAccessorImpl.newInstance(DelegatingConstructorAccessorImpl.java:39)
	at java.lang.reflect.Constructor.newInstance(Constructor.java:527)
	at org.openqa.selenium.remote.ErrorHandler.createThrowable(ErrorHandler.java:204)
	at org.openqa.selenium.remote.ErrorHandler.throwIfResponseFailed(ErrorHandler.java:156)
	at org.openqa.selenium.remote.RemoteWebDriver.execute(RemoteWebDriver.java:600)
	at org.openqa.selenium.remote.RemoteWebDriver.execute(RemoteWebDriver.java:615)
	at org.openqa.selenium.remote.RemoteWebDriver.quit(RemoteWebDriver.java:469)
	at webUI.LoadBrowser.closeBrowser(LoadBrowser.java:266)
	at sun.reflect.GeneratedMethodAccessor21.invoke(Unknown Source)
	at sun.reflect.DelegatingMethodAccessorImpl.invoke(DelegatingMethodAccessorImpl.java:37)
	at java.lang.reflect.Method.invoke(Method.java:611)
	at org.testng.internal.MethodInvocationHelper.invokeMethod(MethodInvocationHelper.java:84)
	at org.testng.internal.Invoker.invokeConfigurationMethod(Invoker.java:564)
	at org.testng.internal.Invoker.invokeConfigurations(Invoker.java:213)
	at org.testng.internal.Invoker.invokeMethod(Invoker.java:786)
	at org.testng.internal.Invoker.invokeTestMethod(Invoker.java:901)
	at org.testng.internal.Invoker.invokeTestMethods(Invoker.java:1231)
	at org.testng.internal.TestMethodWorker.invokeTestMethods(TestMethodWorker.java:127)
	at org.testng.internal.TestMethodWorker.run(TestMethodWorker.java:111)
	at org.testng.TestRunner.privateRun(TestRunner.java:767)
	at org.testng.TestRunner.run(TestRunner.java:617)
	at org.testng.SuiteRunner.runTest(SuiteRunner.java:334)
	at org.testng.SuiteRunner.runSequentially(SuiteRunner.java:329)
	at org.testng.SuiteRunner.privateRun(SuiteRunner.java:291)
	at org.testng.SuiteRunner.run(SuiteRunner.java:240)
	at org.testng.SuiteRunnerWorker.runSuite(SuiteRunnerWorker.java:52)
	at org.testng.SuiteRunnerWorker.run(SuiteRunnerWorker.java:86)
	at org.testng.TestNG.runSuitesSequentially(TestNG.java:1224)
	at org.testng.TestNG.runSuitesLocally(TestNG.java:1149)
	at org.testng.TestNG.run(TestNG.java:1057)
	at org.testng.remote.RemoteTestNG.run(RemoteTestNG.java:111)
	at org.testng.remote.RemoteTestNG.initAndRun(RemoteTestNG.java:204)
	at org.testng.remote.RemoteTestNG.main(RemoteTestNG.java:175)
Caused by: org.openqa.selenium.remote.UnreachableBrowserException: Error communicating with the remote browser. It may have died.
Build info: version: '2.42.0', revision: '5e82430', time: '2014-05-22 20:18:07'
System info: host: 'dslvm346', ip: '9.162.138.157', os.name: 'Windows 8', os.arch: 'x86', os.version: '6.2', java.version: '1.7.0_55'
Driver info: driver.version: EventFiringWebDriver
Build info: version: '2.42.1', revision: '68b415a', time: '2014-05-29 16:16:49'
System info: host: 'piotrbogdanski', ip: '9.161.136.32', os.name: 'Windows 7', os.arch: 'x86', os.version: '6.1 build 7601 Service Pack 1', java.version: '1.6.0'
Driver info: driver.version: unknown
]]>
    </failure>
  </testcase> <!-- AllContentsLoads -->
  <testcase name="AllContentsLoads" time="0.001" classname="tests.webUI.nonFunctional.LibraryTestsContents">
    <failure type="org.openqa.selenium.WebDriverException" message="Error communicating with the remote browser. It may have died.
Build info: version: &#039;2.42.0&#039;, revision: &#039;5e82430&#039;, time: &#039;2014-05-22 20:18:07&#039;
System info: host: &#039;dslvm346&#039;, ip: &#039;9.162.138.157&#039;, os.name: &#039;Windows 8&#039;, os.arch: &#039;x86&#039;, os.version: &#039;6.2&#039;, java.version: &#039;1.7.0_55&#039;
Driver info: driver.version: EventFiringWebDriver
Command duration or timeout: 3.27 seconds
Build info: version: &#039;2.42.1&#039;, revision: &#039;68b415a&#039;, time: &#039;2014-05-29 16:16:49&#039;
System info: host: &#039;piotrbogdanski&#039;, ip: &#039;9.161.136.32&#039;, os.name: &#039;Windows 7&#039;, os.arch: &#039;x86&#039;, os.version: &#039;6.1 build 7601 Service Pack 1&#039;, java.version: &#039;1.6.0&#039;
Session ID: b26bcd25-156a-405a-a953-e989a5b1f5be
Capabilities [{handlesAlerts=true, rotatable=false, databaseEnabled=false, locationContextEnabled=true, acceptSslCerts=true, applicationCacheEnabled=false, nativeEvents=true, cssSelectorsEnabled=true, takesScreenshot=true, platform=WIN8, browserName=chrome, javascriptEnabled=true, version=35.0.1916.153, chrome={userDataDir=C:\Users\ADMINI~1\AppData\Local\Temp\scoped_dir4076_31844}, webStorageEnabled=true, webdriver.remote.sessionid=b26bcd25-156a-405a-a953-e989a5b1f5be, browserConnectionEnabled=false, takesHeapSnapshot=true}]
Driver info: org.openqa.selenium.remote.RemoteWebDriver">
      <![CDATA[org.openqa.selenium.WebDriverException: Error communicating with the remote browser. It may have died.
Build info: version: '2.42.0', revision: '5e82430', time: '2014-05-22 20:18:07'
System info: host: 'dslvm346', ip: '9.162.138.157', os.name: 'Windows 8', os.arch: 'x86', os.version: '6.2', java.version: '1.7.0_55'
Driver info: driver.version: EventFiringWebDriver
Command duration or timeout: 3.27 seconds
Build info: version: '2.42.1', revision: '68b415a', time: '2014-05-29 16:16:49'
System info: host: 'piotrbogdanski', ip: '9.161.136.32', os.name: 'Windows 7', os.arch: 'x86', os.version: '6.1 build 7601 Service Pack 1', java.version: '1.6.0'
Session ID: b26bcd25-156a-405a-a953-e989a5b1f5be
Capabilities [{handlesAlerts=true, rotatable=false, databaseEnabled=false, locationContextEnabled=true, acceptSslCerts=true, applicationCacheEnabled=false, nativeEvents=true, cssSelectorsEnabled=true, takesScreenshot=true, platform=WIN8, browserName=chrome, javascriptEnabled=true, version=35.0.1916.153, chrome={userDataDir=C:\Users\ADMINI~1\AppData\Local\Temp\scoped_dir4076_31844}, webStorageEnabled=true, webdriver.remote.sessionid=b26bcd25-156a-405a-a953-e989a5b1f5be, browserConnectionEnabled=false, takesHeapSnapshot=true}]
Driver info: org.openqa.selenium.remote.RemoteWebDriver
	at sun.reflect.NativeConstructorAccessorImpl.newInstance0(Native Method)
	at sun.reflect.NativeConstructorAccessorImpl.newInstance(NativeConstructorAccessorImpl.java:56)
	at sun.reflect.DelegatingConstructorAccessorImpl.newInstance(DelegatingConstructorAccessorImpl.java:39)
	at java.lang.reflect.Constructor.newInstance(Constructor.java:527)
	at org.openqa.selenium.remote.ErrorHandler.createThrowable(ErrorHandler.java:204)
	at org.openqa.selenium.remote.ErrorHandler.throwIfResponseFailed(ErrorHandler.java:156)
	at org.openqa.selenium.remote.RemoteWebDriver.execute(RemoteWebDriver.java:600)
	at org.openqa.selenium.remote.RemoteWebDriver.execute(RemoteWebDriver.java:615)
	at org.openqa.selenium.remote.RemoteWebDriver.quit(RemoteWebDriver.java:469)
	at webUI.LoadBrowser.closeBrowser(LoadBrowser.java:266)
	at sun.reflect.GeneratedMethodAccessor21.invoke(Unknown Source)
	at sun.reflect.DelegatingMethodAccessorImpl.invoke(DelegatingMethodAccessorImpl.java:37)
	at java.lang.reflect.Method.invoke(Method.java:611)
	at org.testng.internal.MethodInvocationHelper.invokeMethod(MethodInvocationHelper.java:84)
	at org.testng.internal.Invoker.invokeConfigurationMethod(Invoker.java:564)
	at org.testng.internal.Invoker.invokeConfigurations(Invoker.java:213)
	at org.testng.internal.Invoker.invokeMethod(Invoker.java:786)
	at org.testng.internal.Invoker.invokeTestMethod(Invoker.java:901)
	at org.testng.internal.Invoker.invokeTestMethods(Invoker.java:1231)
	at org.testng.internal.TestMethodWorker.invokeTestMethods(TestMethodWorker.java:127)
	at org.testng.internal.TestMethodWorker.run(TestMethodWorker.java:111)
	at org.testng.TestRunner.privateRun(TestRunner.java:767)
	at org.testng.TestRunner.run(TestRunner.java:617)
	at org.testng.SuiteRunner.runTest(SuiteRunner.java:334)
	at org.testng.SuiteRunner.runSequentially(SuiteRunner.java:329)
	at org.testng.SuiteRunner.privateRun(SuiteRunner.java:291)
	at org.testng.SuiteRunner.run(SuiteRunner.java:240)
	at org.testng.SuiteRunnerWorker.runSuite(SuiteRunnerWorker.java:52)
	at org.testng.SuiteRunnerWorker.run(SuiteRunnerWorker.java:86)
	at org.testng.TestNG.runSuitesSequentially(TestNG.java:1224)
	at org.testng.TestNG.runSuitesLocally(TestNG.java:1149)
	at org.testng.TestNG.run(TestNG.java:1057)
	at org.testng.remote.RemoteTestNG.run(RemoteTestNG.java:111)
	at org.testng.remote.RemoteTestNG.initAndRun(RemoteTestNG.java:204)
	at org.testng.remote.RemoteTestNG.main(RemoteTestNG.java:175)
Caused by: org.openqa.selenium.remote.UnreachableBrowserException: Error communicating with the remote browser. It may have died.
Build info: version: '2.42.0', revision: '5e82430', time: '2014-05-22 20:18:07'
System info: host: 'dslvm346', ip: '9.162.138.157', os.name: 'Windows 8', os.arch: 'x86', os.version: '6.2', java.version: '1.7.0_55'
Driver info: driver.version: EventFiringWebDriver
Build info: version: '2.42.1', revision: '68b415a', time: '2014-05-29 16:16:49'
System info: host: 'piotrbogdanski', ip: '9.161.136.32', os.name: 'Windows 7', os.arch: 'x86', os.version: '6.1 build 7601 Service Pack 1', java.version: '1.6.0'
Driver info: driver.version: unknown
]]>
    </failure>
  </testcase> <!-- AllContentsLoads -->
  <testcase name="AllContentsLoads" time="0.000" classname="tests.webUI.nonFunctional.LibraryTestsContents">
    <failure type="org.openqa.selenium.WebDriverException" message="Error communicating with the remote browser. It may have died.
Build info: version: &#039;2.42.0&#039;, revision: &#039;5e82430&#039;, time: &#039;2014-05-22 20:18:07&#039;
System info: host: &#039;dslvm346&#039;, ip: &#039;9.162.138.157&#039;, os.name: &#039;Windows 8&#039;, os.arch: &#039;x86&#039;, os.version: &#039;6.2&#039;, java.version: &#039;1.7.0_55&#039;
Driver info: driver.version: EventFiringWebDriver
Command duration or timeout: 3.27 seconds
Build info: version: &#039;2.42.1&#039;, revision: &#039;68b415a&#039;, time: &#039;2014-05-29 16:16:49&#039;
System info: host: &#039;piotrbogdanski&#039;, ip: &#039;9.161.136.32&#039;, os.name: &#039;Windows 7&#039;, os.arch: &#039;x86&#039;, os.version: &#039;6.1 build 7601 Service Pack 1&#039;, java.version: &#039;1.6.0&#039;
Session ID: b26bcd25-156a-405a-a953-e989a5b1f5be
Capabilities [{handlesAlerts=true, rotatable=false, databaseEnabled=false, locationContextEnabled=true, acceptSslCerts=true, applicationCacheEnabled=false, nativeEvents=true, cssSelectorsEnabled=true, takesScreenshot=true, platform=WIN8, browserName=chrome, javascriptEnabled=true, version=35.0.1916.153, chrome={userDataDir=C:\Users\ADMINI~1\AppData\Local\Temp\scoped_dir4076_31844}, webStorageEnabled=true, webdriver.remote.sessionid=b26bcd25-156a-405a-a953-e989a5b1f5be, browserConnectionEnabled=false, takesHeapSnapshot=true}]
Driver info: org.openqa.selenium.remote.RemoteWebDriver">
      <![CDATA[org.openqa.selenium.WebDriverException: Error communicating with the remote browser. It may have died.
Build info: version: '2.42.0', revision: '5e82430', time: '2014-05-22 20:18:07'
System info: host: 'dslvm346', ip: '9.162.138.157', os.name: 'Windows 8', os.arch: 'x86', os.version: '6.2', java.version: '1.7.0_55'
Driver info: driver.version: EventFiringWebDriver
Command duration or timeout: 3.27 seconds
Build info: version: '2.42.1', revision: '68b415a', time: '2014-05-29 16:16:49'
System info: host: 'piotrbogdanski', ip: '9.161.136.32', os.name: 'Windows 7', os.arch: 'x86', os.version: '6.1 build 7601 Service Pack 1', java.version: '1.6.0'
Session ID: b26bcd25-156a-405a-a953-e989a5b1f5be
Capabilities [{handlesAlerts=true, rotatable=false, databaseEnabled=false, locationContextEnabled=true, acceptSslCerts=true, applicationCacheEnabled=false, nativeEvents=true, cssSelectorsEnabled=true, takesScreenshot=true, platform=WIN8, browserName=chrome, javascriptEnabled=true, version=35.0.1916.153, chrome={userDataDir=C:\Users\ADMINI~1\AppData\Local\Temp\scoped_dir4076_31844}, webStorageEnabled=true, webdriver.remote.sessionid=b26bcd25-156a-405a-a953-e989a5b1f5be, browserConnectionEnabled=false, takesHeapSnapshot=true}]
Driver info: org.openqa.selenium.remote.RemoteWebDriver
	at sun.reflect.NativeConstructorAccessorImpl.newInstance0(Native Method)
	at sun.reflect.NativeConstructorAccessorImpl.newInstance(NativeConstructorAccessorImpl.java:56)
	at sun.reflect.DelegatingConstructorAccessorImpl.newInstance(DelegatingConstructorAccessorImpl.java:39)
	at java.lang.reflect.Constructor.newInstance(Constructor.java:527)
	at org.openqa.selenium.remote.ErrorHandler.createThrowable(ErrorHandler.java:204)
	at org.openqa.selenium.remote.ErrorHandler.throwIfResponseFailed(ErrorHandler.java:156)
	at org.openqa.selenium.remote.RemoteWebDriver.execute(RemoteWebDriver.java:600)
	at org.openqa.selenium.remote.RemoteWebDriver.execute(RemoteWebDriver.java:615)
	at org.openqa.selenium.remote.RemoteWebDriver.quit(RemoteWebDriver.java:469)
	at webUI.LoadBrowser.closeBrowser(LoadBrowser.java:266)
	at sun.reflect.GeneratedMethodAccessor21.invoke(Unknown Source)
	at sun.reflect.DelegatingMethodAccessorImpl.invoke(DelegatingMethodAccessorImpl.java:37)
	at java.lang.reflect.Method.invoke(Method.java:611)
	at org.testng.internal.MethodInvocationHelper.invokeMethod(MethodInvocationHelper.java:84)
	at org.testng.internal.Invoker.invokeConfigurationMethod(Invoker.java:564)
	at org.testng.internal.Invoker.invokeConfigurations(Invoker.java:213)
	at org.testng.internal.Invoker.invokeMethod(Invoker.java:786)
	at org.testng.internal.Invoker.invokeTestMethod(Invoker.java:901)
	at org.testng.internal.Invoker.invokeTestMethods(Invoker.java:1231)
	at org.testng.internal.TestMethodWorker.invokeTestMethods(TestMethodWorker.java:127)
	at org.testng.internal.TestMethodWorker.run(TestMethodWorker.java:111)
	at org.testng.TestRunner.privateRun(TestRunner.java:767)
	at org.testng.TestRunner.run(TestRunner.java:617)
	at org.testng.SuiteRunner.runTest(SuiteRunner.java:334)
	at org.testng.SuiteRunner.runSequentially(SuiteRunner.java:329)
	at org.testng.SuiteRunner.privateRun(SuiteRunner.java:291)
	at org.testng.SuiteRunner.run(SuiteRunner.java:240)
	at org.testng.SuiteRunnerWorker.runSuite(SuiteRunnerWorker.java:52)
	at org.testng.SuiteRunnerWorker.run(SuiteRunnerWorker.java:86)
	at org.testng.TestNG.runSuitesSequentially(TestNG.java:1224)
	at org.testng.TestNG.runSuitesLocally(TestNG.java:1149)
	at org.testng.TestNG.run(TestNG.java:1057)
	at org.testng.remote.RemoteTestNG.run(RemoteTestNG.java:111)
	at org.testng.remote.RemoteTestNG.initAndRun(RemoteTestNG.java:204)
	at org.testng.remote.RemoteTestNG.main(RemoteTestNG.java:175)
Caused by: org.openqa.selenium.remote.UnreachableBrowserException: Error communicating with the remote browser. It may have died.
Build info: version: '2.42.0', revision: '5e82430', time: '2014-05-22 20:18:07'
System info: host: 'dslvm346', ip: '9.162.138.157', os.name: 'Windows 8', os.arch: 'x86', os.version: '6.2', java.version: '1.7.0_55'
Driver info: driver.version: EventFiringWebDriver
Build info: version: '2.42.1', revision: '68b415a', time: '2014-05-29 16:16:49'
System info: host: 'piotrbogdanski', ip: '9.161.136.32', os.name: 'Windows 7', os.arch: 'x86', os.version: '6.1 build 7601 Service Pack 1', java.version: '1.6.0'
Driver info: driver.version: unknown
]]>
    </failure>
  </testcase> <!-- AllContentsLoads -->
  <testcase name="AllContentsLoads" time="1.339" classname="tests.webUI.nonFunctional.LibraryTestsContents">
    <failure type="org.openqa.selenium.WebDriverException" message="Error communicating with the remote browser. It may have died.
Build info: version: &#039;2.42.0&#039;, revision: &#039;5e82430&#039;, time: &#039;2014-05-22 20:18:07&#039;
System info: host: &#039;dslvm346&#039;, ip: &#039;9.162.138.157&#039;, os.name: &#039;Windows 8&#039;, os.arch: &#039;x86&#039;, os.version: &#039;6.2&#039;, java.version: &#039;1.7.0_55&#039;
Driver info: driver.version: EventFiringWebDriver
Command duration or timeout: 3.27 seconds
Build info: version: &#039;2.42.1&#039;, revision: &#039;68b415a&#039;, time: &#039;2014-05-29 16:16:49&#039;
System info: host: &#039;piotrbogdanski&#039;, ip: &#039;9.161.136.32&#039;, os.name: &#039;Windows 7&#039;, os.arch: &#039;x86&#039;, os.version: &#039;6.1 build 7601 Service Pack 1&#039;, java.version: &#039;1.6.0&#039;
Session ID: b26bcd25-156a-405a-a953-e989a5b1f5be
Capabilities [{handlesAlerts=true, rotatable=false, databaseEnabled=false, locationContextEnabled=true, acceptSslCerts=true, applicationCacheEnabled=false, nativeEvents=true, cssSelectorsEnabled=true, takesScreenshot=true, platform=WIN8, browserName=chrome, javascriptEnabled=true, version=35.0.1916.153, chrome={userDataDir=C:\Users\ADMINI~1\AppData\Local\Temp\scoped_dir4076_31844}, webStorageEnabled=true, webdriver.remote.sessionid=b26bcd25-156a-405a-a953-e989a5b1f5be, browserConnectionEnabled=false, takesHeapSnapshot=true}]
Driver info: org.openqa.selenium.remote.RemoteWebDriver">
      <![CDATA[org.openqa.selenium.WebDriverException: Error communicating with the remote browser. It may have died.
Build info: version: '2.42.0', revision: '5e82430', time: '2014-05-22 20:18:07'
System info: host: 'dslvm346', ip: '9.162.138.157', os.name: 'Windows 8', os.arch: 'x86', os.version: '6.2', java.version: '1.7.0_55'
Driver info: driver.version: EventFiringWebDriver
Command duration or timeout: 3.27 seconds
Build info: version: '2.42.1', revision: '68b415a', time: '2014-05-29 16:16:49'
System info: host: 'piotrbogdanski', ip: '9.161.136.32', os.name: 'Windows 7', os.arch: 'x86', os.version: '6.1 build 7601 Service Pack 1', java.version: '1.6.0'
Session ID: b26bcd25-156a-405a-a953-e989a5b1f5be
Capabilities [{handlesAlerts=true, rotatable=false, databaseEnabled=false, locationContextEnabled=true, acceptSslCerts=true, applicationCacheEnabled=false, nativeEvents=true, cssSelectorsEnabled=true, takesScreenshot=true, platform=WIN8, browserName=chrome, javascriptEnabled=true, version=35.0.1916.153, chrome={userDataDir=C:\Users\ADMINI~1\AppData\Local\Temp\scoped_dir4076_31844}, webStorageEnabled=true, webdriver.remote.sessionid=b26bcd25-156a-405a-a953-e989a5b1f5be, browserConnectionEnabled=false, takesHeapSnapshot=true}]
Driver info: org.openqa.selenium.remote.RemoteWebDriver
	at sun.reflect.NativeConstructorAccessorImpl.newInstance0(Native Method)
	at sun.reflect.NativeConstructorAccessorImpl.newInstance(NativeConstructorAccessorImpl.java:56)
	at sun.reflect.DelegatingConstructorAccessorImpl.newInstance(DelegatingConstructorAccessorImpl.java:39)
	at java.lang.reflect.Constructor.newInstance(Constructor.java:527)
	at org.openqa.selenium.remote.ErrorHandler.createThrowable(ErrorHandler.java:204)
	at org.openqa.selenium.remote.ErrorHandler.throwIfResponseFailed(ErrorHandler.java:156)
	at org.openqa.selenium.remote.RemoteWebDriver.execute(RemoteWebDriver.java:600)
	at org.openqa.selenium.remote.RemoteWebDriver.execute(RemoteWebDriver.java:615)
	at org.openqa.selenium.remote.RemoteWebDriver.quit(RemoteWebDriver.java:469)
	at webUI.LoadBrowser.closeBrowser(LoadBrowser.java:266)
	at sun.reflect.GeneratedMethodAccessor21.invoke(Unknown Source)
	at sun.reflect.DelegatingMethodAccessorImpl.invoke(DelegatingMethodAccessorImpl.java:37)
	at java.lang.reflect.Method.invoke(Method.java:611)
	at org.testng.internal.MethodInvocationHelper.invokeMethod(MethodInvocationHelper.java:84)
	at org.testng.internal.Invoker.invokeConfigurationMethod(Invoker.java:564)
	at org.testng.internal.Invoker.invokeConfigurations(Invoker.java:213)
	at org.testng.internal.Invoker.invokeMethod(Invoker.java:786)
	at org.testng.internal.Invoker.invokeTestMethod(Invoker.java:901)
	at org.testng.internal.Invoker.invokeTestMethods(Invoker.java:1231)
	at org.testng.internal.TestMethodWorker.invokeTestMethods(TestMethodWorker.java:127)
	at org.testng.internal.TestMethodWorker.run(TestMethodWorker.java:111)
	at org.testng.TestRunner.privateRun(TestRunner.java:767)
	at org.testng.TestRunner.run(TestRunner.java:617)
	at org.testng.SuiteRunner.runTest(SuiteRunner.java:334)
	at org.testng.SuiteRunner.runSequentially(SuiteRunner.java:329)
	at org.testng.SuiteRunner.privateRun(SuiteRunner.java:291)
	at org.testng.SuiteRunner.run(SuiteRunner.java:240)
	at org.testng.SuiteRunnerWorker.runSuite(SuiteRunnerWorker.java:52)
	at org.testng.SuiteRunnerWorker.run(SuiteRunnerWorker.java:86)
	at org.testng.TestNG.runSuitesSequentially(TestNG.java:1224)
	at org.testng.TestNG.runSuitesLocally(TestNG.java:1149)
	at org.testng.TestNG.run(TestNG.java:1057)
	at org.testng.remote.RemoteTestNG.run(RemoteTestNG.java:111)
	at org.testng.remote.RemoteTestNG.initAndRun(RemoteTestNG.java:204)
	at org.testng.remote.RemoteTestNG.main(RemoteTestNG.java:175)
Caused by: org.openqa.selenium.remote.UnreachableBrowserException: Error communicating with the remote browser. It may have died.
Build info: version: '2.42.0', revision: '5e82430', time: '2014-05-22 20:18:07'
System info: host: 'dslvm346', ip: '9.162.138.157', os.name: 'Windows 8', os.arch: 'x86', os.version: '6.2', java.version: '1.7.0_55'
Driver info: driver.version: EventFiringWebDriver
Build info: version: '2.42.1', revision: '68b415a', time: '2014-05-29 16:16:49'
System info: host: 'piotrbogdanski', ip: '9.161.136.32', os.name: 'Windows 7', os.arch: 'x86', os.version: '6.1 build 7601 Service Pack 1', java.version: '1.6.0'
Driver info: driver.version: unknown
]]>
    </failure>
  </testcase> <!-- AllContentsLoads -->
  <testcase name="AllContentsLoads" time="26.650" classname="tests.webUI.nonFunctional.LibraryTestsContents"/>
  <testcase name="AllContentsLoads" time="0.001" classname="tests.webUI.nonFunctional.LibraryTestsContents">
    <failure type="org.openqa.selenium.WebDriverException" message="Error communicating with the remote browser. It may have died.
Build info: version: &#039;2.42.0&#039;, revision: &#039;5e82430&#039;, time: &#039;2014-05-22 20:18:07&#039;
System info: host: &#039;dslvm346&#039;, ip: &#039;9.162.138.157&#039;, os.name: &#039;Windows 8&#039;, os.arch: &#039;x86&#039;, os.version: &#039;6.2&#039;, java.version: &#039;1.7.0_55&#039;
Driver info: driver.version: EventFiringWebDriver
Command duration or timeout: 3.27 seconds
Build info: version: &#039;2.42.1&#039;, revision: &#039;68b415a&#039;, time: &#039;2014-05-29 16:16:49&#039;
System info: host: &#039;piotrbogdanski&#039;, ip: &#039;9.161.136.32&#039;, os.name: &#039;Windows 7&#039;, os.arch: &#039;x86&#039;, os.version: &#039;6.1 build 7601 Service Pack 1&#039;, java.version: &#039;1.6.0&#039;
Session ID: b26bcd25-156a-405a-a953-e989a5b1f5be
Capabilities [{handlesAlerts=true, rotatable=false, databaseEnabled=false, locationContextEnabled=true, acceptSslCerts=true, applicationCacheEnabled=false, nativeEvents=true, cssSelectorsEnabled=true, takesScreenshot=true, platform=WIN8, browserName=chrome, javascriptEnabled=true, version=35.0.1916.153, chrome={userDataDir=C:\Users\ADMINI~1\AppData\Local\Temp\scoped_dir4076_31844}, webStorageEnabled=true, webdriver.remote.sessionid=b26bcd25-156a-405a-a953-e989a5b1f5be, browserConnectionEnabled=false, takesHeapSnapshot=true}]
Driver info: org.openqa.selenium.remote.RemoteWebDriver">
      <![CDATA[org.openqa.selenium.WebDriverException: Error communicating with the remote browser. It may have died.
Build info: version: '2.42.0', revision: '5e82430', time: '2014-05-22 20:18:07'
System info: host: 'dslvm346', ip: '9.162.138.157', os.name: 'Windows 8', os.arch: 'x86', os.version: '6.2', java.version: '1.7.0_55'
Driver info: driver.version: EventFiringWebDriver
Command duration or timeout: 3.27 seconds
Build info: version: '2.42.1', revision: '68b415a', time: '2014-05-29 16:16:49'
System info: host: 'piotrbogdanski', ip: '9.161.136.32', os.name: 'Windows 7', os.arch: 'x86', os.version: '6.1 build 7601 Service Pack 1', java.version: '1.6.0'
Session ID: b26bcd25-156a-405a-a953-e989a5b1f5be
Capabilities [{handlesAlerts=true, rotatable=false, databaseEnabled=false, locationContextEnabled=true, acceptSslCerts=true, applicationCacheEnabled=false, nativeEvents=true, cssSelectorsEnabled=true, takesScreenshot=true, platform=WIN8, browserName=chrome, javascriptEnabled=true, version=35.0.1916.153, chrome={userDataDir=C:\Users\ADMINI~1\AppData\Local\Temp\scoped_dir4076_31844}, webStorageEnabled=true, webdriver.remote.sessionid=b26bcd25-156a-405a-a953-e989a5b1f5be, browserConnectionEnabled=false, takesHeapSnapshot=true}]
Driver info: org.openqa.selenium.remote.RemoteWebDriver
	at sun.reflect.NativeConstructorAccessorImpl.newInstance0(Native Method)
	at sun.reflect.NativeConstructorAccessorImpl.newInstance(NativeConstructorAccessorImpl.java:56)
	at sun.reflect.DelegatingConstructorAccessorImpl.newInstance(DelegatingConstructorAccessorImpl.java:39)
	at java.lang.reflect.Constructor.newInstance(Constructor.java:527)
	at org.openqa.selenium.remote.ErrorHandler.createThrowable(ErrorHandler.java:204)
	at org.openqa.selenium.remote.ErrorHandler.throwIfResponseFailed(ErrorHandler.java:156)
	at org.openqa.selenium.remote.RemoteWebDriver.execute(RemoteWebDriver.java:600)
	at org.openqa.selenium.remote.RemoteWebDriver.execute(RemoteWebDriver.java:615)
	at org.openqa.selenium.remote.RemoteWebDriver.quit(RemoteWebDriver.java:469)
	at webUI.LoadBrowser.closeBrowser(LoadBrowser.java:266)
	at sun.reflect.GeneratedMethodAccessor21.invoke(Unknown Source)
	at sun.reflect.DelegatingMethodAccessorImpl.invoke(DelegatingMethodAccessorImpl.java:37)
	at java.lang.reflect.Method.invoke(Method.java:611)
	at org.testng.internal.MethodInvocationHelper.invokeMethod(MethodInvocationHelper.java:84)
	at org.testng.internal.Invoker.invokeConfigurationMethod(Invoker.java:564)
	at org.testng.internal.Invoker.invokeConfigurations(Invoker.java:213)
	at org.testng.internal.Invoker.invokeMethod(Invoker.java:786)
	at org.testng.internal.Invoker.invokeTestMethod(Invoker.java:901)
	at org.testng.internal.Invoker.invokeTestMethods(Invoker.java:1231)
	at org.testng.internal.TestMethodWorker.invokeTestMethods(TestMethodWorker.java:127)
	at org.testng.internal.TestMethodWorker.run(TestMethodWorker.java:111)
	at org.testng.TestRunner.privateRun(TestRunner.java:767)
	at org.testng.TestRunner.run(TestRunner.java:617)
	at org.testng.SuiteRunner.runTest(SuiteRunner.java:334)
	at org.testng.SuiteRunner.runSequentially(SuiteRunner.java:329)
	at org.testng.SuiteRunner.privateRun(SuiteRunner.java:291)
	at org.testng.SuiteRunner.run(SuiteRunner.java:240)
	at org.testng.SuiteRunnerWorker.runSuite(SuiteRunnerWorker.java:52)
	at org.testng.SuiteRunnerWorker.run(SuiteRunnerWorker.java:86)
	at org.testng.TestNG.runSuitesSequentially(TestNG.java:1224)
	at org.testng.TestNG.runSuitesLocally(TestNG.java:1149)
	at org.testng.TestNG.run(TestNG.java:1057)
	at org.testng.remote.RemoteTestNG.run(RemoteTestNG.java:111)
	at org.testng.remote.RemoteTestNG.initAndRun(RemoteTestNG.java:204)
	at org.testng.remote.RemoteTestNG.main(RemoteTestNG.java:175)
Caused by: org.openqa.selenium.remote.UnreachableBrowserException: Error communicating with the remote browser. It may have died.
Build info: version: '2.42.0', revision: '5e82430', time: '2014-05-22 20:18:07'
System info: host: 'dslvm346', ip: '9.162.138.157', os.name: 'Windows 8', os.arch: 'x86', os.version: '6.2', java.version: '1.7.0_55'
Driver info: driver.version: EventFiringWebDriver
Build info: version: '2.42.1', revision: '68b415a', time: '2014-05-29 16:16:49'
System info: host: 'piotrbogdanski', ip: '9.161.136.32', os.name: 'Windows 7', os.arch: 'x86', os.version: '6.1 build 7601 Service Pack 1', java.version: '1.6.0'
Driver info: driver.version: unknown
]]>
    </failure>
  </testcase> <!-- AllContentsLoads -->
  <testcase name="AllContentsLoads" time="0.001" classname="tests.webUI.nonFunctional.LibraryTestsContents">
    <failure type="org.openqa.selenium.WebDriverException" message="Error communicating with the remote browser. It may have died.
Build info: version: &#039;2.42.0&#039;, revision: &#039;5e82430&#039;, time: &#039;2014-05-22 20:18:07&#039;
System info: host: &#039;dslvm346&#039;, ip: &#039;9.162.138.157&#039;, os.name: &#039;Windows 8&#039;, os.arch: &#039;x86&#039;, os.version: &#039;6.2&#039;, java.version: &#039;1.7.0_55&#039;
Driver info: driver.version: EventFiringWebDriver
Command duration or timeout: 3.27 seconds
Build info: version: &#039;2.42.1&#039;, revision: &#039;68b415a&#039;, time: &#039;2014-05-29 16:16:49&#039;
System info: host: &#039;piotrbogdanski&#039;, ip: &#039;9.161.136.32&#039;, os.name: &#039;Windows 7&#039;, os.arch: &#039;x86&#039;, os.version: &#039;6.1 build 7601 Service Pack 1&#039;, java.version: &#039;1.6.0&#039;
Session ID: b26bcd25-156a-405a-a953-e989a5b1f5be
Capabilities [{handlesAlerts=true, rotatable=false, databaseEnabled=false, locationContextEnabled=true, acceptSslCerts=true, applicationCacheEnabled=false, nativeEvents=true, cssSelectorsEnabled=true, takesScreenshot=true, platform=WIN8, browserName=chrome, javascriptEnabled=true, version=35.0.1916.153, chrome={userDataDir=C:\Users\ADMINI~1\AppData\Local\Temp\scoped_dir4076_31844}, webStorageEnabled=true, webdriver.remote.sessionid=b26bcd25-156a-405a-a953-e989a5b1f5be, browserConnectionEnabled=false, takesHeapSnapshot=true}]
Driver info: org.openqa.selenium.remote.RemoteWebDriver">
      <![CDATA[org.openqa.selenium.WebDriverException: Error communicating with the remote browser. It may have died.
Build info: version: '2.42.0', revision: '5e82430', time: '2014-05-22 20:18:07'
System info: host: 'dslvm346', ip: '9.162.138.157', os.name: 'Windows 8', os.arch: 'x86', os.version: '6.2', java.version: '1.7.0_55'
Driver info: driver.version: EventFiringWebDriver
Command duration or timeout: 3.27 seconds
Build info: version: '2.42.1', revision: '68b415a', time: '2014-05-29 16:16:49'
System info: host: 'piotrbogdanski', ip: '9.161.136.32', os.name: 'Windows 7', os.arch: 'x86', os.version: '6.1 build 7601 Service Pack 1', java.version: '1.6.0'
Session ID: b26bcd25-156a-405a-a953-e989a5b1f5be
Capabilities [{handlesAlerts=true, rotatable=false, databaseEnabled=false, locationContextEnabled=true, acceptSslCerts=true, applicationCacheEnabled=false, nativeEvents=true, cssSelectorsEnabled=true, takesScreenshot=true, platform=WIN8, browserName=chrome, javascriptEnabled=true, version=35.0.1916.153, chrome={userDataDir=C:\Users\ADMINI~1\AppData\Local\Temp\scoped_dir4076_31844}, webStorageEnabled=true, webdriver.remote.sessionid=b26bcd25-156a-405a-a953-e989a5b1f5be, browserConnectionEnabled=false, takesHeapSnapshot=true}]
Driver info: org.openqa.selenium.remote.RemoteWebDriver
	at sun.reflect.NativeConstructorAccessorImpl.newInstance0(Native Method)
	at sun.reflect.NativeConstructorAccessorImpl.newInstance(NativeConstructorAccessorImpl.java:56)
	at sun.reflect.DelegatingConstructorAccessorImpl.newInstance(DelegatingConstructorAccessorImpl.java:39)
	at java.lang.reflect.Constructor.newInstance(Constructor.java:527)
	at org.openqa.selenium.remote.ErrorHandler.createThrowable(ErrorHandler.java:204)
	at org.openqa.selenium.remote.ErrorHandler.throwIfResponseFailed(ErrorHandler.java:156)
	at org.openqa.selenium.remote.RemoteWebDriver.execute(RemoteWebDriver.java:600)
	at org.openqa.selenium.remote.RemoteWebDriver.execute(RemoteWebDriver.java:615)
	at org.openqa.selenium.remote.RemoteWebDriver.quit(RemoteWebDriver.java:469)
	at webUI.LoadBrowser.closeBrowser(LoadBrowser.java:266)
	at sun.reflect.GeneratedMethodAccessor21.invoke(Unknown Source)
	at sun.reflect.DelegatingMethodAccessorImpl.invoke(DelegatingMethodAccessorImpl.java:37)
	at java.lang.reflect.Method.invoke(Method.java:611)
	at org.testng.internal.MethodInvocationHelper.invokeMethod(MethodInvocationHelper.java:84)
	at org.testng.internal.Invoker.invokeConfigurationMethod(Invoker.java:564)
	at org.testng.internal.Invoker.invokeConfigurations(Invoker.java:213)
	at org.testng.internal.Invoker.invokeMethod(Invoker.java:786)
	at org.testng.internal.Invoker.invokeTestMethod(Invoker.java:901)
	at org.testng.internal.Invoker.invokeTestMethods(Invoker.java:1231)
	at org.testng.internal.TestMethodWorker.invokeTestMethods(TestMethodWorker.java:127)
	at org.testng.internal.TestMethodWorker.run(TestMethodWorker.java:111)
	at org.testng.TestRunner.privateRun(TestRunner.java:767)
	at org.testng.TestRunner.run(TestRunner.java:617)
	at org.testng.SuiteRunner.runTest(SuiteRunner.java:334)
	at org.testng.SuiteRunner.runSequentially(SuiteRunner.java:329)
	at org.testng.SuiteRunner.privateRun(SuiteRunner.java:291)
	at org.testng.SuiteRunner.run(SuiteRunner.java:240)
	at org.testng.SuiteRunnerWorker.runSuite(SuiteRunnerWorker.java:52)
	at org.testng.SuiteRunnerWorker.run(SuiteRunnerWorker.java:86)
	at org.testng.TestNG.runSuitesSequentially(TestNG.java:1224)
	at org.testng.TestNG.runSuitesLocally(TestNG.java:1149)
	at org.testng.TestNG.run(TestNG.java:1057)
	at org.testng.remote.RemoteTestNG.run(RemoteTestNG.java:111)
	at org.testng.remote.RemoteTestNG.initAndRun(RemoteTestNG.java:204)
	at org.testng.remote.RemoteTestNG.main(RemoteTestNG.java:175)
Caused by: org.openqa.selenium.remote.UnreachableBrowserException: Error communicating with the remote browser. It may have died.
Build info: version: '2.42.0', revision: '5e82430', time: '2014-05-22 20:18:07'
System info: host: 'dslvm346', ip: '9.162.138.157', os.name: 'Windows 8', os.arch: 'x86', os.version: '6.2', java.version: '1.7.0_55'
Driver info: driver.version: EventFiringWebDriver
Build info: version: '2.42.1', revision: '68b415a', time: '2014-05-29 16:16:49'
System info: host: 'piotrbogdanski', ip: '9.161.136.32', os.name: 'Windows 7', os.arch: 'x86', os.version: '6.1 build 7601 Service Pack 1', java.version: '1.6.0'
Driver info: driver.version: unknown
]]>
    </failure>
  </testcase> <!-- AllContentsLoads -->
  <testcase name="AllContentsLoads" time="0.001" classname="tests.webUI.nonFunctional.LibraryTestsContents">
    <failure type="org.openqa.selenium.WebDriverException" message="Error communicating with the remote browser. It may have died.
Build info: version: &#039;2.42.0&#039;, revision: &#039;5e82430&#039;, time: &#039;2014-05-22 20:18:07&#039;
System info: host: &#039;dslvm346&#039;, ip: &#039;9.162.138.157&#039;, os.name: &#039;Windows 8&#039;, os.arch: &#039;x86&#039;, os.version: &#039;6.2&#039;, java.version: &#039;1.7.0_55&#039;
Driver info: driver.version: EventFiringWebDriver
Command duration or timeout: 3.27 seconds
Build info: version: &#039;2.42.1&#039;, revision: &#039;68b415a&#039;, time: &#039;2014-05-29 16:16:49&#039;
System info: host: &#039;piotrbogdanski&#039;, ip: &#039;9.161.136.32&#039;, os.name: &#039;Windows 7&#039;, os.arch: &#039;x86&#039;, os.version: &#039;6.1 build 7601 Service Pack 1&#039;, java.version: &#039;1.6.0&#039;
Session ID: b26bcd25-156a-405a-a953-e989a5b1f5be
Capabilities [{handlesAlerts=true, rotatable=false, databaseEnabled=false, locationContextEnabled=true, acceptSslCerts=true, applicationCacheEnabled=false, nativeEvents=true, cssSelectorsEnabled=true, takesScreenshot=true, platform=WIN8, browserName=chrome, javascriptEnabled=true, version=35.0.1916.153, chrome={userDataDir=C:\Users\ADMINI~1\AppData\Local\Temp\scoped_dir4076_31844}, webStorageEnabled=true, webdriver.remote.sessionid=b26bcd25-156a-405a-a953-e989a5b1f5be, browserConnectionEnabled=false, takesHeapSnapshot=true}]
Driver info: org.openqa.selenium.remote.RemoteWebDriver">
      <![CDATA[org.openqa.selenium.WebDriverException: Error communicating with the remote browser. It may have died.
Build info: version: '2.42.0', revision: '5e82430', time: '2014-05-22 20:18:07'
System info: host: 'dslvm346', ip: '9.162.138.157', os.name: 'Windows 8', os.arch: 'x86', os.version: '6.2', java.version: '1.7.0_55'
Driver info: driver.version: EventFiringWebDriver
Command duration or timeout: 3.27 seconds
Build info: version: '2.42.1', revision: '68b415a', time: '2014-05-29 16:16:49'
System info: host: 'piotrbogdanski', ip: '9.161.136.32', os.name: 'Windows 7', os.arch: 'x86', os.version: '6.1 build 7601 Service Pack 1', java.version: '1.6.0'
Session ID: b26bcd25-156a-405a-a953-e989a5b1f5be
Capabilities [{handlesAlerts=true, rotatable=false, databaseEnabled=false, locationContextEnabled=true, acceptSslCerts=true, applicationCacheEnabled=false, nativeEvents=true, cssSelectorsEnabled=true, takesScreenshot=true, platform=WIN8, browserName=chrome, javascriptEnabled=true, version=35.0.1916.153, chrome={userDataDir=C:\Users\ADMINI~1\AppData\Local\Temp\scoped_dir4076_31844}, webStorageEnabled=true, webdriver.remote.sessionid=b26bcd25-156a-405a-a953-e989a5b1f5be, browserConnectionEnabled=false, takesHeapSnapshot=true}]
Driver info: org.openqa.selenium.remote.RemoteWebDriver
	at sun.reflect.NativeConstructorAccessorImpl.newInstance0(Native Method)
	at sun.reflect.NativeConstructorAccessorImpl.newInstance(NativeConstructorAccessorImpl.java:56)
	at sun.reflect.DelegatingConstructorAccessorImpl.newInstance(DelegatingConstructorAccessorImpl.java:39)
	at java.lang.reflect.Constructor.newInstance(Constructor.java:527)
	at org.openqa.selenium.remote.ErrorHandler.createThrowable(ErrorHandler.java:204)
	at org.openqa.selenium.remote.ErrorHandler.throwIfResponseFailed(ErrorHandler.java:156)
	at org.openqa.selenium.remote.RemoteWebDriver.execute(RemoteWebDriver.java:600)
	at org.openqa.selenium.remote.RemoteWebDriver.execute(RemoteWebDriver.java:615)
	at org.openqa.selenium.remote.RemoteWebDriver.quit(RemoteWebDriver.java:469)
	at webUI.LoadBrowser.closeBrowser(LoadBrowser.java:266)
	at sun.reflect.GeneratedMethodAccessor21.invoke(Unknown Source)
	at sun.reflect.DelegatingMethodAccessorImpl.invoke(DelegatingMethodAccessorImpl.java:37)
	at java.lang.reflect.Method.invoke(Method.java:611)
	at org.testng.internal.MethodInvocationHelper.invokeMethod(MethodInvocationHelper.java:84)
	at org.testng.internal.Invoker.invokeConfigurationMethod(Invoker.java:564)
	at org.testng.internal.Invoker.invokeConfigurations(Invoker.java:213)
	at org.testng.internal.Invoker.invokeMethod(Invoker.java:786)
	at org.testng.internal.Invoker.invokeTestMethod(Invoker.java:901)
	at org.testng.internal.Invoker.invokeTestMethods(Invoker.java:1231)
	at org.testng.internal.TestMethodWorker.invokeTestMethods(TestMethodWorker.java:127)
	at org.testng.internal.TestMethodWorker.run(TestMethodWorker.java:111)
	at org.testng.TestRunner.privateRun(TestRunner.java:767)
	at org.testng.TestRunner.run(TestRunner.java:617)
	at org.testng.SuiteRunner.runTest(SuiteRunner.java:334)
	at org.testng.SuiteRunner.runSequentially(SuiteRunner.java:329)
	at org.testng.SuiteRunner.privateRun(SuiteRunner.java:291)
	at org.testng.SuiteRunner.run(SuiteRunner.java:240)
	at org.testng.SuiteRunnerWorker.runSuite(SuiteRunnerWorker.java:52)
	at org.testng.SuiteRunnerWorker.run(SuiteRunnerWorker.java:86)
	at org.testng.TestNG.runSuitesSequentially(TestNG.java:1224)
	at org.testng.TestNG.runSuitesLocally(TestNG.java:1149)
	at org.testng.TestNG.run(TestNG.java:1057)
	at org.testng.remote.RemoteTestNG.run(RemoteTestNG.java:111)
	at org.testng.remote.RemoteTestNG.initAndRun(RemoteTestNG.java:204)
	at org.testng.remote.RemoteTestNG.main(RemoteTestNG.java:175)
Caused by: org.openqa.selenium.remote.UnreachableBrowserException: Error communicating with the remote browser. It may have died.
Build info: version: '2.42.0', revision: '5e82430', time: '2014-05-22 20:18:07'
System info: host: 'dslvm346', ip: '9.162.138.157', os.name: 'Windows 8', os.arch: 'x86', os.version: '6.2', java.version: '1.7.0_55'
Driver info: driver.version: EventFiringWebDriver
Build info: version: '2.42.1', revision: '68b415a', time: '2014-05-29 16:16:49'
System info: host: 'piotrbogdanski', ip: '9.161.136.32', os.name: 'Windows 7', os.arch: 'x86', os.version: '6.1 build 7601 Service Pack 1', java.version: '1.6.0'
Driver info: driver.version: unknown
]]>
    </failure>
  </testcase> <!-- AllContentsLoads -->
</testsuite> <!-- tests.webUI.nonFunctional.LibraryTestsContents -->
