<?xml version="1.0" encoding="UTF-8"?>
<!-- Generated by org.testng.reporters.JUnitReportReporter -->
<testsuite hostname="OWENFLETCHER" name="tests.LoginTests" tests="7" failures="0" timestamp="24 Oct 2013 10:12:18 GMT" time="242.725" errors="0">
  <testcase name="successfulLoginDoctor" time="19.817" classname="tests.LoginTests"/>
  <testcase name="failedLoginIncorrectPassword" time="54.783" classname="tests.LoginTests"/>
  <testcase name="successfulLoginNurse" time="42.328" classname="tests.LoginTests"/>
  <testcase name="failedLoginNoPassword" time="50.170" classname="tests.LoginTests"/>
  <testcase name="forgotPassword" time="15.004" classname="tests.LoginTests"/>
  <testcase name="failedLoginNoUsernameOrPassword" time="26.535" classname="tests.LoginTests"/>
  <testcase name="forgotPasswordNoEmailEntered" time="34.088" classname="tests.LoginTests"/>
</testsuite> <!-- tests.LoginTests -->
