<?xml version="1.0" encoding="UTF-8"?>
<!-- Generated by org.testng.reporters.JUnitReportReporter -->
<testsuite hostname="piotrbogdanski" name="tests.webUI.functional.QandATests" tests="2" failures="0" timestamp="22 May 2014 10:15:15 GMT" time="144.007" errors="0">
  <testcase name="QandAtest" time="47.419" classname="tests.webUI.functional.QandATests"/>
  <testcase name="QandAtest" time="96.588" classname="tests.webUI.functional.QandATests"/>
</testsuite> <!-- tests.webUI.functional.QandATests -->
