<?xml version="1.0" encoding="UTF-8"?>
<!-- Generated by org.testng.reporters.JUnitReportReporter -->
<testsuite hostname="OWENFLETCHER" name="tests.AdminTests" tests="7" failures="0" timestamp="24 Oct 2013 10:12:18 GMT" time="363.636" errors="0">
  <testcase name="editInterestsPopupLoads" time="44.386" classname="tests.AdminTests"/>
  <testcase name="editNamePopupLoads" time="58.552" classname="tests.AdminTests"/>
  <testcase name="editCurrentPositionPopupLoads" time="73.381" classname="tests.AdminTests"/>
  <testcase name="myProfilePageLoads" time="39.188" classname="tests.AdminTests"/>
  <testcase name="editBackgroundPopupLoads" time="60.767" classname="tests.AdminTests"/>
  <testcase name="editContactInfoPopupLoads" time="44.142" classname="tests.AdminTests"/>
  <testcase name="editProfilePhotoPopupLoads" time="43.220" classname="tests.AdminTests"/>
</testsuite> <!-- tests.AdminTests -->
