<?xml version="1.0" encoding="UTF-8"?>
<!-- Generated by org.testng.reporters.JUnitReportReporter -->
<testsuite hostname="Laptok-Komputer" name="tests.BasicTests" tests="1" failures="0" timestamp="8 Mar 2016 20:19:29 GMT" time="15.968" errors="0">
  <testcase name="changeLanguage" time="15.968" classname="tests.BasicTests"/>
</testsuite> <!-- tests.BasicTests -->
