<?xml version="1.0" encoding="UTF-8"?>
<!-- Generated by org.testng.reporters.JUnitReportReporter -->
<testsuite hostname="Laptok-Komputer" name="haufe.BasicTests" tests="3" failures="0" timestamp="9 Mar 2016 20:25:59 GMT" time="71.702" errors="0">
  <testcase name="changeLanguage" time="20.180" classname="haufe.BasicTests"/>
  <testcase name="changeLanguage" time="30.779" classname="haufe.BasicTests"/>
  <testcase name="changeLanguage" time="20.743" classname="haufe.BasicTests"/>
</testsuite> <!-- haufe.BasicTests -->
